[2025-07-18 13:21:51] >>> Starting Experiment <<<
[2025-07-18 13:21:51] Performing initial cleanup of Docker environment...
[2025-07-18 13:21:52] Docker cleanup complete.
[2025-07-18 13:21:52] Ensuring measurement directories exist...
[2025-07-18 13:21:52] Directories are ready.
----------------------------------------------------
[2025-07-18 13:21:52] Starting turbostat for each service...
[2025-07-18 13:21:52] This is experiment run number: 31
[2025-07-18 13:21:52] Turbostat for bucket (CPU 0) running with PID: 43610
[2025-07-18 13:21:52] Turbostat for midtier (CPU 2) running with PID: 43614
[2025-07-18 13:21:52] Turbostat for client (CPU 4) running with PID: 43618
----------------------------------------------------
[2025-07-18 13:21:52] Launching 'bucket' service on CPU 0...
[2025-07-18 13:21:53] 'bucket' service started.
[2025-07-18 13:21:58] Launching 'midtier' service on CPU 2...
[2025-07-18 13:21:59] 'midtier' service started.
[2025-07-18 13:22:04] Launching 'client' service on CPU 4 to generate load...
[2025-07-18 13:22:04] 'client' service started. Now waiting for it to finish.
----------------------------------------------------
[2025-07-18 13:22:57] Client has finished its load generation task.
----------------------------------------------------
[2025-07-18 13:22:57] Stopping all turbostat processes...
[2025-07-18 13:22:57] All turbostat processes stopped.
[2025-07-18 13:22:57] Collecting logs from each microservice...
[2025-07-18 13:22:58] Logs saved to service-specific directories with run number 31.
----------------------------------------------------
[2025-07-18 13:22:58] Experiment is complete. Shutting down all services...
[2025-07-18 13:23:13] All services have been stopped and removed.
[2025-07-18 13:23:13] >>> Experiment Finished <<<
