turbostat version 21.05.04 - Len Brown <lenb@kernel.org>
CPUID(0): GenuineIntel 0x1b CPUID levels
CPUID(1): family:model:stepping 0x6:6a:6 (6:106:6) microcode 0xd0003e7
CPUID(0x80000000): max_extended_levels: 0x80000008
CPUID(1): SSE3 MONITOR SMX EIST TM2 TSC MSR ACPI-TM HT TM
CPUID(6): APERF, TURBO, DTS, PTM, HWP, No-HWPnotify, HWPwindow, No-HWPepp, HWPpkg, EPB
cpu81: MSR_IA32_MISC_ENABLE: 0x00850089 (TCC EIST MWAIT PREFETCH TURBO)
CPUID(7): SGX
cpu81: MSR_IA32_FEATURE_CONTROL: 0x0000ff03 (Locked )
CPUID(0x15): eax_crystal: 2 ebx_tsc: 168 ecx_crystal_hz: 0
CPUID(0x16): base_mhz: 2100 max_mhz: 3400 bus_mhz: 100
cpu81: MSR_MISC_PWR_MGMT: 0x00402040 (ENable-EIST_Coordination DISable-EPB DISable-OOB)
RAPL: 1589 sec. Joule Counter Range, at 165 Watts
cpu81: MSR_PLATFORM_INFO: 0x8008082ff2811500
8 * 100.0 = 800.0 MHz max efficiency frequency
21 * 100.0 = 2100.0 MHz base frequency
cpu81: MSR_IA32_POWER_CTL: 0x1e00a4005b (C1E auto-promotion: ENabled)
C-state Pre-wake: ENabled
cpu81: MSR_TURBO_RATIO_LIMIT: 0x1a1a1a1a1b1e2022
cpu81: MSR_TURBO_RATIO_LIMIT1: 0x1818181614100e0c
26 * 100.0 = 2600.0 MHz max turbo 24 active cores
26 * 100.0 = 2600.0 MHz max turbo 24 active cores
26 * 100.0 = 2600.0 MHz max turbo 24 active cores
26 * 100.0 = 2600.0 MHz max turbo 22 active cores
27 * 100.0 = 2700.0 MHz max turbo 20 active cores
30 * 100.0 = 3000.0 MHz max turbo 16 active cores
32 * 100.0 = 3200.0 MHz max turbo 14 active cores
34 * 100.0 = 3400.0 MHz max turbo 12 active cores
cpu81: MSR_CONFIG_TDP_NOMINAL: 0x00000015 (base_ratio=21)
cpu81: MSR_CONFIG_TDP_LEVEL_1: 0x16413a800130528 (PKG_MIN_PWR_LVL1=356 PKG_MAX_PWR_LVL1=5032 LVL1_RATIO=19 PKG_TDP_LVL1=1320)
cpu81: MSR_CONFIG_TDP_LEVEL_2: 0x16413a8000f0528 (PKG_MIN_PWR_LVL2=356 PKG_MAX_PWR_LVL2=5032 LVL2_RATIO=15 PKG_TDP_LVL2=1320)
cpu81: MSR_CONFIG_TDP_CONTROL: 0x00000000 ( lock=0)
cpu81: MSR_TURBO_ACTIVATION_RATIO: 0x00000000 (MAX_NON_TURBO_RATIO=0 lock=0)
cpu81: MSR_PKG_CST_CONFIG_CONTROL: 0x00008402 (locked, pkg-cstate-limit=2 (pc6), automatic c-state conversion=off)
/dev/cpu_dma_latency: 2000000000 usec (default)
current_driver: none
current_governor: menu
current_governor_ro: menu
cpu81: cpufreq driver: intel_pstate
cpu81: cpufreq governor: powersave
cpufreq intel_pstate no_turbo: 0
cpu81: MSR_MISC_FEATURE_CONTROL: 0x00000000 (L2-Prefetch L2-Prefetch-pair L1-Prefetch L1-IP-Prefetch)
cpu0: MSR_PM_ENABLE: 0x00000001 (HWP)
cpu0: MSR_HWP_CAPABILITIES: 0x08081522 (high 34 guar 21 eff 8 low 8)
cpu0: MSR_HWP_REQUEST: 0x80002208 (min 8 max 34 des 0 epp 0x80 window 0x0 pkg 0x0)
cpu0: MSR_HWP_REQUEST_PKG: 0x8000ff00 (min 0 max 255 des 0 epp 0x80 window 0x0)
cpu0: MSR_HWP_STATUS: 0x00000004 (No-Guaranteed_Perf_Change, Excursion_Min)
cpu24: MSR_PM_ENABLE: 0x00000001 (HWP)
cpu24: MSR_HWP_CAPABILITIES: 0x08081522 (high 34 guar 21 eff 8 low 8)
cpu24: MSR_HWP_REQUEST: 0x80002208 (min 8 max 34 des 0 epp 0x80 window 0x0 pkg 0x0)
cpu24: MSR_HWP_REQUEST_PKG: 0x8000ff00 (min 0 max 255 des 0 epp 0x80 window 0x0)
cpu24: MSR_HWP_STATUS: 0x00000004 (No-Guaranteed_Perf_Change, Excursion_Min)
cpu0: EPB: 6 (balanced)
cpu24: EPB: 6 (balanced)
cpu0: MSR_RAPL_POWER_UNIT: 0x000a0e03 (0.125000 Watts, 0.000061 Joules, 0.000977 sec.)
cpu0: MSR_PKG_POWER_INFO: 0xf13a802c80528 (165 W TDP, RAPL 89 - 629 W, 0.014648 sec.)
cpu0: MSR_PKG_POWER_LIMIT: 0x15863000158528 (UNlocked)
cpu0: PKG Limit #1: ENabled (165.000000 Watts, 1.000000 sec, clamp ENabled)
cpu0: PKG Limit #2: ENabled (198.000000 Watts, 1.000000* sec, clamp ENabled)
cpu0: MSR_DRAM_POWER_INFO,: 0x8028015600490150 (42 W TDP, RAPL 9 - 43 W, 0.039062 sec.)
cpu0: MSR_DRAM_POWER_LIMIT: 0x00000000 (UNlocked)
cpu0: DRAM Limit: DISabled (0.000000 Watts, 0.000977 sec, clamp DISabled)
cpu24: MSR_RAPL_POWER_UNIT: 0x000a0e03 (0.125000 Watts, 0.000061 Joules, 0.000977 sec.)
cpu24: MSR_PKG_POWER_INFO: 0xf13a802c80528 (165 W TDP, RAPL 89 - 629 W, 0.014648 sec.)
cpu24: MSR_PKG_POWER_LIMIT: 0x15863000158528 (UNlocked)
cpu24: PKG Limit #1: ENabled (165.000000 Watts, 1.000000 sec, clamp ENabled)
cpu24: PKG Limit #2: ENabled (198.000000 Watts, 1.000000* sec, clamp ENabled)
cpu24: MSR_DRAM_POWER_INFO,: 0x8028015600490150 (42 W TDP, RAPL 9 - 43 W, 0.039062 sec.)
cpu24: MSR_DRAM_POWER_LIMIT: 0x00000000 (UNlocked)
cpu24: DRAM Limit: DISabled (0.000000 Watts, 0.000977 sec, clamp DISabled)
cpu0: MSR_IA32_TEMPERATURE_TARGET: 0x80650a00 (101 C)
cpu24: MSR_IA32_TEMPERATURE_TARGET: 0x80650a00 (101 C)
cpu0: MSR_IA32_PACKAGE_THERM_STATUS: 0x88220800 (67 C)
cpu0: MSR_IA32_PACKAGE_THERM_INTERRUPT: 0x00000003 (101 C, 101 C)
cpu24: MSR_IA32_PACKAGE_THERM_STATUS: 0x881f0800 (70 C)
cpu24: MSR_IA32_PACKAGE_THERM_INTERRUPT: 0x00000003 (101 C, 101 C)
cpu81: MSR_PKGC3_IRTL: 0x00000000 (NOTvalid, 0 ns)
cpu81: MSR_PKGC6_IRTL: 0x00000000 (NOTvalid, 0 ns)
cpu81: MSR_PKGC7_IRTL: 0x00000000 (NOTvalid, 0 ns)
Package	Core	CPU	Avg_MHz	Busy%	Bzy_MHz	TSC_MHz	IPC	IRQ	SMI	CPU%c1	CPU%c6	CoreTmp	PkgTmp	Pkg%pc2	Pkg%pc6	PkgWatt	RAMWatt	PKG_%	RAM_%
-	-	-	2594	100.00	2600	2095	0.13	126528	0	0.00	0.00	69	69	0.00	0.00	262.06	12.53	0.00	0.00
0	0	0	2594	100.00	2600	2095	0.35	1300	0	0.00	0.00	65	68	0.00	0.00	132.52	6.32	0.00	0.00
0	0	48	2594	100.00	2600	2095	0.12	1357	0	0.00
0	1	1	2594	100.00	2600	2095	0.19	1478	0	0.00	0.00	65
0	1	49	2594	100.00	2600	2095	0.12	1341	0	0.00
0	2	2	2594	100.00	2600	2095	0.12	1291	0	0.00	0.00	67
0	2	50	2594	100.00	2600	2095	0.12	1285	0	0.00
0	3	3	2594	100.00	2600	2095	0.12	1306	0	0.00	0.00	65
0	3	51	2594	100.00	2600	2095	0.12	1331	0	0.00
0	4	4	2594	100.00	2600	2095	0.12	1285	0	0.00	0.00	66
0	4	52	2594	100.00	2600	2095	0.12	1606	0	0.00
0	5	5	2594	100.00	2600	2095	0.12	1302	0	0.00	0.00	66
0	5	53	2594	100.00	2600	2095	0.12	1330	0	0.00
0	6	6	2594	100.00	2600	2095	0.12	1286	0	0.00	0.00	66
0	6	54	2594	100.00	2600	2095	0.12	1339	0	0.00
0	7	7	2594	100.00	2600	2095	0.12	1277	0	0.00	0.00	66
0	7	55	2594	100.00	2600	2095	0.12	1271	0	0.00
0	8	8	2594	100.00	2600	2095	0.12	1275	0	0.00	0.00	65
0	8	56	2594	100.00	2600	2095	0.13	1332	0	0.00
0	9	9	2594	100.00	2600	2095	0.13	1273	0	0.00	0.00	67
0	9	57	2594	100.00	2600	2095	0.12	1349	0	0.00
0	10	10	2594	100.00	2600	2095	0.13	1472	0	0.00	0.00	66
0	10	58	2594	100.00	2600	2095	0.12	1280	0	0.00
0	11	11	2594	100.00	2600	2095	0.12	1272	0	0.00	0.00	65
0	11	59	2594	100.00	2600	2095	0.13	1349	0	0.00
0	12	12	2594	100.00	2600	2095	0.12	1289	0	0.00	0.00	65
0	12	60	2594	100.00	2600	2095	0.13	1314	0	0.00
0	13	13	2594	100.00	2600	2095	0.12	1278	0	0.00	0.00	65
0	13	61	2594	100.00	2600	2095	0.12	1272	0	0.00
0	14	14	2594	100.00	2600	2095	0.12	1283	0	0.00	0.00	66
0	14	62	2594	100.00	2600	2095	0.13	1373	0	0.00
0	15	15	2594	100.00	2600	2095	0.12	1271	0	0.00	0.00	64
0	15	63	2594	100.00	2600	2095	0.13	1339	0	0.00
0	16	16	2594	100.00	2600	2095	0.12	1276	0	0.00	0.00	64
0	16	64	2594	100.00	2600	2095	0.13	1376	0	0.00
0	17	17	2594	100.00	2600	2095	0.13	1286	0	0.00	0.00	68
0	17	65	2594	100.00	2600	2095	0.12	1300	0	0.00
0	18	18	2594	100.00	2600	2095	0.12	1277	0	0.00	0.00	66
0	18	66	2594	100.00	2600	2095	0.13	1320	0	0.00
0	19	19	2594	100.00	2600	2095	0.12	1285	0	0.00	0.00	66
0	19	67	2594	100.00	2600	2095	0.13	1290	0	0.00
0	20	20	2594	100.00	2600	2095	0.12	1273	0	0.00	0.00	66
0	20	68	2594	100.00	2600	2095	0.13	1472	0	0.00
0	21	21	2594	100.00	2600	2095	0.12	1275	0	0.00	0.00	65
0	21	69	2594	100.00	2600	2095	0.13	1439	0	0.00
0	22	22	2594	100.00	2600	2095	0.12	1640	0	0.00	0.00	63
0	22	70	2594	100.00	2600	2095	0.12	1282	0	0.00
0	23	23	2594	100.00	2600	2095	0.12	1591	0	0.00	0.00	65
0	23	71	2594	100.00	2600	2095	0.12	1275	0	0.00
1	0	24	2594	100.00	2600	2095	0.13	1296	0	0.00	0.00	67	69	0.00	0.00	129.33	6.20	0.00	0.00
1	0	72	2594	100.00	2600	2095	0.12	1278	0	0.00
1	1	25	2594	100.00	2600	2095	0.13	1306	0	0.00	0.00	68
1	1	73	2594	100.00	2600	2095	0.12	1272	0	0.00
1	2	26	2594	100.00	2600	2095	0.13	1277	0	0.00	0.00	67
1	2	74	2594	100.00	2600	2095	0.13	1286	0	0.00
1	3	27	2594	100.00	2600	2095	0.13	1278	0	0.00	0.00	67
1	3	75	2594	100.00	2600	2095	0.13	1279	0	0.00
1	4	28	2594	100.00	2600	2095	0.12	1272	0	0.00	0.00	66
1	4	76	2594	100.00	2600	2095	0.13	1300	0	0.00
1	5	29	2594	100.00	2600	2095	0.12	1270	0	0.00	0.00	68
1	5	77	2594	100.00	2600	2095	0.13	1271	0	0.00
1	6	30	2594	100.00	2600	2095	0.12	1284	0	0.00	0.00	66
1	6	78	2594	100.00	2600	2095	0.12	1277	0	0.00
1	7	31	2594	100.00	2600	2095	0.12	1274	0	0.00	0.00	68
1	7	79	2594	100.00	2600	2095	0.13	1281	0	0.00
1	8	32	2594	100.00	2600	2095	0.12	1281	0	0.00	0.00	68
1	8	80	2594	100.00	2600	2095	0.13	1298	0	0.00
1	9	33	2594	100.00	2600	2095	0.12	1271	0	0.00	0.00	69
1	9	81	2594	100.00	2600	2095	0.13	1281	0	0.00
1	10	34	2594	100.00	2600	2095	0.13	1318	0	0.00	0.00	69
1	10	82	2594	100.00	2600	2095	0.13	1277	0	0.00
1	11	35	2594	100.00	2600	2095	0.12	1271	0	0.00	0.00	65
1	11	83	2594	100.00	2600	2095	0.13	1276	0	0.00
1	12	36	2594	100.00	2600	2095	0.13	1462	0	0.00	0.00	67
1	12	84	2594	100.00	2600	2095	0.12	1301	0	0.00
1	13	37	2594	100.00	2600	2095	0.12	1272	0	0.00	0.00	66
1	13	85	2594	100.00	2600	2095	0.13	1302	0	0.00
1	14	38	2594	100.00	2600	2095	0.12	1271	0	0.00	0.00	68
1	14	86	2594	100.00	2600	2095	0.13	1280	0	0.00
1	15	39	2594	100.00	2600	2095	0.13	1272	0	0.00	0.00	68
1	15	87	2594	100.00	2600	2095	0.13	1282	0	0.00
1	16	40	2594	100.00	2600	2095	0.12	1271	0	0.00	0.00	66
1	16	88	2594	100.00	2600	2095	0.13	1283	0	0.00
1	17	41	2594	100.00	2600	2095	0.12	1272	0	0.00	0.00	68
1	17	89	2594	100.00	2600	2095	0.13	1292	0	0.00
1	18	42	2594	100.00	2600	2095	0.12	1282	0	0.00	0.00	67
1	18	90	2594	100.00	2600	2095	0.13	1278	0	0.00
1	19	43	2594	100.00	2600	2095	0.13	1273	0	0.00	0.00	67
1	19	91	2594	100.00	2600	2095	0.13	1279	0	0.00
1	20	44	2594	100.00	2600	2095	0.12	1278	0	0.00	0.00	65
1	20	92	2594	100.00	2600	2095	0.13	1274	0	0.00
1	21	45	2594	100.00	2600	2095	0.13	1276	0	0.00	0.00	65
1	21	93	2594	100.00	2600	2095	0.13	1532	0	0.00
1	22	46	2594	100.00	2600	2095	0.13	1278	0	0.00	0.00	64
1	22	94	2594	100.00	2600	2095	0.12	1297	0	0.00
1	23	47	2594	100.00	2600	2095	0.13	1275	0	0.00	0.00	68
1	23	95	2594	100.00	2600	2095	0.13	1809	0	0.00
Package	Core	CPU	Avg_MHz	Busy%	Bzy_MHz	TSC_MHz	IPC	IRQ	SMI	CPU%c1	CPU%c6	CoreTmp	PkgTmp	Pkg%pc2	Pkg%pc6	PkgWatt	RAMWatt	PKG_%	RAM_%
-	-	-	2594	100.00	2600	2095	0.14	125924	0	0.00	0.00	69	69	0.00	0.00	261.77	12.13	0.00	0.00
0	0	0	2594	100.00	2600	2095	0.12	1291	0	0.00	0.00	64	68	0.00	0.00	132.39	5.97	0.00	0.00
0	0	48	2594	100.00	2600	2095	0.12	1308	0	0.00
0	1	1	2594	100.00	2600	2095	0.12	1424	0	0.00	0.00	66
0	1	49	2594	100.00	2600	2095	0.12	1288	0	0.00
0	2	2	2594	100.00	2600	2095	1.03	1292	0	0.00	0.00	68
0	2	50	2594	100.00	2600	2095	0.12	1288	0	0.00
0	3	3	2594	100.00	2600	2095	0.12	1275	0	0.00	0.00	66
0	3	51	2594	100.00	2600	2095	0.13	1277	0	0.00
0	4	4	2594	100.00	2600	2095	0.12	1278	0	0.00	0.00	66
0	4	52	2594	100.00	2600	2095	0.12	1410	0	0.00
0	5	5	2594	100.00	2600	2095	0.13	1283	0	0.00	0.00	66
0	5	53	2594	100.00	2600	2095	0.12	1285	0	0.00
0	6	6	2594	100.00	2600	2095	0.12	1280	0	0.00	0.00	67
0	6	54	2594	100.00	2600	2095	0.13	1430	0	0.00
0	7	7	2594	100.00	2600	2095	0.12	1358	0	0.00	0.00	66
0	7	55	2594	100.00	2600	2095	0.12	1280	0	0.00
0	8	8	2594	100.00	2600	2095	0.12	1271	0	0.00	0.00	66
0	8	56	2594	100.00	2600	2095	0.13	1278	0	0.00
0	9	9	2594	100.00	2600	2095	0.12	1271	0	0.00	0.00	66
0	9	57	2594	100.00	2600	2095	0.12	1590	0	0.00
0	10	10	2594	100.00	2600	2095	0.13	1351	0	0.00	0.00	66
0	10	58	2594	100.00	2600	2095	0.12	1302	0	0.00
0	11	11	2594	100.00	2600	2095	0.12	1280	0	0.00	0.00	65
0	11	59	2594	100.00	2600	2095	0.12	1295	0	0.00
0	12	12	2594	100.00	2600	2095	0.13	1274	0	0.00	0.00	65
0	12	60	2594	100.00	2600	2095	0.12	1279	0	0.00
0	13	13	2594	100.00	2600	2095	0.12	1544	0	0.00	0.00	65
0	13	61	2594	100.00	2600	2095	0.12	1277	0	0.00
0	14	14	2594	100.00	2600	2095	0.12	1275	0	0.00	0.00	66
0	14	62	2594	100.00	2600	2095	0.12	1366	0	0.00
0	15	15	2594	100.00	2600	2095	0.12	1270	0	0.00	0.00	64
0	15	63	2594	100.00	2600	2095	0.13	1384	0	0.00
0	16	16	2594	100.00	2600	2095	0.12	1279	0	0.00	0.00	64
0	16	64	2594	100.00	2600	2095	0.13	1341	0	0.00
0	17	17	2594	100.00	2600	2095	0.13	1315	0	0.00	0.00	67
0	17	65	2594	100.00	2600	2095	0.12	1377	0	0.00
0	18	18	2594	100.00	2600	2095	0.12	1274	0	0.00	0.00	66
0	18	66	2594	100.00	2600	2095	0.12	1322	0	0.00
0	19	19	2594	100.00	2600	2095	0.12	1313	0	0.00	0.00	66
0	19	67	2594	100.00	2600	2095	0.12	1349	0	0.00
0	20	20	2594	100.00	2600	2095	0.12	1268	0	0.00	0.00	65
0	20	68	2594	100.00	2600	2095	0.12	1315	0	0.00
0	21	21	2594	100.00	2600	2095	0.12	1284	0	0.00	0.00	65
0	21	69	2594	100.00	2600	2095	0.12	1301	0	0.00
0	22	22	2594	100.00	2600	2095	0.12	1282	0	0.00	0.00	63
0	22	70	2594	100.00	2600	2095	0.12	1469	0	0.00
0	23	23	2594	100.00	2600	2095	0.12	1444	0	0.00	0.00	64
0	23	71	2594	100.00	2600	2095	0.13	1411	0	0.00
1	0	24	2594	100.00	2600	2095	0.13	1290	0	0.00	0.00	67	69	0.00	0.00	129.47	6.16	0.00	0.00
1	0	72	2594	100.00	2600	2095	0.12	1270	0	0.00
1	1	25	2594	100.00	2600	2095	0.12	1281	0	0.00	0.00	68
1	1	73	2594	100.00	2600	2095	0.13	1294	0	0.00
1	2	26	2594	100.00	2600	2095	0.12	1297	0	0.00	0.00	67
1	2	74	2594	100.00	2600	2095	0.12	1283	0	0.00
1	3	27	2594	100.00	2600	2095	0.13	1276	0	0.00	0.00	67
1	3	75	2594	100.00	2600	2095	0.12	1278	0	0.00
1	4	28	2594	100.00	2600	2095	0.12	1274	0	0.00	0.00	66
1	4	76	2594	100.00	2600	2095	0.13	1507	0	0.00
1	5	29	2594	100.00	2600	2095	0.13	1277	0	0.00	0.00	68
1	5	77	2594	100.00	2600	2095	0.12	1276	0	0.00
1	6	30	2594	100.00	2600	2095	0.13	1275	0	0.00	0.00	66
1	6	78	2594	100.00	2600	2095	0.12	1310	0	0.00
1	7	31	2594	100.00	2600	2095	0.12	1272	0	0.00	0.00	68
1	7	79	2594	100.00	2600	2095	0.13	1333	0	0.00
1	8	32	2594	100.00	2600	2095	0.13	1281	0	0.00	0.00	67
1	8	80	2594	100.00	2600	2095	0.13	1287	0	0.00
1	9	33	2594	100.00	2600	2095	0.12	1272	0	0.00	0.00	69
1	9	81	2594	100.00	2600	2095	0.20	1272	0	0.00
1	10	34	2594	100.00	2600	2095	0.12	1273	0	0.00	0.00	68
1	10	82	2594	100.00	2600	2095	0.12	1269	0	0.00
1	11	35	2594	100.00	2600	2095	0.13	1271	0	0.00	0.00	64
1	11	83	2594	100.00	2600	2095	0.12	1269	0	0.00
1	12	36	2594	100.00	2600	2095	0.13	1273	0	0.00	0.00	67
1	12	84	2594	100.00	2600	2095	0.13	1271	0	0.00
1	13	37	2594	100.00	2600	2095	0.12	1275	0	0.00	0.00	66
1	13	85	2594	100.00	2600	2095	0.13	1291	0	0.00
1	14	38	2594	100.00	2600	2095	0.13	1307	0	0.00	0.00	67
1	14	86	2594	100.00	2600	2095	0.13	1296	0	0.00
1	15	39	2594	100.00	2600	2095	0.13	1316	0	0.00	0.00	68
1	15	87	2594	100.00	2600	2095	0.12	1269	0	0.00
1	16	40	2594	100.00	2600	2095	0.13	1286	0	0.00	0.00	67
1	16	88	2594	100.00	2600	2095	0.13	1274	0	0.00
1	17	41	2594	100.00	2600	2095	0.12	1276	0	0.00	0.00	67
1	17	89	2594	100.00	2600	2095	0.13	1273	0	0.00
1	18	42	2594	100.00	2600	2095	0.12	1292	0	0.00	0.00	67
1	18	90	2594	100.00	2600	2095	0.12	1269	0	0.00
1	19	43	2594	100.00	2600	2095	0.13	1270	0	0.00	0.00	67
1	19	91	2594	100.00	2600	2095	0.12	1270	0	0.00
1	20	44	2594	100.00	2600	2095	0.13	1328	0	0.00	0.00	65
1	20	92	2594	100.00	2600	2095	0.12	1269	0	0.00
1	21	45	2594	100.00	2600	2095	0.13	1393	0	0.00	0.00	65
1	21	93	2594	100.00	2600	2095	0.12	1270	0	0.00
1	22	46	2594	100.00	2600	2095	0.13	1590	0	0.00	0.00	64
1	22	94	2594	100.00	2600	2095	0.12	1269	0	0.00
1	23	47	2594	100.00	2600	2095	0.13	1342	0	0.00	0.00	67
1	23	95	2594	100.00	2600	2095	0.13	1270	0	0.00
Package	Core	CPU	Avg_MHz	Busy%	Bzy_MHz	TSC_MHz	IPC	IRQ	SMI	CPU%c1	CPU%c6	CoreTmp	PkgTmp	Pkg%pc2	Pkg%pc6	PkgWatt	RAMWatt	PKG_%	RAM_%
-	-	-	2594	100.00	2600	2095	0.14	125732	0	0.00	0.00	69	69	0.00	0.00	262.42	12.09	0.00	0.00
0	0	0	2594	100.00	2600	2095	0.12	1314	0	0.00	0.00	65	68	0.00	0.00	132.92	5.96	0.00	0.00
0	0	48	2594	100.00	2600	2095	0.12	1314	0	0.00
0	1	1	2594	100.00	2600	2095	0.12	1286	0	0.00	0.00	66
0	1	49	2594	100.00	2600	2095	0.12	1344	0	0.00
0	2	2	2594	100.00	2600	2095	1.39	1284	0	0.00	0.00	68
0	2	50	2594	100.00	2600	2095	0.12	1278	0	0.00
0	3	3	2594	100.00	2600	2095	0.12	1273	0	0.00	0.00	65
0	3	51	2594	100.00	2600	2095	0.13	1356	0	0.00
0	4	4	2594	100.00	2600	2095	0.13	1290	0	0.00	0.00	66
0	4	52	2594	100.00	2600	2095	0.12	1281	0	0.00
0	5	5	2594	100.00	2600	2095	0.12	1266	0	0.00	0.00	66
0	5	53	2594	100.00	2600	2095	0.13	1386	0	0.00
0	6	6	2594	100.00	2600	2095	0.12	1286	0	0.00	0.00	67
0	6	54	2594	100.00	2600	2095	0.12	1272	0	0.00
0	7	7	2594	100.00	2600	2095	0.13	1301	0	0.00	0.00	66
0	7	55	2594	100.00	2600	2095	0.12	1275	0	0.00
0	8	8	2594	100.00	2600	2095	0.12	1297	0	0.00	0.00	65
0	8	56	2594	100.00	2600	2095	0.12	1271	0	0.00
0	9	9	2594	100.00	2600	2095	0.12	1425	0	0.00	0.00	66
0	9	57	2594	100.00	2600	2095	0.12	1280	0	0.00
0	10	10	2594	100.00	2600	2095	0.13	1344	0	0.00	0.00	66
0	10	58	2594	100.00	2600	2095	0.12	1295	0	0.00
0	11	11	2594	100.00	2600	2095	0.12	1269	0	0.00	0.00	65
0	11	59	2594	100.00	2600	2095	0.12	1265	0	0.00
0	12	12	2594	100.00	2600	2095	0.12	1322	0	0.00	0.00	65
0	12	60	2594	100.00	2600	2095	0.12	1278	0	0.00
0	13	13	2594	100.00	2600	2095	0.12	1288	0	0.00	0.00	64
0	13	61	2594	100.00	2600	2095	0.12	1270	0	0.00
0	14	14	2594	100.00	2600	2095	0.12	1279	0	0.00	0.00	65
0	14	62	2594	100.00	2600	2095	0.12	1285	0	0.00
0	15	15	2594	100.00	2600	2095	0.13	1322	0	0.00	0.00	64
0	15	63	2594	100.00	2600	2095	0.12	1267	0	0.00
0	16	16	2594	100.00	2600	2095	0.12	1274	0	0.00	0.00	64
0	16	64	2594	100.00	2600	2095	0.13	1368	0	0.00
0	17	17	2594	100.00	2600	2095	0.12	1268	0	0.00	0.00	67
0	17	65	2594	100.00	2600	2095	0.13	1352	0	0.00
0	18	18	2594	100.00	2600	2095	0.12	1270	0	0.00	0.00	65
0	18	66	2594	100.00	2600	2095	0.12	1713	0	0.00
0	19	19	2594	100.00	2600	2095	0.12	1270	0	0.00	0.00	66
0	19	67	2594	100.00	2600	2095	0.13	1397	0	0.00
0	20	20	2594	100.00	2600	2095	0.12	1265	0	0.00	0.00	65
0	20	68	2594	100.00	2600	2095	0.13	1359	0	0.00
0	21	21	2594	100.00	2600	2095	0.12	1269	0	0.00	0.00	66
0	21	69	2594	100.00	2600	2095	0.13	1331	0	0.00
0	22	22	2594	100.00	2600	2095	0.13	1364	0	0.00	0.00	63
0	22	70	2594	100.00	2600	2095	0.12	1346	0	0.00
0	23	23	2594	100.00	2600	2095	0.12	1455	0	0.00	0.00	65
0	23	71	2594	100.00	2600	2095	0.12	1283	0	0.00
1	0	24	2594	100.00	2600	2095	0.12	1278	0	0.00	0.00	68	69	0.00	0.00	129.40	6.12	0.00	0.00
1	0	72	2594	100.00	2600	2095	0.13	1272	0	0.00
1	1	25	2594	100.00	2600	2095	0.12	1277	0	0.00	0.00	68
1	1	73	2594	100.00	2600	2095	0.13	1442	0	0.00
1	2	26	2594	100.00	2600	2095	0.12	1286	0	0.00	0.00	67
1	2	74	2594	100.00	2600	2095	0.13	1282	0	0.00
1	3	27	2594	100.00	2600	2095	0.13	1296	0	0.00	0.00	67
1	3	75	2594	100.00	2600	2095	0.12	1274	0	0.00
1	4	28	2594	100.00	2600	2095	0.13	1309	0	0.00	0.00	66
1	4	76	2594	100.00	2600	2095	0.13	1286	0	0.00
1	5	29	2594	100.00	2600	2095	0.13	1271	0	0.00	0.00	68
1	5	77	2594	100.00	2600	2095	0.12	1304	0	0.00
1	6	30	2594	100.00	2600	2095	0.12	1270	0	0.00	0.00	67
1	6	78	2594	100.00	2600	2095	0.13	1341	0	0.00
1	7	31	2594	100.00	2600	2095	0.13	1277	0	0.00	0.00	69
1	7	79	2594	100.00	2600	2095	0.12	1378	0	0.00
1	8	32	2594	100.00	2600	2095	0.13	1288	0	0.00	0.00	67
1	8	80	2594	100.00	2600	2095	0.19	1334	0	0.00
1	9	33	2594	100.00	2600	2095	0.14	1347	0	0.00	0.00	69
1	9	81	2594	100.00	2600	2095	0.12	1277	0	0.00
1	10	34	2594	100.00	2600	2095	0.13	1284	0	0.00	0.00	68
1	10	82	2594	100.00	2600	2095	0.12	1273	0	0.00
1	11	35	2594	100.00	2600	2095	0.13	1277	0	0.00	0.00	64
1	11	83	2594	100.00	2600	2095	0.12	1268	0	0.00
1	12	36	2594	100.00	2600	2095	0.13	1272	0	0.00	0.00	67
1	12	84	2594	100.00	2600	2095	0.12	1272	0	0.00
1	13	37	2594	100.00	2600	2095	0.12	1273	0	0.00	0.00	66
1	13	85	2594	100.00	2600	2095	0.12	1313	0	0.00
1	14	38	2594	100.00	2600	2095	0.12	1273	0	0.00	0.00	67
1	14	86	2594	100.00	2600	2095	0.13	1311	0	0.00
1	15	39	2594	100.00	2600	2095	0.13	1271	0	0.00	0.00	67
1	15	87	2594	100.00	2600	2095	0.13	1270	0	0.00
1	16	40	2594	100.00	2600	2095	0.13	1888	0	0.00	0.00	66
1	16	88	2594	100.00	2600	2095	0.12	1271	0	0.00
1	17	41	2594	100.00	2600	2095	0.12	1305	0	0.00	0.00	67
1	17	89	2594	100.00	2600	2095	0.12	1273	0	0.00
1	18	42	2594	100.00	2600	2095	0.13	1271	0	0.00	0.00	67
1	18	90	2594	100.00	2600	2095	0.13	1297	0	0.00
1	19	43	2594	100.00	2600	2095	0.13	1273	0	0.00	0.00	67
1	19	91	2594	100.00	2600	2095	0.13	1295	0	0.00
1	20	44	2594	100.00	2600	2095	0.13	1271	0	0.00	0.00	66
1	20	92	2594	100.00	2600	2095	0.12	1274	0	0.00
1	21	45	2594	100.00	2600	2095	0.13	1307	0	0.00	0.00	66
1	21	93	2594	100.00	2600	2095	0.12	1276	0	0.00
1	22	46	2594	100.00	2600	2095	0.13	1299	0	0.00	0.00	64
1	22	94	2594	100.00	2600	2095	0.12	1271	0	0.00
1	23	47	2594	100.00	2600	2095	0.13	1297	0	0.00	0.00	67
1	23	95	2594	100.00	2600	2095	0.13	1271	0	0.00
Package	Core	CPU	Avg_MHz	Busy%	Bzy_MHz	TSC_MHz	IPC	IRQ	SMI	CPU%c1	CPU%c6	CoreTmp	PkgTmp	Pkg%pc2	Pkg%pc6	PkgWatt	RAMWatt	PKG_%	RAM_%
-	-	-	2594	100.00	2600	2095	0.14	121163	0	0.00	0.00	69	69	0.00	0.00	261.91	12.05	0.00	0.00
0	0	0	2594	100.00	2600	2095	0.12	1269	0	0.00	0.00	65	68	0.00	0.00	132.93	5.96	0.00	0.00
0	0	48	2594	100.00	2600	2095	0.12	1264	0	0.00
0	1	1	2594	100.00	2600	2095	0.12	1262	0	0.00	0.00	65
0	1	49	2594	100.00	2600	2095	0.12	1303	0	0.00
0	2	2	2594	100.00	2600	2095	1.39	1264	0	0.00	0.00	68
0	2	50	2594	100.00	2600	2095	0.12	1263	0	0.00
0	3	3	2594	100.00	2600	2095	0.12	1256	0	0.00	0.00	65
0	3	51	2594	100.00	2600	2095	0.12	1256	0	0.00
0	4	4	2594	100.00	2600	2095	0.13	1268	0	0.00	0.00	66
0	4	52	2594	100.00	2600	2095	0.12	1266	0	0.00
0	5	5	2594	100.00	2600	2095	0.12	1265	0	0.00	0.00	66
0	5	53	2594	100.00	2600	2095	0.12	1258	0	0.00
0	6	6	2594	100.00	2600	2095	0.12	1262	0	0.00	0.00	67
0	6	54	2594	100.00	2600	2095	0.12	1257	0	0.00
0	7	7	2594	100.00	2600	2095	0.12	1257	0	0.00	0.00	66
0	7	55	2594	100.00	2600	2095	0.12	1256	0	0.00
0	8	8	2594	100.00	2600	2095	0.12	1261	0	0.00	0.00	65
0	8	56	2594	100.00	2600	2095	0.12	1259	0	0.00
0	9	9	2594	100.00	2600	2095	0.12	1264	0	0.00	0.00	67
0	9	57	2594	100.00	2600	2095	0.12	1256	0	0.00
0	10	10	2594	100.00	2600	2095	0.12	1273	0	0.00	0.00	66
0	10	58	2594	100.00	2600	2095	0.12	1259	0	0.00
0	11	11	2594	100.00	2600	2095	0.12	1261	0	0.00	0.00	64
0	11	59	2594	100.00	2600	2095	0.12	1256	0	0.00
0	12	12	2594	100.00	2600	2095	0.12	1262	0	0.00	0.00	65
0	12	60	2594	100.00	2600	2095	0.12	1259	0	0.00
0	13	13	2594	100.00	2600	2095	0.12	1259	0	0.00	0.00	65
0	13	61	2594	100.00	2600	2095	0.12	1256	0	0.00
0	14	14	2594	100.00	2600	2095	0.12	1261	0	0.00	0.00	66
0	14	62	2594	100.00	2600	2095	0.12	1262	0	0.00
0	15	15	2594	100.00	2600	2095	0.12	1259	0	0.00	0.00	64
0	15	63	2594	100.00	2600	2095	0.12	1256	0	0.00
0	16	16	2594	100.00	2600	2095	0.12	1257	0	0.00	0.00	64
0	16	64	2594	100.00	2600	2095	0.12	1261	0	0.00
0	17	17	2594	100.00	2600	2095	0.12	1256	0	0.00	0.00	68
0	17	65	2594	100.00	2600	2095	0.12	1258	0	0.00
0	18	18	2594	100.00	2600	2095	0.12	1262	0	0.00	0.00	66
0	18	66	2594	100.00	2600	2095	0.12	1384	0	0.00
0	19	19	2594	100.00	2600	2095	0.12	1262	0	0.00	0.00	66
0	19	67	2594	100.00	2600	2095	0.12	1256	0	0.00
0	20	20	2594	100.00	2600	2095	0.12	1256	0	0.00	0.00	65
0	20	68	2594	100.00	2600	2095	0.12	1259	0	0.00
0	21	21	2594	100.00	2600	2095	0.12	1260	0	0.00	0.00	65
0	21	69	2594	100.00	2600	2095	0.12	1258	0	0.00
0	22	22	2594	100.00	2600	2095	0.12	1262	0	0.00	0.00	62
0	22	70	2594	100.00	2600	2095	0.12	1258	0	0.00
0	23	23	2594	100.00	2600	2095	0.12	1310	0	0.00	0.00	64
0	23	71	2594	100.00	2600	2095	0.12	1256	0	0.00
1	0	24	2594	100.00	2600	2095	0.12	1254	0	0.00	0.00	66	69	0.00	0.00	129.00	6.10	0.00	0.00
1	0	72	2594	100.00	2600	2095	0.12	1254	0	0.00
1	1	25	2594	100.00	2600	2095	0.12	1269	0	0.00	0.00	68
1	1	73	2594	100.00	2600	2095	0.12	1255	0	0.00
1	2	26	2594	100.00	2600	2095	0.12	1254	0	0.00	0.00	68
1	2	74	2594	100.00	2600	2095	0.12	1255	0	0.00
1	3	27	2594	100.00	2600	2095	0.12	1255	0	0.00	0.00	67
1	3	75	2594	100.00	2600	2095	0.12	1339	0	0.00
1	4	28	2594	100.00	2600	2095	0.12	1261	0	0.00	0.00	67
1	4	76	2594	100.00	2600	2095	0.12	1262	0	0.00
1	5	29	2594	100.00	2600	2095	0.12	1255	0	0.00	0.00	68
1	5	77	2594	100.00	2600	2095	0.12	1256	0	0.00
1	6	30	2594	100.00	2600	2095	0.12	1255	0	0.00	0.00	66
1	6	78	2594	100.00	2600	2095	0.12	1264	0	0.00
1	7	31	2594	100.00	2600	2095	0.12	1256	0	0.00	0.00	68
1	7	79	2594	100.00	2600	2095	0.12	1255	0	0.00
1	8	32	2594	100.00	2600	2095	0.12	1255	0	0.00	0.00	67
1	8	80	2594	100.00	2600	2095	0.12	1258	0	0.00
1	9	33	2594	100.00	2600	2095	0.12	1256	0	0.00	0.00	68
1	9	81	2594	100.00	2600	2095	0.12	1254	0	0.00
1	10	34	2594	100.00	2600	2095	0.12	1256	0	0.00	0.00	69
1	10	82	2594	100.00	2600	2095	0.12	1254	0	0.00
1	11	35	2594	100.00	2600	2095	0.12	1254	0	0.00	0.00	65
1	11	83	2594	100.00	2600	2095	0.12	1255	0	0.00
1	12	36	2594	100.00	2600	2095	0.12	1254	0	0.00	0.00	67
1	12	84	2594	100.00	2600	2095	0.12	1255	0	0.00
1	13	37	2594	100.00	2600	2095	0.12	1255	0	0.00	0.00	66
1	13	85	2594	100.00	2600	2095	0.12	1262	0	0.00
1	14	38	2594	100.00	2600	2095	0.12	1254	0	0.00	0.00	67
1	14	86	2594	100.00	2600	2095	0.12	1254	0	0.00
1	15	39	2594	100.00	2600	2095	0.12	1254	0	0.00	0.00	67
1	15	87	2594	100.00	2600	2095	0.12	1254	0	0.00
1	16	40	2594	100.00	2600	2095	0.12	1360	0	0.00	0.00	67
1	16	88	2594	100.00	2600	2095	0.12	1254	0	0.00
1	17	41	2594	100.00	2600	2095	0.12	1254	0	0.00	0.00	68
1	17	89	2594	100.00	2600	2095	0.12	1255	0	0.00
1	18	42	2594	100.00	2600	2095	0.12	1255	0	0.00	0.00	67
1	18	90	2594	100.00	2600	2095	0.12	1254	0	0.00
1	19	43	2594	100.00	2600	2095	0.12	1254	0	0.00	0.00	66
1	19	91	2594	100.00	2600	2095	0.12	1254	0	0.00
1	20	44	2594	100.00	2600	2095	0.12	1255	0	0.00	0.00	66
1	20	92	2594	100.00	2600	2095	0.12	1254	0	0.00
1	21	45	2594	100.00	2600	2095	0.12	1255	0	0.00	0.00	65
1	21	93	2594	100.00	2600	2095	0.12	1254	0	0.00
1	22	46	2594	100.00	2600	2095	0.12	1254	0	0.00	0.00	64
1	22	94	2594	100.00	2600	2095	0.12	1254	0	0.00
1	23	47	2594	100.00	2600	2095	0.12	1255	0	0.00	0.00	67
1	23	95	2594	100.00	2600	2095	0.13	1255	0	0.00
Package	Core	CPU	Avg_MHz	Busy%	Bzy_MHz	TSC_MHz	IPC	IRQ	SMI	CPU%c1	CPU%c6	CoreTmp	PkgTmp	Pkg%pc2	Pkg%pc6	PkgWatt	RAMWatt	PKG_%	RAM_%
-	-	-	2594	100.00	2600	2095	0.14	121178	0	0.00	0.00	69	69	0.00	0.00	261.88	12.02	0.00	0.00
0	0	0	2594	100.00	2600	2095	0.12	1280	0	0.00	0.00	65	68	0.00	0.00	132.91	5.94	0.00	0.00
0	0	48	2594	100.00	2600	2095	0.12	1258	0	0.00
0	1	1	2594	100.00	2600	2095	0.12	1261	0	0.00	0.00	66
0	1	49	2594	100.00	2600	2095	0.12	1310	0	0.00
0	2	2	2594	100.00	2600	2095	1.39	1264	0	0.00	0.00	68
0	2	50	2594	100.00	2600	2095	0.12	1260	0	0.00
0	3	3	2594	100.00	2600	2095	0.12	1257	0	0.00	0.00	66
0	3	51	2594	100.00	2600	2095	0.12	1257	0	0.00
0	4	4	2594	100.00	2600	2095	0.13	1267	0	0.00	0.00	66
0	4	52	2594	100.00	2600	2095	0.12	1264	0	0.00
0	5	5	2594	100.00	2600	2095	0.12	1274	0	0.00	0.00	66
0	5	53	2594	100.00	2600	2095	0.12	1256	0	0.00
0	6	6	2594	100.00	2600	2095	0.12	1261	0	0.00	0.00	67
0	6	54	2594	100.00	2600	2095	0.12	1256	0	0.00
0	7	7	2594	100.00	2600	2095	0.12	1257	0	0.00	0.00	66
0	7	55	2594	100.00	2600	2095	0.12	1256	0	0.00
0	8	8	2594	100.00	2600	2095	0.12	1259	0	0.00	0.00	66
0	8	56	2594	100.00	2600	2095	0.12	1258	0	0.00
0	9	9	2594	100.00	2600	2095	0.12	1259	0	0.00	0.00	67
0	9	57	2594	100.00	2600	2095	0.12	1256	0	0.00
0	10	10	2594	100.00	2600	2095	0.12	1260	0	0.00	0.00	66
0	10	58	2594	100.00	2600	2095	0.12	1266	0	0.00
0	11	11	2594	100.00	2600	2095	0.12	1259	0	0.00	0.00	65
0	11	59	2594	100.00	2600	2095	0.12	1257	0	0.00
0	12	12	2594	100.00	2600	2095	0.12	1266	0	0.00	0.00	65
0	12	60	2594	100.00	2600	2095	0.12	1258	0	0.00
0	13	13	2594	100.00	2600	2095	0.12	1257	0	0.00	0.00	65
0	13	61	2594	100.00	2600	2095	0.12	1256	0	0.00
0	14	14	2594	100.00	2600	2095	0.12	1263	0	0.00	0.00	66
0	14	62	2594	100.00	2600	2095	0.12	1256	0	0.00
0	15	15	2594	100.00	2600	2095	0.12	1257	0	0.00	0.00	65
0	15	63	2594	100.00	2600	2095	0.12	1256	0	0.00
0	16	16	2594	100.00	2600	2095	0.12	1257	0	0.00	0.00	64
0	16	64	2594	100.00	2600	2095	0.12	1256	0	0.00
0	17	17	2594	100.00	2600	2095	0.12	1257	0	0.00	0.00	68
0	17	65	2594	100.00	2600	2095	0.12	1259	0	0.00
0	18	18	2594	100.00	2600	2095	0.12	1259	0	0.00	0.00	65
0	18	66	2594	100.00	2600	2095	0.12	1375	0	0.00
0	19	19	2594	100.00	2600	2095	0.12	1259	0	0.00	0.00	66
0	19	67	2594	100.00	2600	2095	0.12	1257	0	0.00
0	20	20	2594	100.00	2600	2095	0.12	1258	0	0.00	0.00	65
0	20	68	2594	100.00	2600	2095	0.12	1258	0	0.00
0	21	21	2594	100.00	2600	2095	0.12	1259	0	0.00	0.00	65
0	21	69	2594	100.00	2600	2095	0.12	1259	0	0.00
0	22	22	2594	100.00	2600	2095	0.12	1262	0	0.00	0.00	63
0	22	70	2594	100.00	2600	2095	0.12	1259	0	0.00
0	23	23	2594	100.00	2600	2095	0.12	1319	0	0.00	0.00	64
0	23	71	2594	100.00	2600	2095	0.12	1256	0	0.00
1	0	24	2594	100.00	2600	2095	0.12	1256	0	0.00	0.00	67	69	0.00	0.00	128.95	6.08	0.00	0.00
1	0	72	2594	100.00	2600	2095	0.12	1256	0	0.00
1	1	25	2594	100.00	2600	2095	0.12	1266	0	0.00	0.00	68
1	1	73	2594	100.00	2600	2095	0.12	1256	0	0.00
1	2	26	2594	100.00	2600	2095	0.12	1256	0	0.00	0.00	67
1	2	74	2594	100.00	2600	2095	0.12	1256	0	0.00
1	3	27	2594	100.00	2600	2095	0.12	1256	0	0.00	0.00	67
1	3	75	2594	100.00	2600	2095	0.12	1256	0	0.00
1	4	28	2594	100.00	2600	2095	0.12	1263	0	0.00	0.00	67
1	4	76	2594	100.00	2600	2095	0.12	1256	0	0.00
1	5	29	2594	100.00	2600	2095	0.12	1256	0	0.00	0.00	68
1	5	77	2594	100.00	2600	2095	0.12	1256	0	0.00
1	6	30	2594	100.00	2600	2095	0.12	1256	0	0.00	0.00	66
1	6	78	2594	100.00	2600	2095	0.12	1262	0	0.00
1	7	31	2594	100.00	2600	2095	0.12	1256	0	0.00	0.00	68
1	7	79	2594	100.00	2600	2095	0.12	1256	0	0.00
1	8	32	2594	100.00	2600	2095	0.12	1256	0	0.00	0.00	68
1	8	80	2594	100.00	2600	2095	0.12	1266	0	0.00
1	9	33	2594	100.00	2600	2095	0.12	1256	0	0.00	0.00	69
1	9	81	2594	100.00	2600	2095	0.12	1256	0	0.00
1	10	34	2594	100.00	2600	2095	0.12	1256	0	0.00	0.00	69
1	10	82	2594	100.00	2600	2095	0.12	1256	0	0.00
1	11	35	2594	100.00	2600	2095	0.12	1256	0	0.00	0.00	64
1	11	83	2594	100.00	2600	2095	0.12	1257	0	0.00
1	12	36	2594	100.00	2600	2095	0.12	1256	0	0.00	0.00	67
1	12	84	2594	100.00	2600	2095	0.12	1256	0	0.00
1	13	37	2594	100.00	2600	2095	0.12	1256	0	0.00	0.00	66
1	13	85	2594	100.00	2600	2095	0.12	1270	0	0.00
1	14	38	2594	100.00	2600	2095	0.12	1256	0	0.00	0.00	67
1	14	86	2594	100.00	2600	2095	0.12	1256	0	0.00
1	15	39	2594	100.00	2600	2095	0.13	1256	0	0.00	0.00	67
1	15	87	2594	100.00	2600	2095	0.12	1256	0	0.00
1	16	40	2594	100.00	2600	2095	0.12	1407	0	0.00	0.00	66
1	16	88	2594	100.00	2600	2095	0.12	1256	0	0.00
1	17	41	2594	100.00	2600	2095	0.12	1256	0	0.00	0.00	68
1	17	89	2594	100.00	2600	2095	0.12	1256	0	0.00
1	18	42	2594	100.00	2600	2095	0.12	1256	0	0.00	0.00	67
1	18	90	2594	100.00	2600	2095	0.12	1256	0	0.00
1	19	43	2594	100.00	2600	2095	0.12	1256	0	0.00	0.00	66
1	19	91	2594	100.00	2600	2095	0.12	1256	0	0.00
1	20	44	2594	100.00	2600	2095	0.12	1256	0	0.00	0.00	65
1	20	92	2594	100.00	2600	2095	0.12	1256	0	0.00
1	21	45	2594	100.00	2600	2095	0.12	1256	0	0.00	0.00	65
1	21	93	2594	100.00	2600	2095	0.12	1256	0	0.00
1	22	46	2594	100.00	2600	2095	0.12	1256	0	0.00	0.00	64
1	22	94	2594	100.00	2600	2095	0.12	1256	0	0.00
1	23	47	2594	100.00	2600	2095	0.12	1256	0	0.00	0.00	68
1	23	95	2594	100.00	2600	2095	0.13	1257	0	0.00
Package	Core	CPU	Avg_MHz	Busy%	Bzy_MHz	TSC_MHz	IPC	IRQ	SMI	CPU%c1	CPU%c6	CoreTmp	PkgTmp	Pkg%pc2	Pkg%pc6	PkgWatt	RAMWatt	PKG_%	RAM_%
-	-	-	2594	100.00	2600	2095	0.14	120970	0	0.00	0.00	69	69	0.00	0.00	261.76	12.02	0.00	0.00
0	0	0	2594	100.00	2600	2095	0.12	1265	0	0.00	0.00	65	68	0.00	0.00	132.81	5.93	0.00	0.00
0	0	48	2594	100.00	2600	2095	0.12	1258	0	0.00
0	1	1	2594	100.00	2600	2095	0.12	1260	0	0.00	0.00	67
0	1	49	2594	100.00	2600	2095	0.12	1291	0	0.00
0	2	2	2594	100.00	2600	2095	1.39	1262	0	0.00	0.00	68
0	2	50	2594	100.00	2600	2095	0.12	1261	0	0.00
0	3	3	2594	100.00	2600	2095	0.12	1254	0	0.00	0.00	65
0	3	51	2594	100.00	2600	2095	0.12	1255	0	0.00
0	4	4	2594	100.00	2600	2095	0.13	1264	0	0.00	0.00	67
0	4	52	2594	100.00	2600	2095	0.12	1259	0	0.00
0	5	5	2594	100.00	2600	2095	0.12	1260	0	0.00	0.00	66
0	5	53	2594	100.00	2600	2095	0.12	1255	0	0.00
0	6	6	2594	100.00	2600	2095	0.12	1260	0	0.00	0.00	67
0	6	54	2594	100.00	2600	2095	0.12	1255	0	0.00
0	7	7	2594	100.00	2600	2095	0.12	1254	0	0.00	0.00	66
0	7	55	2594	100.00	2600	2095	0.12	1255	0	0.00
0	8	8	2594	100.00	2600	2095	0.12	1257	0	0.00	0.00	66
0	8	56	2594	100.00	2600	2095	0.12	1258	0	0.00
0	9	9	2594	100.00	2600	2095	0.12	1257	0	0.00	0.00	67
0	9	57	2594	100.00	2600	2095	0.12	1255	0	0.00
0	10	10	2594	100.00	2600	2095	0.12	1273	0	0.00	0.00	67
0	10	58	2594	100.00	2600	2095	0.12	1258	0	0.00
0	11	11	2594	100.00	2600	2095	0.12	1257	0	0.00	0.00	65
0	11	59	2594	100.00	2600	2095	0.12	1255	0	0.00
0	12	12	2594	100.00	2600	2095	0.12	1257	0	0.00	0.00	66
0	12	60	2594	100.00	2600	2095	0.12	1258	0	0.00
0	13	13	2594	100.00	2600	2095	0.12	1254	0	0.00	0.00	65
0	13	61	2594	100.00	2600	2095	0.12	1255	0	0.00
0	14	14	2594	100.00	2600	2095	0.12	1259	0	0.00	0.00	65
0	14	62	2594	100.00	2600	2095	0.12	1255	0	0.00
0	15	15	2594	100.00	2600	2095	0.12	1255	0	0.00	0.00	64
0	15	63	2594	100.00	2600	2095	0.12	1255	0	0.00
0	16	16	2594	100.00	2600	2095	0.12	1254	0	0.00	0.00	64
0	16	64	2594	100.00	2600	2095	0.12	1255	0	0.00
0	17	17	2594	100.00	2600	2095	0.12	1254	0	0.00	0.00	68
0	17	65	2594	100.00	2600	2095	0.12	1257	0	0.00
0	18	18	2594	100.00	2600	2095	0.12	1257	0	0.00	0.00	66
0	18	66	2594	100.00	2600	2095	0.12	1316	0	0.00
0	19	19	2594	100.00	2600	2095	0.12	1257	0	0.00	0.00	66
0	19	67	2594	100.00	2600	2095	0.12	1256	0	0.00
0	20	20	2594	100.00	2600	2095	0.12	1254	0	0.00	0.00	65
0	20	68	2594	100.00	2600	2095	0.12	1258	0	0.00
0	21	21	2594	100.00	2600	2095	0.12	1257	0	0.00	0.00	65
0	21	69	2594	100.00	2600	2095	0.12	1257	0	0.00
0	22	22	2594	100.00	2600	2095	0.12	1259	0	0.00	0.00	63
0	22	70	2594	100.00	2600	2095	0.12	1257	0	0.00
0	23	23	2594	100.00	2600	2095	0.12	1305	0	0.00	0.00	64
0	23	71	2594	100.00	2600	2095	0.12	1255	0	0.00
1	0	24	2594	100.00	2600	2095	0.12	1257	0	0.00	0.00	67	69	0.00	0.00	128.97	6.09	0.00	0.00
1	0	72	2594	100.00	2600	2095	0.12	1257	0	0.00
1	1	25	2594	100.00	2600	2095	0.12	1267	0	0.00	0.00	68
1	1	73	2594	100.00	2600	2095	0.12	1257	0	0.00
1	2	26	2594	100.00	2600	2095	0.12	1257	0	0.00	0.00	67
1	2	74	2594	100.00	2600	2095	0.12	1257	0	0.00
1	3	27	2594	100.00	2600	2095	0.12	1257	0	0.00	0.00	68
1	3	75	2594	100.00	2600	2095	0.12	1257	0	0.00
1	4	28	2594	100.00	2600	2095	0.12	1262	0	0.00	0.00	66
1	4	76	2594	100.00	2600	2095	0.12	1257	0	0.00
1	5	29	2594	100.00	2600	2095	0.12	1257	0	0.00	0.00	68
1	5	77	2594	100.00	2600	2095	0.12	1257	0	0.00
1	6	30	2594	100.00	2600	2095	0.12	1257	0	0.00	0.00	66
1	6	78	2594	100.00	2600	2095	0.12	1265	0	0.00
1	7	31	2594	100.00	2600	2095	0.12	1257	0	0.00	0.00	68
1	7	79	2594	100.00	2600	2095	0.12	1257	0	0.00
1	8	32	2594	100.00	2600	2095	0.12	1257	0	0.00	0.00	69
1	8	80	2594	100.00	2600	2095	0.12	1259	0	0.00
1	9	33	2594	100.00	2600	2095	0.12	1257	0	0.00	0.00	69
1	9	81	2594	100.00	2600	2095	0.12	1257	0	0.00
1	10	34	2594	100.00	2600	2095	0.12	1257	0	0.00	0.00	69
1	10	82	2594	100.00	2600	2095	0.12	1257	0	0.00
1	11	35	2594	100.00	2600	2095	0.12	1257	0	0.00	0.00	65
1	11	83	2594	100.00	2600	2095	0.12	1257	0	0.00
1	12	36	2594	100.00	2600	2095	0.12	1257	0	0.00	0.00	67
1	12	84	2594	100.00	2600	2095	0.12	1257	0	0.00
1	13	37	2594	100.00	2600	2095	0.12	1257	0	0.00	0.00	66
1	13	85	2594	100.00	2600	2095	0.12	1265	0	0.00
1	14	38	2594	100.00	2600	2095	0.12	1257	0	0.00	0.00	68
1	14	86	2594	100.00	2600	2095	0.12	1257	0	0.00
1	15	39	2594	100.00	2600	2095	0.12	1257	0	0.00	0.00	68
1	15	87	2594	100.00	2600	2095	0.12	1257	0	0.00
1	16	40	2594	100.00	2600	2095	0.12	1363	0	0.00	0.00	67
1	16	88	2594	100.00	2600	2095	0.12	1257	0	0.00
1	17	41	2594	100.00	2600	2095	0.12	1257	0	0.00	0.00	67
1	17	89	2594	100.00	2600	2095	0.12	1257	0	0.00
1	18	42	2594	100.00	2600	2095	0.12	1257	0	0.00	0.00	67
1	18	90	2594	100.00	2600	2095	0.12	1257	0	0.00
1	19	43	2594	100.00	2600	2095	0.12	1257	0	0.00	0.00	66
1	19	91	2594	100.00	2600	2095	0.12	1257	0	0.00
1	20	44	2594	100.00	2600	2095	0.12	1257	0	0.00	0.00	66
1	20	92	2594	100.00	2600	2095	0.12	1257	0	0.00
1	21	45	2594	100.00	2600	2095	0.12	1257	0	0.00	0.00	66
1	21	93	2594	100.00	2600	2095	0.12	1257	0	0.00
1	22	46	2594	100.00	2600	2095	0.12	1257	0	0.00	0.00	65
1	22	94	2594	100.00	2600	2095	0.12	1257	0	0.00
1	23	47	2594	100.00	2600	2095	0.12	1257	0	0.00	0.00	68
1	23	95	2594	100.00	2600	2095	0.13	1258	0	0.00
Package	Core	CPU	Avg_MHz	Busy%	Bzy_MHz	TSC_MHz	IPC	IRQ	SMI	CPU%c1	CPU%c6	CoreTmp	PkgTmp	Pkg%pc2	Pkg%pc6	PkgWatt	RAMWatt	PKG_%	RAM_%
-	-	-	2594	100.00	2600	2095	0.13	121010	0	0.00	0.00	69	69	0.00	0.00	261.93	12.22	0.00	0.00
0	0	0	2594	100.00	2600	2095	0.12	1266	0	0.00	0.00	65	68	0.00	0.00	132.90	6.12	0.00	0.00
0	0	48	2594	100.00	2600	2095	0.12	1258	0	0.00
0	1	1	2594	100.00	2600	2095	0.12	1260	0	0.00	0.00	66
0	1	49	2594	100.00	2600	2095	0.12	1260	0	0.00
0	2	2	2594	100.00	2600	2095	1.21	1263	0	0.00	0.00	67
0	2	50	2594	100.00	2600	2095	0.12	1260	0	0.00
0	3	3	2594	100.00	2600	2095	0.12	1256	0	0.00	0.00	66
0	3	51	2594	100.00	2600	2095	0.12	1256	0	0.00
0	4	4	2594	100.00	2600	2095	0.13	1265	0	0.00	0.00	66
0	4	52	2594	100.00	2600	2095	0.12	1287	0	0.00
0	5	5	2594	100.00	2600	2095	0.12	1303	0	0.00	0.00	66
0	5	53	2594	100.00	2600	2095	0.12	1270	0	0.00
0	6	6	2594	100.00	2600	2095	0.12	1260	0	0.00	0.00	67
0	6	54	2594	100.00	2600	2095	0.12	1262	0	0.00
0	7	7	2594	100.00	2600	2095	0.12	1256	0	0.00	0.00	66
0	7	55	2594	100.00	2600	2095	0.12	1256	0	0.00
0	8	8	2594	100.00	2600	2095	0.12	1258	0	0.00	0.00	66
0	8	56	2594	100.00	2600	2095	0.12	1258	0	0.00
0	9	9	2594	100.00	2600	2095	0.12	1258	0	0.00	0.00	66
0	9	57	2594	100.00	2600	2095	0.12	1256	0	0.00
0	10	10	2594	100.00	2600	2095	0.12	1259	0	0.00	0.00	66
0	10	58	2594	100.00	2600	2095	0.12	1258	0	0.00
0	11	11	2594	100.00	2600	2095	0.12	1258	0	0.00	0.00	65
0	11	59	2594	100.00	2600	2095	0.12	1257	0	0.00
0	12	12	2594	100.00	2600	2095	0.12	1258	0	0.00	0.00	65
0	12	60	2594	100.00	2600	2095	0.12	1261	0	0.00
0	13	13	2594	100.00	2600	2095	0.12	1256	0	0.00	0.00	65
0	13	61	2594	100.00	2600	2095	0.12	1256	0	0.00
0	14	14	2594	100.00	2600	2095	0.12	1261	0	0.00	0.00	66
0	14	62	2594	100.00	2600	2095	0.12	1256	0	0.00
0	15	15	2594	100.00	2600	2095	0.12	1256	0	0.00	0.00	65
0	15	63	2594	100.00	2600	2095	0.12	1256	0	0.00
0	16	16	2594	100.00	2600	2095	0.12	1256	0	0.00	0.00	64
0	16	64	2594	100.00	2600	2095	0.12	1256	0	0.00
0	17	17	2594	100.00	2600	2095	0.12	1256	0	0.00	0.00	67
0	17	65	2594	100.00	2600	2095	0.12	1259	0	0.00
0	18	18	2594	100.00	2600	2095	0.12	1258	0	0.00	0.00	66
0	18	66	2594	100.00	2600	2095	0.12	1377	0	0.00
0	19	19	2594	100.00	2600	2095	0.12	1258	0	0.00	0.00	66
0	19	67	2594	100.00	2600	2095	0.12	1257	0	0.00
0	20	20	2594	100.00	2600	2095	0.12	1256	0	0.00	0.00	66
0	20	68	2594	100.00	2600	2095	0.12	1258	0	0.00
0	21	21	2594	100.00	2600	2095	0.12	1258	0	0.00	0.00	65
0	21	69	2594	100.00	2600	2095	0.12	1261	0	0.00
0	22	22	2594	100.00	2600	2095	0.12	1261	0	0.00	0.00	63
0	22	70	2594	100.00	2600	2095	0.12	1318	0	0.00
0	23	23	2594	100.00	2600	2095	0.12	1301	0	0.00	0.00	64
0	23	71	2594	100.00	2600	2095	0.12	1256	0	0.00
1	0	24	2594	100.00	2600	2095	0.12	1254	0	0.00	0.00	68	69	0.00	0.00	129.03	6.10	0.00	0.00
1	0	72	2594	100.00	2600	2095	0.12	1254	0	0.00
1	1	25	2594	100.00	2600	2095	0.12	1264	0	0.00	0.00	68
1	1	73	2594	100.00	2600	2095	0.12	1254	0	0.00
1	2	26	2594	100.00	2600	2095	0.12	1254	0	0.00	0.00	67
1	2	74	2594	100.00	2600	2095	0.12	1254	0	0.00
1	3	27	2594	100.00	2600	2095	0.12	1254	0	0.00	0.00	67
1	3	75	2594	100.00	2600	2095	0.12	1254	0	0.00
1	4	28	2594	100.00	2600	2095	0.12	1258	0	0.00	0.00	66
1	4	76	2594	100.00	2600	2095	0.12	1254	0	0.00
1	5	29	2594	100.00	2600	2095	0.12	1254	0	0.00	0.00	68
1	5	77	2594	100.00	2600	2095	0.12	1254	0	0.00
1	6	30	2594	100.00	2600	2095	0.12	1254	0	0.00	0.00	66
1	6	78	2594	100.00	2600	2095	0.12	1261	0	0.00
1	7	31	2594	100.00	2600	2095	0.12	1254	0	0.00	0.00	68
1	7	79	2594	100.00	2600	2095	0.12	1254	0	0.00
1	8	32	2594	100.00	2600	2095	0.12	1254	0	0.00	0.00	68
1	8	80	2594	100.00	2600	2095	0.12	1259	0	0.00
1	9	33	2594	100.00	2600	2095	0.12	1254	0	0.00	0.00	69
1	9	81	2594	100.00	2600	2095	0.12	1254	0	0.00
1	10	34	2594	100.00	2600	2095	0.12	1254	0	0.00	0.00	69
1	10	82	2594	100.00	2600	2095	0.12	1254	0	0.00
1	11	35	2594	100.00	2600	2095	0.12	1254	0	0.00	0.00	65
1	11	83	2594	100.00	2600	2095	0.12	1254	0	0.00
1	12	36	2594	100.00	2600	2095	0.12	1254	0	0.00	0.00	68
1	12	84	2594	100.00	2600	2095	0.12	1254	0	0.00
1	13	37	2594	100.00	2600	2095	0.12	1254	0	0.00	0.00	66
1	13	85	2594	100.00	2600	2095	0.12	1258	0	0.00
1	14	38	2594	100.00	2600	2095	0.12	1254	0	0.00	0.00	67
1	14	86	2594	100.00	2600	2095	0.12	1254	0	0.00
1	15	39	2594	100.00	2600	2095	0.13	1254	0	0.00	0.00	68
1	15	87	2594	100.00	2600	2095	0.12	1254	0	0.00
1	16	40	2594	100.00	2600	2095	0.12	1335	0	0.00	0.00	66
1	16	88	2594	100.00	2600	2095	0.12	1254	0	0.00
1	17	41	2594	100.00	2600	2095	0.12	1254	0	0.00	0.00	67
1	17	89	2594	100.00	2600	2095	0.12	1254	0	0.00
1	18	42	2594	100.00	2600	2095	0.12	1254	0	0.00	0.00	67
1	18	90	2594	100.00	2600	2095	0.12	1254	0	0.00
1	19	43	2594	100.00	2600	2095	0.12	1254	0	0.00	0.00	67
1	19	91	2594	100.00	2600	2095	0.12	1254	0	0.00
1	20	44	2594	100.00	2600	2095	0.12	1254	0	0.00	0.00	66
1	20	92	2594	100.00	2600	2095	0.12	1254	0	0.00
1	21	45	2594	100.00	2600	2095	0.12	1254	0	0.00	0.00	65
1	21	93	2594	100.00	2600	2095	0.12	1254	0	0.00
1	22	46	2594	100.00	2600	2095	0.12	1254	0	0.00	0.00	64
1	22	94	2594	100.00	2600	2095	0.12	1254	0	0.00
1	23	47	2594	100.00	2600	2095	0.12	1254	0	0.00	0.00	68
1	23	95	2594	100.00	2600	2095	0.13	1255	0	0.00
Package	Core	CPU	Avg_MHz	Busy%	Bzy_MHz	TSC_MHz	IPC	IRQ	SMI	CPU%c1	CPU%c6	CoreTmp	PkgTmp	Pkg%pc2	Pkg%pc6	PkgWatt	RAMWatt	PKG_%	RAM_%
-	-	-	2594	100.00	2600	2095	0.13	121010	0	0.00	0.00	69	69	0.00	0.00	262.16	12.63	0.00	0.00
0	0	0	2594	100.00	2600	2095	0.12	1266	0	0.00	0.00	64	69	0.00	0.00	133.23	6.48	0.00	0.00
0	0	48	2594	100.00	2600	2095	0.12	1259	0	0.00
0	1	1	2594	100.00	2600	2095	0.12	1262	0	0.00	0.00	67
0	1	49	2594	100.00	2600	2095	0.12	1274	0	0.00
0	2	2	2594	100.00	2600	2095	0.30	1264	0	0.00	0.00	67
0	2	50	2594	100.00	2600	2095	0.12	1260	0	0.00
0	3	3	2594	100.00	2600	2095	0.12	1256	0	0.00	0.00	66
0	3	51	2594	100.00	2600	2095	0.12	1254	0	0.00
0	4	4	2594	100.00	2600	2095	0.99	1263	0	0.00	0.00	69
0	4	52	2594	100.00	2600	2095	0.12	1261	0	0.00
0	5	5	2594	100.00	2600	2095	0.12	1286	0	0.00	0.00	67
0	5	53	2594	100.00	2600	2095	0.12	1254	0	0.00
0	6	6	2594	100.00	2600	2095	0.12	1262	0	0.00	0.00	67
0	6	54	2594	100.00	2600	2095	0.12	1254	0	0.00
0	7	7	2594	100.00	2600	2095	0.12	1256	0	0.00	0.00	66
0	7	55	2594	100.00	2600	2095	0.12	1254	0	0.00
0	8	8	2594	100.00	2600	2095	0.12	1259	0	0.00	0.00	66
0	8	56	2594	100.00	2600	2095	0.12	1257	0	0.00
0	9	9	2594	100.00	2600	2095	0.12	1259	0	0.00	0.00	67
0	9	57	2594	100.00	2600	2095	0.12	1254	0	0.00
0	10	10	2594	100.00	2600	2095	0.12	1265	0	0.00	0.00	67
0	10	58	2594	100.00	2600	2095	0.12	1258	0	0.00
0	11	11	2594	100.00	2600	2095	0.12	1261	0	0.00	0.00	65
0	11	59	2594	100.00	2600	2095	0.12	1254	0	0.00
0	12	12	2594	100.00	2600	2095	0.12	1269	0	0.00	0.00	65
0	12	60	2594	100.00	2600	2095	0.12	1257	0	0.00
0	13	13	2594	100.00	2600	2095	0.12	1256	0	0.00	0.00	65
0	13	61	2594	100.00	2600	2095	0.12	1254	0	0.00
0	14	14	2594	100.00	2600	2095	0.12	1261	0	0.00	0.00	66
0	14	62	2594	100.00	2600	2095	0.12	1255	0	0.00
0	15	15	2594	100.00	2600	2095	0.12	1256	0	0.00	0.00	65
0	15	63	2594	100.00	2600	2095	0.12	1254	0	0.00
0	16	16	2594	100.00	2600	2095	0.12	1256	0	0.00	0.00	65
0	16	64	2594	100.00	2600	2095	0.12	1254	0	0.00
0	17	17	2594	100.00	2600	2095	0.12	1256	0	0.00	0.00	68
0	17	65	2594	100.00	2600	2095	0.12	1256	0	0.00
0	18	18	2594	100.00	2600	2095	0.12	1259	0	0.00	0.00	66
0	18	66	2594	100.00	2600	2095	0.12	1312	0	0.00
0	19	19	2594	100.00	2600	2095	0.12	1259	0	0.00	0.00	66
0	19	67	2594	100.00	2600	2095	0.12	1254	0	0.00
0	20	20	2594	100.00	2600	2095	0.12	1256	0	0.00	0.00	65
0	20	68	2594	100.00	2600	2095	0.12	1257	0	0.00
0	21	21	2594	100.00	2600	2095	0.12	1259	0	0.00	0.00	66
0	21	69	2594	100.00	2600	2095	0.12	1256	0	0.00
0	22	22	2594	100.00	2600	2095	0.12	1261	0	0.00	0.00	63
0	22	70	2594	100.00	2600	2095	0.12	1341	0	0.00
0	23	23	2594	100.00	2600	2095	0.12	1310	0	0.00	0.00	64
0	23	71	2594	100.00	2600	2095	0.12	1254	0	0.00
1	0	24	2594	100.00	2600	2095	0.12	1256	0	0.00	0.00	68	69	0.00	0.00	128.94	6.15	0.00	0.00
1	0	72	2594	100.00	2600	2095	0.12	1256	0	0.00
1	1	25	2594	100.00	2600	2095	0.12	1266	0	0.00	0.00	68
1	1	73	2594	100.00	2600	2095	0.12	1256	0	0.00
1	2	26	2594	100.00	2600	2095	0.12	1256	0	0.00	0.00	67
1	2	74	2594	100.00	2600	2095	0.12	1256	0	0.00
1	3	27	2594	100.00	2600	2095	0.12	1256	0	0.00	0.00	67
1	3	75	2594	100.00	2600	2095	0.12	1256	0	0.00
1	4	28	2594	100.00	2600	2095	0.12	1257	0	0.00	0.00	66
1	4	76	2594	100.00	2600	2095	0.12	1256	0	0.00
1	5	29	2594	100.00	2600	2095	0.12	1256	0	0.00	0.00	69
1	5	77	2594	100.00	2600	2095	0.12	1256	0	0.00
1	6	30	2594	100.00	2600	2095	0.12	1256	0	0.00	0.00	67
1	6	78	2594	100.00	2600	2095	0.12	1259	0	0.00
1	7	31	2594	100.00	2600	2095	0.12	1256	0	0.00	0.00	68
1	7	79	2594	100.00	2600	2095	0.12	1256	0	0.00
1	8	32	2594	100.00	2600	2095	0.12	1256	0	0.00	0.00	67
1	8	80	2594	100.00	2600	2095	0.12	1260	0	0.00
1	9	33	2594	100.00	2600	2095	0.12	1256	0	0.00	0.00	69
1	9	81	2594	100.00	2600	2095	0.12	1256	0	0.00
1	10	34	2594	100.00	2600	2095	0.12	1256	0	0.00	0.00	69
1	10	82	2594	100.00	2600	2095	0.12	1256	0	0.00
1	11	35	2594	100.00	2600	2095	0.12	1256	0	0.00	0.00	65
1	11	83	2594	100.00	2600	2095	0.12	1256	0	0.00
1	12	36	2594	100.00	2600	2095	0.12	1256	0	0.00	0.00	67
1	12	84	2594	100.00	2600	2095	0.12	1256	0	0.00
1	13	37	2594	100.00	2600	2095	0.12	1256	0	0.00	0.00	66
1	13	85	2594	100.00	2600	2095	0.12	1266	0	0.00
1	14	38	2594	100.00	2600	2095	0.12	1256	0	0.00	0.00	67
1	14	86	2594	100.00	2600	2095	0.12	1256	0	0.00
1	15	39	2594	100.00	2600	2095	0.12	1256	0	0.00	0.00	66
1	15	87	2594	100.00	2600	2095	0.12	1256	0	0.00
1	16	40	2594	100.00	2600	2095	0.12	1335	0	0.00	0.00	67
1	16	88	2594	100.00	2600	2095	0.12	1256	0	0.00
1	17	41	2594	100.00	2600	2095	0.12	1256	0	0.00	0.00	67
1	17	89	2594	100.00	2600	2095	0.12	1256	0	0.00
1	18	42	2594	100.00	2600	2095	0.12	1256	0	0.00	0.00	67
1	18	90	2594	100.00	2600	2095	0.12	1256	0	0.00
1	19	43	2594	100.00	2600	2095	0.12	1256	0	0.00	0.00	66
1	19	91	2594	100.00	2600	2095	0.12	1256	0	0.00
1	20	44	2594	100.00	2600	2095	0.12	1256	0	0.00	0.00	66
1	20	92	2594	100.00	2600	2095	0.12	1256	0	0.00
1	21	45	2594	100.00	2600	2095	0.12	1256	0	0.00	0.00	65
1	21	93	2594	100.00	2600	2095	0.12	1256	0	0.00
1	22	46	2594	100.00	2600	2095	0.12	1256	0	0.00	0.00	64
1	22	94	2594	100.00	2600	2095	0.12	1256	0	0.00
1	23	47	2594	100.00	2600	2095	0.12	1256	0	0.00	0.00	68
1	23	95	2594	100.00	2600	2095	0.13	1257	0	0.00
Package	Core	CPU	Avg_MHz	Busy%	Bzy_MHz	TSC_MHz	IPC	IRQ	SMI	CPU%c1	CPU%c6	CoreTmp	PkgTmp	Pkg%pc2	Pkg%pc6	PkgWatt	RAMWatt	PKG_%	RAM_%
-	-	-	2594	100.00	2600	2095	0.14	120808	0	0.00	0.00	69	69	0.00	0.00	261.92	12.30	0.00	0.00
0	0	0	2594	100.00	2600	2095	0.12	1265	0	0.00	0.00	65	69	0.00	0.00	132.96	6.16	0.00	0.00
0	0	48	2594	100.00	2600	2095	0.12	1256	0	0.00
0	1	1	2594	100.00	2600	2095	0.12	1259	0	0.00	0.00	66
0	1	49	2594	100.00	2600	2095	0.12	1260	0	0.00
0	2	2	2594	100.00	2600	2095	0.12	1268	0	0.00	0.00	67
0	2	50	2594	100.00	2600	2095	0.12	1260	0	0.00
0	3	3	2594	100.00	2600	2095	0.12	1255	0	0.00	0.00	65
0	3	51	2594	100.00	2600	2095	0.12	1256	0	0.00
0	4	4	2594	100.00	2600	2095	2.22	1260	0	0.00	0.00	69
0	4	52	2594	100.00	2600	2095	0.11	1261	0	0.00
0	5	5	2594	100.00	2600	2095	0.12	1255	0	0.00	0.00	66
0	5	53	2594	100.00	2600	2095	0.12	1256	0	0.00
0	6	6	2594	100.00	2600	2095	0.12	1259	0	0.00	0.00	67
0	6	54	2594	100.00	2600	2095	0.12	1256	0	0.00
0	7	7	2594	100.00	2600	2095	0.12	1255	0	0.00	0.00	66
0	7	55	2594	100.00	2600	2095	0.12	1256	0	0.00
0	8	8	2594	100.00	2600	2095	0.12	1257	0	0.00	0.00	66
0	8	56	2594	100.00	2600	2095	0.12	1258	0	0.00
0	9	9	2594	100.00	2600	2095	0.12	1257	0	0.00	0.00	67
0	9	57	2594	100.00	2600	2095	0.12	1261	0	0.00
0	10	10	2594	100.00	2600	2095	0.12	1305	0	0.00	0.00	66
0	10	58	2594	100.00	2600	2095	0.12	1258	0	0.00
0	11	11	2594	100.00	2600	2095	0.12	1257	0	0.00	0.00	64
0	11	59	2594	100.00	2600	2095	0.12	1256	0	0.00
0	12	12	2594	100.00	2600	2095	0.12	1257	0	0.00	0.00	65
0	12	60	2594	100.00	2600	2095	0.12	1258	0	0.00
0	13	13	2594	100.00	2600	2095	0.12	1257	0	0.00	0.00	65
0	13	61	2594	100.00	2600	2095	0.12	1256	0	0.00
0	14	14	2594	100.00	2600	2095	0.12	1260	0	0.00	0.00	65
0	14	62	2594	100.00	2600	2095	0.12	1256	0	0.00
0	15	15	2594	100.00	2600	2095	0.12	1257	0	0.00	0.00	64
0	15	63	2594	100.00	2600	2095	0.12	1256	0	0.00
0	16	16	2594	100.00	2600	2095	0.12	1255	0	0.00	0.00	64
0	16	64	2594	100.00	2600	2095	0.12	1256	0	0.00
0	17	17	2594	100.00	2600	2095	0.12	1255	0	0.00	0.00	67
0	17	65	2594	100.00	2600	2095	0.12	1259	0	0.00
0	18	18	2594	100.00	2600	2095	0.12	1257	0	0.00	0.00	66
0	18	66	2594	100.00	2600	2095	0.12	1311	0	0.00
0	19	19	2594	100.00	2600	2095	0.12	1257	0	0.00	0.00	66
0	19	67	2594	100.00	2600	2095	0.12	1256	0	0.00
0	20	20	2594	100.00	2600	2095	0.12	1255	0	0.00	0.00	65
0	20	68	2594	100.00	2600	2095	0.12	1258	0	0.00
0	21	21	2594	100.00	2600	2095	0.12	1257	0	0.00	0.00	66
0	21	69	2594	100.00	2600	2095	0.12	1259	0	0.00
0	22	22	2594	100.00	2600	2095	0.12	1260	0	0.00	0.00	63
0	22	70	2594	100.00	2600	2095	0.12	1259	0	0.00
0	23	23	2594	100.00	2600	2095	0.12	1305	0	0.00	0.00	64
0	23	71	2594	100.00	2600	2095	0.12	1256	0	0.00
1	0	24	2594	100.00	2600	2095	0.12	1255	0	0.00	0.00	68	69	0.00	0.00	128.95	6.14	0.00	0.00
1	0	72	2594	100.00	2600	2095	0.12	1254	0	0.00
1	1	25	2594	100.00	2600	2095	0.12	1265	0	0.00	0.00	67
1	1	73	2594	100.00	2600	2095	0.12	1254	0	0.00
1	2	26	2594	100.00	2600	2095	0.12	1255	0	0.00	0.00	67
1	2	74	2594	100.00	2600	2095	0.12	1254	0	0.00
1	3	27	2594	100.00	2600	2095	0.12	1255	0	0.00	0.00	67
1	3	75	2594	100.00	2600	2095	0.12	1255	0	0.00
1	4	28	2594	100.00	2600	2095	0.12	1255	0	0.00	0.00	66
1	4	76	2594	100.00	2600	2095	0.12	1254	0	0.00
1	5	29	2594	100.00	2600	2095	0.12	1254	0	0.00	0.00	69
1	5	77	2594	100.00	2600	2095	0.12	1254	0	0.00
1	6	30	2594	100.00	2600	2095	0.12	1254	0	0.00	0.00	66
1	6	78	2594	100.00	2600	2095	0.12	1289	0	0.00
1	7	31	2594	100.00	2600	2095	0.12	1254	0	0.00	0.00	68
1	7	79	2594	100.00	2600	2095	0.12	1254	0	0.00
1	8	32	2594	100.00	2600	2095	0.12	1254	0	0.00	0.00	67
1	8	80	2594	100.00	2600	2095	0.12	1254	0	0.00
1	9	33	2594	100.00	2600	2095	0.12	1254	0	0.00	0.00	69
1	9	81	2594	100.00	2600	2095	0.12	1254	0	0.00
1	10	34	2594	100.00	2600	2095	0.12	1254	0	0.00	0.00	68
1	10	82	2594	100.00	2600	2095	0.12	1254	0	0.00
1	11	35	2594	100.00	2600	2095	0.12	1254	0	0.00	0.00	65
1	11	83	2594	100.00	2600	2095	0.12	1254	0	0.00
1	12	36	2594	100.00	2600	2095	0.12	1254	0	0.00	0.00	67
1	12	84	2594	100.00	2600	2095	0.12	1254	0	0.00
1	13	37	2594	100.00	2600	2095	0.12	1254	0	0.00	0.00	66
1	13	85	2594	100.00	2600	2095	0.12	1270	0	0.00
1	14	38	2594	100.00	2600	2095	0.12	1254	0	0.00	0.00	68
1	14	86	2594	100.00	2600	2095	0.12	1254	0	0.00
1	15	39	2594	100.00	2600	2095	0.13	1254	0	0.00	0.00	67
1	15	87	2594	100.00	2600	2095	0.12	1254	0	0.00
1	16	40	2594	100.00	2600	2095	0.12	1284	0	0.00	0.00	66
1	16	88	2594	100.00	2600	2095	0.12	1254	0	0.00
1	17	41	2594	100.00	2600	2095	0.12	1254	0	0.00	0.00	67
1	17	89	2594	100.00	2600	2095	0.12	1254	0	0.00
1	18	42	2594	100.00	2600	2095	0.12	1254	0	0.00	0.00	66
1	18	90	2594	100.00	2600	2095	0.12	1254	0	0.00
1	19	43	2594	100.00	2600	2095	0.12	1254	0	0.00	0.00	66
1	19	91	2594	100.00	2600	2095	0.12	1254	0	0.00
1	20	44	2594	100.00	2600	2095	0.12	1254	0	0.00	0.00	65
1	20	92	2594	100.00	2600	2095	0.12	1254	0	0.00
1	21	45	2594	100.00	2600	2095	0.12	1254	0	0.00	0.00	66
1	21	93	2594	100.00	2600	2095	0.12	1254	0	0.00
1	22	46	2594	100.00	2600	2095	0.12	1254	0	0.00	0.00	64
1	22	94	2594	100.00	2600	2095	0.12	1254	0	0.00
1	23	47	2594	100.00	2600	2095	0.12	1254	0	0.00	0.00	69
1	23	95	2594	100.00	2600	2095	0.13	1255	0	0.00
Package	Core	CPU	Avg_MHz	Busy%	Bzy_MHz	TSC_MHz	IPC	IRQ	SMI	CPU%c1	CPU%c6	CoreTmp	PkgTmp	Pkg%pc2	Pkg%pc6	PkgWatt	RAMWatt	PKG_%	RAM_%
-	-	-	2594	100.00	2600	2095	0.14	120901	0	0.00	0.00	69	69	0.00	0.00	261.92	12.28	0.00	0.00
0	0	0	2594	100.00	2600	2095	0.12	1266	0	0.00	0.00	65	69	0.00	0.00	133.00	6.17	0.00	0.00
0	0	48	2594	100.00	2600	2095	0.12	1260	0	0.00
0	1	1	2594	100.00	2600	2095	0.12	1262	0	0.00	0.00	66
0	1	49	2594	100.00	2600	2095	0.12	1279	0	0.00
0	2	2	2594	100.00	2600	2095	0.12	1270	0	0.00	0.00	67
0	2	50	2594	100.00	2600	2095	0.12	1263	0	0.00
0	3	3	2594	100.00	2600	2095	0.12	1256	0	0.00	0.00	66
0	3	51	2594	100.00	2600	2095	0.12	1257	0	0.00
0	4	4	2594	100.00	2600	2095	2.22	1261	0	0.00	0.00	69
0	4	52	2594	100.00	2600	2095	0.11	1262	0	0.00
0	5	5	2594	100.00	2600	2095	0.12	1262	0	0.00	0.00	66
0	5	53	2594	100.00	2600	2095	0.12	1257	0	0.00
0	6	6	2594	100.00	2600	2095	0.12	1262	0	0.00	0.00	67
0	6	54	2594	100.00	2600	2095	0.12	1257	0	0.00
0	7	7	2594	100.00	2600	2095	0.12	1256	0	0.00	0.00	66
0	7	55	2594	100.00	2600	2095	0.12	1257	0	0.00
0	8	8	2594	100.00	2600	2095	0.12	1259	0	0.00	0.00	66
0	8	56	2594	100.00	2600	2095	0.12	1260	0	0.00
0	9	9	2594	100.00	2600	2095	0.12	1259	0	0.00	0.00	67
0	9	57	2594	100.00	2600	2095	0.12	1257	0	0.00
0	10	10	2594	100.00	2600	2095	0.12	1285	0	0.00	0.00	66
0	10	58	2594	100.00	2600	2095	0.12	1260	0	0.00
0	11	11	2594	100.00	2600	2095	0.12	1259	0	0.00	0.00	63
0	11	59	2594	100.00	2600	2095	0.12	1257	0	0.00
0	12	12	2594	100.00	2600	2095	0.12	1259	0	0.00	0.00	65
0	12	60	2594	100.00	2600	2095	0.12	1260	0	0.00
0	13	13	2594	100.00	2600	2095	0.12	1256	0	0.00	0.00	65
0	13	61	2594	100.00	2600	2095	0.12	1257	0	0.00
0	14	14	2594	100.00	2600	2095	0.12	1261	0	0.00	0.00	66
0	14	62	2594	100.00	2600	2095	0.12	1257	0	0.00
0	15	15	2594	100.00	2600	2095	0.12	1256	0	0.00	0.00	64
0	15	63	2594	100.00	2600	2095	0.12	1257	0	0.00
0	16	16	2594	100.00	2600	2095	0.12	1256	0	0.00	0.00	64
0	16	64	2594	100.00	2600	2095	0.12	1257	0	0.00
0	17	17	2594	100.00	2600	2095	0.12	1256	0	0.00	0.00	67
0	17	65	2594	100.00	2600	2095	0.12	1259	0	0.00
0	18	18	2594	100.00	2600	2095	0.12	1259	0	0.00	0.00	65
0	18	66	2594	100.00	2600	2095	0.12	1257	0	0.00
0	19	19	2594	100.00	2600	2095	0.12	1259	0	0.00	0.00	66
0	19	67	2594	100.00	2600	2095	0.12	1257	0	0.00
0	20	20	2594	100.00	2600	2095	0.12	1256	0	0.00	0.00	65
0	20	68	2594	100.00	2600	2095	0.12	1260	0	0.00
0	21	21	2594	100.00	2600	2095	0.12	1259	0	0.00	0.00	65
0	21	69	2594	100.00	2600	2095	0.12	1259	0	0.00
0	22	22	2594	100.00	2600	2095	0.12	1261	0	0.00	0.00	63
0	22	70	2594	100.00	2600	2095	0.12	1259	0	0.00
0	23	23	2594	100.00	2600	2095	0.12	1308	0	0.00	0.00	64
0	23	71	2594	100.00	2600	2095	0.12	1257	0	0.00
1	0	24	2594	100.00	2600	2095	0.12	1256	0	0.00	0.00	68	69	0.00	0.00	128.93	6.10	0.00	0.00
1	0	72	2594	100.00	2600	2095	0.12	1257	0	0.00
1	1	25	2594	100.00	2600	2095	0.12	1266	0	0.00	0.00	68
1	1	73	2594	100.00	2600	2095	0.12	1257	0	0.00
1	2	26	2594	100.00	2600	2095	0.12	1260	0	0.00	0.00	67
1	2	74	2594	100.00	2600	2095	0.12	1257	0	0.00
1	3	27	2594	100.00	2600	2095	0.12	1256	0	0.00	0.00	66
1	3	75	2594	100.00	2600	2095	0.12	1257	0	0.00
1	4	28	2594	100.00	2600	2095	0.12	1256	0	0.00	0.00	66
1	4	76	2594	100.00	2600	2095	0.12	1257	0	0.00
1	5	29	2594	100.00	2600	2095	0.12	1257	0	0.00	0.00	68
1	5	77	2594	100.00	2600	2095	0.12	1257	0	0.00
1	6	30	2594	100.00	2600	2095	0.12	1257	0	0.00	0.00	66
1	6	78	2594	100.00	2600	2095	0.12	1257	0	0.00
1	7	31	2594	100.00	2600	2095	0.12	1257	0	0.00	0.00	68
1	7	79	2594	100.00	2600	2095	0.12	1257	0	0.00
1	8	32	2594	100.00	2600	2095	0.12	1257	0	0.00	0.00	67
1	8	80	2594	100.00	2600	2095	0.12	1257	0	0.00
1	9	33	2594	100.00	2600	2095	0.12	1257	0	0.00	0.00	69
1	9	81	2594	100.00	2600	2095	0.12	1257	0	0.00
1	10	34	2594	100.00	2600	2095	0.12	1257	0	0.00	0.00	68
1	10	82	2594	100.00	2600	2095	0.12	1257	0	0.00
1	11	35	2594	100.00	2600	2095	0.12	1257	0	0.00	0.00	65
1	11	83	2594	100.00	2600	2095	0.12	1257	0	0.00
1	12	36	2594	100.00	2600	2095	0.12	1257	0	0.00	0.00	67
1	12	84	2594	100.00	2600	2095	0.12	1257	0	0.00
1	13	37	2594	100.00	2600	2095	0.12	1257	0	0.00	0.00	66
1	13	85	2594	100.00	2600	2095	0.12	1264	0	0.00
1	14	38	2594	100.00	2600	2095	0.12	1257	0	0.00	0.00	67
1	14	86	2594	100.00	2600	2095	0.12	1257	0	0.00
1	15	39	2594	100.00	2600	2095	0.12	1257	0	0.00	0.00	67
1	15	87	2594	100.00	2600	2095	0.12	1257	0	0.00
1	16	40	2594	100.00	2600	2095	0.12	1280	0	0.00	0.00	67
1	16	88	2594	100.00	2600	2095	0.12	1257	0	0.00
1	17	41	2594	100.00	2600	2095	0.12	1257	0	0.00	0.00	67
1	17	89	2594	100.00	2600	2095	0.12	1257	0	0.00
1	18	42	2594	100.00	2600	2095	0.12	1257	0	0.00	0.00	67
1	18	90	2594	100.00	2600	2095	0.12	1257	0	0.00
1	19	43	2594	100.00	2600	2095	0.12	1257	0	0.00	0.00	66
1	19	91	2594	100.00	2600	2095	0.12	1257	0	0.00
1	20	44	2594	100.00	2600	2095	0.12	1257	0	0.00	0.00	65
1	20	92	2594	100.00	2600	2095	0.12	1257	0	0.00
1	21	45	2594	100.00	2600	2095	0.12	1257	0	0.00	0.00	65
1	21	93	2594	100.00	2600	2095	0.12	1257	0	0.00
1	22	46	2594	100.00	2600	2095	0.12	1257	0	0.00	0.00	64
1	22	94	2594	100.00	2600	2095	0.12	1257	0	0.00
1	23	47	2594	100.00	2600	2095	0.12	1257	0	0.00	0.00	68
1	23	95	2594	100.00	2600	2095	0.13	1258	0	0.00
Package	Core	CPU	Avg_MHz	Busy%	Bzy_MHz	TSC_MHz	IPC	IRQ	SMI	CPU%c1	CPU%c6	CoreTmp	PkgTmp	Pkg%pc2	Pkg%pc6	PkgWatt	RAMWatt	PKG_%	RAM_%
-	-	-	2594	100.00	2600	2095	0.14	120785	0	0.00	0.00	69	69	0.00	0.00	261.92	12.27	0.00	0.00
0	0	0	2594	100.00	2600	2095	0.12	1264	0	0.00	0.00	65	69	0.00	0.00	132.98	6.18	0.00	0.00
0	0	48	2594	100.00	2600	2095	0.12	1256	0	0.00
0	1	1	2594	100.00	2600	2095	0.12	1258	0	0.00	0.00	65
0	1	49	2594	100.00	2600	2095	0.12	1258	0	0.00
0	2	2	2594	100.00	2600	2095	0.12	1267	0	0.00	0.00	67
0	2	50	2594	100.00	2600	2095	0.12	1258	0	0.00
0	3	3	2594	100.00	2600	2095	0.12	1254	0	0.00	0.00	66
0	3	51	2594	100.00	2600	2095	0.12	1254	0	0.00
0	4	4	2594	100.00	2600	2095	2.22	1259	0	0.00	0.00	69
0	4	52	2594	100.00	2600	2095	0.11	1261	0	0.00
0	5	5	2594	100.00	2600	2095	0.12	1300	0	0.00	0.00	66
0	5	53	2594	100.00	2600	2095	0.12	1254	0	0.00
0	6	6	2594	100.00	2600	2095	0.12	1258	0	0.00	0.00	67
0	6	54	2594	100.00	2600	2095	0.12	1254	0	0.00
0	7	7	2594	100.00	2600	2095	0.12	1254	0	0.00	0.00	65
0	7	55	2594	100.00	2600	2095	0.12	1254	0	0.00
0	8	8	2594	100.00	2600	2095	0.12	1256	0	0.00	0.00	66
0	8	56	2594	100.00	2600	2095	0.12	1256	0	0.00
0	9	9	2594	100.00	2600	2095	0.12	1256	0	0.00	0.00	67
0	9	57	2594	100.00	2600	2095	0.12	1254	0	0.00
0	10	10	2594	100.00	2600	2095	0.12	1257	0	0.00	0.00	66
0	10	58	2594	100.00	2600	2095	0.12	1256	0	0.00
0	11	11	2594	100.00	2600	2095	0.12	1256	0	0.00	0.00	65
0	11	59	2594	100.00	2600	2095	0.12	1254	0	0.00
0	12	12	2594	100.00	2600	2095	0.12	1256	0	0.00	0.00	65
0	12	60	2594	100.00	2600	2095	0.12	1256	0	0.00
0	13	13	2594	100.00	2600	2095	0.12	1254	0	0.00	0.00	65
0	13	61	2594	100.00	2600	2095	0.12	1254	0	0.00
0	14	14	2594	100.00	2600	2095	0.12	1259	0	0.00	0.00	66
0	14	62	2594	100.00	2600	2095	0.12	1254	0	0.00
0	15	15	2594	100.00	2600	2095	0.12	1254	0	0.00	0.00	64
0	15	63	2594	100.00	2600	2095	0.12	1254	0	0.00
0	16	16	2594	100.00	2600	2095	0.12	1254	0	0.00	0.00	64
0	16	64	2594	100.00	2600	2095	0.12	1254	0	0.00
0	17	17	2594	100.00	2600	2095	0.12	1254	0	0.00	0.00	67
0	17	65	2594	100.00	2600	2095	0.12	1257	0	0.00
0	18	18	2594	100.00	2600	2095	0.12	1256	0	0.00	0.00	66
0	18	66	2594	100.00	2600	2095	0.12	1254	0	0.00
0	19	19	2594	100.00	2600	2095	0.12	1256	0	0.00	0.00	66
0	19	67	2594	100.00	2600	2095	0.12	1254	0	0.00
0	20	20	2594	100.00	2600	2095	0.12	1254	0	0.00	0.00	65
0	20	68	2594	100.00	2600	2095	0.12	1256	0	0.00
0	21	21	2594	100.00	2600	2095	0.12	1256	0	0.00	0.00	65
0	21	69	2594	100.00	2600	2095	0.12	1257	0	0.00
0	22	22	2594	100.00	2600	2095	0.12	1259	0	0.00	0.00	63
0	22	70	2594	100.00	2600	2095	0.12	1257	0	0.00
0	23	23	2594	100.00	2600	2095	0.12	1304	0	0.00	0.00	64
0	23	71	2594	100.00	2600	2095	0.12	1254	0	0.00
1	0	24	2594	100.00	2600	2095	0.12	1256	0	0.00	0.00	67	69	0.00	0.00	128.94	6.09	0.00	0.00
1	0	72	2594	100.00	2600	2095	0.12	1256	0	0.00
1	1	25	2594	100.00	2600	2095	0.12	1267	0	0.00	0.00	68
1	1	73	2594	100.00	2600	2095	0.12	1256	0	0.00
1	2	26	2594	100.00	2600	2095	0.12	1256	0	0.00	0.00	67
1	2	74	2594	100.00	2600	2095	0.12	1256	0	0.00
1	3	27	2594	100.00	2600	2095	0.12	1256	0	0.00	0.00	67
1	3	75	2594	100.00	2600	2095	0.12	1256	0	0.00
1	4	28	2594	100.00	2600	2095	0.12	1256	0	0.00	0.00	67
1	4	76	2594	100.00	2600	2095	0.12	1256	0	0.00
1	5	29	2594	100.00	2600	2095	0.12	1256	0	0.00	0.00	68
1	5	77	2594	100.00	2600	2095	0.12	1256	0	0.00
1	6	30	2594	100.00	2600	2095	0.12	1256	0	0.00	0.00	66
1	6	78	2594	100.00	2600	2095	0.12	1257	0	0.00
1	7	31	2594	100.00	2600	2095	0.12	1256	0	0.00	0.00	67
1	7	79	2594	100.00	2600	2095	0.12	1256	0	0.00
1	8	32	2594	100.00	2600	2095	0.12	1256	0	0.00	0.00	67
1	8	80	2594	100.00	2600	2095	0.12	1256	0	0.00
1	9	33	2594	100.00	2600	2095	0.12	1256	0	0.00	0.00	69
1	9	81	2594	100.00	2600	2095	0.12	1256	0	0.00
1	10	34	2594	100.00	2600	2095	0.12	1256	0	0.00	0.00	68
1	10	82	2594	100.00	2600	2095	0.12	1256	0	0.00
1	11	35	2594	100.00	2600	2095	0.12	1256	0	0.00	0.00	65
1	11	83	2594	100.00	2600	2095	0.12	1257	0	0.00
1	12	36	2594	100.00	2600	2095	0.12	1256	0	0.00	0.00	66
1	12	84	2594	100.00	2600	2095	0.12	1256	0	0.00
1	13	37	2594	100.00	2600	2095	0.12	1256	0	0.00	0.00	66
1	13	85	2594	100.00	2600	2095	0.12	1271	0	0.00
1	14	38	2594	100.00	2600	2095	0.12	1256	0	0.00	0.00	67
1	14	86	2594	100.00	2600	2095	0.12	1256	0	0.00
1	15	39	2594	100.00	2600	2095	0.13	1256	0	0.00	0.00	68
1	15	87	2594	100.00	2600	2095	0.12	1256	0	0.00
1	16	40	2594	100.00	2600	2095	0.12	1339	0	0.00	0.00	67
1	16	88	2594	100.00	2600	2095	0.12	1256	0	0.00
1	17	41	2594	100.00	2600	2095	0.12	1256	0	0.00	0.00	67
1	17	89	2594	100.00	2600	2095	0.12	1256	0	0.00
1	18	42	2594	100.00	2600	2095	0.12	1256	0	0.00	0.00	67
1	18	90	2594	100.00	2600	2095	0.12	1256	0	0.00
1	19	43	2594	100.00	2600	2095	0.12	1256	0	0.00	0.00	67
1	19	91	2594	100.00	2600	2095	0.12	1256	0	0.00
1	20	44	2594	100.00	2600	2095	0.12	1256	0	0.00	0.00	66
1	20	92	2594	100.00	2600	2095	0.12	1256	0	0.00
1	21	45	2594	100.00	2600	2095	0.12	1256	0	0.00	0.00	65
1	21	93	2594	100.00	2600	2095	0.12	1256	0	0.00
1	22	46	2594	100.00	2600	2095	0.12	1256	0	0.00	0.00	64
1	22	94	2594	100.00	2600	2095	0.12	1256	0	0.00
1	23	47	2594	100.00	2600	2095	0.12	1256	0	0.00	0.00	68
1	23	95	2594	100.00	2600	2095	0.13	1257	0	0.00
Package	Core	CPU	Avg_MHz	Busy%	Bzy_MHz	TSC_MHz	IPC	IRQ	SMI	CPU%c1	CPU%c6	CoreTmp	PkgTmp	Pkg%pc2	Pkg%pc6	PkgWatt	RAMWatt	PKG_%	RAM_%
-	-	-	2594	100.00	2600	2095	0.13	121488	0	0.00	0.00	68	68	0.00	0.00	261.47	12.05	0.00	0.00
0	0	0	2594	100.00	2600	2095	0.13	1312	0	0.00	0.00	64	67	0.00	0.00	132.59	5.95	0.00	0.00
0	0	48	2594	100.00	2600	2095	0.12	1259	0	0.00
0	1	1	2594	100.00	2600	2095	0.12	1262	0	0.00	0.00	65
0	1	49	2594	100.00	2600	2095	0.12	1267	0	0.00
0	2	2	2594	100.00	2600	2095	0.14	1330	0	0.00	0.00	67
0	2	50	2594	100.00	2600	2095	0.12	1262	0	0.00
0	3	3	2594	100.00	2600	2095	0.12	1260	0	0.00	0.00	65
0	3	51	2594	100.00	2600	2095	0.12	1276	0	0.00
0	4	4	2594	100.00	2600	2095	1.00	1766	0	0.00	0.00	67
0	4	52	2594	100.00	2600	2095	0.12	1262	0	0.00
0	5	5	2594	100.00	2600	2095	0.12	1285	0	0.00	0.00	66
0	5	53	2594	100.00	2600	2095	0.12	1256	0	0.00
0	6	6	2594	100.00	2600	2095	0.12	1262	0	0.00	0.00	67
0	6	54	2594	100.00	2600	2095	0.12	1256	0	0.00
0	7	7	2594	100.00	2600	2095	0.12	1256	0	0.00	0.00	66
0	7	55	2594	100.00	2600	2095	0.12	1256	0	0.00
0	8	8	2594	100.00	2600	2095	0.12	1259	0	0.00	0.00	65
0	8	56	2594	100.00	2600	2095	0.12	1259	0	0.00
0	9	9	2594	100.00	2600	2095	0.12	1259	0	0.00	0.00	67
0	9	57	2594	100.00	2600	2095	0.12	1256	0	0.00
0	10	10	2594	100.00	2600	2095	0.12	1275	0	0.00	0.00	66
0	10	58	2594	100.00	2600	2095	0.12	1267	0	0.00
0	11	11	2594	100.00	2600	2095	0.12	1259	0	0.00	0.00	65
0	11	59	2594	100.00	2600	2095	0.12	1256	0	0.00
0	12	12	2594	100.00	2600	2095	0.12	1259	0	0.00	0.00	65
0	12	60	2594	100.00	2600	2095	0.12	1259	0	0.00
0	13	13	2594	100.00	2600	2095	0.12	1259	0	0.00	0.00	65
0	13	61	2594	100.00	2600	2095	0.12	1256	0	0.00
0	14	14	2594	100.00	2600	2095	0.12	1262	0	0.00	0.00	65
0	14	62	2594	100.00	2600	2095	0.12	1283	0	0.00
0	15	15	2594	100.00	2600	2095	0.12	1256	0	0.00	0.00	65
0	15	63	2594	100.00	2600	2095	0.12	1256	0	0.00
0	16	16	2594	100.00	2600	2095	0.12	1260	0	0.00	0.00	64
0	16	64	2594	100.00	2600	2095	0.12	1256	0	0.00
0	17	17	2594	100.00	2600	2095	0.12	1256	0	0.00	0.00	67
0	17	65	2594	100.00	2600	2095	0.12	1261	0	0.00
0	18	18	2594	100.00	2600	2095	0.12	1259	0	0.00	0.00	66
0	18	66	2594	100.00	2600	2095	0.12	1256	0	0.00
0	19	19	2594	100.00	2600	2095	0.12	1259	0	0.00	0.00	66
0	19	67	2594	100.00	2600	2095	0.12	1256	0	0.00
0	20	20	2594	100.00	2600	2095	0.12	1272	0	0.00	0.00	65
0	20	68	2594	100.00	2600	2095	0.12	1259	0	0.00
0	21	21	2594	100.00	2600	2095	0.12	1267	0	0.00	0.00	65
0	21	69	2594	100.00	2600	2095	0.12	1264	0	0.00
0	22	22	2594	100.00	2600	2095	0.12	1261	0	0.00	0.00	63
0	22	70	2594	100.00	2600	2095	0.12	1259	0	0.00
0	23	23	2594	100.00	2600	2095	0.12	1308	0	0.00	0.00	64
0	23	71	2594	100.00	2600	2095	0.12	1256	0	0.00
1	0	24	2594	100.00	2600	2095	0.12	1254	0	0.00	0.00	66	68	0.00	0.00	128.89	6.10	0.00	0.00
1	0	72	2594	100.00	2600	2095	0.12	1254	0	0.00
1	1	25	2594	100.00	2600	2095	0.12	1264	0	0.00	0.00	67
1	1	73	2594	100.00	2600	2095	0.12	1254	0	0.00
1	2	26	2594	100.00	2600	2095	0.12	1254	0	0.00	0.00	67
1	2	74	2594	100.00	2600	2095	0.12	1254	0	0.00
1	3	27	2594	100.00	2600	2095	0.12	1254	0	0.00	0.00	67
1	3	75	2594	100.00	2600	2095	0.12	1254	0	0.00
1	4	28	2594	100.00	2600	2095	0.12	1263	0	0.00	0.00	67
1	4	76	2594	100.00	2600	2095	0.12	1254	0	0.00
1	5	29	2594	100.00	2600	2095	0.12	1254	0	0.00	0.00	68
1	5	77	2594	100.00	2600	2095	0.12	1254	0	0.00
1	6	30	2594	100.00	2600	2095	0.12	1254	0	0.00	0.00	66
1	6	78	2594	100.00	2600	2095	0.12	1254	0	0.00
1	7	31	2594	100.00	2600	2095	0.12	1254	0	0.00	0.00	68
1	7	79	2594	100.00	2600	2095	0.12	1254	0	0.00
1	8	32	2594	100.00	2600	2095	0.12	1254	0	0.00	0.00	67
1	8	80	2594	100.00	2600	2095	0.12	1254	0	0.00
1	9	33	2594	100.00	2600	2095	0.12	1254	0	0.00	0.00	68
1	9	81	2594	100.00	2600	2095	0.12	1254	0	0.00
1	10	34	2594	100.00	2600	2095	0.12	1254	0	0.00	0.00	68
1	10	82	2594	100.00	2600	2095	0.12	1254	0	0.00
1	11	35	2594	100.00	2600	2095	0.12	1254	0	0.00	0.00	65
1	11	83	2594	100.00	2600	2095	0.12	1254	0	0.00
1	12	36	2594	100.00	2600	2095	0.12	1254	0	0.00	0.00	67
1	12	84	2594	100.00	2600	2095	0.12	1254	0	0.00
1	13	37	2594	100.00	2600	2095	0.12	1254	0	0.00	0.00	65
1	13	85	2594	100.00	2600	2095	0.12	1254	0	0.00
1	14	38	2594	100.00	2600	2095	0.12	1254	0	0.00	0.00	67
1	14	86	2594	100.00	2600	2095	0.12	1254	0	0.00
1	15	39	2594	100.00	2600	2095	0.12	1254	0	0.00	0.00	67
1	15	87	2594	100.00	2600	2095	0.12	1254	0	0.00
1	16	40	2594	100.00	2600	2095	0.12	1314	0	0.00	0.00	66
1	16	88	2594	100.00	2600	2095	0.12	1254	0	0.00
1	17	41	2594	100.00	2600	2095	0.12	1254	0	0.00	0.00	67
1	17	89	2594	100.00	2600	2095	0.12	1254	0	0.00
1	18	42	2594	100.00	2600	2095	0.12	1254	0	0.00	0.00	66
1	18	90	2594	100.00	2600	2095	0.12	1254	0	0.00
1	19	43	2594	100.00	2600	2095	0.12	1254	0	0.00	0.00	67
1	19	91	2594	100.00	2600	2095	0.12	1254	0	0.00
1	20	44	2594	100.00	2600	2095	0.12	1254	0	0.00	0.00	66
1	20	92	2594	100.00	2600	2095	0.12	1254	0	0.00
1	21	45	2594	100.00	2600	2095	0.12	1254	0	0.00	0.00	65
1	21	93	2594	100.00	2600	2095	0.12	1254	0	0.00
1	22	46	2594	100.00	2600	2095	0.12	1254	0	0.00	0.00	64
1	22	94	2594	100.00	2600	2095	0.12	1254	0	0.00
1	23	47	2594	100.00	2600	2095	0.12	1254	0	0.00	0.00	68
1	23	95	2594	100.00	2600	2095	0.13	1255	0	0.00
Package	Core	CPU	Avg_MHz	Busy%	Bzy_MHz	TSC_MHz	IPC	IRQ	SMI	CPU%c1	CPU%c6	CoreTmp	PkgTmp	Pkg%pc2	Pkg%pc6	PkgWatt	RAMWatt	PKG_%	RAM_%
-	-	-	2594	100.00	2600	2095	0.13	121480	0	0.00	0.00	69	69	0.00	0.00	261.50	12.00	0.00	0.00
0	0	0	2594	100.00	2600	2095	0.13	1287	0	0.00	0.00	65	68	0.00	0.00	132.53	5.92	0.00	0.00
0	0	48	2594	100.00	2600	2095	0.12	1258	0	0.00
0	1	1	2594	100.00	2600	2095	0.12	1261	0	0.00	0.00	66
0	1	49	2594	100.00	2600	2095	0.12	1308	0	0.00
0	2	2	2594	100.00	2600	2095	0.14	1316	0	0.00	0.00	67
0	2	50	2594	100.00	2600	2095	0.12	1260	0	0.00
0	3	3	2594	100.00	2600	2095	0.12	1257	0	0.00	0.00	66
0	3	51	2594	100.00	2600	2095	0.12	1256	0	0.00
0	4	4	2594	100.00	2600	2095	0.90	1799	0	0.00	0.00	67
0	4	52	2594	100.00	2600	2095	0.12	1264	0	0.00
0	5	5	2594	100.00	2600	2095	0.12	1257	0	0.00	0.00	66
0	5	53	2594	100.00	2600	2095	0.12	1257	0	0.00
0	6	6	2594	100.00	2600	2095	0.12	1261	0	0.00	0.00	67
0	6	54	2594	100.00	2600	2095	0.12	1257	0	0.00
0	7	7	2594	100.00	2600	2095	0.12	1257	0	0.00	0.00	66
0	7	55	2594	100.00	2600	2095	0.12	1256	0	0.00
0	8	8	2594	100.00	2600	2095	0.12	1259	0	0.00	0.00	66
0	8	56	2594	100.00	2600	2095	0.12	1258	0	0.00
0	9	9	2594	100.00	2600	2095	0.12	1259	0	0.00	0.00	67
0	9	57	2594	100.00	2600	2095	0.12	1256	0	0.00
0	10	10	2594	100.00	2600	2095	0.12	1260	0	0.00	0.00	66
0	10	58	2594	100.00	2600	2095	0.12	1258	0	0.00
0	11	11	2594	100.00	2600	2095	0.12	1259	0	0.00	0.00	65
0	11	59	2594	100.00	2600	2095	0.12	1256	0	0.00
0	12	12	2594	100.00	2600	2095	0.12	1259	0	0.00	0.00	65
0	12	60	2594	100.00	2600	2095	0.12	1259	0	0.00
0	13	13	2594	100.00	2600	2095	0.12	1257	0	0.00	0.00	64
0	13	61	2594	100.00	2600	2095	0.12	1256	0	0.00
0	14	14	2594	100.00	2600	2095	0.12	1262	0	0.00	0.00	66
0	14	62	2594	100.00	2600	2095	0.12	1256	0	0.00
0	15	15	2594	100.00	2600	2095	0.12	1257	0	0.00	0.00	64
0	15	63	2594	100.00	2600	2095	0.12	1256	0	0.00
0	16	16	2594	100.00	2600	2095	0.12	1257	0	0.00	0.00	64
0	16	64	2594	100.00	2600	2095	0.12	1256	0	0.00
0	17	17	2594	100.00	2600	2095	0.12	1257	0	0.00	0.00	68
0	17	65	2594	100.00	2600	2095	0.12	1259	0	0.00
0	18	18	2594	100.00	2600	2095	0.12	1259	0	0.00	0.00	66
0	18	66	2594	100.00	2600	2095	0.12	1259	0	0.00
0	19	19	2594	100.00	2600	2095	0.12	1259	0	0.00	0.00	66
0	19	67	2594	100.00	2600	2095	0.12	1256	0	0.00
0	20	20	2594	100.00	2600	2095	0.12	1257	0	0.00	0.00	65
0	20	68	2594	100.00	2600	2095	0.12	1258	0	0.00
0	21	21	2594	100.00	2600	2095	0.12	1259	0	0.00	0.00	65
0	21	69	2594	100.00	2600	2095	0.12	1259	0	0.00
0	22	22	2594	100.00	2600	2095	0.12	1262	0	0.00	0.00	63
0	22	70	2594	100.00	2600	2095	0.12	1259	0	0.00
0	23	23	2594	100.00	2600	2095	0.12	1307	0	0.00	0.00	64
0	23	71	2594	100.00	2600	2095	0.12	1256	0	0.00
1	0	24	2594	100.00	2600	2095	0.12	1257	0	0.00	0.00	67	69	0.00	0.00	128.96	6.08	0.00	0.00
1	0	72	2594	100.00	2600	2095	0.12	1256	0	0.00
1	1	25	2594	100.00	2600	2095	0.12	1267	0	0.00	0.00	68
1	1	73	2594	100.00	2600	2095	0.12	1256	0	0.00
1	2	26	2594	100.00	2600	2095	0.12	1257	0	0.00	0.00	67
1	2	74	2594	100.00	2600	2095	0.12	1256	0	0.00
1	3	27	2594	100.00	2600	2095	0.12	1257	0	0.00	0.00	67
1	3	75	2594	100.00	2600	2095	0.12	1256	0	0.00
1	4	28	2594	100.00	2600	2095	0.12	1270	0	0.00	0.00	67
1	4	76	2594	100.00	2600	2095	0.12	1256	0	0.00
1	5	29	2594	100.00	2600	2095	0.12	1257	0	0.00	0.00	68
1	5	77	2594	100.00	2600	2095	0.12	1256	0	0.00
1	6	30	2594	100.00	2600	2095	0.12	1259	0	0.00	0.00	66
1	6	78	2594	100.00	2600	2095	0.12	1258	0	0.00
1	7	31	2594	100.00	2600	2095	0.12	1257	0	0.00	0.00	68
1	7	79	2594	100.00	2600	2095	0.12	1256	0	0.00
1	8	32	2594	100.00	2600	2095	0.12	1257	0	0.00	0.00	68
1	8	80	2594	100.00	2600	2095	0.12	1256	0	0.00
1	9	33	2594	100.00	2600	2095	0.12	1257	0	0.00	0.00	69
1	9	81	2594	100.00	2600	2095	0.12	1256	0	0.00
1	10	34	2594	100.00	2600	2095	0.12	1257	0	0.00	0.00	68
1	10	82	2594	100.00	2600	2095	0.12	1256	0	0.00
1	11	35	2594	100.00	2600	2095	0.12	1256	0	0.00	0.00	65
1	11	83	2594	100.00	2600	2095	0.12	1256	0	0.00
1	12	36	2594	100.00	2600	2095	0.12	1256	0	0.00	0.00	67
1	12	84	2594	100.00	2600	2095	0.12	1256	0	0.00
1	13	37	2594	100.00	2600	2095	0.12	1256	0	0.00	0.00	65
1	13	85	2594	100.00	2600	2095	0.12	1256	0	0.00
1	14	38	2594	100.00	2600	2095	0.12	1256	0	0.00	0.00	67
1	14	86	2594	100.00	2600	2095	0.12	1256	0	0.00
1	15	39	2594	100.00	2600	2095	0.13	1256	0	0.00	0.00	67
1	15	87	2594	100.00	2600	2095	0.12	1256	0	0.00
1	16	40	2594	100.00	2600	2095	0.12	1290	0	0.00	0.00	66
1	16	88	2594	100.00	2600	2095	0.12	1256	0	0.00
1	17	41	2594	100.00	2600	2095	0.12	1256	0	0.00	0.00	67
1	17	89	2594	100.00	2600	2095	0.12	1256	0	0.00
1	18	42	2594	100.00	2600	2095	0.12	1256	0	0.00	0.00	67
1	18	90	2594	100.00	2600	2095	0.12	1256	0	0.00
1	19	43	2594	100.00	2600	2095	0.12	1256	0	0.00	0.00	66
1	19	91	2594	100.00	2600	2095	0.12	1258	0	0.00
1	20	44	2594	100.00	2600	2095	0.12	1256	0	0.00	0.00	66
1	20	92	2594	100.00	2600	2095	0.12	1256	0	0.00
1	21	45	2594	100.00	2600	2095	0.12	1256	0	0.00	0.00	65
1	21	93	2594	100.00	2600	2095	0.12	1256	0	0.00
1	22	46	2594	100.00	2600	2095	0.12	1256	0	0.00	0.00	64
1	22	94	2594	100.00	2600	2095	0.12	1256	0	0.00
1	23	47	2594	100.00	2600	2095	0.12	1256	0	0.00	0.00	68
1	23	95	2594	100.00	2600	2095	0.13	1257	0	0.00
Package	Core	CPU	Avg_MHz	Busy%	Bzy_MHz	TSC_MHz	IPC	IRQ	SMI	CPU%c1	CPU%c6	CoreTmp	PkgTmp	Pkg%pc2	Pkg%pc6	PkgWatt	RAMWatt	PKG_%	RAM_%
-	-	-	2594	100.00	2600	2095	0.13	121386	0	0.00	0.00	69	69	0.00	0.00	261.40	12.01	0.00	0.00
0	0	0	2594	100.00	2600	2095	0.13	1281	0	0.00	0.00	65	68	0.00	0.00	132.49	5.90	0.00	0.00
0	0	48	2594	100.00	2600	2095	0.12	1258	0	0.00
0	1	1	2594	100.00	2600	2095	0.12	1260	0	0.00	0.00	66
0	1	49	2594	100.00	2600	2095	0.12	1288	0	0.00
0	2	2	2594	100.00	2600	2095	0.14	1307	0	0.00	0.00	67
0	2	50	2594	100.00	2600	2095	0.12	1261	0	0.00
0	3	3	2594	100.00	2600	2095	0.12	1254	0	0.00	0.00	66
0	3	51	2594	100.00	2600	2095	0.12	1255	0	0.00
0	4	4	2594	100.00	2600	2095	0.90	1793	0	0.00	0.00	68
0	4	52	2594	100.00	2600	2095	0.12	1260	0	0.00
0	5	5	2594	100.00	2600	2095	0.12	1259	0	0.00	0.00	66
0	5	53	2594	100.00	2600	2095	0.12	1255	0	0.00
0	6	6	2594	100.00	2600	2095	0.12	1260	0	0.00	0.00	66
0	6	54	2594	100.00	2600	2095	0.12	1255	0	0.00
0	7	7	2594	100.00	2600	2095	0.12	1254	0	0.00	0.00	66
0	7	55	2594	100.00	2600	2095	0.12	1255	0	0.00
0	8	8	2594	100.00	2600	2095	0.12	1257	0	0.00	0.00	66
0	8	56	2594	100.00	2600	2095	0.12	1258	0	0.00
0	9	9	2594	100.00	2600	2095	0.12	1257	0	0.00	0.00	67
0	9	57	2594	100.00	2600	2095	0.12	1255	0	0.00
0	10	10	2594	100.00	2600	2095	0.12	1274	0	0.00	0.00	66
0	10	58	2594	100.00	2600	2095	0.12	1258	0	0.00
0	11	11	2594	100.00	2600	2095	0.12	1258	0	0.00	0.00	65
0	11	59	2594	100.00	2600	2095	0.12	1255	0	0.00
0	12	12	2594	100.00	2600	2095	0.12	1258	0	0.00	0.00	65
0	12	60	2594	100.00	2600	2095	0.12	1258	0	0.00
0	13	13	2594	100.00	2600	2095	0.12	1254	0	0.00	0.00	66
0	13	61	2594	100.00	2600	2095	0.12	1255	0	0.00
0	14	14	2594	100.00	2600	2095	0.12	1259	0	0.00	0.00	66
0	14	62	2594	100.00	2600	2095	0.12	1255	0	0.00
0	15	15	2594	100.00	2600	2095	0.12	1254	0	0.00	0.00	64
0	15	63	2594	100.00	2600	2095	0.12	1255	0	0.00
0	16	16	2594	100.00	2600	2095	0.12	1254	0	0.00	0.00	65
0	16	64	2594	100.00	2600	2095	0.12	1255	0	0.00
0	17	17	2594	100.00	2600	2095	0.12	1254	0	0.00	0.00	67
0	17	65	2594	100.00	2600	2095	0.12	1257	0	0.00
0	18	18	2594	100.00	2600	2095	0.12	1257	0	0.00	0.00	66
0	18	66	2594	100.00	2600	2095	0.12	1255	0	0.00
0	19	19	2594	100.00	2600	2095	0.12	1259	0	0.00	0.00	66
0	19	67	2594	100.00	2600	2095	0.12	1255	0	0.00
0	20	20	2594	100.00	2600	2095	0.12	1254	0	0.00	0.00	65
0	20	68	2594	100.00	2600	2095	0.12	1258	0	0.00
0	21	21	2594	100.00	2600	2095	0.12	1257	0	0.00	0.00	65
0	21	69	2594	100.00	2600	2095	0.12	1257	0	0.00
0	22	22	2594	100.00	2600	2095	0.12	1259	0	0.00	0.00	63
0	22	70	2594	100.00	2600	2095	0.12	1316	0	0.00
0	23	23	2594	100.00	2600	2095	0.12	1306	0	0.00	0.00	64
0	23	71	2594	100.00	2600	2095	0.12	1255	0	0.00
1	0	24	2594	100.00	2600	2095	0.12	1256	0	0.00	0.00	66	69	0.00	0.00	128.92	6.11	0.00	0.00
1	0	72	2594	100.00	2600	2095	0.12	1255	0	0.00
1	1	25	2594	100.00	2600	2095	0.12	1266	0	0.00	0.00	68
1	1	73	2594	100.00	2600	2095	0.12	1255	0	0.00
1	2	26	2594	100.00	2600	2095	0.12	1258	0	0.00	0.00	67
1	2	74	2594	100.00	2600	2095	0.12	1255	0	0.00
1	3	27	2594	100.00	2600	2095	0.12	1256	0	0.00	0.00	67
1	3	75	2594	100.00	2600	2095	0.12	1255	0	0.00
1	4	28	2594	100.00	2600	2095	0.12	1269	0	0.00	0.00	67
1	4	76	2594	100.00	2600	2095	0.12	1255	0	0.00
1	5	29	2594	100.00	2600	2095	0.12	1256	0	0.00	0.00	68
1	5	77	2594	100.00	2600	2095	0.12	1255	0	0.00
1	6	30	2594	100.00	2600	2095	0.12	1256	0	0.00	0.00	67
1	6	78	2594	100.00	2600	2095	0.12	1255	0	0.00
1	7	31	2594	100.00	2600	2095	0.12	1256	0	0.00	0.00	68
1	7	79	2594	100.00	2600	2095	0.12	1255	0	0.00
1	8	32	2594	100.00	2600	2095	0.12	1256	0	0.00	0.00	67
1	8	80	2594	100.00	2600	2095	0.12	1255	0	0.00
1	9	33	2594	100.00	2600	2095	0.12	1256	0	0.00	0.00	69
1	9	81	2594	100.00	2600	2095	0.12	1255	0	0.00
1	10	34	2594	100.00	2600	2095	0.12	1254	0	0.00	0.00	68
1	10	82	2594	100.00	2600	2095	0.12	1255	0	0.00
1	11	35	2594	100.00	2600	2095	0.12	1257	0	0.00	0.00	65
1	11	83	2594	100.00	2600	2095	0.12	1255	0	0.00
1	12	36	2594	100.00	2600	2095	0.12	1257	0	0.00	0.00	67
1	12	84	2594	100.00	2600	2095	0.12	1255	0	0.00
1	13	37	2594	100.00	2600	2095	0.12	1257	0	0.00	0.00	66
1	13	85	2594	100.00	2600	2095	0.12	1255	0	0.00
1	14	38	2594	100.00	2600	2095	0.12	1257	0	0.00	0.00	68
1	14	86	2594	100.00	2600	2095	0.12	1255	0	0.00
1	15	39	2594	100.00	2600	2095	0.12	1257	0	0.00	0.00	68
1	15	87	2594	100.00	2600	2095	0.12	1255	0	0.00
1	16	40	2594	100.00	2600	2095	0.12	1269	0	0.00	0.00	67
1	16	88	2594	100.00	2600	2095	0.12	1255	0	0.00
1	17	41	2594	100.00	2600	2095	0.12	1257	0	0.00	0.00	67
1	17	89	2594	100.00	2600	2095	0.12	1255	0	0.00
1	18	42	2594	100.00	2600	2095	0.12	1257	0	0.00	0.00	67
1	18	90	2594	100.00	2600	2095	0.12	1255	0	0.00
1	19	43	2594	100.00	2600	2095	0.12	1255	0	0.00	0.00	67
1	19	91	2594	100.00	2600	2095	0.12	1255	0	0.00
1	20	44	2594	100.00	2600	2095	0.12	1255	0	0.00	0.00	65
1	20	92	2594	100.00	2600	2095	0.12	1255	0	0.00
1	21	45	2594	100.00	2600	2095	0.12	1255	0	0.00	0.00	65
1	21	93	2594	100.00	2600	2095	0.12	1255	0	0.00
1	22	46	2594	100.00	2600	2095	0.12	1255	0	0.00	0.00	64
1	22	94	2594	100.00	2600	2095	0.12	1255	0	0.00
1	23	47	2594	100.00	2600	2095	0.12	1255	0	0.00	0.00	68
1	23	95	2594	100.00	2600	2095	0.13	1256	0	0.00
Package	Core	CPU	Avg_MHz	Busy%	Bzy_MHz	TSC_MHz	IPC	IRQ	SMI	CPU%c1	CPU%c6	CoreTmp	PkgTmp	Pkg%pc2	Pkg%pc6	PkgWatt	RAMWatt	PKG_%	RAM_%
-	-	-	2594	100.00	2600	2095	0.13	121371	0	0.00	0.00	69	69	0.00	0.00	261.32	12.08	0.00	0.00
0	0	0	2594	100.00	2600	2095	0.13	1283	0	0.00	0.00	66	68	0.00	0.00	132.41	5.95	0.00	0.00
0	0	48	2594	100.00	2600	2095	0.12	1258	0	0.00
0	1	1	2594	100.00	2600	2095	0.12	1260	0	0.00	0.00	66
0	1	49	2594	100.00	2600	2095	0.12	1260	0	0.00
0	2	2	2594	100.00	2600	2095	0.15	1304	0	0.00	0.00	67
0	2	50	2594	100.00	2600	2095	0.12	1260	0	0.00
0	3	3	2594	100.00	2600	2095	0.12	1256	0	0.00	0.00	66
0	3	51	2594	100.00	2600	2095	0.12	1256	0	0.00
0	4	4	2594	100.00	2600	2095	0.90	1792	0	0.00	0.00	68
0	4	52	2594	100.00	2600	2095	0.12	1264	0	0.00
0	5	5	2594	100.00	2600	2095	0.12	1304	0	0.00	0.00	66
0	5	53	2594	100.00	2600	2095	0.12	1256	0	0.00
0	6	6	2594	100.00	2600	2095	0.12	1260	0	0.00	0.00	66
0	6	54	2594	100.00	2600	2095	0.12	1256	0	0.00
0	7	7	2594	100.00	2600	2095	0.12	1256	0	0.00	0.00	66
0	7	55	2594	100.00	2600	2095	0.12	1256	0	0.00
0	8	8	2594	100.00	2600	2095	0.12	1258	0	0.00	0.00	66
0	8	56	2594	100.00	2600	2095	0.12	1258	0	0.00
0	9	9	2594	100.00	2600	2095	0.12	1258	0	0.00	0.00	67
0	9	57	2594	100.00	2600	2095	0.12	1257	0	0.00
0	10	10	2594	100.00	2600	2095	0.12	1259	0	0.00	0.00	66
0	10	58	2594	100.00	2600	2095	0.12	1258	0	0.00
0	11	11	2594	100.00	2600	2095	0.12	1258	0	0.00	0.00	65
0	11	59	2594	100.00	2600	2095	0.12	1256	0	0.00
0	12	12	2594	100.00	2600	2095	0.12	1260	0	0.00	0.00	66
0	12	60	2594	100.00	2600	2095	0.12	1258	0	0.00
0	13	13	2594	100.00	2600	2095	0.12	1256	0	0.00	0.00	65
0	13	61	2594	100.00	2600	2095	0.12	1256	0	0.00
0	14	14	2594	100.00	2600	2095	0.12	1261	0	0.00	0.00	65
0	14	62	2594	100.00	2600	2095	0.12	1256	0	0.00
0	15	15	2594	100.00	2600	2095	0.12	1259	0	0.00	0.00	65
0	15	63	2594	100.00	2600	2095	0.12	1256	0	0.00
0	16	16	2594	100.00	2600	2095	0.12	1256	0	0.00	0.00	65
0	16	64	2594	100.00	2600	2095	0.12	1256	0	0.00
0	17	17	2594	100.00	2600	2095	0.12	1256	0	0.00	0.00	67
0	17	65	2594	100.00	2600	2095	0.12	1259	0	0.00
0	18	18	2594	100.00	2600	2095	0.12	1258	0	0.00	0.00	66
0	18	66	2594	100.00	2600	2095	0.12	1260	0	0.00
0	19	19	2594	100.00	2600	2095	0.12	1258	0	0.00	0.00	66
0	19	67	2594	100.00	2600	2095	0.12	1256	0	0.00
0	20	20	2594	100.00	2600	2095	0.12	1256	0	0.00	0.00	65
0	20	68	2594	100.00	2600	2095	0.12	1258	0	0.00
0	21	21	2594	100.00	2600	2095	0.12	1258	0	0.00	0.00	66
0	21	69	2594	100.00	2600	2095	0.12	1259	0	0.00
0	22	22	2594	100.00	2600	2095	0.12	1261	0	0.00	0.00	63
0	22	70	2594	100.00	2600	2095	0.12	1259	0	0.00
0	23	23	2594	100.00	2600	2095	0.12	1305	0	0.00	0.00	64
0	23	71	2594	100.00	2600	2095	0.12	1256	0	0.00
1	0	24	2594	100.00	2600	2095	0.12	1254	0	0.00	0.00	68	69	0.00	0.00	128.91	6.13	0.00	0.00
1	0	72	2594	100.00	2600	2095	0.12	1256	0	0.00
1	1	25	2594	100.00	2600	2095	0.12	1264	0	0.00	0.00	68
1	1	73	2594	100.00	2600	2095	0.12	1256	0	0.00
1	2	26	2594	100.00	2600	2095	0.12	1254	0	0.00	0.00	67
1	2	74	2594	100.00	2600	2095	0.12	1256	0	0.00
1	3	27	2594	100.00	2600	2095	0.12	1254	0	0.00	0.00	67
1	3	75	2594	100.00	2600	2095	0.12	1256	0	0.00
1	4	28	2594	100.00	2600	2095	0.12	1267	0	0.00	0.00	67
1	4	76	2594	100.00	2600	2095	0.12	1256	0	0.00
1	5	29	2594	100.00	2600	2095	0.12	1254	0	0.00	0.00	68
1	5	77	2594	100.00	2600	2095	0.12	1256	0	0.00
1	6	30	2594	100.00	2600	2095	0.12	1254	0	0.00	0.00	67
1	6	78	2594	100.00	2600	2095	0.12	1257	0	0.00
1	7	31	2594	100.00	2600	2095	0.12	1254	0	0.00	0.00	68
1	7	79	2594	100.00	2600	2095	0.12	1256	0	0.00
1	8	32	2594	100.00	2600	2095	0.12	1254	0	0.00	0.00	68
1	8	80	2594	100.00	2600	2095	0.12	1256	0	0.00
1	9	33	2594	100.00	2600	2095	0.12	1254	0	0.00	0.00	69
1	9	81	2594	100.00	2600	2095	0.12	1256	0	0.00
1	10	34	2594	100.00	2600	2095	0.12	1256	0	0.00	0.00	68
1	10	82	2594	100.00	2600	2095	0.12	1256	0	0.00
1	11	35	2594	100.00	2600	2095	0.12	1254	0	0.00	0.00	65
1	11	83	2594	100.00	2600	2095	0.12	1256	0	0.00
1	12	36	2594	100.00	2600	2095	0.12	1254	0	0.00	0.00	67
1	12	84	2594	100.00	2600	2095	0.12	1256	0	0.00
1	13	37	2594	100.00	2600	2095	0.12	1254	0	0.00	0.00	66
1	13	85	2594	100.00	2600	2095	0.12	1256	0	0.00
1	14	38	2594	100.00	2600	2095	0.12	1254	0	0.00	0.00	68
1	14	86	2594	100.00	2600	2095	0.12	1256	0	0.00
1	15	39	2594	100.00	2600	2095	0.13	1254	0	0.00	0.00	68
1	15	87	2594	100.00	2600	2095	0.12	1256	0	0.00
1	16	40	2594	100.00	2600	2095	0.12	1270	0	0.00	0.00	68
1	16	88	2594	100.00	2600	2095	0.12	1256	0	0.00
1	17	41	2594	100.00	2600	2095	0.12	1254	0	0.00	0.00	68
1	17	89	2594	100.00	2600	2095	0.12	1256	0	0.00
1	18	42	2594	100.00	2600	2095	0.12	1256	0	0.00	0.00	67
1	18	90	2594	100.00	2600	2095	0.12	1256	0	0.00
1	19	43	2594	100.00	2600	2095	0.12	1256	0	0.00	0.00	67
1	19	91	2594	100.00	2600	2095	0.12	1256	0	0.00
1	20	44	2594	100.00	2600	2095	0.12	1256	0	0.00	0.00	66
1	20	92	2594	100.00	2600	2095	0.12	1256	0	0.00
1	21	45	2594	100.00	2600	2095	0.12	1256	0	0.00	0.00	65
1	21	93	2594	100.00	2600	2095	0.12	1256	0	0.00
1	22	46	2594	100.00	2600	2095	0.12	1256	0	0.00	0.00	64
1	22	94	2594	100.00	2600	2095	0.12	1256	0	0.00
1	23	47	2594	100.00	2600	2095	0.12	1256	0	0.00	0.00	68
1	23	95	2594	100.00	2600	2095	0.13	1257	0	0.00
Package	Core	CPU	Avg_MHz	Busy%	Bzy_MHz	TSC_MHz	IPC	IRQ	SMI	CPU%c1	CPU%c6	CoreTmp	PkgTmp	Pkg%pc2	Pkg%pc6	PkgWatt	RAMWatt	PKG_%	RAM_%
-	-	-	2594	100.00	2600	2095	0.13	121308	0	0.00	0.00	69	69	0.00	0.00	261.23	11.99	0.00	0.00
0	0	0	2594	100.00	2600	2095	0.13	1281	0	0.00	0.00	65	68	0.00	0.00	132.27	5.87	0.00	0.00
0	0	48	2594	100.00	2600	2095	0.12	1257	0	0.00
0	1	1	2594	100.00	2600	2095	0.12	1260	0	0.00	0.00	66
0	1	49	2594	100.00	2600	2095	0.12	1260	0	0.00
0	2	2	2594	100.00	2600	2095	0.14	1302	0	0.00	0.00	67
0	2	50	2594	100.00	2600	2095	0.12	1260	0	0.00
0	3	3	2594	100.00	2600	2095	0.12	1254	0	0.00	0.00	65
0	3	51	2594	100.00	2600	2095	0.12	1254	0	0.00
0	4	4	2594	100.00	2600	2095	0.90	1788	0	0.00	0.00	68
0	4	52	2594	100.00	2600	2095	0.12	1259	0	0.00
0	5	5	2594	100.00	2600	2095	0.12	1285	0	0.00	0.00	66
0	5	53	2594	100.00	2600	2095	0.12	1254	0	0.00
0	6	6	2594	100.00	2600	2095	0.12	1260	0	0.00	0.00	66
0	6	54	2594	100.00	2600	2095	0.12	1254	0	0.00
0	7	7	2594	100.00	2600	2095	0.12	1254	0	0.00	0.00	67
0	7	55	2594	100.00	2600	2095	0.12	1254	0	0.00
0	8	8	2594	100.00	2600	2095	0.12	1257	0	0.00	0.00	66
0	8	56	2594	100.00	2600	2095	0.12	1257	0	0.00
0	9	9	2594	100.00	2600	2095	0.12	1257	0	0.00	0.00	67
0	9	57	2594	100.00	2600	2095	0.12	1254	0	0.00
0	10	10	2594	100.00	2600	2095	0.12	1272	0	0.00	0.00	66
0	10	58	2594	100.00	2600	2095	0.12	1257	0	0.00
0	11	11	2594	100.00	2600	2095	0.12	1257	0	0.00	0.00	65
0	11	59	2594	100.00	2600	2095	0.12	1254	0	0.00
0	12	12	2594	100.00	2600	2095	0.12	1257	0	0.00	0.00	66
0	12	60	2594	100.00	2600	2095	0.12	1257	0	0.00
0	13	13	2594	100.00	2600	2095	0.12	1254	0	0.00	0.00	65
0	13	61	2594	100.00	2600	2095	0.12	1254	0	0.00
0	14	14	2594	100.00	2600	2095	0.12	1259	0	0.00	0.00	65
0	14	62	2594	100.00	2600	2095	0.12	1254	0	0.00
0	15	15	2594	100.00	2600	2095	0.12	1254	0	0.00	0.00	64
0	15	63	2594	100.00	2600	2095	0.12	1254	0	0.00
0	16	16	2594	100.00	2600	2095	0.12	1254	0	0.00	0.00	65
0	16	64	2594	100.00	2600	2095	0.12	1254	0	0.00
0	17	17	2594	100.00	2600	2095	0.12	1254	0	0.00	0.00	68
0	17	65	2594	100.00	2600	2095	0.12	1256	0	0.00
0	18	18	2594	100.00	2600	2095	0.12	1257	0	0.00	0.00	66
0	18	66	2594	100.00	2600	2095	0.12	1254	0	0.00
0	19	19	2594	100.00	2600	2095	0.12	1257	0	0.00	0.00	66
0	19	67	2594	100.00	2600	2095	0.12	1254	0	0.00
0	20	20	2594	100.00	2600	2095	0.12	1254	0	0.00	0.00	65
0	20	68	2594	100.00	2600	2095	0.12	1257	0	0.00
0	21	21	2594	100.00	2600	2095	0.12	1257	0	0.00	0.00	65
0	21	69	2594	100.00	2600	2095	0.12	1256	0	0.00
0	22	22	2594	100.00	2600	2095	0.12	1259	0	0.00	0.00	63
0	22	70	2594	100.00	2600	2095	0.12	1256	0	0.00
0	23	23	2594	100.00	2600	2095	0.12	1306	0	0.00	0.00	65
0	23	71	2594	100.00	2600	2095	0.12	1254	0	0.00
1	0	24	2594	100.00	2600	2095	0.12	1256	0	0.00	0.00	68	69	0.00	0.00	128.96	6.12	0.00	0.00
1	0	72	2594	100.00	2600	2095	0.12	1256	0	0.00
1	1	25	2594	100.00	2600	2095	0.12	1266	0	0.00	0.00	68
1	1	73	2594	100.00	2600	2095	0.12	1256	0	0.00
1	2	26	2594	100.00	2600	2095	0.12	1256	0	0.00	0.00	67
1	2	74	2594	100.00	2600	2095	0.12	1256	0	0.00
1	3	27	2594	100.00	2600	2095	0.12	1257	0	0.00	0.00	67
1	3	75	2594	100.00	2600	2095	0.12	1256	0	0.00
1	4	28	2594	100.00	2600	2095	0.12	1269	0	0.00	0.00	67
1	4	76	2594	100.00	2600	2095	0.12	1256	0	0.00
1	5	29	2594	100.00	2600	2095	0.12	1256	0	0.00	0.00	69
1	5	77	2594	100.00	2600	2095	0.12	1256	0	0.00
1	6	30	2594	100.00	2600	2095	0.12	1256	0	0.00	0.00	67
1	6	78	2594	100.00	2600	2095	0.12	1256	0	0.00
1	7	31	2594	100.00	2600	2095	0.12	1256	0	0.00	0.00	69
1	7	79	2594	100.00	2600	2095	0.12	1256	0	0.00
1	8	32	2594	100.00	2600	2095	0.12	1256	0	0.00	0.00	68
1	8	80	2594	100.00	2600	2095	0.12	1256	0	0.00
1	9	33	2594	100.00	2600	2095	0.12	1256	0	0.00	0.00	69
1	9	81	2594	100.00	2600	2095	0.12	1256	0	0.00
1	10	34	2594	100.00	2600	2095	0.12	1256	0	0.00	0.00	68
1	10	82	2594	100.00	2600	2095	0.12	1256	0	0.00
1	11	35	2594	100.00	2600	2095	0.12	1256	0	0.00	0.00	65
1	11	83	2594	100.00	2600	2095	0.12	1256	0	0.00
1	12	36	2594	100.00	2600	2095	0.12	1256	0	0.00	0.00	67
1	12	84	2594	100.00	2600	2095	0.12	1256	0	0.00
1	13	37	2594	100.00	2600	2095	0.12	1256	0	0.00	0.00	66
1	13	85	2594	100.00	2600	2095	0.12	1256	0	0.00
1	14	38	2594	100.00	2600	2095	0.12	1256	0	0.00	0.00	68
1	14	86	2594	100.00	2600	2095	0.12	1256	0	0.00
1	15	39	2594	100.00	2600	2095	0.12	1256	0	0.00	0.00	68
1	15	87	2594	100.00	2600	2095	0.12	1256	0	0.00
1	16	40	2594	100.00	2600	2095	0.12	1268	0	0.00	0.00	67
1	16	88	2594	100.00	2600	2095	0.12	1256	0	0.00
1	17	41	2594	100.00	2600	2095	0.12	1256	0	0.00	0.00	68
1	17	89	2594	100.00	2600	2095	0.12	1256	0	0.00
1	18	42	2594	100.00	2600	2095	0.12	1256	0	0.00	0.00	67
1	18	90	2594	100.00	2600	2095	0.12	1256	0	0.00
1	19	43	2594	100.00	2600	2095	0.12	1256	0	0.00	0.00	66
1	19	91	2594	100.00	2600	2095	0.12	1256	0	0.00
1	20	44	2594	100.00	2600	2095	0.12	1256	0	0.00	0.00	66
1	20	92	2594	100.00	2600	2095	0.12	1256	0	0.00
1	21	45	2594	100.00	2600	2095	0.12	1256	0	0.00	0.00	66
1	21	93	2594	100.00	2600	2095	0.12	1256	0	0.00
1	22	46	2594	100.00	2600	2095	0.12	1256	0	0.00	0.00	64
1	22	94	2594	100.00	2600	2095	0.12	1256	0	0.00
1	23	47	2594	100.00	2600	2095	0.12	1256	0	0.00	0.00	68
1	23	95	2594	100.00	2600	2095	0.13	1257	0	0.00
Package	Core	CPU	Avg_MHz	Busy%	Bzy_MHz	TSC_MHz	IPC	IRQ	SMI	CPU%c1	CPU%c6	CoreTmp	PkgTmp	Pkg%pc2	Pkg%pc6	PkgWatt	RAMWatt	PKG_%	RAM_%
-	-	-	2594	100.00	2600	2095	0.13	121396	0	0.00	0.00	69	69	0.00	0.00	261.28	11.98	0.00	0.00
0	0	0	2594	100.00	2600	2095	0.13	1279	0	0.00	0.00	65	68	0.00	0.00	132.35	5.86	0.00	0.00
0	0	48	2594	100.00	2600	2095	0.12	1258	0	0.00
0	1	1	2594	100.00	2600	2095	0.12	1261	0	0.00	0.00	66
0	1	49	2594	100.00	2600	2095	0.12	1260	0	0.00
0	2	2	2594	100.00	2600	2095	0.14	1300	0	0.00	0.00	67
0	2	50	2594	100.00	2600	2095	0.12	1260	0	0.00
0	3	3	2594	100.00	2600	2095	0.12	1257	0	0.00	0.00	65
0	3	51	2594	100.00	2600	2095	0.12	1256	0	0.00
0	4	4	2594	100.00	2600	2095	0.90	1792	0	0.00	0.00	68
0	4	52	2594	100.00	2600	2095	0.12	1262	0	0.00
0	5	5	2594	100.00	2600	2095	0.12	1304	0	0.00	0.00	66
0	5	53	2594	100.00	2600	2095	0.12	1256	0	0.00
0	6	6	2594	100.00	2600	2095	0.12	1261	0	0.00	0.00	67
0	6	54	2594	100.00	2600	2095	0.12	1256	0	0.00
0	7	7	2594	100.00	2600	2095	0.12	1257	0	0.00	0.00	66
0	7	55	2594	100.00	2600	2095	0.12	1256	0	0.00
0	8	8	2594	100.00	2600	2095	0.12	1259	0	0.00	0.00	66
0	8	56	2594	100.00	2600	2095	0.12	1258	0	0.00
0	9	9	2594	100.00	2600	2095	0.12	1259	0	0.00	0.00	67
0	9	57	2594	100.00	2600	2095	0.12	1256	0	0.00
0	10	10	2594	100.00	2600	2095	0.12	1262	0	0.00	0.00	67
0	10	58	2594	100.00	2600	2095	0.12	1258	0	0.00
0	11	11	2594	100.00	2600	2095	0.12	1259	0	0.00	0.00	65
0	11	59	2594	100.00	2600	2095	0.12	1256	0	0.00
0	12	12	2594	100.00	2600	2095	0.12	1259	0	0.00	0.00	65
0	12	60	2594	100.00	2600	2095	0.12	1258	0	0.00
0	13	13	2594	100.00	2600	2095	0.12	1257	0	0.00	0.00	65
0	13	61	2594	100.00	2600	2095	0.12	1256	0	0.00
0	14	14	2594	100.00	2600	2095	0.12	1262	0	0.00	0.00	66
0	14	62	2594	100.00	2600	2095	0.12	1256	0	0.00
0	15	15	2594	100.00	2600	2095	0.12	1257	0	0.00	0.00	65
0	15	63	2594	100.00	2600	2095	0.12	1256	0	0.00
0	16	16	2594	100.00	2600	2095	0.12	1257	0	0.00	0.00	64
0	16	64	2594	100.00	2600	2095	0.12	1256	0	0.00
0	17	17	2594	100.00	2600	2095	0.12	1257	0	0.00	0.00	67
0	17	65	2594	100.00	2600	2095	0.12	1259	0	0.00
0	18	18	2594	100.00	2600	2095	0.12	1259	0	0.00	0.00	66
0	18	66	2594	100.00	2600	2095	0.12	1322	0	0.00
0	19	19	2594	100.00	2600	2095	0.12	1259	0	0.00	0.00	65
0	19	67	2594	100.00	2600	2095	0.12	1256	0	0.00
0	20	20	2594	100.00	2600	2095	0.12	1257	0	0.00	0.00	66
0	20	68	2594	100.00	2600	2095	0.12	1258	0	0.00
0	21	21	2594	100.00	2600	2095	0.12	1259	0	0.00	0.00	65
0	21	69	2594	100.00	2600	2095	0.12	1259	0	0.00
0	22	22	2594	100.00	2600	2095	0.12	1262	0	0.00	0.00	63
0	22	70	2594	100.00	2600	2095	0.12	1259	0	0.00
0	23	23	2594	100.00	2600	2095	0.12	1309	0	0.00	0.00	65
0	23	71	2594	100.00	2600	2095	0.12	1256	0	0.00
1	0	24	2594	100.00	2600	2095	0.12	1255	0	0.00	0.00	67	69	0.00	0.00	128.92	6.12	0.00	0.00
1	0	72	2594	100.00	2600	2095	0.12	1254	0	0.00
1	1	25	2594	100.00	2600	2095	0.12	1265	0	0.00	0.00	68
1	1	73	2594	100.00	2600	2095	0.12	1254	0	0.00
1	2	26	2594	100.00	2600	2095	0.12	1255	0	0.00	0.00	67
1	2	74	2594	100.00	2600	2095	0.12	1254	0	0.00
1	3	27	2594	100.00	2600	2095	0.12	1255	0	0.00	0.00	67
1	3	75	2594	100.00	2600	2095	0.12	1254	0	0.00
1	4	28	2594	100.00	2600	2095	0.12	1269	0	0.00	0.00	67
1	4	76	2594	100.00	2600	2095	0.12	1254	0	0.00
1	5	29	2594	100.00	2600	2095	0.12	1255	0	0.00	0.00	68
1	5	77	2594	100.00	2600	2095	0.12	1254	0	0.00
1	6	30	2594	100.00	2600	2095	0.12	1255	0	0.00	0.00	67
1	6	78	2594	100.00	2600	2095	0.12	1255	0	0.00
1	7	31	2594	100.00	2600	2095	0.12	1255	0	0.00	0.00	69
1	7	79	2594	100.00	2600	2095	0.12	1254	0	0.00
1	8	32	2594	100.00	2600	2095	0.12	1255	0	0.00	0.00	68
1	8	80	2594	100.00	2600	2095	0.12	1254	0	0.00
1	9	33	2594	100.00	2600	2095	0.12	1255	0	0.00	0.00	69
1	9	81	2594	100.00	2600	2095	0.12	1254	0	0.00
1	10	34	2594	100.00	2600	2095	0.12	1255	0	0.00	0.00	68
1	10	82	2594	100.00	2600	2095	0.12	1254	0	0.00
1	11	35	2594	100.00	2600	2095	0.12	1255	0	0.00	0.00	65
1	11	83	2594	100.00	2600	2095	0.12	1255	0	0.00
1	12	36	2594	100.00	2600	2095	0.12	1255	0	0.00	0.00	67
1	12	84	2594	100.00	2600	2095	0.12	1254	0	0.00
1	13	37	2594	100.00	2600	2095	0.12	1255	0	0.00	0.00	66
1	13	85	2594	100.00	2600	2095	0.12	1254	0	0.00
1	14	38	2594	100.00	2600	2095	0.12	1255	0	0.00	0.00	67
1	14	86	2594	100.00	2600	2095	0.12	1254	0	0.00
1	15	39	2594	100.00	2600	2095	0.13	1255	0	0.00	0.00	67
1	15	87	2594	100.00	2600	2095	0.12	1254	0	0.00
1	16	40	2594	100.00	2600	2095	0.12	1268	0	0.00	0.00	66
1	16	88	2594	100.00	2600	2095	0.12	1254	0	0.00
1	17	41	2594	100.00	2600	2095	0.12	1254	0	0.00	0.00	67
1	17	89	2594	100.00	2600	2095	0.12	1254	0	0.00
1	18	42	2594	100.00	2600	2095	0.12	1254	0	0.00	0.00	67
1	18	90	2594	100.00	2600	2095	0.12	1254	0	0.00
1	19	43	2594	100.00	2600	2095	0.12	1254	0	0.00	0.00	67
1	19	91	2594	100.00	2600	2095	0.12	1254	0	0.00
1	20	44	2594	100.00	2600	2095	0.12	1254	0	0.00	0.00	66
1	20	92	2594	100.00	2600	2095	0.12	1254	0	0.00
1	21	45	2594	100.00	2600	2095	0.12	1254	0	0.00	0.00	65
1	21	93	2594	100.00	2600	2095	0.12	1254	0	0.00
1	22	46	2594	100.00	2600	2095	0.12	1254	0	0.00	0.00	64
1	22	94	2594	100.00	2600	2095	0.12	1254	0	0.00
1	23	47	2594	100.00	2600	2095	0.12	1254	0	0.00	0.00	68
1	23	95	2594	100.00	2600	2095	0.13	1255	0	0.00
