turbostat version 21.05.04 - Len Brown <lenb@kernel.org>
CPUID(0): GenuineIntel 0x1b CPUID levels
CPUID(1): family:model:stepping 0x6:6a:6 (6:106:6) microcode 0xd000404
CPUID(0x80000000): max_extended_levels: 0x80000008
CPUID(1): SSE3 MONITOR SMX EIST TM2 TSC MSR ACPI-TM HT TM
CPUID(6): APERF, TURBO, DTS, PTM, HWP, No-HWPnotify, HWPwindow, No-HWPepp, HWPpkg, EPB
cpu58: MSR_IA32_MISC_ENABLE: 0x00850089 (TCC EIST MWAIT PREFETCH TURBO)
CPUID(7): SGX
cpu58: MSR_IA32_FEATURE_CONTROL: 0x0000ff03 (Locked )
CPUID(0x15): eax_crystal: 2 ebx_tsc: 168 ecx_crystal_hz: 0
CPUID(0x16): base_mhz: 2100 max_mhz: 3400 bus_mhz: 100
cpu58: MSR_MISC_PWR_MGMT: 0x00402040 (ENable-EIST_Coordination DISable-EPB DISable-OOB)
RAPL: 1589 sec. Joule Counter Range, at 165 Watts
cpu58: MSR_PLATFORM_INFO: 0x8008082ff2811500
8 * 100.0 = 800.0 MHz max efficiency frequency
21 * 100.0 = 2100.0 MHz base frequency
cpu58: MSR_IA32_POWER_CTL: 0x1e00a40059 (C1E auto-promotion: DISabled)
C-state Pre-wake: ENabled
cpu58: MSR_TURBO_RATIO_LIMIT: 0x1a1a1a1a1b1e2022
cpu58: MSR_TURBO_RATIO_LIMIT1: 0x1818181614100e0c
26 * 100.0 = 2600.0 MHz max turbo 24 active cores
26 * 100.0 = 2600.0 MHz max turbo 24 active cores
26 * 100.0 = 2600.0 MHz max turbo 24 active cores
26 * 100.0 = 2600.0 MHz max turbo 22 active cores
27 * 100.0 = 2700.0 MHz max turbo 20 active cores
30 * 100.0 = 3000.0 MHz max turbo 16 active cores
32 * 100.0 = 3200.0 MHz max turbo 14 active cores
34 * 100.0 = 3400.0 MHz max turbo 12 active cores
cpu58: MSR_CONFIG_TDP_NOMINAL: 0x00000015 (base_ratio=21)
cpu58: MSR_CONFIG_TDP_LEVEL_1: 0x16413a800130528 (PKG_MIN_PWR_LVL1=356 PKG_MAX_PWR_LVL1=5032 LVL1_RATIO=19 PKG_TDP_LVL1=1320)
cpu58: MSR_CONFIG_TDP_LEVEL_2: 0x16413a8000f0528 (PKG_MIN_PWR_LVL2=356 PKG_MAX_PWR_LVL2=5032 LVL2_RATIO=15 PKG_TDP_LVL2=1320)
cpu58: MSR_CONFIG_TDP_CONTROL: 0x00000000 ( lock=0)
cpu58: MSR_TURBO_ACTIVATION_RATIO: 0x00000000 (MAX_NON_TURBO_RATIO=0 lock=0)
cpu58: MSR_PKG_CST_CONFIG_CONTROL: 0x00008402 (locked, pkg-cstate-limit=2 (pc6), automatic c-state conversion=off)
/dev/cpu_dma_latency: 2000000000 usec (default)
current_driver: intel_idle
current_governor: menu
current_governor_ro: menu
cpu58: POLL: CPUIDLE CORE POLL IDLE
cpu58: C1: MWAIT 0x00
cpu58: C1E: MWAIT 0x01
cpu58: C6: MWAIT 0x20
cpu58: cpufreq driver: intel_pstate
cpu58: cpufreq governor: powersave
cpufreq intel_pstate no_turbo: 0
cpu58: MSR_MISC_FEATURE_CONTROL: 0x00000000 (L2-Prefetch L2-Prefetch-pair L1-Prefetch L1-IP-Prefetch)
cpu0: MSR_PM_ENABLE: 0x00000001 (HWP)
cpu0: MSR_HWP_CAPABILITIES: 0x08081522 (high 34 guar 21 eff 8 low 8)
cpu0: MSR_HWP_REQUEST: 0x80002208 (min 8 max 34 des 0 epp 0x80 window 0x0 pkg 0x0)
cpu0: MSR_HWP_REQUEST_PKG: 0x8000ff00 (min 0 max 255 des 0 epp 0x80 window 0x0)
cpu0: MSR_HWP_STATUS: 0x00000004 (No-Guaranteed_Perf_Change, Excursion_Min)
cpu24: MSR_PM_ENABLE: 0x00000001 (HWP)
cpu24: MSR_HWP_CAPABILITIES: 0x08081522 (high 34 guar 21 eff 8 low 8)
cpu24: MSR_HWP_REQUEST: 0x80002208 (min 8 max 34 des 0 epp 0x80 window 0x0 pkg 0x0)
cpu24: MSR_HWP_REQUEST_PKG: 0x8000ff00 (min 0 max 255 des 0 epp 0x80 window 0x0)
cpu24: MSR_HWP_STATUS: 0x00000004 (No-Guaranteed_Perf_Change, Excursion_Min)
cpu0: EPB: 6 (balanced)
cpu24: EPB: 6 (balanced)
cpu0: MSR_RAPL_POWER_UNIT: 0x000a0e03 (0.125000 Watts, 0.000061 Joules, 0.000977 sec.)
cpu0: MSR_PKG_POWER_INFO: 0xf13a802c80528 (165 W TDP, RAPL 89 - 629 W, 0.014648 sec.)
cpu0: MSR_PKG_POWER_LIMIT: 0x15863000158528 (UNlocked)
cpu0: PKG Limit #1: ENabled (165.000000 Watts, 1.000000 sec, clamp ENabled)
cpu0: PKG Limit #2: ENabled (198.000000 Watts, 1.000000* sec, clamp ENabled)
cpu0: MSR_DRAM_POWER_INFO,: 0x8028015600490150 (42 W TDP, RAPL 9 - 43 W, 0.039062 sec.)
cpu0: MSR_DRAM_POWER_LIMIT: 0x00000000 (UNlocked)
cpu0: DRAM Limit: DISabled (0.000000 Watts, 0.000977 sec, clamp DISabled)
cpu24: MSR_RAPL_POWER_UNIT: 0x000a0e03 (0.125000 Watts, 0.000061 Joules, 0.000977 sec.)
cpu24: MSR_PKG_POWER_INFO: 0xf13a802c80528 (165 W TDP, RAPL 89 - 629 W, 0.014648 sec.)
cpu24: MSR_PKG_POWER_LIMIT: 0x15863000158528 (UNlocked)
cpu24: PKG Limit #1: ENabled (165.000000 Watts, 1.000000 sec, clamp ENabled)
cpu24: PKG Limit #2: ENabled (198.000000 Watts, 1.000000* sec, clamp ENabled)
cpu24: MSR_DRAM_POWER_INFO,: 0x8028015600490150 (42 W TDP, RAPL 9 - 43 W, 0.039062 sec.)
cpu24: MSR_DRAM_POWER_LIMIT: 0x00000000 (UNlocked)
cpu24: DRAM Limit: DISabled (0.000000 Watts, 0.000977 sec, clamp DISabled)
cpu0: MSR_IA32_TEMPERATURE_TARGET: 0x80650a00 (101 C)
cpu24: MSR_IA32_TEMPERATURE_TARGET: 0x80650a00 (101 C)
cpu0: MSR_IA32_PACKAGE_THERM_STATUS: 0x883a0800 (43 C)
cpu0: MSR_IA32_PACKAGE_THERM_INTERRUPT: 0x00000003 (101 C, 101 C)
cpu24: MSR_IA32_PACKAGE_THERM_STATUS: 0x883c0800 (41 C)
cpu24: MSR_IA32_PACKAGE_THERM_INTERRUPT: 0x00000003 (101 C, 101 C)
cpu58: MSR_PKGC3_IRTL: 0x00000000 (NOTvalid, 0 ns)
cpu58: MSR_PKGC6_IRTL: 0x00000000 (NOTvalid, 0 ns)
cpu58: MSR_PKGC7_IRTL: 0x00000000 (NOTvalid, 0 ns)
Package	Core	CPU	Avg_MHz	Busy%	Bzy_MHz	TSC_MHz	IPC	IRQ	SMI	POLL	C1	C1E	C6	POLL%	C1%	C1E%	C6%	CPU%c1	CPU%c6	CoreTmp	PkgTmp	Pkg%pc2	Pkg%pc6	PkgWatt	RAMWatt	PKG_%	RAM_%
-	-	-	32	1.78	1804	2096	0.62	18788	0	24	157	11100	14011	0.00	0.00	0.45	97.83	1.95	96.27	42	43	32.84	30.33	100.41	8.07	0.00	0.00
0	0	0	1093	47.36	2313	2095	0.68	769	0	1	0	8	211	0.00	0.00	0.04	52.62	0.67	51.97	42	43	6.76	30.31	53.31	4.45	0.00	0.00
Package	Core	CPU	Avg_MHz	Busy%	Bzy_MHz	TSC_MHz	IPC	IRQ	SMI	POLL	C1	C1E	C6	POLL%	C1%	C1E%	C6%	CPU%c1	CPU%c6	CoreTmp	PkgTmp	Pkg%pc2	Pkg%pc6	PkgWatt	RAMWatt	PKG_%	RAM_%
-	-	-	36	1.75	2085	2095	1.44	17217	0	70	77	4194	13243	0.00	0.00	0.27	97.98	1.91	96.34	54	54	37.08	12.88	123.07	7.95	0.00	0.00
0	0	0	32	2.06	1541	2095	0.95	412	0	0	0	48	379	0.00	0.00	0.22	97.77	0.90	97.04	44	54	3.26	12.89	66.13	4.44	0.00	0.00
Package	Core	CPU	Avg_MHz	Busy%	Bzy_MHz	TSC_MHz	IPC	IRQ	SMI	POLL	C1	C1E	C6	POLL%	C1%	C1E%	C6%	CPU%c1	CPU%c6	CoreTmp	PkgTmp	Pkg%pc2	Pkg%pc6	PkgWatt	RAMWatt	PKG_%	RAM_%
-	-	-	45	1.71	2661	2095	1.79	15539	0	77	307	11740	10583	0.00	0.00	0.50	97.82	2.36	95.93	54	54	38.38	0.00	163.56	9.69	0.00	0.00
0	0	0	18	1.61	1101	2095	1.02	373	0	63	28	242	404	0.01	0.01	0.78	97.66	1.27	97.13	45	54	0.00	0.00	89.30	6.19	0.00	0.00
Package	Core	CPU	Avg_MHz	Busy%	Bzy_MHz	TSC_MHz	IPC	IRQ	SMI	POLL	C1	C1E	C6	POLL%	C1%	C1E%	C6%	CPU%c1	CPU%c6	CoreTmp	PkgTmp	Pkg%pc2	Pkg%pc6	PkgWatt	RAMWatt	PKG_%	RAM_%
-	-	-	40	1.41	2862	2096	1.82	8109	0	36	15	545	7065	0.00	0.00	0.10	98.53	1.36	97.23	53	54	45.63	0.00	162.78	9.55	0.00	0.00
0	0	0	9	0.88	1038	2095	0.80	175	0	0	0	6	333	0.00	0.00	0.04	99.11	0.55	98.56	43	54	0.00	0.00	89.10	6.15	0.00	0.00
Package	Core	CPU	Avg_MHz	Busy%	Bzy_MHz	TSC_MHz	IPC	IRQ	SMI	POLL	C1	C1E	C6	POLL%	C1%	C1E%	C6%	CPU%c1	CPU%c6	CoreTmp	PkgTmp	Pkg%pc2	Pkg%pc6	PkgWatt	RAMWatt	PKG_%	RAM_%
-	-	-	28	0.93	2964	2095	1.25	5411	0	1	15	507	4741	0.00	0.00	0.07	98.98	1.10	97.97	43	43	39.57	14.69	138.02	9.28	0.00	0.00
0	0	0	5	0.57	800	2095	1.21	161	0	0	0	3	265	0.00	0.00	0.02	99.44	0.25	99.18	41	43	2.28	14.69	75.26	5.82	0.00	0.00
Package	Core	CPU	Avg_MHz	Busy%	Bzy_MHz	TSC_MHz	IPC	IRQ	SMI	POLL	C1	C1E	C6	POLL%	C1%	C1E%	C6%	CPU%c1	CPU%c6	CoreTmp	PkgTmp	Pkg%pc2	Pkg%pc6	PkgWatt	RAMWatt	PKG_%	RAM_%
-	-	-	36	1.11	3233	2095	3.18	7916	0	0	0	157	7101	0.00	0.00	0.04	98.87	1.20	97.68	54	55	47.46	0.00	161.76	9.90	0.00	0.00
0	0	0	3	0.33	800	2095	0.74	170	0	0	0	3	232	0.00	0.00	0.02	99.68	0.82	98.85	43	55	0.00	0.00	88.63	6.52	0.00	0.00
Package	Core	CPU	Avg_MHz	Busy%	Bzy_MHz	TSC_MHz	IPC	IRQ	SMI	POLL	C1	C1E	C6	POLL%	C1%	C1E%	C6%	CPU%c1	CPU%c6	CoreTmp	PkgTmp	Pkg%pc2	Pkg%pc6	PkgWatt	RAMWatt	PKG_%	RAM_%
-	-	-	36	1.13	3199	2095	2.86	5610	0	0	0	211	4962	0.00	0.00	0.04	98.84	1.23	97.64	50	50	47.66	0.00	162.43	9.83	0.00	0.00
0	0	0	10	1.20	800	2095	0.69	146	0	0	0	7	360	0.00	0.00	0.04	98.80	0.35	98.46	43	50	0.00	0.00	88.75	6.39	0.00	0.00
Package	Core	CPU	Avg_MHz	Busy%	Bzy_MHz	TSC_MHz	IPC	IRQ	SMI	POLL	C1	C1E	C6	POLL%	C1%	C1E%	C6%	CPU%c1	CPU%c6	CoreTmp	PkgTmp	Pkg%pc2	Pkg%pc6	PkgWatt	RAMWatt	PKG_%	RAM_%
-	-	-	37	1.23	3013	2095	1.04	6270	0	1	1	253	6229	0.00	0.00	0.04	98.75	1.33	97.44	49	49	48.26	0.00	160.04	9.36	0.00	0.00
0	0	0	31	3.87	801	2095	0.61	291	0	0	0	18	782	0.00	0.00	0.07	96.15	0.67	95.45	43	49	0.00	0.00	86.40	5.92	0.00	0.00
Package	Core	CPU	Avg_MHz	Busy%	Bzy_MHz	TSC_MHz	IPC	IRQ	SMI	POLL	C1	C1E	C6	POLL%	C1%	C1E%	C6%	CPU%c1	CPU%c6	CoreTmp	PkgTmp	Pkg%pc2	Pkg%pc6	PkgWatt	RAMWatt	PKG_%	RAM_%
-	-	-	37	1.23	3010	2095	1.04	6105	0	1	0	248	6270	0.00	0.00	0.01	98.76	1.29	97.48	49	49	48.73	0.00	159.91	9.40	0.00	0.00
0	0	0	32	3.96	801	2095	0.63	285	0	0	0	21	811	0.00	0.00	0.09	96.05	0.68	95.37	43	49	0.00	0.00	86.39	6.01	0.00	0.00
Package	Core	CPU	Avg_MHz	Busy%	Bzy_MHz	TSC_MHz	IPC	IRQ	SMI	POLL	C1	C1E	C6	POLL%	C1%	C1E%	C6%	CPU%c1	CPU%c6	CoreTmp	PkgTmp	Pkg%pc2	Pkg%pc6	PkgWatt	RAMWatt	PKG_%	RAM_%
-	-	-	37	1.22	3015	2095	1.04	5934	0	0	1	180	5975	0.00	0.00	0.01	98.78	1.28	97.50	50	49	48.77	0.00	160.04	9.44	0.00	0.00
0	0	0	32	3.96	800	2095	0.58	302	0	0	1	40	794	0.00	0.00	0.22	95.91	0.84	95.20	43	49	0.00	0.00	86.40	5.99	0.00	0.00
Package	Core	CPU	Avg_MHz	Busy%	Bzy_MHz	TSC_MHz	IPC	IRQ	SMI	POLL	C1	C1E	C6	POLL%	C1%	C1E%	C6%	CPU%c1	CPU%c6	CoreTmp	PkgTmp	Pkg%pc2	Pkg%pc6	PkgWatt	RAMWatt	PKG_%	RAM_%
-	-	-	37	1.23	3010	2095	1.04	5769	0	1	2	131	6062	0.00	0.00	0.01	98.77	1.28	97.49	50	50	48.70	0.00	159.97	9.41	0.00	0.00
0	0	0	33	4.15	803	2095	0.59	218	0	0	0	13	771	0.00	0.00	0.07	95.87	0.61	95.24	43	50	0.00	0.00	86.42	5.97	0.00	0.00
Package	Core	CPU	Avg_MHz	Busy%	Bzy_MHz	TSC_MHz	IPC	IRQ	SMI	POLL	C1	C1E	C6	POLL%	C1%	C1E%	C6%	CPU%c1	CPU%c6	CoreTmp	PkgTmp	Pkg%pc2	Pkg%pc6	PkgWatt	RAMWatt	PKG_%	RAM_%
-	-	-	37	1.23	3010	2095	1.04	6021	0	0	0	143	6127	0.00	0.00	0.01	98.77	1.28	97.49	50	50	48.97	0.00	160.09	9.44	0.00	0.00
0	0	0	35	4.38	800	2095	0.56	269	0	0	0	22	797	0.00	0.00	0.13	95.58	0.73	94.89	43	50	0.00	0.00	86.46	5.99	0.00	0.00
Package	Core	CPU	Avg_MHz	Busy%	Bzy_MHz	TSC_MHz	IPC	IRQ	SMI	POLL	C1	C1E	C6	POLL%	C1%	C1E%	C6%	CPU%c1	CPU%c6	CoreTmp	PkgTmp	Pkg%pc2	Pkg%pc6	PkgWatt	RAMWatt	PKG_%	RAM_%
-	-	-	27	0.91	2957	2095	1.04	5456	0	0	2	247	5503	0.00	0.00	0.03	99.05	1.01	98.08	43	44	41.75	19.09	138.68	8.68	0.00	0.00
0	0	0	26	3.23	801	2095	0.62	223	0	0	1	8	576	0.00	0.00	0.06	96.78	0.47	96.31	42	44	6.89	19.08	74.53	5.17	0.00	0.00
