turbostat version 21.05.04 - Len Brown <lenb@kernel.org>
CPUID(0): GenuineIntel 0x1b CPUID levels
CPUID(1): family:model:stepping 0x6:6a:6 (6:106:6) microcode 0xd000404
CPUID(0x80000000): max_extended_levels: 0x80000008
CPUID(1): SSE3 MONITOR SMX EIST TM2 TSC MSR ACPI-TM HT TM
CPUID(6): APERF, TURBO, DTS, PTM, HWP, No-HWPnotify, HWPwindow, No-HWPepp, HWPpkg, EPB
cpu8: MSR_IA32_MISC_ENABLE: 0x00850089 (TCC EIST MWAIT PREFETCH TURBO)
CPUID(7): SGX
cpu8: MSR_IA32_FEATURE_CONTROL: 0x0000ff03 (Locked )
CPUID(0x15): eax_crystal: 2 ebx_tsc: 168 ecx_crystal_hz: 0
CPUID(0x16): base_mhz: 2100 max_mhz: 3400 bus_mhz: 100
cpu8: MSR_MISC_PWR_MGMT: 0x00402040 (ENable-EIST_Coordination DISable-EPB DISable-OOB)
RAPL: 1589 sec. Joule Counter Range, at 165 Watts
cpu8: MSR_PLATFORM_INFO: 0x8008082ff2811500
8 * 100.0 = 800.0 MHz max efficiency frequency
21 * 100.0 = 2100.0 MHz base frequency
cpu8: MSR_IA32_POWER_CTL: 0x1e00a40059 (C1E auto-promotion: DISabled)
C-state Pre-wake: ENabled
cpu8: MSR_TURBO_RATIO_LIMIT: 0x1a1a1a1a1b1e2022
cpu8: MSR_TURBO_RATIO_LIMIT1: 0x1818181614100e0c
26 * 100.0 = 2600.0 MHz max turbo 24 active cores
26 * 100.0 = 2600.0 MHz max turbo 24 active cores
26 * 100.0 = 2600.0 MHz max turbo 24 active cores
26 * 100.0 = 2600.0 MHz max turbo 22 active cores
27 * 100.0 = 2700.0 MHz max turbo 20 active cores
30 * 100.0 = 3000.0 MHz max turbo 16 active cores
32 * 100.0 = 3200.0 MHz max turbo 14 active cores
34 * 100.0 = 3400.0 MHz max turbo 12 active cores
cpu8: MSR_CONFIG_TDP_NOMINAL: 0x00000015 (base_ratio=21)
cpu8: MSR_CONFIG_TDP_LEVEL_1: 0x16413a800130528 (PKG_MIN_PWR_LVL1=356 PKG_MAX_PWR_LVL1=5032 LVL1_RATIO=19 PKG_TDP_LVL1=1320)
cpu8: MSR_CONFIG_TDP_LEVEL_2: 0x16413a8000f0528 (PKG_MIN_PWR_LVL2=356 PKG_MAX_PWR_LVL2=5032 LVL2_RATIO=15 PKG_TDP_LVL2=1320)
cpu8: MSR_CONFIG_TDP_CONTROL: 0x00000000 ( lock=0)
cpu8: MSR_TURBO_ACTIVATION_RATIO: 0x00000000 (MAX_NON_TURBO_RATIO=0 lock=0)
cpu8: MSR_PKG_CST_CONFIG_CONTROL: 0x00008402 (locked, pkg-cstate-limit=2 (pc6), automatic c-state conversion=off)
/dev/cpu_dma_latency: 2000000000 usec (default)
current_driver: intel_idle
current_governor: menu
current_governor_ro: menu
cpu8: POLL: CPUIDLE CORE POLL IDLE
cpu8: C1: MWAIT 0x00
cpu8: C1E: MWAIT 0x01
cpu8: C6: MWAIT 0x20
cpu8: cpufreq driver: intel_pstate
cpu8: cpufreq governor: powersave
cpufreq intel_pstate no_turbo: 0
cpu8: MSR_MISC_FEATURE_CONTROL: 0x00000000 (L2-Prefetch L2-Prefetch-pair L1-Prefetch L1-IP-Prefetch)
cpu0: MSR_PM_ENABLE: 0x00000001 (HWP)
cpu0: MSR_HWP_CAPABILITIES: 0x08081522 (high 34 guar 21 eff 8 low 8)
cpu0: MSR_HWP_REQUEST: 0x80002208 (min 8 max 34 des 0 epp 0x80 window 0x0 pkg 0x0)
cpu0: MSR_HWP_REQUEST_PKG: 0x8000ff00 (min 0 max 255 des 0 epp 0x80 window 0x0)
cpu0: MSR_HWP_STATUS: 0x00000004 (No-Guaranteed_Perf_Change, Excursion_Min)
cpu24: MSR_PM_ENABLE: 0x00000001 (HWP)
cpu24: MSR_HWP_CAPABILITIES: 0x08081522 (high 34 guar 21 eff 8 low 8)
cpu24: MSR_HWP_REQUEST: 0x80002208 (min 8 max 34 des 0 epp 0x80 window 0x0 pkg 0x0)
cpu24: MSR_HWP_REQUEST_PKG: 0x8000ff00 (min 0 max 255 des 0 epp 0x80 window 0x0)
cpu24: MSR_HWP_STATUS: 0x00000004 (No-Guaranteed_Perf_Change, Excursion_Min)
cpu0: EPB: 6 (balanced)
cpu24: EPB: 6 (balanced)
cpu0: MSR_RAPL_POWER_UNIT: 0x000a0e03 (0.125000 Watts, 0.000061 Joules, 0.000977 sec.)
cpu0: MSR_PKG_POWER_INFO: 0xf13a802c80528 (165 W TDP, RAPL 89 - 629 W, 0.014648 sec.)
cpu0: MSR_PKG_POWER_LIMIT: 0x15863000158528 (UNlocked)
cpu0: PKG Limit #1: ENabled (165.000000 Watts, 1.000000 sec, clamp ENabled)
cpu0: PKG Limit #2: ENabled (198.000000 Watts, 1.000000* sec, clamp ENabled)
cpu0: MSR_DRAM_POWER_INFO,: 0x8028015600490150 (42 W TDP, RAPL 9 - 43 W, 0.039062 sec.)
cpu0: MSR_DRAM_POWER_LIMIT: 0x00000000 (UNlocked)
cpu0: DRAM Limit: DISabled (0.000000 Watts, 0.000977 sec, clamp DISabled)
cpu24: MSR_RAPL_POWER_UNIT: 0x000a0e03 (0.125000 Watts, 0.000061 Joules, 0.000977 sec.)
cpu24: MSR_PKG_POWER_INFO: 0xf13a802c80528 (165 W TDP, RAPL 89 - 629 W, 0.014648 sec.)
cpu24: MSR_PKG_POWER_LIMIT: 0x15863000158528 (UNlocked)
cpu24: PKG Limit #1: ENabled (165.000000 Watts, 1.000000 sec, clamp ENabled)
cpu24: PKG Limit #2: ENabled (198.000000 Watts, 1.000000* sec, clamp ENabled)
cpu24: MSR_DRAM_POWER_INFO,: 0x8028015600490150 (42 W TDP, RAPL 9 - 43 W, 0.039062 sec.)
cpu24: MSR_DRAM_POWER_LIMIT: 0x00000000 (UNlocked)
cpu24: DRAM Limit: DISabled (0.000000 Watts, 0.000977 sec, clamp DISabled)
cpu0: MSR_IA32_TEMPERATURE_TARGET: 0x80650a00 (101 C)
cpu24: MSR_IA32_TEMPERATURE_TARGET: 0x80650a00 (101 C)
cpu0: MSR_IA32_PACKAGE_THERM_STATUS: 0x883a0800 (43 C)
cpu0: MSR_IA32_PACKAGE_THERM_INTERRUPT: 0x00000003 (101 C, 101 C)
cpu24: MSR_IA32_PACKAGE_THERM_STATUS: 0x883d0800 (40 C)
cpu24: MSR_IA32_PACKAGE_THERM_INTERRUPT: 0x00000003 (101 C, 101 C)
cpu8: MSR_PKGC3_IRTL: 0x00000000 (NOTvalid, 0 ns)
cpu8: MSR_PKGC6_IRTL: 0x00000000 (NOTvalid, 0 ns)
cpu8: MSR_PKGC7_IRTL: 0x00000000 (NOTvalid, 0 ns)
Package	Core	CPU	Avg_MHz	Busy%	Bzy_MHz	TSC_MHz	IPC	IRQ	SMI	POLL	C1	C1E	C6	POLL%	C1%	C1E%	C6%	CPU%c1	CPU%c6	CoreTmp	PkgTmp	Pkg%pc2	Pkg%pc6	PkgWatt	RAMWatt	PKG_%	RAM_%
-	-	-	28	1.64	1734	2095	0.69	19971	0	17	125	8663	14797	0.00	0.01	0.40	97.99	1.97	96.38	42	42	31.06	28.76	99.13	8.16	0.00	0.00
0	0	0	1092	50.13	2183	2095	0.69	843	0	1	0	18	212	0.00	0.00	0.22	49.69	0.47	49.41	40	42	9.30	28.75	53.09	4.54	0.00	0.00
Package	Core	CPU	Avg_MHz	Busy%	Bzy_MHz	TSC_MHz	IPC	IRQ	SMI	POLL	C1	C1E	C6	POLL%	C1%	C1E%	C6%	CPU%c1	CPU%c6	CoreTmp	PkgTmp	Pkg%pc2	Pkg%pc6	PkgWatt	RAMWatt	PKG_%	RAM_%
-	-	-	31	1.38	2281	2096	1.69	13921	0	95	172	4305	10229	0.00	0.01	0.24	98.43	1.80	96.82	53	53	38.25	13.53	127.86	8.16	0.00	0.00
0	0	0	15	1.25	1190	2095	0.88	174	0	0	0	5	285	0.00	0.00	0.03	98.75	1.04	97.71	43	53	6.48	13.53	68.81	4.64	0.00	0.00
Package	Core	CPU	Avg_MHz	Busy%	Bzy_MHz	TSC_MHz	IPC	IRQ	SMI	POLL	C1	C1E	C6	POLL%	C1%	C1E%	C6%	CPU%c1	CPU%c6	CoreTmp	PkgTmp	Pkg%pc2	Pkg%pc6	PkgWatt	RAMWatt	PKG_%	RAM_%
-	-	-	51	2.06	2485	2094	1.65	19081	0	78	310	24055	13682	0.00	0.00	0.58	97.34	2.54	95.40	53	54	39.94	0.00	163.77	9.65	0.00	0.00
0	0	0	22	1.97	1108	2095	0.88	555	0	0	1	513	447	0.00	0.00	1.59	96.51	2.44	95.59	43	54	0.00	0.00	89.72	6.15	0.00	0.00
Package	Core	CPU	Avg_MHz	Busy%	Bzy_MHz	TSC_MHz	IPC	IRQ	SMI	POLL	C1	C1E	C6	POLL%	C1%	C1E%	C6%	CPU%c1	CPU%c6	CoreTmp	PkgTmp	Pkg%pc2	Pkg%pc6	PkgWatt	RAMWatt	PKG_%	RAM_%
-	-	-	41	1.42	2857	2095	1.84	8633	0	67	13	463	7445	0.00	0.01	0.09	98.52	1.34	97.23	52	53	45.10	0.00	162.65	9.59	0.00	0.00
0	0	0	9	0.85	1054	2095	0.73	227	0	0	0	47	311	0.00	0.00	0.28	98.90	0.51	98.63	43	53	0.00	0.00	89.11	6.09	0.00	0.00
Package	Core	CPU	Avg_MHz	Busy%	Bzy_MHz	TSC_MHz	IPC	IRQ	SMI	POLL	C1	C1E	C6	POLL%	C1%	C1E%	C6%	CPU%c1	CPU%c6	CoreTmp	PkgTmp	Pkg%pc2	Pkg%pc6	PkgWatt	RAMWatt	PKG_%	RAM_%
-	-	-	32	1.06	3052	2095	1.42	5071	0	0	1	347	4319	0.00	0.00	0.11	98.86	1.28	97.66	55	55	43.91	3.24	149.83	9.84	0.00	0.00
0	0	0	4	0.52	800	2095	1.16	151	0	0	0	10	259	0.00	0.00	0.04	99.47	0.24	99.24	43	55	1.55	3.23	81.71	6.28	0.00	0.00
Package	Core	CPU	Avg_MHz	Busy%	Bzy_MHz	TSC_MHz	IPC	IRQ	SMI	POLL	C1	C1E	C6	POLL%	C1%	C1E%	C6%	CPU%c1	CPU%c6	CoreTmp	PkgTmp	Pkg%pc2	Pkg%pc6	PkgWatt	RAMWatt	PKG_%	RAM_%
-	-	-	36	1.09	3285	2094	3.42	4766	0	0	0	118	3999	0.00	0.00	0.03	98.83	1.16	97.75	55	55	48.28	0.00	162.85	9.98	0.00	0.00
0	0	0	2	0.28	800	2095	0.79	87	0	0	0	2	186	0.00	0.00	0.02	99.73	0.15	99.58	43	55	0.00	0.00	89.45	6.48	0.00	0.00
Package	Core	CPU	Avg_MHz	Busy%	Bzy_MHz	TSC_MHz	IPC	IRQ	SMI	POLL	C1	C1E	C6	POLL%	C1%	C1E%	C6%	CPU%c1	CPU%c6	CoreTmp	PkgTmp	Pkg%pc2	Pkg%pc6	PkgWatt	RAMWatt	PKG_%	RAM_%
-	-	-	36	1.15	3156	2096	2.41	5409	0	0	0	270	4934	0.00	0.00	0.05	98.87	1.26	97.58	49	50	47.20	0.00	161.86	9.83	0.00	0.00
0	0	0	15	1.86	800	2095	0.65	173	0	0	0	9	465	0.00	0.00	0.08	98.12	0.43	97.72	42	50	0.00	0.00	88.19	6.30	0.00	0.00
Package	Core	CPU	Avg_MHz	Busy%	Bzy_MHz	TSC_MHz	IPC	IRQ	SMI	POLL	C1	C1E	C6	POLL%	C1%	C1E%	C6%	CPU%c1	CPU%c6	CoreTmp	PkgTmp	Pkg%pc2	Pkg%pc6	PkgWatt	RAMWatt	PKG_%	RAM_%
-	-	-	37	1.22	3017	2095	1.04	6072	0	0	0	285	6004	0.00	0.00	0.04	98.74	1.35	97.43	49	48	47.48	0.00	160.07	9.51	0.00	0.00
0	0	0	31	3.88	801	2095	0.62	267	0	0	0	27	762	0.00	0.00	0.16	96.06	0.65	95.47	43	48	0.00	0.00	86.46	5.96	0.00	0.00
Package	Core	CPU	Avg_MHz	Busy%	Bzy_MHz	TSC_MHz	IPC	IRQ	SMI	POLL	C1	C1E	C6	POLL%	C1%	C1E%	C6%	CPU%c1	CPU%c6	CoreTmp	PkgTmp	Pkg%pc2	Pkg%pc6	PkgWatt	RAMWatt	PKG_%	RAM_%
-	-	-	37	1.23	3008	2095	1.04	6215	0	5	8	370	6129	0.00	0.00	0.04	98.73	1.35	97.42	49	50	47.52	0.00	161.14	9.46	0.00	0.00
0	0	0	31	3.94	801	2095	0.63	338	0	1	1	79	777	0.01	0.00	0.22	95.94	0.73	95.33	43	50	0.00	0.00	86.43	5.94	0.00	0.00
Package	Core	CPU	Avg_MHz	Busy%	Bzy_MHz	TSC_MHz	IPC	IRQ	SMI	POLL	C1	C1E	C6	POLL%	C1%	C1E%	C6%	CPU%c1	CPU%c6	CoreTmp	PkgTmp	Pkg%pc2	Pkg%pc6	PkgWatt	RAMWatt	PKG_%	RAM_%
-	-	-	37	1.22	3017	2095	1.04	5975	0	0	1	141	6118	0.00	0.00	0.01	98.77	1.29	97.49	49	49	48.56	0.00	160.02	9.43	0.00	0.00
0	0	0	31	3.86	800	2095	0.57	191	0	0	0	18	755	0.00	0.00	0.12	96.11	0.61	95.53	43	49	0.00	0.00	86.34	5.89	0.00	0.00
Package	Core	CPU	Avg_MHz	Busy%	Bzy_MHz	TSC_MHz	IPC	IRQ	SMI	POLL	C1	C1E	C6	POLL%	C1%	C1E%	C6%	CPU%c1	CPU%c6	CoreTmp	PkgTmp	Pkg%pc2	Pkg%pc6	PkgWatt	RAMWatt	PKG_%	RAM_%
-	-	-	37	1.23	3012	2095	1.04	6126	0	0	0	156	6270	0.00	0.00	0.02	98.76	1.30	97.47	50	50	48.53	0.00	159.97	9.48	0.00	0.00
0	0	0	31	3.91	800	2095	0.58	217	0	0	0	19	781	0.00	0.00	0.14	96.04	0.64	95.45	43	50	0.00	0.00	86.37	5.93	0.00	0.00
Package	Core	CPU	Avg_MHz	Busy%	Bzy_MHz	TSC_MHz	IPC	IRQ	SMI	POLL	C1	C1E	C6	POLL%	C1%	C1E%	C6%	CPU%c1	CPU%c6	CoreTmp	PkgTmp	Pkg%pc2	Pkg%pc6	PkgWatt	RAMWatt	PKG_%	RAM_%
-	-	-	37	1.23	3006	2095	1.04	5929	0	0	0	166	6000	0.00	0.00	0.02	98.76	1.30	97.47	50	50	48.71	0.00	160.02	9.41	0.00	0.00
0	0	0	36	4.50	801	2095	0.62	255	0	0	0	23	757	0.00	0.00	0.13	95.46	0.62	94.89	43	50	0.00	0.00	86.43	5.92	0.00	0.00
Package	Core	CPU	Avg_MHz	Busy%	Bzy_MHz	TSC_MHz	IPC	IRQ	SMI	POLL	C1	C1E	C6	POLL%	C1%	C1E%	C6%	CPU%c1	CPU%c6	CoreTmp	PkgTmp	Pkg%pc2	Pkg%pc6	PkgWatt	RAMWatt	PKG_%	RAM_%
-	-	-	22	0.79	2761	2094	1.11	7127	0	2	0	1035	6773	0.00	0.00	0.07	99.13	0.95	98.26	42	43	37.04	29.90	125.38	8.33	0.00	0.00
0	0	0	22	2.70	802	2095	0.69	225	0	0	0	6	517	0.00	0.00	0.04	97.32	0.41	96.89	42	43	9.86	29.90	67.29	4.77	0.00	0.00
