turbostat version 21.05.04 - Len Brown <lenb@kernel.org>
CPUID(0): GenuineIntel 0x1b CPUID levels
CPUID(1): family:model:stepping 0x6:6a:6 (6:106:6) microcode 0xd000404
CPUID(0x80000000): max_extended_levels: 0x80000008
CPUID(1): SSE3 MONITOR SMX EIST TM2 TSC MSR ACPI-TM HT TM
CPUID(6): APERF, TURBO, DTS, PTM, HWP, No-HWPnotify, HWPwindow, No-HWPepp, HWPpkg, EPB
cpu7: MSR_IA32_MISC_ENABLE: 0x00850089 (TCC EIST MWAIT PREFETCH TURBO)
CPUID(7): SGX
cpu7: MSR_IA32_FEATURE_CONTROL: 0x0000ff03 (Locked )
CPUID(0x15): eax_crystal: 2 ebx_tsc: 168 ecx_crystal_hz: 0
CPUID(0x16): base_mhz: 2100 max_mhz: 3400 bus_mhz: 100
cpu7: MSR_MISC_PWR_MGMT: 0x00402040 (ENable-EIST_Coordination DISable-EPB DISable-OOB)
RAPL: 1589 sec. Joule Counter Range, at 165 Watts
cpu7: MSR_PLATFORM_INFO: 0x8008082ff2811500
8 * 100.0 = 800.0 MHz max efficiency frequency
21 * 100.0 = 2100.0 MHz base frequency
cpu7: MSR_IA32_POWER_CTL: 0x1e00a40059 (C1E auto-promotion: DISabled)
C-state Pre-wake: ENabled
cpu7: MSR_TURBO_RATIO_LIMIT: 0x1a1a1a1a1b1e2022
cpu7: MSR_TURBO_RATIO_LIMIT1: 0x1818181614100e0c
26 * 100.0 = 2600.0 MHz max turbo 24 active cores
26 * 100.0 = 2600.0 MHz max turbo 24 active cores
26 * 100.0 = 2600.0 MHz max turbo 24 active cores
26 * 100.0 = 2600.0 MHz max turbo 22 active cores
27 * 100.0 = 2700.0 MHz max turbo 20 active cores
30 * 100.0 = 3000.0 MHz max turbo 16 active cores
32 * 100.0 = 3200.0 MHz max turbo 14 active cores
34 * 100.0 = 3400.0 MHz max turbo 12 active cores
cpu7: MSR_CONFIG_TDP_NOMINAL: 0x00000015 (base_ratio=21)
cpu7: MSR_CONFIG_TDP_LEVEL_1: 0x16413a800130528 (PKG_MIN_PWR_LVL1=356 PKG_MAX_PWR_LVL1=5032 LVL1_RATIO=19 PKG_TDP_LVL1=1320)
cpu7: MSR_CONFIG_TDP_LEVEL_2: 0x16413a8000f0528 (PKG_MIN_PWR_LVL2=356 PKG_MAX_PWR_LVL2=5032 LVL2_RATIO=15 PKG_TDP_LVL2=1320)
cpu7: MSR_CONFIG_TDP_CONTROL: 0x00000000 ( lock=0)
cpu7: MSR_TURBO_ACTIVATION_RATIO: 0x00000000 (MAX_NON_TURBO_RATIO=0 lock=0)
cpu7: MSR_PKG_CST_CONFIG_CONTROL: 0x00008402 (locked, pkg-cstate-limit=2 (pc6), automatic c-state conversion=off)
/dev/cpu_dma_latency: 2000000000 usec (default)
current_driver: intel_idle
current_governor: menu
current_governor_ro: menu
cpu7: POLL: CPUIDLE CORE POLL IDLE
cpu7: C1: MWAIT 0x00
cpu7: C1E: MWAIT 0x01
cpu7: C6: MWAIT 0x20
cpu7: cpufreq driver: intel_pstate
cpu7: cpufreq governor: powersave
cpufreq intel_pstate no_turbo: 0
cpu7: MSR_MISC_FEATURE_CONTROL: 0x00000000 (L2-Prefetch L2-Prefetch-pair L1-Prefetch L1-IP-Prefetch)
cpu0: MSR_PM_ENABLE: 0x00000001 (HWP)
cpu0: MSR_HWP_CAPABILITIES: 0x08081522 (high 34 guar 21 eff 8 low 8)
cpu0: MSR_HWP_REQUEST: 0x80002208 (min 8 max 34 des 0 epp 0x80 window 0x0 pkg 0x0)
cpu0: MSR_HWP_REQUEST_PKG: 0x8000ff00 (min 0 max 255 des 0 epp 0x80 window 0x0)
cpu0: MSR_HWP_STATUS: 0x00000004 (No-Guaranteed_Perf_Change, Excursion_Min)
cpu24: MSR_PM_ENABLE: 0x00000001 (HWP)
cpu24: MSR_HWP_CAPABILITIES: 0x08081522 (high 34 guar 21 eff 8 low 8)
cpu24: MSR_HWP_REQUEST: 0x80002208 (min 8 max 34 des 0 epp 0x80 window 0x0 pkg 0x0)
cpu24: MSR_HWP_REQUEST_PKG: 0x8000ff00 (min 0 max 255 des 0 epp 0x80 window 0x0)
cpu24: MSR_HWP_STATUS: 0x00000004 (No-Guaranteed_Perf_Change, Excursion_Min)
cpu0: EPB: 6 (balanced)
cpu24: EPB: 6 (balanced)
cpu0: MSR_RAPL_POWER_UNIT: 0x000a0e03 (0.125000 Watts, 0.000061 Joules, 0.000977 sec.)
cpu0: MSR_PKG_POWER_INFO: 0xf13a802c80528 (165 W TDP, RAPL 89 - 629 W, 0.014648 sec.)
cpu0: MSR_PKG_POWER_LIMIT: 0x15863000158528 (UNlocked)
cpu0: PKG Limit #1: ENabled (165.000000 Watts, 1.000000 sec, clamp ENabled)
cpu0: PKG Limit #2: ENabled (198.000000 Watts, 1.000000* sec, clamp ENabled)
cpu0: MSR_DRAM_POWER_INFO,: 0x8028015600490150 (42 W TDP, RAPL 9 - 43 W, 0.039062 sec.)
cpu0: MSR_DRAM_POWER_LIMIT: 0x00000000 (UNlocked)
cpu0: DRAM Limit: DISabled (0.000000 Watts, 0.000977 sec, clamp DISabled)
cpu24: MSR_RAPL_POWER_UNIT: 0x000a0e03 (0.125000 Watts, 0.000061 Joules, 0.000977 sec.)
cpu24: MSR_PKG_POWER_INFO: 0xf13a802c80528 (165 W TDP, RAPL 89 - 629 W, 0.014648 sec.)
cpu24: MSR_PKG_POWER_LIMIT: 0x15863000158528 (UNlocked)
cpu24: PKG Limit #1: ENabled (165.000000 Watts, 1.000000 sec, clamp ENabled)
cpu24: PKG Limit #2: ENabled (198.000000 Watts, 1.000000* sec, clamp ENabled)
cpu24: MSR_DRAM_POWER_INFO,: 0x8028015600490150 (42 W TDP, RAPL 9 - 43 W, 0.039062 sec.)
cpu24: MSR_DRAM_POWER_LIMIT: 0x00000000 (UNlocked)
cpu24: DRAM Limit: DISabled (0.000000 Watts, 0.000977 sec, clamp DISabled)
cpu0: MSR_IA32_TEMPERATURE_TARGET: 0x80650a00 (101 C)
cpu24: MSR_IA32_TEMPERATURE_TARGET: 0x80650a00 (101 C)
cpu0: MSR_IA32_PACKAGE_THERM_STATUS: 0x88390800 (44 C)
cpu0: MSR_IA32_PACKAGE_THERM_INTERRUPT: 0x00000003 (101 C, 101 C)
cpu24: MSR_IA32_PACKAGE_THERM_STATUS: 0x883d0800 (40 C)
cpu24: MSR_IA32_PACKAGE_THERM_INTERRUPT: 0x00000003 (101 C, 101 C)
cpu7: MSR_PKGC3_IRTL: 0x00000000 (NOTvalid, 0 ns)
cpu7: MSR_PKGC6_IRTL: 0x00000000 (NOTvalid, 0 ns)
cpu7: MSR_PKGC7_IRTL: 0x00000000 (NOTvalid, 0 ns)
Package	Core	CPU	Avg_MHz	Busy%	Bzy_MHz	TSC_MHz	IPC	IRQ	SMI	POLL	C1	C1E	C6	POLL%	C1%	C1E%	C6%	CPU%c1	CPU%c6	CoreTmp	PkgTmp	Pkg%pc2	Pkg%pc6	PkgWatt	RAMWatt	PKG_%	RAM_%
-	-	-	28	1.62	1697	2097	0.72	19956	0	28	178	6955	15131	0.00	0.01	0.39	98.07	2.03	96.34	42	43	31.33	27.44	98.11	8.09	0.00	0.00
0	0	0	1080	50.47	2144	2095	0.69	818	0	0	0	8	224	0.00	0.00	0.07	49.49	1.07	48.45	41	43	11.07	27.41	52.34	4.53	0.00	0.00
Package	Core	CPU	Avg_MHz	Busy%	Bzy_MHz	TSC_MHz	IPC	IRQ	SMI	POLL	C1	C1E	C6	POLL%	C1%	C1E%	C6%	CPU%c1	CPU%c6	CoreTmp	PkgTmp	Pkg%pc2	Pkg%pc6	PkgWatt	RAMWatt	PKG_%	RAM_%
-	-	-	31	1.39	2266	2094	1.69	13424	0	164	181	5541	9804	0.00	0.00	0.30	98.28	1.89	96.71	53	53	38.26	13.50	126.12	8.13	0.00	0.00
0	0	0	10	1.04	954	2095	0.86	190	0	0	0	22	278	0.00	0.00	0.14	98.85	1.12	97.83	43	53	6.07	13.51	67.98	4.62	0.00	0.00
Package	Core	CPU	Avg_MHz	Busy%	Bzy_MHz	TSC_MHz	IPC	IRQ	SMI	POLL	C1	C1E	C6	POLL%	C1%	C1E%	C6%	CPU%c1	CPU%c6	CoreTmp	PkgTmp	Pkg%pc2	Pkg%pc6	PkgWatt	RAMWatt	PKG_%	RAM_%
-	-	-	51	2.08	2469	2095	1.65	18726	0	91	610	19089	13045	0.00	0.02	0.58	97.35	2.50	95.43	53	54	41.83	0.00	163.99	9.73	0.00	0.00
0	0	0	18	1.70	1071	2095	0.84	330	0	0	0	86	451	0.00	0.00	0.39	97.97	0.89	97.41	44	54	0.00	0.00	89.53	6.23	0.00	0.00
Package	Core	CPU	Avg_MHz	Busy%	Bzy_MHz	TSC_MHz	IPC	IRQ	SMI	POLL	C1	C1E	C6	POLL%	C1%	C1E%	C6%	CPU%c1	CPU%c6	CoreTmp	PkgTmp	Pkg%pc2	Pkg%pc6	PkgWatt	RAMWatt	PKG_%	RAM_%
-	-	-	40	1.40	2880	2096	1.86	8618	0	60	17	557	7392	0.00	0.00	0.09	98.56	1.35	97.26	54	53	47.50	0.00	162.84	9.74	0.00	0.00
0	0	0	10	0.97	1070	2095	0.80	159	0	0	0	3	326	0.00	0.00	0.03	99.03	0.29	98.74	43	53	0.00	0.00	89.06	6.26	0.00	0.00
Package	Core	CPU	Avg_MHz	Busy%	Bzy_MHz	TSC_MHz	IPC	IRQ	SMI	POLL	C1	C1E	C6	POLL%	C1%	C1E%	C6%	CPU%c1	CPU%c6	CoreTmp	PkgTmp	Pkg%pc2	Pkg%pc6	PkgWatt	RAMWatt	PKG_%	RAM_%
-	-	-	33	1.08	3037	2095	1.43	5654	0	0	0	503	4826	0.00	0.00	0.09	98.83	1.28	97.65	54	55	47.02	1.94	150.09	9.86	0.00	0.00
0	0	0	5	0.60	800	2095	1.22	175	0	0	0	3	296	0.00	0.00	0.02	99.41	0.25	99.15	43	55	0.44	1.94	81.90	6.41	0.00	0.00
Package	Core	CPU	Avg_MHz	Busy%	Bzy_MHz	TSC_MHz	IPC	IRQ	SMI	POLL	C1	C1E	C6	POLL%	C1%	C1E%	C6%	CPU%c1	CPU%c6	CoreTmp	PkgTmp	Pkg%pc2	Pkg%pc6	PkgWatt	RAMWatt	PKG_%	RAM_%
-	-	-	36	1.09	3277	2095	3.42	5453	0	0	2	202	4291	0.00	0.00	0.05	98.88	1.21	97.69	54	55	48.48	0.00	163.30	10.01	0.00	0.00
0	0	0	2	0.27	800	2095	0.79	90	0	0	0	3	184	0.00	0.00	0.03	99.72	0.16	99.57	43	55	0.00	0.00	89.51	6.51	0.00	0.00
Package	Core	CPU	Avg_MHz	Busy%	Bzy_MHz	TSC_MHz	IPC	IRQ	SMI	POLL	C1	C1E	C6	POLL%	C1%	C1E%	C6%	CPU%c1	CPU%c6	CoreTmp	PkgTmp	Pkg%pc2	Pkg%pc6	PkgWatt	RAMWatt	PKG_%	RAM_%
-	-	-	36	1.16	3143	2095	2.38	5837	0	0	7	267	5378	0.00	0.00	0.04	98.80	1.26	97.58	49	50	48.26	0.00	161.75	9.80	0.00	0.00
0	0	0	15	1.91	800	2095	0.64	169	0	0	0	10	467	0.00	0.00	0.08	98.07	0.40	97.70	43	50	0.00	0.00	88.13	6.34	0.00	0.00
Package	Core	CPU	Avg_MHz	Busy%	Bzy_MHz	TSC_MHz	IPC	IRQ	SMI	POLL	C1	C1E	C6	POLL%	C1%	C1E%	C6%	CPU%c1	CPU%c6	CoreTmp	PkgTmp	Pkg%pc2	Pkg%pc6	PkgWatt	RAMWatt	PKG_%	RAM_%
-	-	-	37	1.23	3014	2095	1.04	6066	0	0	0	253	6179	0.00	0.00	0.02	98.76	1.30	97.47	49	48	48.26	0.00	159.96	9.55	0.00	0.00
0	0	0	31	3.93	801	2095	0.63	253	0	0	0	28	770	0.00	0.00	0.21	95.96	0.70	95.37	42	48	0.00	0.00	86.39	6.04	0.00	0.00
Package	Core	CPU	Avg_MHz	Busy%	Bzy_MHz	TSC_MHz	IPC	IRQ	SMI	POLL	C1	C1E	C6	POLL%	C1%	C1E%	C6%	CPU%c1	CPU%c6	CoreTmp	PkgTmp	Pkg%pc2	Pkg%pc6	PkgWatt	RAMWatt	PKG_%	RAM_%
-	-	-	37	1.23	3004	2095	1.04	6273	0	0	2	271	6338	0.00	0.00	0.02	98.76	1.31	97.46	49	48	48.09	0.00	160.04	9.50	0.00	0.00
0	0	0	32	3.96	801	2095	0.64	249	0	0	0	24	778	0.00	0.00	0.15	95.98	0.65	95.39	42	48	0.00	0.00	86.44	5.99	0.00	0.00
Package	Core	CPU	Avg_MHz	Busy%	Bzy_MHz	TSC_MHz	IPC	IRQ	SMI	POLL	C1	C1E	C6	POLL%	C1%	C1E%	C6%	CPU%c1	CPU%c6	CoreTmp	PkgTmp	Pkg%pc2	Pkg%pc6	PkgWatt	RAMWatt	PKG_%	RAM_%
-	-	-	37	1.22	3022	2095	1.04	5841	0	0	1	118	5875	0.00	0.00	0.01	98.78	1.27	97.51	49	49	48.76	0.00	159.95	9.49	0.00	0.00
0	0	0	30	3.74	800	2095	0.55	172	0	0	0	16	720	0.00	0.00	0.13	96.22	0.60	95.67	43	49	0.00	0.00	86.35	5.99	0.00	0.00
Package	Core	CPU	Avg_MHz	Busy%	Bzy_MHz	TSC_MHz	IPC	IRQ	SMI	POLL	C1	C1E	C6	POLL%	C1%	C1E%	C6%	CPU%c1	CPU%c6	CoreTmp	PkgTmp	Pkg%pc2	Pkg%pc6	PkgWatt	RAMWatt	PKG_%	RAM_%
-	-	-	37	1.23	3004	2095	1.04	6100	0	0	0	188	6142	0.00	0.00	0.01	98.77	1.29	97.48	49	49	48.74	0.00	159.94	9.51	0.00	0.00
0	0	0	35	4.35	802	2095	0.60	238	0	0	0	20	742	0.00	0.00	0.13	95.61	0.61	95.04	43	49	0.00	0.00	86.38	6.04	0.00	0.00
Package	Core	CPU	Avg_MHz	Busy%	Bzy_MHz	TSC_MHz	IPC	IRQ	SMI	POLL	C1	C1E	C6	POLL%	C1%	C1E%	C6%	CPU%c1	CPU%c6	CoreTmp	PkgTmp	Pkg%pc2	Pkg%pc6	PkgWatt	RAMWatt	PKG_%	RAM_%
-	-	-	37	1.23	3007	2095	1.04	6007	0	1	0	141	6091	0.00	0.00	0.01	98.77	1.29	97.48	50	50	48.74	0.00	159.99	9.56	0.00	0.00
0	0	0	35	4.36	800	2095	0.56	265	0	0	0	23	763	0.00	0.00	0.17	95.57	0.68	94.97	43	50	0.00	0.00	86.37	6.05	0.00	0.00
