turbostat version 21.05.04 - Len Brown <lenb@kernel.org>
CPUID(0): GenuineIntel 0x1b CPUID levels
CPUID(1): family:model:stepping 0x6:6a:6 (6:106:6) microcode 0xd000404
CPUID(0x80000000): max_extended_levels: 0x80000008
CPUID(1): SSE3 MONITOR SMX EIST TM2 TSC MSR ACPI-TM HT TM
CPUID(6): APERF, TURBO, DTS, PTM, HWP, No-HWPnotify, HWPwindow, No-HWPepp, HWPpkg, EPB
cpu11: MSR_IA32_MISC_ENABLE: 0x00850089 (TCC EIST MWAIT PREFETCH TURBO)
CPUID(7): SGX
cpu11: MSR_IA32_FEATURE_CONTROL: 0x0000ff03 (Locked )
CPUID(0x15): eax_crystal: 2 ebx_tsc: 168 ecx_crystal_hz: 0
CPUID(0x16): base_mhz: 2100 max_mhz: 3400 bus_mhz: 100
cpu11: MSR_MISC_PWR_MGMT: 0x00402040 (ENable-EIST_Coordination DISable-EPB DISable-OOB)
RAPL: 1589 sec. Joule Counter Range, at 165 Watts
cpu11: MSR_PLATFORM_INFO: 0x8008082ff2811500
8 * 100.0 = 800.0 MHz max efficiency frequency
21 * 100.0 = 2100.0 MHz base frequency
cpu11: MSR_IA32_POWER_CTL: 0x1e00a40059 (C1E auto-promotion: DISabled)
C-state Pre-wake: ENabled
cpu11: MSR_TURBO_RATIO_LIMIT: 0x1a1a1a1a1b1e2022
cpu11: MSR_TURBO_RATIO_LIMIT1: 0x1818181614100e0c
26 * 100.0 = 2600.0 MHz max turbo 24 active cores
26 * 100.0 = 2600.0 MHz max turbo 24 active cores
26 * 100.0 = 2600.0 MHz max turbo 24 active cores
26 * 100.0 = 2600.0 MHz max turbo 22 active cores
27 * 100.0 = 2700.0 MHz max turbo 20 active cores
30 * 100.0 = 3000.0 MHz max turbo 16 active cores
32 * 100.0 = 3200.0 MHz max turbo 14 active cores
34 * 100.0 = 3400.0 MHz max turbo 12 active cores
cpu11: MSR_CONFIG_TDP_NOMINAL: 0x00000015 (base_ratio=21)
cpu11: MSR_CONFIG_TDP_LEVEL_1: 0x16413a800130528 (PKG_MIN_PWR_LVL1=356 PKG_MAX_PWR_LVL1=5032 LVL1_RATIO=19 PKG_TDP_LVL1=1320)
cpu11: MSR_CONFIG_TDP_LEVEL_2: 0x16413a8000f0528 (PKG_MIN_PWR_LVL2=356 PKG_MAX_PWR_LVL2=5032 LVL2_RATIO=15 PKG_TDP_LVL2=1320)
cpu11: MSR_CONFIG_TDP_CONTROL: 0x00000000 ( lock=0)
cpu11: MSR_TURBO_ACTIVATION_RATIO: 0x00000000 (MAX_NON_TURBO_RATIO=0 lock=0)
cpu11: MSR_PKG_CST_CONFIG_CONTROL: 0x00008402 (locked, pkg-cstate-limit=2 (pc6), automatic c-state conversion=off)
/dev/cpu_dma_latency: 2000000000 usec (default)
current_driver: intel_idle
current_governor: menu
current_governor_ro: menu
cpu11: POLL: CPUIDLE CORE POLL IDLE
cpu11: C1: MWAIT 0x00
cpu11: C1E: MWAIT 0x01
cpu11: C6: MWAIT 0x20
cpu11: cpufreq driver: intel_pstate
cpu11: cpufreq governor: powersave
cpufreq intel_pstate no_turbo: 0
cpu11: MSR_MISC_FEATURE_CONTROL: 0x00000000 (L2-Prefetch L2-Prefetch-pair L1-Prefetch L1-IP-Prefetch)
cpu0: MSR_PM_ENABLE: 0x00000001 (HWP)
cpu0: MSR_HWP_CAPABILITIES: 0x08081522 (high 34 guar 21 eff 8 low 8)
cpu0: MSR_HWP_REQUEST: 0x80002208 (min 8 max 34 des 0 epp 0x80 window 0x0 pkg 0x0)
cpu0: MSR_HWP_REQUEST_PKG: 0x8000ff00 (min 0 max 255 des 0 epp 0x80 window 0x0)
cpu0: MSR_HWP_STATUS: 0x00000004 (No-Guaranteed_Perf_Change, Excursion_Min)
cpu24: MSR_PM_ENABLE: 0x00000001 (HWP)
cpu24: MSR_HWP_CAPABILITIES: 0x08081522 (high 34 guar 21 eff 8 low 8)
cpu24: MSR_HWP_REQUEST: 0x80002208 (min 8 max 34 des 0 epp 0x80 window 0x0 pkg 0x0)
cpu24: MSR_HWP_REQUEST_PKG: 0x8000ff00 (min 0 max 255 des 0 epp 0x80 window 0x0)
cpu24: MSR_HWP_STATUS: 0x00000004 (No-Guaranteed_Perf_Change, Excursion_Min)
cpu0: EPB: 6 (balanced)
cpu24: EPB: 6 (balanced)
cpu0: MSR_RAPL_POWER_UNIT: 0x000a0e03 (0.125000 Watts, 0.000061 Joules, 0.000977 sec.)
cpu0: MSR_PKG_POWER_INFO: 0xf13a802c80528 (165 W TDP, RAPL 89 - 629 W, 0.014648 sec.)
cpu0: MSR_PKG_POWER_LIMIT: 0x15863000158528 (UNlocked)
cpu0: PKG Limit #1: ENabled (165.000000 Watts, 1.000000 sec, clamp ENabled)
cpu0: PKG Limit #2: ENabled (198.000000 Watts, 1.000000* sec, clamp ENabled)
cpu0: MSR_DRAM_POWER_INFO,: 0x8028015600490150 (42 W TDP, RAPL 9 - 43 W, 0.039062 sec.)
cpu0: MSR_DRAM_POWER_LIMIT: 0x00000000 (UNlocked)
cpu0: DRAM Limit: DISabled (0.000000 Watts, 0.000977 sec, clamp DISabled)
cpu24: MSR_RAPL_POWER_UNIT: 0x000a0e03 (0.125000 Watts, 0.000061 Joules, 0.000977 sec.)
cpu24: MSR_PKG_POWER_INFO: 0xf13a802c80528 (165 W TDP, RAPL 89 - 629 W, 0.014648 sec.)
cpu24: MSR_PKG_POWER_LIMIT: 0x15863000158528 (UNlocked)
cpu24: PKG Limit #1: ENabled (165.000000 Watts, 1.000000 sec, clamp ENabled)
cpu24: PKG Limit #2: ENabled (198.000000 Watts, 1.000000* sec, clamp ENabled)
cpu24: MSR_DRAM_POWER_INFO,: 0x8028015600490150 (42 W TDP, RAPL 9 - 43 W, 0.039062 sec.)
cpu24: MSR_DRAM_POWER_LIMIT: 0x00000000 (UNlocked)
cpu24: DRAM Limit: DISabled (0.000000 Watts, 0.000977 sec, clamp DISabled)
cpu0: MSR_IA32_TEMPERATURE_TARGET: 0x80650a00 (101 C)
cpu24: MSR_IA32_TEMPERATURE_TARGET: 0x80650a00 (101 C)
cpu0: MSR_IA32_PACKAGE_THERM_STATUS: 0x883e0800 (39 C)
cpu0: MSR_IA32_PACKAGE_THERM_INTERRUPT: 0x00000003 (101 C, 101 C)
cpu24: MSR_IA32_PACKAGE_THERM_STATUS: 0x88400800 (37 C)
cpu24: MSR_IA32_PACKAGE_THERM_INTERRUPT: 0x00000003 (101 C, 101 C)
cpu11: MSR_PKGC3_IRTL: 0x00000000 (NOTvalid, 0 ns)
cpu11: MSR_PKGC6_IRTL: 0x00000000 (NOTvalid, 0 ns)
cpu11: MSR_PKGC7_IRTL: 0x00000000 (NOTvalid, 0 ns)
Package	Core	CPU	Avg_MHz	Busy%	Bzy_MHz	TSC_MHz	IPC	IRQ	SMI	POLL	C1	C1E	C6	POLL%	C1%	C1E%	C6%	CPU%c1	CPU%c6	CoreTmp	PkgTmp	Pkg%pc2	Pkg%pc6	PkgWatt	RAMWatt	PKG_%	RAM_%
-	-	-	31	1.79	1744	2096	0.63	19529	0	11	159	8929	14490	0.00	0.01	0.37	97.89	1.96	96.25	39	39	34.84	25.54	96.90	8.19	0.00	0.00
0	0	0	1080	52.06	2080	2095	0.70	974	0	0	0	70	279	0.00	0.00	0.35	47.63	0.70	47.24	37	39	8.41	25.52	51.76	4.52	0.00	0.00
Package	Core	CPU	Avg_MHz	Busy%	Bzy_MHz	TSC_MHz	IPC	IRQ	SMI	POLL	C1	C1E	C6	POLL%	C1%	C1E%	C6%	CPU%c1	CPU%c6	CoreTmp	PkgTmp	Pkg%pc2	Pkg%pc6	PkgWatt	RAMWatt	PKG_%	RAM_%
-	-	-	30	1.37	2222	2096	1.69	14325	0	76	153	4555	10342	0.00	0.01	0.27	98.41	1.81	96.82	50	50	40.01	12.54	125.03	8.08	0.00	0.00
0	0	0	10	1.00	1035	2095	0.76	185	0	0	0	4	277	0.00	0.00	0.02	99.01	0.41	98.58	41	50	6.23	12.53	66.93	4.42	0.00	0.00
Package	Core	CPU	Avg_MHz	Busy%	Bzy_MHz	TSC_MHz	IPC	IRQ	SMI	POLL	C1	C1E	C6	POLL%	C1%	C1E%	C6%	CPU%c1	CPU%c6	CoreTmp	PkgTmp	Pkg%pc2	Pkg%pc6	PkgWatt	RAMWatt	PKG_%	RAM_%
-	-	-	50	2.02	2478	2095	1.66	16748	0	75	295	21176	12210	0.00	0.00	0.43	97.57	2.34	95.64	51	51	42.41	0.00	163.64	9.73	0.00	0.00
0	0	0	133	7.08	1880	2095	1.68	313	0	0	0	411	409	0.00	0.00	0.74	92.24	2.14	90.78	41	51	0.00	0.00	89.69	6.20	0.00	0.00
Package	Core	CPU	Avg_MHz	Busy%	Bzy_MHz	TSC_MHz	IPC	IRQ	SMI	POLL	C1	C1E	C6	POLL%	C1%	C1E%	C6%	CPU%c1	CPU%c6	CoreTmp	PkgTmp	Pkg%pc2	Pkg%pc6	PkgWatt	RAMWatt	PKG_%	RAM_%
-	-	-	40	1.40	2873	2094	1.83	7700	0	35	18	532	6524	0.00	0.00	0.10	98.48	1.34	97.26	51	51	45.47	0.00	162.53	9.67	0.00	0.00
0	0	0	8	0.85	949	2095	0.83	151	0	0	0	3	309	0.00	0.00	0.03	99.16	0.31	98.84	42	51	0.00	0.00	89.01	6.22	0.00	0.00
Package	Core	CPU	Avg_MHz	Busy%	Bzy_MHz	TSC_MHz	IPC	IRQ	SMI	POLL	C1	C1E	C6	POLL%	C1%	C1E%	C6%	CPU%c1	CPU%c6	CoreTmp	PkgTmp	Pkg%pc2	Pkg%pc6	PkgWatt	RAMWatt	PKG_%	RAM_%
-	-	-	27	0.91	2996	2090	1.27	5094	0	0	1	459	4457	0.00	0.00	0.08	98.80	1.07	98.02	41	41	42.08	12.97	138.50	9.46	0.00	0.00
0	0	0	5	0.63	800	2095	1.25	170	0	0	0	4	289	0.00	0.00	0.03	99.38	0.25	99.12	39	41	5.61	12.97	75.57	5.88	0.00	0.00
Package	Core	CPU	Avg_MHz	Busy%	Bzy_MHz	TSC_MHz	IPC	IRQ	SMI	POLL	C1	C1E	C6	POLL%	C1%	C1E%	C6%	CPU%c1	CPU%c6	CoreTmp	PkgTmp	Pkg%pc2	Pkg%pc6	PkgWatt	RAMWatt	PKG_%	RAM_%
-	-	-	36	1.10	3223	2101	3.15	5436	0	0	0	106	4775	0.00	0.00	0.01	99.15	1.14	97.76	53	53	48.59	0.00	160.40	10.07	0.00	0.00
0	0	0	3	0.36	800	2095	0.84	123	0	0	0	0	201	0.00	0.00	0.00	99.67	0.16	99.48	41	53	0.00	0.00	87.73	6.54	0.00	0.00
Package	Core	CPU	Avg_MHz	Busy%	Bzy_MHz	TSC_MHz	IPC	IRQ	SMI	POLL	C1	C1E	C6	POLL%	C1%	C1E%	C6%	CPU%c1	CPU%c6	CoreTmp	PkgTmp	Pkg%pc2	Pkg%pc6	PkgWatt	RAMWatt	PKG_%	RAM_%
-	-	-	36	1.13	3196	2095	2.91	5563	0	0	2	304	4812	0.00	0.00	0.08	98.79	1.30	97.57	47	47	47.10	0.00	162.37	10.01	0.00	0.00
0	0	0	8	1.06	803	2095	0.66	128	0	0	0	9	325	0.00	0.00	0.06	98.92	0.32	98.62	41	47	0.00	0.00	88.96	6.46	0.00	0.00
Package	Core	CPU	Avg_MHz	Busy%	Bzy_MHz	TSC_MHz	IPC	IRQ	SMI	POLL	C1	C1E	C6	POLL%	C1%	C1E%	C6%	CPU%c1	CPU%c6	CoreTmp	PkgTmp	Pkg%pc2	Pkg%pc6	PkgWatt	RAMWatt	PKG_%	RAM_%
-	-	-	37	1.23	2998	2095	1.04	6246	0	1	0	261	6398	0.00	0.00	0.03	98.75	1.31	97.46	47	47	48.91	0.00	159.93	9.59	0.00	0.00
0	0	0	36	4.44	801	2095	0.62	268	0	0	0	30	778	0.00	0.00	0.13	95.52	0.63	94.92	42	47	0.00	0.00	86.41	6.05	0.00	0.00
Package	Core	CPU	Avg_MHz	Busy%	Bzy_MHz	TSC_MHz	IPC	IRQ	SMI	POLL	C1	C1E	C6	POLL%	C1%	C1E%	C6%	CPU%c1	CPU%c6	CoreTmp	PkgTmp	Pkg%pc2	Pkg%pc6	PkgWatt	RAMWatt	PKG_%	RAM_%
-	-	-	37	1.23	3002	2095	1.04	6315	0	0	0	286	6318	0.00	0.00	0.03	98.75	1.33	97.44	48	48	48.48	0.00	159.87	9.61	0.00	0.00
0	0	0	36	4.54	801	2095	0.67	244	0	0	0	26	761	0.00	0.00	0.14	95.40	0.64	94.82	41	48	0.00	0.00	86.41	6.10	0.00	0.00
Package	Core	CPU	Avg_MHz	Busy%	Bzy_MHz	TSC_MHz	IPC	IRQ	SMI	POLL	C1	C1E	C6	POLL%	C1%	C1E%	C6%	CPU%c1	CPU%c6	CoreTmp	PkgTmp	Pkg%pc2	Pkg%pc6	PkgWatt	RAMWatt	PKG_%	RAM_%
-	-	-	37	1.23	3010	2095	1.04	5812	0	0	0	159	6045	0.00	0.00	0.01	98.77	1.29	97.48	48	48	48.78	0.00	159.84	9.66	0.00	0.00
0	0	0	34	4.22	800	2095	0.54	203	0	0	0	19	753	0.00	0.00	0.15	95.72	0.64	95.15	42	48	0.00	0.00	86.38	6.15	0.00	0.00
Package	Core	CPU	Avg_MHz	Busy%	Bzy_MHz	TSC_MHz	IPC	IRQ	SMI	POLL	C1	C1E	C6	POLL%	C1%	C1E%	C6%	CPU%c1	CPU%c6	CoreTmp	PkgTmp	Pkg%pc2	Pkg%pc6	PkgWatt	RAMWatt	PKG_%	RAM_%
-	-	-	37	1.23	3007	2095	1.04	6140	0	0	0	145	6285	0.00	0.00	0.01	98.77	1.28	97.49	48	48	48.93	0.00	159.86	9.69	0.00	0.00
0	0	0	35	4.37	801	2095	0.66	224	0	0	0	12	749	0.00	0.00	0.07	95.64	0.56	95.07	41	48	0.00	0.00	86.35	6.17	0.00	0.00
Package	Core	CPU	Avg_MHz	Busy%	Bzy_MHz	TSC_MHz	IPC	IRQ	SMI	POLL	C1	C1E	C6	POLL%	C1%	C1E%	C6%	CPU%c1	CPU%c6	CoreTmp	PkgTmp	Pkg%pc2	Pkg%pc6	PkgWatt	RAMWatt	PKG_%	RAM_%
-	-	-	37	1.23	3002	2095	1.04	6192	0	1	2	129	6395	0.00	0.00	0.01	98.76	1.30	97.47	48	48	48.46	0.00	159.79	9.63	0.00	0.00
0	0	0	35	4.33	800	2095	0.61	262	0	0	0	9	758	0.00	0.00	0.04	95.72	0.54	95.13	42	48	0.00	0.00	86.30	6.09	0.00	0.00
Package	Core	CPU	Avg_MHz	Busy%	Bzy_MHz	TSC_MHz	IPC	IRQ	SMI	POLL	C1	C1E	C6	POLL%	C1%	C1E%	C6%	CPU%c1	CPU%c6	CoreTmp	PkgTmp	Pkg%pc2	Pkg%pc6	PkgWatt	RAMWatt	PKG_%	RAM_%
-	-	-	28	0.94	2966	2093	1.04	5755	0	0	0	268	5844	0.00	0.00	0.03	98.96	1.02	98.04	42	41	42.55	17.69	140.46	9.03	0.00	0.00
0	0	0	26	3.27	801	2095	0.62	203	0	0	0	17	587	0.00	0.00	0.11	96.69	0.50	96.23	40	41	6.84	17.68	75.56	5.40	0.00	0.00
