turbostat version 21.05.04 - Len Brown <lenb@kernel.org>
CPUID(0): GenuineIntel 0x1b CPUID levels
CPUID(1): family:model:stepping 0x6:6a:6 (6:106:6) microcode 0xd000404
CPUID(0x80000000): max_extended_levels: 0x80000008
CPUID(1): SSE3 MONITOR SMX EIST TM2 TSC MSR ACPI-TM HT TM
CPUID(6): APERF, TURBO, DTS, PTM, HWP, No-HWPnotify, HWPwindow, No-HWPepp, HWPpkg, EPB
cpu3: MSR_IA32_MISC_ENABLE: 0x00850089 (TCC EIST MWAIT PREFETCH TURBO)
CPUID(7): SGX
cpu3: MSR_IA32_FEATURE_CONTROL: 0x0000ff03 (Locked )
CPUID(0x15): eax_crystal: 2 ebx_tsc: 168 ecx_crystal_hz: 0
CPUID(0x16): base_mhz: 2100 max_mhz: 3400 bus_mhz: 100
cpu3: MSR_MISC_PWR_MGMT: 0x00402040 (ENable-EIST_Coordination DISable-EPB DISable-OOB)
RAPL: 1589 sec. Joule Counter Range, at 165 Watts
cpu3: MSR_PLATFORM_INFO: 0x8008082ff2811500
8 * 100.0 = 800.0 MHz max efficiency frequency
21 * 100.0 = 2100.0 MHz base frequency
cpu3: MSR_IA32_POWER_CTL: 0x1e00a40059 (C1E auto-promotion: DISabled)
C-state Pre-wake: ENabled
cpu3: MSR_TURBO_RATIO_LIMIT: 0x1a1a1a1a1b1e2022
cpu3: MSR_TURBO_RATIO_LIMIT1: 0x1818181614100e0c
26 * 100.0 = 2600.0 MHz max turbo 24 active cores
26 * 100.0 = 2600.0 MHz max turbo 24 active cores
26 * 100.0 = 2600.0 MHz max turbo 24 active cores
26 * 100.0 = 2600.0 MHz max turbo 22 active cores
27 * 100.0 = 2700.0 MHz max turbo 20 active cores
30 * 100.0 = 3000.0 MHz max turbo 16 active cores
32 * 100.0 = 3200.0 MHz max turbo 14 active cores
34 * 100.0 = 3400.0 MHz max turbo 12 active cores
cpu3: MSR_CONFIG_TDP_NOMINAL: 0x00000015 (base_ratio=21)
cpu3: MSR_CONFIG_TDP_LEVEL_1: 0x16413a800130528 (PKG_MIN_PWR_LVL1=356 PKG_MAX_PWR_LVL1=5032 LVL1_RATIO=19 PKG_TDP_LVL1=1320)
cpu3: MSR_CONFIG_TDP_LEVEL_2: 0x16413a8000f0528 (PKG_MIN_PWR_LVL2=356 PKG_MAX_PWR_LVL2=5032 LVL2_RATIO=15 PKG_TDP_LVL2=1320)
cpu3: MSR_CONFIG_TDP_CONTROL: 0x00000000 ( lock=0)
cpu3: MSR_TURBO_ACTIVATION_RATIO: 0x00000000 (MAX_NON_TURBO_RATIO=0 lock=0)
cpu3: MSR_PKG_CST_CONFIG_CONTROL: 0x00008402 (locked, pkg-cstate-limit=2 (pc6), automatic c-state conversion=off)
/dev/cpu_dma_latency: 2000000000 usec (default)
current_driver: intel_idle
current_governor: menu
current_governor_ro: menu
cpu3: POLL: CPUIDLE CORE POLL IDLE
cpu3: C1: MWAIT 0x00
cpu3: C1E: MWAIT 0x01
cpu3: C6: MWAIT 0x20
cpu3: cpufreq driver: intel_pstate
cpu3: cpufreq governor: powersave
cpufreq intel_pstate no_turbo: 0
cpu3: MSR_MISC_FEATURE_CONTROL: 0x00000000 (L2-Prefetch L2-Prefetch-pair L1-Prefetch L1-IP-Prefetch)
cpu0: MSR_PM_ENABLE: 0x00000001 (HWP)
cpu0: MSR_HWP_CAPABILITIES: 0x08081522 (high 34 guar 21 eff 8 low 8)
cpu0: MSR_HWP_REQUEST: 0x80002208 (min 8 max 34 des 0 epp 0x80 window 0x0 pkg 0x0)
cpu0: MSR_HWP_REQUEST_PKG: 0x8000ff00 (min 0 max 255 des 0 epp 0x80 window 0x0)
cpu0: MSR_HWP_STATUS: 0x00000004 (No-Guaranteed_Perf_Change, Excursion_Min)
cpu24: MSR_PM_ENABLE: 0x00000001 (HWP)
cpu24: MSR_HWP_CAPABILITIES: 0x08081522 (high 34 guar 21 eff 8 low 8)
cpu24: MSR_HWP_REQUEST: 0x80002208 (min 8 max 34 des 0 epp 0x80 window 0x0 pkg 0x0)
cpu24: MSR_HWP_REQUEST_PKG: 0x8000ff00 (min 0 max 255 des 0 epp 0x80 window 0x0)
cpu24: MSR_HWP_STATUS: 0x00000004 (No-Guaranteed_Perf_Change, Excursion_Min)
cpu0: EPB: 6 (balanced)
cpu24: EPB: 6 (balanced)
cpu0: MSR_RAPL_POWER_UNIT: 0x000a0e03 (0.125000 Watts, 0.000061 Joules, 0.000977 sec.)
cpu0: MSR_PKG_POWER_INFO: 0xf13a802c80528 (165 W TDP, RAPL 89 - 629 W, 0.014648 sec.)
cpu0: MSR_PKG_POWER_LIMIT: 0x15863000158528 (UNlocked)
cpu0: PKG Limit #1: ENabled (165.000000 Watts, 1.000000 sec, clamp ENabled)
cpu0: PKG Limit #2: ENabled (198.000000 Watts, 1.000000* sec, clamp ENabled)
cpu0: MSR_DRAM_POWER_INFO,: 0x8028015600490150 (42 W TDP, RAPL 9 - 43 W, 0.039062 sec.)
cpu0: MSR_DRAM_POWER_LIMIT: 0x00000000 (UNlocked)
cpu0: DRAM Limit: DISabled (0.000000 Watts, 0.000977 sec, clamp DISabled)
cpu24: MSR_RAPL_POWER_UNIT: 0x000a0e03 (0.125000 Watts, 0.000061 Joules, 0.000977 sec.)
cpu24: MSR_PKG_POWER_INFO: 0xf13a802c80528 (165 W TDP, RAPL 89 - 629 W, 0.014648 sec.)
cpu24: MSR_PKG_POWER_LIMIT: 0x15863000158528 (UNlocked)
cpu24: PKG Limit #1: ENabled (165.000000 Watts, 1.000000 sec, clamp ENabled)
cpu24: PKG Limit #2: ENabled (198.000000 Watts, 1.000000* sec, clamp ENabled)
cpu24: MSR_DRAM_POWER_INFO,: 0x8028015600490150 (42 W TDP, RAPL 9 - 43 W, 0.039062 sec.)
cpu24: MSR_DRAM_POWER_LIMIT: 0x00000000 (UNlocked)
cpu24: DRAM Limit: DISabled (0.000000 Watts, 0.000977 sec, clamp DISabled)
cpu0: MSR_IA32_TEMPERATURE_TARGET: 0x80650a00 (101 C)
cpu24: MSR_IA32_TEMPERATURE_TARGET: 0x80650a00 (101 C)
cpu0: MSR_IA32_PACKAGE_THERM_STATUS: 0x883a0800 (43 C)
cpu0: MSR_IA32_PACKAGE_THERM_INTERRUPT: 0x00000003 (101 C, 101 C)
cpu24: MSR_IA32_PACKAGE_THERM_STATUS: 0x883d0800 (40 C)
cpu24: MSR_IA32_PACKAGE_THERM_INTERRUPT: 0x00000003 (101 C, 101 C)
cpu3: MSR_PKGC3_IRTL: 0x00000000 (NOTvalid, 0 ns)
cpu3: MSR_PKGC6_IRTL: 0x00000000 (NOTvalid, 0 ns)
cpu3: MSR_PKGC7_IRTL: 0x00000000 (NOTvalid, 0 ns)
Package	Core	CPU	Avg_MHz	Busy%	Bzy_MHz	TSC_MHz	IPC	IRQ	SMI	POLL	C1	C1E	C6	POLL%	C1%	C1E%	C6%	CPU%c1	CPU%c6	CoreTmp	PkgTmp	Pkg%pc2	Pkg%pc6	PkgWatt	RAMWatt	PKG_%	RAM_%
-	-	-	30	1.74	1758	2095	0.64	18896	0	26	139	6057	14033	0.00	0.01	0.39	97.90	1.94	96.32	43	43	29.99	28.13	98.54	8.03	0.00	0.00
0	0	0	1095	50.37	2179	2095	0.69	815	0	0	0	76	208	0.00	0.00	0.33	49.33	0.64	48.99	41	43	8.82	28.12	52.50	4.44	0.00	0.00
Package	Core	CPU	Avg_MHz	Busy%	Bzy_MHz	TSC_MHz	IPC	IRQ	SMI	POLL	C1	C1E	C6	POLL%	C1%	C1E%	C6%	CPU%c1	CPU%c6	CoreTmp	PkgTmp	Pkg%pc2	Pkg%pc6	PkgWatt	RAMWatt	PKG_%	RAM_%
-	-	-	33	1.47	2218	2095	1.61	14425	0	125	105	6300	9813	0.00	0.00	0.33	98.24	1.93	96.60	53	53	39.61	13.18	126.53	8.07	0.00	0.00
0	0	0	19	1.16	1634	2095	0.47	144	0	0	0	72	254	0.00	0.00	0.25	98.63	1.15	97.70	44	53	4.79	13.17	67.91	4.50	0.00	0.00
Package	Core	CPU	Avg_MHz	Busy%	Bzy_MHz	TSC_MHz	IPC	IRQ	SMI	POLL	C1	C1E	C6	POLL%	C1%	C1E%	C6%	CPU%c1	CPU%c6	CoreTmp	PkgTmp	Pkg%pc2	Pkg%pc6	PkgWatt	RAMWatt	PKG_%	RAM_%
-	-	-	51	2.03	2494	2095	1.66	17281	0	95	350	23757	11164	0.00	0.00	0.47	97.52	2.41	95.56	54	54	41.80	0.00	163.96	9.74	0.00	0.00
0	0	0	29	2.13	1353	2095	0.73	284	0	0	1	598	413	0.00	0.00	0.66	97.28	1.04	96.83	44	54	0.00	0.00	89.68	6.24	0.00	0.00
Package	Core	CPU	Avg_MHz	Busy%	Bzy_MHz	TSC_MHz	IPC	IRQ	SMI	POLL	C1	C1E	C6	POLL%	C1%	C1E%	C6%	CPU%c1	CPU%c6	CoreTmp	PkgTmp	Pkg%pc2	Pkg%pc6	PkgWatt	RAMWatt	PKG_%	RAM_%
-	-	-	41	1.44	2843	2095	1.83	8611	0	40	7	593	7225	0.00	0.00	0.10	98.48	1.34	97.22	53	53	45.41	0.00	162.89	9.68	0.00	0.00
0	0	0	9	0.84	1062	2095	0.78	185	0	0	0	2	318	0.00	0.00	0.02	99.18	0.35	98.81	43	53	0.00	0.00	89.06	6.24	0.00	0.00
Package	Core	CPU	Avg_MHz	Busy%	Bzy_MHz	TSC_MHz	IPC	IRQ	SMI	POLL	C1	C1E	C6	POLL%	C1%	C1E%	C6%	CPU%c1	CPU%c6	CoreTmp	PkgTmp	Pkg%pc2	Pkg%pc6	PkgWatt	RAMWatt	PKG_%	RAM_%
-	-	-	32	1.07	3036	2093	1.41	4841	0	0	1	417	3939	0.00	0.00	0.07	98.78	1.23	97.70	54	54	45.34	1.76	149.59	9.84	0.00	0.00
0	0	0	4	0.48	800	2095	1.09	128	0	0	0	2	251	0.00	0.00	0.01	99.54	0.21	99.31	43	54	1.06	1.76	81.69	6.41	0.00	0.00
Package	Core	CPU	Avg_MHz	Busy%	Bzy_MHz	TSC_MHz	IPC	IRQ	SMI	POLL	C1	C1E	C6	POLL%	C1%	C1E%	C6%	CPU%c1	CPU%c6	CoreTmp	PkgTmp	Pkg%pc2	Pkg%pc6	PkgWatt	RAMWatt	PKG_%	RAM_%
-	-	-	36	1.10	3274	2094	3.43	5005	0	0	1	119	4253	0.00	0.00	0.02	98.85	1.15	97.75	55	55	47.91	0.00	163.04	10.00	0.00	0.00
0	0	0	3	0.33	800	2095	0.91	103	0	0	0	3	203	0.00	0.00	0.01	99.69	0.16	99.51	43	55	0.00	0.00	89.52	6.54	0.00	0.00
Package	Core	CPU	Avg_MHz	Busy%	Bzy_MHz	TSC_MHz	IPC	IRQ	SMI	POLL	C1	C1E	C6	POLL%	C1%	C1E%	C6%	CPU%c1	CPU%c6	CoreTmp	PkgTmp	Pkg%pc2	Pkg%pc6	PkgWatt	RAMWatt	PKG_%	RAM_%
-	-	-	36	1.15	3154	2095	2.41	5374	0	0	12	293	4866	0.00	0.00	0.05	98.81	1.28	97.57	49	49	46.96	0.00	161.89	9.73	0.00	0.00
0	0	0	15	1.89	800	2095	0.66	195	0	0	0	18	454	0.00	0.00	0.08	98.09	0.39	97.73	43	49	0.00	0.00	88.28	6.33	0.00	0.00
Package	Core	CPU	Avg_MHz	Busy%	Bzy_MHz	TSC_MHz	IPC	IRQ	SMI	POLL	C1	C1E	C6	POLL%	C1%	C1E%	C6%	CPU%c1	CPU%c6	CoreTmp	PkgTmp	Pkg%pc2	Pkg%pc6	PkgWatt	RAMWatt	PKG_%	RAM_%
-	-	-	37	1.22	3014	2098	1.04	6051	0	0	4	359	6051	0.00	0.00	0.04	98.88	1.35	97.43	49	49	47.43	0.00	160.28	9.50	0.00	0.00
0	0	0	31	3.87	801	2095	0.61	264	0	0	1	25	783	0.00	0.00	0.14	96.08	0.64	95.49	43	49	0.00	0.00	86.43	6.06	0.00	0.00
Package	Core	CPU	Avg_MHz	Busy%	Bzy_MHz	TSC_MHz	IPC	IRQ	SMI	POLL	C1	C1E	C6	POLL%	C1%	C1E%	C6%	CPU%c1	CPU%c6	CoreTmp	PkgTmp	Pkg%pc2	Pkg%pc6	PkgWatt	RAMWatt	PKG_%	RAM_%
-	-	-	37	1.23	3014	2095	1.04	6099	0	0	0	271	6060	0.00	0.00	0.02	98.76	1.30	97.48	49	49	48.37	0.00	159.89	9.46	0.00	0.00
0	0	0	31	3.89	801	2095	0.62	240	0	0	0	14	754	0.00	0.00	0.06	96.14	0.54	95.57	43	49	0.00	0.00	86.37	6.02	0.00	0.00
Package	Core	CPU	Avg_MHz	Busy%	Bzy_MHz	TSC_MHz	IPC	IRQ	SMI	POLL	C1	C1E	C6	POLL%	C1%	C1E%	C6%	CPU%c1	CPU%c6	CoreTmp	PkgTmp	Pkg%pc2	Pkg%pc6	PkgWatt	RAMWatt	PKG_%	RAM_%
-	-	-	37	1.23	3003	2093	1.04	6056	0	0	0	172	6192	0.00	0.00	0.01	98.68	1.29	97.48	49	50	48.70	0.00	159.65	9.52	0.00	0.00
0	0	0	32	3.98	800	2095	0.60	236	0	0	0	28	782	0.00	0.00	0.15	95.96	0.64	95.38	43	50	0.00	0.00	86.39	6.08	0.00	0.00
Package	Core	CPU	Avg_MHz	Busy%	Bzy_MHz	TSC_MHz	IPC	IRQ	SMI	POLL	C1	C1E	C6	POLL%	C1%	C1E%	C6%	CPU%c1	CPU%c6	CoreTmp	PkgTmp	Pkg%pc2	Pkg%pc6	PkgWatt	RAMWatt	PKG_%	RAM_%
-	-	-	37	1.24	2996	2096	1.04	6080	0	0	1	173	6764	0.00	0.00	0.01	98.82	1.30	97.46	50	50	48.58	0.00	160.17	9.46	0.00	0.00
0	0	0	34	4.26	801	2095	0.61	239	0	0	0	28	774	0.00	0.00	0.15	95.68	0.65	95.08	43	50	0.00	0.00	86.42	6.03	0.00	0.00
Package	Core	CPU	Avg_MHz	Busy%	Bzy_MHz	TSC_MHz	IPC	IRQ	SMI	POLL	C1	C1E	C6	POLL%	C1%	C1E%	C6%	CPU%c1	CPU%c6	CoreTmp	PkgTmp	Pkg%pc2	Pkg%pc6	PkgWatt	RAMWatt	PKG_%	RAM_%
-	-	-	37	1.23	3004	2096	1.04	6248	0	0	0	193	6122	0.00	0.00	0.03	98.78	1.32	97.45	50	50	47.82	0.00	160.37	9.40	0.00	0.00
0	0	0	34	4.31	800	2095	0.55	240	0	0	0	16	742	0.00	0.00	0.09	95.69	0.56	95.13	44	50	0.00	0.00	86.44	6.03	0.00	0.00
