turbostat version 21.05.04 - Len Brown <lenb@kernel.org>
CPUID(0): GenuineIntel 0x1b CPUID levels
CPUID(1): family:model:stepping 0x6:6a:6 (6:106:6) microcode 0xd000404
CPUID(0x80000000): max_extended_levels: 0x80000008
CPUID(1): SSE3 MONITOR SMX EIST TM2 TSC MSR ACPI-TM HT TM
CPUID(6): APERF, TURBO, DTS, PTM, HWP, No-HWPnotify, HWPwindow, No-HWPepp, HWPpkg, EPB
cpu51: MSR_IA32_MISC_ENABLE: 0x00850089 (TCC EIST MWAIT PREFETCH TURBO)
CPUID(7): SGX
cpu51: MSR_IA32_FEATURE_CONTROL: 0x0000ff03 (Locked )
CPUID(0x15): eax_crystal: 2 ebx_tsc: 168 ecx_crystal_hz: 0
CPUID(0x16): base_mhz: 2100 max_mhz: 3400 bus_mhz: 100
cpu51: MSR_MISC_PWR_MGMT: 0x00402040 (ENable-EIST_Coordination DISable-EPB DISable-OOB)
RAPL: 1589 sec. Joule Counter Range, at 165 Watts
cpu51: MSR_PLATFORM_INFO: 0x8008082ff2811500
8 * 100.0 = 800.0 MHz max efficiency frequency
21 * 100.0 = 2100.0 MHz base frequency
cpu51: MSR_IA32_POWER_CTL: 0x1e00a40059 (C1E auto-promotion: DISabled)
C-state Pre-wake: ENabled
cpu51: MSR_TURBO_RATIO_LIMIT: 0x1a1a1a1a1b1e2022
cpu51: MSR_TURBO_RATIO_LIMIT1: 0x1818181614100e0c
26 * 100.0 = 2600.0 MHz max turbo 24 active cores
26 * 100.0 = 2600.0 MHz max turbo 24 active cores
26 * 100.0 = 2600.0 MHz max turbo 24 active cores
26 * 100.0 = 2600.0 MHz max turbo 22 active cores
27 * 100.0 = 2700.0 MHz max turbo 20 active cores
30 * 100.0 = 3000.0 MHz max turbo 16 active cores
32 * 100.0 = 3200.0 MHz max turbo 14 active cores
34 * 100.0 = 3400.0 MHz max turbo 12 active cores
cpu51: MSR_CONFIG_TDP_NOMINAL: 0x00000015 (base_ratio=21)
cpu51: MSR_CONFIG_TDP_LEVEL_1: 0x16413a800130528 (PKG_MIN_PWR_LVL1=356 PKG_MAX_PWR_LVL1=5032 LVL1_RATIO=19 PKG_TDP_LVL1=1320)
cpu51: MSR_CONFIG_TDP_LEVEL_2: 0x16413a8000f0528 (PKG_MIN_PWR_LVL2=356 PKG_MAX_PWR_LVL2=5032 LVL2_RATIO=15 PKG_TDP_LVL2=1320)
cpu51: MSR_CONFIG_TDP_CONTROL: 0x00000000 ( lock=0)
cpu51: MSR_TURBO_ACTIVATION_RATIO: 0x00000000 (MAX_NON_TURBO_RATIO=0 lock=0)
cpu51: MSR_PKG_CST_CONFIG_CONTROL: 0x00008402 (locked, pkg-cstate-limit=2 (pc6), automatic c-state conversion=off)
/dev/cpu_dma_latency: 2000000000 usec (default)
current_driver: intel_idle
current_governor: menu
current_governor_ro: menu
cpu51: POLL: CPUIDLE CORE POLL IDLE
cpu51: C1: MWAIT 0x00
cpu51: C1E: MWAIT 0x01
cpu51: C6: MWAIT 0x20
cpu51: cpufreq driver: intel_pstate
cpu51: cpufreq governor: powersave
cpufreq intel_pstate no_turbo: 0
cpu51: MSR_MISC_FEATURE_CONTROL: 0x00000000 (L2-Prefetch L2-Prefetch-pair L1-Prefetch L1-IP-Prefetch)
cpu0: MSR_PM_ENABLE: 0x00000001 (HWP)
cpu0: MSR_HWP_CAPABILITIES: 0x08081522 (high 34 guar 21 eff 8 low 8)
cpu0: MSR_HWP_REQUEST: 0x80002208 (min 8 max 34 des 0 epp 0x80 window 0x0 pkg 0x0)
cpu0: MSR_HWP_REQUEST_PKG: 0x8000ff00 (min 0 max 255 des 0 epp 0x80 window 0x0)
cpu0: MSR_HWP_STATUS: 0x00000004 (No-Guaranteed_Perf_Change, Excursion_Min)
cpu24: MSR_PM_ENABLE: 0x00000001 (HWP)
cpu24: MSR_HWP_CAPABILITIES: 0x08081522 (high 34 guar 21 eff 8 low 8)
cpu24: MSR_HWP_REQUEST: 0x80002208 (min 8 max 34 des 0 epp 0x80 window 0x0 pkg 0x0)
cpu24: MSR_HWP_REQUEST_PKG: 0x8000ff00 (min 0 max 255 des 0 epp 0x80 window 0x0)
cpu24: MSR_HWP_STATUS: 0x00000004 (No-Guaranteed_Perf_Change, Excursion_Min)
cpu0: EPB: 6 (balanced)
cpu24: EPB: 6 (balanced)
cpu0: MSR_RAPL_POWER_UNIT: 0x000a0e03 (0.125000 Watts, 0.000061 Joules, 0.000977 sec.)
cpu0: MSR_PKG_POWER_INFO: 0xf13a802c80528 (165 W TDP, RAPL 89 - 629 W, 0.014648 sec.)
cpu0: MSR_PKG_POWER_LIMIT: 0x15863000158528 (UNlocked)
cpu0: PKG Limit #1: ENabled (165.000000 Watts, 1.000000 sec, clamp ENabled)
cpu0: PKG Limit #2: ENabled (198.000000 Watts, 1.000000* sec, clamp ENabled)
cpu0: MSR_DRAM_POWER_INFO,: 0x8028015600490150 (42 W TDP, RAPL 9 - 43 W, 0.039062 sec.)
cpu0: MSR_DRAM_POWER_LIMIT: 0x00000000 (UNlocked)
cpu0: DRAM Limit: DISabled (0.000000 Watts, 0.000977 sec, clamp DISabled)
cpu24: MSR_RAPL_POWER_UNIT: 0x000a0e03 (0.125000 Watts, 0.000061 Joules, 0.000977 sec.)
cpu24: MSR_PKG_POWER_INFO: 0xf13a802c80528 (165 W TDP, RAPL 89 - 629 W, 0.014648 sec.)
cpu24: MSR_PKG_POWER_LIMIT: 0x15863000158528 (UNlocked)
cpu24: PKG Limit #1: ENabled (165.000000 Watts, 1.000000 sec, clamp ENabled)
cpu24: PKG Limit #2: ENabled (198.000000 Watts, 1.000000* sec, clamp ENabled)
cpu24: MSR_DRAM_POWER_INFO,: 0x8028015600490150 (42 W TDP, RAPL 9 - 43 W, 0.039062 sec.)
cpu24: MSR_DRAM_POWER_LIMIT: 0x00000000 (UNlocked)
cpu24: DRAM Limit: DISabled (0.000000 Watts, 0.000977 sec, clamp DISabled)
cpu0: MSR_IA32_TEMPERATURE_TARGET: 0x80650a00 (101 C)
cpu24: MSR_IA32_TEMPERATURE_TARGET: 0x80650a00 (101 C)
cpu0: MSR_IA32_PACKAGE_THERM_STATUS: 0x88380800 (45 C)
cpu0: MSR_IA32_PACKAGE_THERM_INTERRUPT: 0x00000003 (101 C, 101 C)
cpu24: MSR_IA32_PACKAGE_THERM_STATUS: 0x883d0800 (40 C)
cpu24: MSR_IA32_PACKAGE_THERM_INTERRUPT: 0x00000003 (101 C, 101 C)
cpu51: MSR_PKGC3_IRTL: 0x00000000 (NOTvalid, 0 ns)
cpu51: MSR_PKGC6_IRTL: 0x00000000 (NOTvalid, 0 ns)
cpu51: MSR_PKGC7_IRTL: 0x00000000 (NOTvalid, 0 ns)
Package	Core	CPU	Avg_MHz	Busy%	Bzy_MHz	TSC_MHz	IPC	IRQ	SMI	POLL	C1	C1E	C6	POLL%	C1%	C1E%	C6%	CPU%c1	CPU%c6	CoreTmp	PkgTmp	Pkg%pc2	Pkg%pc6	PkgWatt	RAMWatt	PKG_%	RAM_%
-	-	-	32	1.78	1774	2096	0.62	19024	0	55	186	6298	13608	0.00	0.00	0.39	97.89	1.89	96.33	42	43	34.13	25.83	100.10	8.12	0.00	0.00
0	0	0	1093	49.55	2210	2095	0.68	796	0	0	0	48	199	0.00	0.00	0.33	50.15	0.80	49.65	41	43	11.23	25.80	53.06	4.38	0.00	0.00
Package	Core	CPU	Avg_MHz	Busy%	Bzy_MHz	TSC_MHz	IPC	IRQ	SMI	POLL	C1	C1E	C6	POLL%	C1%	C1E%	C6%	CPU%c1	CPU%c6	CoreTmp	PkgTmp	Pkg%pc2	Pkg%pc6	PkgWatt	RAMWatt	PKG_%	RAM_%
-	-	-	33	1.49	2217	2095	1.58	14822	0	46	143	8267	10230	0.00	0.01	0.37	98.13	1.97	96.54	54	53	41.48	13.13	126.66	8.18	0.00	0.00
0	0	0	19	1.46	1281	2095	0.80	196	0	1	0	51	332	0.00	0.00	0.31	98.27	4.98	93.56	44	53	6.52	13.14	68.25	4.50	0.00	0.00
Package	Core	CPU	Avg_MHz	Busy%	Bzy_MHz	TSC_MHz	IPC	IRQ	SMI	POLL	C1	C1E	C6	POLL%	C1%	C1E%	C6%	CPU%c1	CPU%c6	CoreTmp	PkgTmp	Pkg%pc2	Pkg%pc6	PkgWatt	RAMWatt	PKG_%	RAM_%
-	-	-	51	2.05	2479	2095	1.65	17821	0	72	598	23852	12605	0.00	0.01	0.61	97.36	2.55	95.40	54	54	44.91	0.00	163.94	9.76	0.00	0.00
0	0	0	28	2.21	1275	2095	0.86	312	0	0	65	641	490	0.00	0.01	0.85	97.02	3.61	94.19	44	54	0.00	0.00	89.71	6.18	0.00	0.00
Package	Core	CPU	Avg_MHz	Busy%	Bzy_MHz	TSC_MHz	IPC	IRQ	SMI	POLL	C1	C1E	C6	POLL%	C1%	C1E%	C6%	CPU%c1	CPU%c6	CoreTmp	PkgTmp	Pkg%pc2	Pkg%pc6	PkgWatt	RAMWatt	PKG_%	RAM_%
-	-	-	38	1.29	2973	2094	1.95	7368	0	50	18	447	6533	0.00	0.00	0.07	98.61	1.33	97.38	53	54	48.75	0.00	162.73	9.60	0.00	0.00
0	0	0	6	0.77	804	2095	1.12	180	0	0	0	4	331	0.00	0.00	0.04	99.23	0.49	98.74	44	54	0.00	0.00	89.13	6.09	0.00	0.00
Package	Core	CPU	Avg_MHz	Busy%	Bzy_MHz	TSC_MHz	IPC	IRQ	SMI	POLL	C1	C1E	C6	POLL%	C1%	C1E%	C6%	CPU%c1	CPU%c6	CoreTmp	PkgTmp	Pkg%pc2	Pkg%pc6	PkgWatt	RAMWatt	PKG_%	RAM_%
-	-	-	33	1.08	3040	2094	1.40	5356	0	0	1	491	4554	0.00	0.00	0.09	98.80	1.27	97.65	54	55	47.93	1.73	150.08	9.81	0.00	0.00
0	0	0	4	0.46	800	2095	1.08	110	0	0	0	3	286	0.00	0.00	0.03	99.54	0.42	99.12	43	55	0.38	1.73	81.85	6.27	0.00	0.00
Package	Core	CPU	Avg_MHz	Busy%	Bzy_MHz	TSC_MHz	IPC	IRQ	SMI	POLL	C1	C1E	C6	POLL%	C1%	C1E%	C6%	CPU%c1	CPU%c6	CoreTmp	PkgTmp	Pkg%pc2	Pkg%pc6	PkgWatt	RAMWatt	PKG_%	RAM_%
-	-	-	36	1.10	3274	2094	3.42	5097	0	0	0	176	4328	0.00	0.00	0.04	98.82	1.19	97.72	55	54	48.68	0.00	163.00	10.04	0.00	0.00
0	0	0	3	0.35	800	2095	0.90	110	0	0	0	3	243	0.00	0.00	0.02	99.66	0.40	99.25	43	54	0.00	0.00	89.47	6.52	0.00	0.00
Package	Core	CPU	Avg_MHz	Busy%	Bzy_MHz	TSC_MHz	IPC	IRQ	SMI	POLL	C1	C1E	C6	POLL%	C1%	C1E%	C6%	CPU%c1	CPU%c6	CoreTmp	PkgTmp	Pkg%pc2	Pkg%pc6	PkgWatt	RAMWatt	PKG_%	RAM_%
-	-	-	36	1.15	3161	2098	2.43	5436	0	0	0	339	4924	0.00	0.00	0.04	98.97	1.24	97.61	49	49	48.52	0.00	162.00	9.86	0.00	0.00
0	0	0	14	1.74	800	2095	0.59	150	0	0	0	12	439	0.00	0.00	0.11	98.20	0.52	97.74	43	49	0.00	0.00	88.17	6.28	0.00	0.00
Package	Core	CPU	Avg_MHz	Busy%	Bzy_MHz	TSC_MHz	IPC	IRQ	SMI	POLL	C1	C1E	C6	POLL%	C1%	C1E%	C6%	CPU%c1	CPU%c6	CoreTmp	PkgTmp	Pkg%pc2	Pkg%pc6	PkgWatt	RAMWatt	PKG_%	RAM_%
-	-	-	37	1.23	3011	2095	1.04	6249	0	0	11	281	6313	0.00	0.00	0.04	98.74	1.34	97.43	48	49	48.21	0.00	160.76	9.51	0.00	0.00
0	0	0	31	3.87	801	2095	0.62	210	0	0	0	30	785	0.00	0.00	0.23	95.99	0.74	95.39	42	49	0.00	0.00	86.42	5.93	0.00	0.00
Package	Core	CPU	Avg_MHz	Busy%	Bzy_MHz	TSC_MHz	IPC	IRQ	SMI	POLL	C1	C1E	C6	POLL%	C1%	C1E%	C6%	CPU%c1	CPU%c6	CoreTmp	PkgTmp	Pkg%pc2	Pkg%pc6	PkgWatt	RAMWatt	PKG_%	RAM_%
-	-	-	37	1.23	3012	2095	1.04	6268	0	0	2	272	6307	0.00	0.00	0.02	98.76	1.30	97.48	48	49	48.99	0.00	160.03	9.48	0.00	0.00
0	0	0	31	3.87	801	2095	0.61	275	0	0	1	22	749	0.00	0.00	0.11	96.10	0.65	95.48	43	49	0.00	0.00	86.41	5.95	0.00	0.00
Package	Core	CPU	Avg_MHz	Busy%	Bzy_MHz	TSC_MHz	IPC	IRQ	SMI	POLL	C1	C1E	C6	POLL%	C1%	C1E%	C6%	CPU%c1	CPU%c6	CoreTmp	PkgTmp	Pkg%pc2	Pkg%pc6	PkgWatt	RAMWatt	PKG_%	RAM_%
-	-	-	37	1.22	3015	2095	1.04	5773	0	0	0	148	5982	0.00	0.00	0.01	98.77	1.28	97.50	49	49	48.94	0.00	159.96	9.45	0.00	0.00
0	0	0	31	3.88	800	2095	0.58	192	0	0	0	14	756	0.00	0.00	0.12	96.09	0.65	95.47	43	49	0.00	0.00	86.43	5.90	0.00	0.00
Package	Core	CPU	Avg_MHz	Busy%	Bzy_MHz	TSC_MHz	IPC	IRQ	SMI	POLL	C1	C1E	C6	POLL%	C1%	C1E%	C6%	CPU%c1	CPU%c6	CoreTmp	PkgTmp	Pkg%pc2	Pkg%pc6	PkgWatt	RAMWatt	PKG_%	RAM_%
-	-	-	37	1.22	3021	2095	1.04	5785	0	0	0	165	5897	0.00	0.00	0.02	98.77	1.30	97.48	50	50	48.91	0.00	160.02	9.57	0.00	0.00
0	0	0	31	3.91	800	2095	0.57	234	0	0	0	22	814	0.00	0.00	0.14	96.04	0.86	95.23	44	50	0.00	0.00	86.44	5.94	0.00	0.00
Package	Core	CPU	Avg_MHz	Busy%	Bzy_MHz	TSC_MHz	IPC	IRQ	SMI	POLL	C1	C1E	C6	POLL%	C1%	C1E%	C6%	CPU%c1	CPU%c6	CoreTmp	PkgTmp	Pkg%pc2	Pkg%pc6	PkgWatt	RAMWatt	PKG_%	RAM_%
-	-	-	37	1.23	2998	2095	1.04	5983	0	0	0	142	6158	0.00	0.00	0.01	98.76	1.30	97.47	50	50	49.06	0.00	160.06	9.47	0.00	0.00
0	0	0	36	4.56	802	2095	0.62	289	0	0	0	22	814	0.00	0.00	0.16	95.38	0.82	94.62	44	50	0.00	0.00	86.46	5.91	0.00	0.00
Package	Core	CPU	Avg_MHz	Busy%	Bzy_MHz	TSC_MHz	IPC	IRQ	SMI	POLL	C1	C1E	C6	POLL%	C1%	C1E%	C6%	CPU%c1	CPU%c6	CoreTmp	PkgTmp	Pkg%pc2	Pkg%pc6	PkgWatt	RAMWatt	PKG_%	RAM_%
-	-	-	22	0.78	2797	2095	1.11	6408	0	0	3	866	6397	0.00	0.00	0.05	99.16	0.90	98.31	44	44	35.06	32.74	123.83	8.36	0.00	0.00
0	0	0	74	5.18	1431	2095	1.17	280	0	0	0	8	527	0.00	0.00	0.05	94.84	0.66	94.16	42	44	4.99	32.74	66.47	4.67	0.00	0.00
