turbostat version 21.05.04 - Len Brown <lenb@kernel.org>
CPUID(0): GenuineIntel 0x1b CPUID levels
CPUID(1): family:model:stepping 0x6:6a:6 (6:106:6) microcode 0xd000404
CPUID(0x80000000): max_extended_levels: 0x80000008
CPUID(1): SSE3 MONITOR SMX EIST TM2 TSC MSR ACPI-TM HT TM
CPUID(6): APERF, TURBO, DTS, PTM, HWP, No-HWPnotify, HWPwindow, No-HWPepp, HWPpkg, EPB
cpu59: MSR_IA32_MISC_ENABLE: 0x00850089 (TCC EIST MWAIT PREFETCH TURBO)
CPUID(7): SGX
cpu59: MSR_IA32_FEATURE_CONTROL: 0x0000ff03 (Locked )
CPUID(0x15): eax_crystal: 2 ebx_tsc: 168 ecx_crystal_hz: 0
CPUID(0x16): base_mhz: 2100 max_mhz: 3400 bus_mhz: 100
cpu59: MSR_MISC_PWR_MGMT: 0x00402040 (ENable-EIST_Coordination DISable-EPB DISable-OOB)
RAPL: 1589 sec. Joule Counter Range, at 165 Watts
cpu59: MSR_PLATFORM_INFO: 0x8008082ff2811500
8 * 100.0 = 800.0 MHz max efficiency frequency
21 * 100.0 = 2100.0 MHz base frequency
cpu59: MSR_IA32_POWER_CTL: 0x1e00a40059 (C1E auto-promotion: DISabled)
C-state Pre-wake: ENabled
cpu59: MSR_TURBO_RATIO_LIMIT: 0x1a1a1a1a1b1e2022
cpu59: MSR_TURBO_RATIO_LIMIT1: 0x1818181614100e0c
26 * 100.0 = 2600.0 MHz max turbo 24 active cores
26 * 100.0 = 2600.0 MHz max turbo 24 active cores
26 * 100.0 = 2600.0 MHz max turbo 24 active cores
26 * 100.0 = 2600.0 MHz max turbo 22 active cores
27 * 100.0 = 2700.0 MHz max turbo 20 active cores
30 * 100.0 = 3000.0 MHz max turbo 16 active cores
32 * 100.0 = 3200.0 MHz max turbo 14 active cores
34 * 100.0 = 3400.0 MHz max turbo 12 active cores
cpu59: MSR_CONFIG_TDP_NOMINAL: 0x00000015 (base_ratio=21)
cpu59: MSR_CONFIG_TDP_LEVEL_1: 0x16413a800130528 (PKG_MIN_PWR_LVL1=356 PKG_MAX_PWR_LVL1=5032 LVL1_RATIO=19 PKG_TDP_LVL1=1320)
cpu59: MSR_CONFIG_TDP_LEVEL_2: 0x16413a8000f0528 (PKG_MIN_PWR_LVL2=356 PKG_MAX_PWR_LVL2=5032 LVL2_RATIO=15 PKG_TDP_LVL2=1320)
cpu59: MSR_CONFIG_TDP_CONTROL: 0x00000000 ( lock=0)
cpu59: MSR_TURBO_ACTIVATION_RATIO: 0x00000000 (MAX_NON_TURBO_RATIO=0 lock=0)
cpu59: MSR_PKG_CST_CONFIG_CONTROL: 0x00008402 (locked, pkg-cstate-limit=2 (pc6), automatic c-state conversion=off)
/dev/cpu_dma_latency: 2000000000 usec (default)
current_driver: intel_idle
current_governor: menu
current_governor_ro: menu
cpu59: POLL: CPUIDLE CORE POLL IDLE
cpu59: C1: MWAIT 0x00
cpu59: C1E: MWAIT 0x01
cpu59: C6: MWAIT 0x20
cpu59: cpufreq driver: intel_pstate
cpu59: cpufreq governor: powersave
cpufreq intel_pstate no_turbo: 0
cpu59: MSR_MISC_FEATURE_CONTROL: 0x00000000 (L2-Prefetch L2-Prefetch-pair L1-Prefetch L1-IP-Prefetch)
cpu0: MSR_PM_ENABLE: 0x00000001 (HWP)
cpu0: MSR_HWP_CAPABILITIES: 0x08081522 (high 34 guar 21 eff 8 low 8)
cpu0: MSR_HWP_REQUEST: 0x80002208 (min 8 max 34 des 0 epp 0x80 window 0x0 pkg 0x0)
cpu0: MSR_HWP_REQUEST_PKG: 0x8000ff00 (min 0 max 255 des 0 epp 0x80 window 0x0)
cpu0: MSR_HWP_STATUS: 0x00000004 (No-Guaranteed_Perf_Change, Excursion_Min)
cpu24: MSR_PM_ENABLE: 0x00000001 (HWP)
cpu24: MSR_HWP_CAPABILITIES: 0x08081522 (high 34 guar 21 eff 8 low 8)
cpu24: MSR_HWP_REQUEST: 0x80002208 (min 8 max 34 des 0 epp 0x80 window 0x0 pkg 0x0)
cpu24: MSR_HWP_REQUEST_PKG: 0x8000ff00 (min 0 max 255 des 0 epp 0x80 window 0x0)
cpu24: MSR_HWP_STATUS: 0x00000004 (No-Guaranteed_Perf_Change, Excursion_Min)
cpu0: EPB: 6 (balanced)
cpu24: EPB: 6 (balanced)
cpu0: MSR_RAPL_POWER_UNIT: 0x000a0e03 (0.125000 Watts, 0.000061 Joules, 0.000977 sec.)
cpu0: MSR_PKG_POWER_INFO: 0xf13a802c80528 (165 W TDP, RAPL 89 - 629 W, 0.014648 sec.)
cpu0: MSR_PKG_POWER_LIMIT: 0x15863000158528 (UNlocked)
cpu0: PKG Limit #1: ENabled (165.000000 Watts, 1.000000 sec, clamp ENabled)
cpu0: PKG Limit #2: ENabled (198.000000 Watts, 1.000000* sec, clamp ENabled)
cpu0: MSR_DRAM_POWER_INFO,: 0x8028015600490150 (42 W TDP, RAPL 9 - 43 W, 0.039062 sec.)
cpu0: MSR_DRAM_POWER_LIMIT: 0x00000000 (UNlocked)
cpu0: DRAM Limit: DISabled (0.000000 Watts, 0.000977 sec, clamp DISabled)
cpu24: MSR_RAPL_POWER_UNIT: 0x000a0e03 (0.125000 Watts, 0.000061 Joules, 0.000977 sec.)
cpu24: MSR_PKG_POWER_INFO: 0xf13a802c80528 (165 W TDP, RAPL 89 - 629 W, 0.014648 sec.)
cpu24: MSR_PKG_POWER_LIMIT: 0x15863000158528 (UNlocked)
cpu24: PKG Limit #1: ENabled (165.000000 Watts, 1.000000 sec, clamp ENabled)
cpu24: PKG Limit #2: ENabled (198.000000 Watts, 1.000000* sec, clamp ENabled)
cpu24: MSR_DRAM_POWER_INFO,: 0x8028015600490150 (42 W TDP, RAPL 9 - 43 W, 0.039062 sec.)
cpu24: MSR_DRAM_POWER_LIMIT: 0x00000000 (UNlocked)
cpu24: DRAM Limit: DISabled (0.000000 Watts, 0.000977 sec, clamp DISabled)
cpu0: MSR_IA32_TEMPERATURE_TARGET: 0x80650a00 (101 C)
cpu24: MSR_IA32_TEMPERATURE_TARGET: 0x80650a00 (101 C)
cpu0: MSR_IA32_PACKAGE_THERM_STATUS: 0x88390800 (44 C)
cpu0: MSR_IA32_PACKAGE_THERM_INTERRUPT: 0x00000003 (101 C, 101 C)
cpu24: MSR_IA32_PACKAGE_THERM_STATUS: 0x883d0800 (40 C)
cpu24: MSR_IA32_PACKAGE_THERM_INTERRUPT: 0x00000003 (101 C, 101 C)
cpu59: MSR_PKGC3_IRTL: 0x00000000 (NOTvalid, 0 ns)
cpu59: MSR_PKGC6_IRTL: 0x00000000 (NOTvalid, 0 ns)
cpu59: MSR_PKGC7_IRTL: 0x00000000 (NOTvalid, 0 ns)
Package	Core	CPU	Avg_MHz	Busy%	Bzy_MHz	TSC_MHz	IPC	IRQ	SMI	POLL	C1	C1E	C6	POLL%	C1%	C1E%	C6%	CPU%c1	CPU%c6	CoreTmp	PkgTmp	Pkg%pc2	Pkg%pc6	PkgWatt	RAMWatt	PKG_%	RAM_%
-	-	-	30	1.70	1755	2096	0.65	18900	0	18	89	9027	13901	0.00	0.00	0.43	97.92	2.02	96.28	42	43	30.59	29.16	99.64	8.05	0.00	0.00
0	0	0	1128	49.82	2269	2095	0.70	815	0	0	0	186	211	0.00	0.00	0.57	49.64	5.34	44.84	41	43	10.03	29.14	53.24	4.49	0.00	0.00
Package	Core	CPU	Avg_MHz	Busy%	Bzy_MHz	TSC_MHz	IPC	IRQ	SMI	POLL	C1	C1E	C6	POLL%	C1%	C1E%	C6%	CPU%c1	CPU%c6	CoreTmp	PkgTmp	Pkg%pc2	Pkg%pc6	PkgWatt	RAMWatt	PKG_%	RAM_%
-	-	-	33	1.48	2210	2094	1.59	13809	0	53	125	4183	10431	0.00	0.00	0.26	98.23	1.81	96.71	54	54	37.31	14.44	125.79	7.92	0.00	0.00
0	0	0	26	1.62	1598	2095	0.70	204	0	0	0	27	277	0.00	0.00	0.17	98.25	0.66	97.73	43	54	5.20	14.48	67.83	4.48	0.00	0.00
Package	Core	CPU	Avg_MHz	Busy%	Bzy_MHz	TSC_MHz	IPC	IRQ	SMI	POLL	C1	C1E	C6	POLL%	C1%	C1E%	C6%	CPU%c1	CPU%c6	CoreTmp	PkgTmp	Pkg%pc2	Pkg%pc6	PkgWatt	RAMWatt	PKG_%	RAM_%
-	-	-	51	2.05	2489	2096	1.63	17710	0	92	219	21865	12876	0.00	0.00	0.57	97.42	2.48	95.47	53	53	40.32	0.00	164.13	9.51	0.00	0.00
0	0	0	20	1.86	1092	2095	0.99	500	0	0	0	201	495	0.00	0.00	0.99	97.22	2.18	95.96	44	53	0.00	0.00	89.67	6.09	0.00	0.00
Package	Core	CPU	Avg_MHz	Busy%	Bzy_MHz	TSC_MHz	IPC	IRQ	SMI	POLL	C1	C1E	C6	POLL%	C1%	C1E%	C6%	CPU%c1	CPU%c6	CoreTmp	PkgTmp	Pkg%pc2	Pkg%pc6	PkgWatt	RAMWatt	PKG_%	RAM_%
-	-	-	41	1.42	2878	2096	1.81	7943	0	47	18	599	6503	0.00	0.00	0.07	98.56	1.30	97.28	53	54	46.52	0.00	162.87	9.40	0.00	0.00
0	0	0	10	0.95	1074	2095	0.75	364	0	0	0	194	319	0.00	0.00	0.54	98.57	0.78	98.28	44	54	0.00	0.00	89.02	6.01	0.00	0.00
Package	Core	CPU	Avg_MHz	Busy%	Bzy_MHz	TSC_MHz	IPC	IRQ	SMI	POLL	C1	C1E	C6	POLL%	C1%	C1E%	C6%	CPU%c1	CPU%c6	CoreTmp	PkgTmp	Pkg%pc2	Pkg%pc6	PkgWatt	RAMWatt	PKG_%	RAM_%
-	-	-	27	0.92	2972	2094	1.26	5136	0	0	2	503	4652	0.00	0.00	0.10	98.97	1.12	97.96	42	43	38.56	15.61	138.11	9.23	0.00	0.00
0	0	0	5	0.59	800	2095	1.19	282	0	0	0	120	285	0.00	0.00	0.20	99.25	0.43	98.98	41	43	2.84	15.64	75.18	5.79	0.00	0.00
Package	Core	CPU	Avg_MHz	Busy%	Bzy_MHz	TSC_MHz	IPC	IRQ	SMI	POLL	C1	C1E	C6	POLL%	C1%	C1E%	C6%	CPU%c1	CPU%c6	CoreTmp	PkgTmp	Pkg%pc2	Pkg%pc6	PkgWatt	RAMWatt	PKG_%	RAM_%
-	-	-	36	1.11	3211	2096	3.17	6622	0	0	0	161	5786	0.00	0.00	0.03	98.89	1.19	97.70	55	55	47.39	0.00	160.31	9.89	0.00	0.00
0	0	0	3	0.32	800	2095	0.81	126	0	0	0	3	202	0.00	0.00	0.02	99.68	0.19	99.49	43	55	0.00	0.00	87.72	6.48	0.00	0.00
Package	Core	CPU	Avg_MHz	Busy%	Bzy_MHz	TSC_MHz	IPC	IRQ	SMI	POLL	C1	C1E	C6	POLL%	C1%	C1E%	C6%	CPU%c1	CPU%c6	CoreTmp	PkgTmp	Pkg%pc2	Pkg%pc6	PkgWatt	RAMWatt	PKG_%	RAM_%
-	-	-	36	1.13	3201	2095	2.89	5494	0	1	27	219	4916	0.00	0.02	0.03	98.83	1.24	97.63	49	49	47.30	0.00	162.28	9.82	0.00	0.00
0	0	0	9	1.15	800	2095	0.70	152	0	0	0	4	336	0.00	0.00	0.02	98.87	0.29	98.56	43	49	0.00	0.00	88.75	6.40	0.00	0.00
Package	Core	CPU	Avg_MHz	Busy%	Bzy_MHz	TSC_MHz	IPC	IRQ	SMI	POLL	C1	C1E	C6	POLL%	C1%	C1E%	C6%	CPU%c1	CPU%c6	CoreTmp	PkgTmp	Pkg%pc2	Pkg%pc6	PkgWatt	RAMWatt	PKG_%	RAM_%
-	-	-	37	1.23	3009	2095	1.04	6463	0	0	1	359	6353	0.00	0.00	0.05	98.74	1.36	97.41	49	49	47.36	0.00	160.03	9.41	0.00	0.00
0	0	0	31	3.94	801	2095	0.63	255	0	0	1	15	779	0.00	0.00	0.07	96.09	0.57	95.50	42	49	0.00	0.00	86.38	6.00	0.00	0.00
Package	Core	CPU	Avg_MHz	Busy%	Bzy_MHz	TSC_MHz	IPC	IRQ	SMI	POLL	C1	C1E	C6	POLL%	C1%	C1E%	C6%	CPU%c1	CPU%c6	CoreTmp	PkgTmp	Pkg%pc2	Pkg%pc6	PkgWatt	RAMWatt	PKG_%	RAM_%
-	-	-	37	1.23	3009	2095	1.04	6341	0	0	1	331	6443	0.00	0.00	0.05	98.74	1.36	97.41	50	50	47.62	0.00	160.00	9.43	0.00	0.00
0	0	0	32	3.98	801	2095	0.63	304	0	0	0	71	792	0.00	0.00	0.18	95.94	0.71	95.31	43	50	0.00	0.00	86.38	6.03	0.00	0.00
Package	Core	CPU	Avg_MHz	Busy%	Bzy_MHz	TSC_MHz	IPC	IRQ	SMI	POLL	C1	C1E	C6	POLL%	C1%	C1E%	C6%	CPU%c1	CPU%c6	CoreTmp	PkgTmp	Pkg%pc2	Pkg%pc6	PkgWatt	RAMWatt	PKG_%	RAM_%
-	-	-	37	1.23	3012	2095	1.04	6114	0	0	0	271	6128	0.00	0.00	0.05	98.73	1.36	97.42	49	49	47.16	0.00	159.97	9.40	0.00	0.00
0	0	0	32	3.96	801	2095	0.60	267	0	0	0	15	758	0.00	0.00	0.07	96.06	0.56	95.48	43	49	0.00	0.00	86.41	5.95	0.00	0.00
Package	Core	CPU	Avg_MHz	Busy%	Bzy_MHz	TSC_MHz	IPC	IRQ	SMI	POLL	C1	C1E	C6	POLL%	C1%	C1E%	C6%	CPU%c1	CPU%c6	CoreTmp	PkgTmp	Pkg%pc2	Pkg%pc6	PkgWatt	RAMWatt	PKG_%	RAM_%
-	-	-	37	1.23	3006	2095	1.04	6018	0	0	0	178	6157	0.00	0.00	0.02	98.76	1.31	97.46	49	50	48.47	0.00	160.08	9.48	0.00	0.00
0	0	0	34	4.24	801	2095	0.58	242	0	0	0	22	736	0.00	0.00	0.13	95.71	0.61	95.15	43	50	0.00	0.00	86.45	5.99	0.00	0.00
Package	Core	CPU	Avg_MHz	Busy%	Bzy_MHz	TSC_MHz	IPC	IRQ	SMI	POLL	C1	C1E	C6	POLL%	C1%	C1E%	C6%	CPU%c1	CPU%c6	CoreTmp	PkgTmp	Pkg%pc2	Pkg%pc6	PkgWatt	RAMWatt	PKG_%	RAM_%
-	-	-	37	1.23	3011	2095	1.04	5735	0	0	1	133	6042	0.00	0.00	0.01	98.76	1.28	97.49	50	51	48.83	0.00	160.02	9.50	0.00	0.00
0	0	0	34	4.28	800	2095	0.56	208	0	0	0	14	750	0.00	0.00	0.09	95.71	0.56	95.15	43	51	0.00	0.00	86.48	6.00	0.00	0.00
Package	Core	CPU	Avg_MHz	Busy%	Bzy_MHz	TSC_MHz	IPC	IRQ	SMI	POLL	C1	C1E	C6	POLL%	C1%	C1E%	C6%	CPU%c1	CPU%c6	CoreTmp	PkgTmp	Pkg%pc2	Pkg%pc6	PkgWatt	RAMWatt	PKG_%	RAM_%
-	-	-	27	0.93	2963	2095	1.04	5553	0	0	4	255	5507	0.00	0.00	0.04	99.03	1.04	98.04	43	44	40.83	19.76	140.02	8.85	0.00	0.00
0	0	0	27	3.39	801	2095	0.65	212	0	0	0	5	618	0.00	0.00	0.03	96.65	0.47	96.14	42	44	5.27	19.74	75.26	5.30	0.00	0.00
