turbostat version 21.05.04 - Len Brown <lenb@kernel.org>
CPUID(0): GenuineIntel 0x1b CPUID levels
CPUID(1): family:model:stepping 0x6:6a:6 (6:106:6) microcode 0xd000404
CPUID(0x80000000): max_extended_levels: 0x80000008
CPUID(1): SSE3 MONITOR SMX EIST TM2 TSC MSR ACPI-TM HT TM
CPUID(6): APERF, TURBO, DTS, PTM, HWP, No-HWPnotify, HWPwindow, No-HWPepp, HWPpkg, EPB
cpu52: MSR_IA32_MISC_ENABLE: 0x00850089 (TCC EIST MWAIT PREFETCH TURBO)
CPUID(7): SGX
cpu52: MSR_IA32_FEATURE_CONTROL: 0x0000ff03 (Locked )
CPUID(0x15): eax_crystal: 2 ebx_tsc: 168 ecx_crystal_hz: 0
CPUID(0x16): base_mhz: 2100 max_mhz: 3400 bus_mhz: 100
cpu52: MSR_MISC_PWR_MGMT: 0x00402040 (ENable-EIST_Coordination DISable-EPB DISable-OOB)
RAPL: 1589 sec. Joule Counter Range, at 165 Watts
cpu52: MSR_PLATFORM_INFO: 0x8008082ff2811500
8 * 100.0 = 800.0 MHz max efficiency frequency
21 * 100.0 = 2100.0 MHz base frequency
cpu52: MSR_IA32_POWER_CTL: 0x1e00a40059 (C1E auto-promotion: DISabled)
C-state Pre-wake: ENabled
cpu52: MSR_TURBO_RATIO_LIMIT: 0x1a1a1a1a1b1e2022
cpu52: MSR_TURBO_RATIO_LIMIT1: 0x1818181614100e0c
26 * 100.0 = 2600.0 MHz max turbo 24 active cores
26 * 100.0 = 2600.0 MHz max turbo 24 active cores
26 * 100.0 = 2600.0 MHz max turbo 24 active cores
26 * 100.0 = 2600.0 MHz max turbo 22 active cores
27 * 100.0 = 2700.0 MHz max turbo 20 active cores
30 * 100.0 = 3000.0 MHz max turbo 16 active cores
32 * 100.0 = 3200.0 MHz max turbo 14 active cores
34 * 100.0 = 3400.0 MHz max turbo 12 active cores
cpu52: MSR_CONFIG_TDP_NOMINAL: 0x00000015 (base_ratio=21)
cpu52: MSR_CONFIG_TDP_LEVEL_1: 0x16413a800130528 (PKG_MIN_PWR_LVL1=356 PKG_MAX_PWR_LVL1=5032 LVL1_RATIO=19 PKG_TDP_LVL1=1320)
cpu52: MSR_CONFIG_TDP_LEVEL_2: 0x16413a8000f0528 (PKG_MIN_PWR_LVL2=356 PKG_MAX_PWR_LVL2=5032 LVL2_RATIO=15 PKG_TDP_LVL2=1320)
cpu52: MSR_CONFIG_TDP_CONTROL: 0x00000000 ( lock=0)
cpu52: MSR_TURBO_ACTIVATION_RATIO: 0x00000000 (MAX_NON_TURBO_RATIO=0 lock=0)
cpu52: MSR_PKG_CST_CONFIG_CONTROL: 0x00008402 (locked, pkg-cstate-limit=2 (pc6), automatic c-state conversion=off)
/dev/cpu_dma_latency: 2000000000 usec (default)
current_driver: intel_idle
current_governor: menu
current_governor_ro: menu
cpu52: POLL: CPUIDLE CORE POLL IDLE
cpu52: C1: MWAIT 0x00
cpu52: C1E: MWAIT 0x01
cpu52: C6: MWAIT 0x20
cpu52: cpufreq driver: intel_pstate
cpu52: cpufreq governor: powersave
cpufreq intel_pstate no_turbo: 0
cpu52: MSR_MISC_FEATURE_CONTROL: 0x00000000 (L2-Prefetch L2-Prefetch-pair L1-Prefetch L1-IP-Prefetch)
cpu0: MSR_PM_ENABLE: 0x00000001 (HWP)
cpu0: MSR_HWP_CAPABILITIES: 0x08081522 (high 34 guar 21 eff 8 low 8)
cpu0: MSR_HWP_REQUEST: 0x80002208 (min 8 max 34 des 0 epp 0x80 window 0x0 pkg 0x0)
cpu0: MSR_HWP_REQUEST_PKG: 0x8000ff00 (min 0 max 255 des 0 epp 0x80 window 0x0)
cpu0: MSR_HWP_STATUS: 0x00000004 (No-Guaranteed_Perf_Change, Excursion_Min)
cpu24: MSR_PM_ENABLE: 0x00000001 (HWP)
cpu24: MSR_HWP_CAPABILITIES: 0x08081522 (high 34 guar 21 eff 8 low 8)
cpu24: MSR_HWP_REQUEST: 0x80002208 (min 8 max 34 des 0 epp 0x80 window 0x0 pkg 0x0)
cpu24: MSR_HWP_REQUEST_PKG: 0x8000ff00 (min 0 max 255 des 0 epp 0x80 window 0x0)
cpu24: MSR_HWP_STATUS: 0x00000004 (No-Guaranteed_Perf_Change, Excursion_Min)
cpu0: EPB: 6 (balanced)
cpu24: EPB: 6 (balanced)
cpu0: MSR_RAPL_POWER_UNIT: 0x000a0e03 (0.125000 Watts, 0.000061 Joules, 0.000977 sec.)
cpu0: MSR_PKG_POWER_INFO: 0xf13a802c80528 (165 W TDP, RAPL 89 - 629 W, 0.014648 sec.)
cpu0: MSR_PKG_POWER_LIMIT: 0x15863000158528 (UNlocked)
cpu0: PKG Limit #1: ENabled (165.000000 Watts, 1.000000 sec, clamp ENabled)
cpu0: PKG Limit #2: ENabled (198.000000 Watts, 1.000000* sec, clamp ENabled)
cpu0: MSR_DRAM_POWER_INFO,: 0x8028015600490150 (42 W TDP, RAPL 9 - 43 W, 0.039062 sec.)
cpu0: MSR_DRAM_POWER_LIMIT: 0x00000000 (UNlocked)
cpu0: DRAM Limit: DISabled (0.000000 Watts, 0.000977 sec, clamp DISabled)
cpu24: MSR_RAPL_POWER_UNIT: 0x000a0e03 (0.125000 Watts, 0.000061 Joules, 0.000977 sec.)
cpu24: MSR_PKG_POWER_INFO: 0xf13a802c80528 (165 W TDP, RAPL 89 - 629 W, 0.014648 sec.)
cpu24: MSR_PKG_POWER_LIMIT: 0x15863000158528 (UNlocked)
cpu24: PKG Limit #1: ENabled (165.000000 Watts, 1.000000 sec, clamp ENabled)
cpu24: PKG Limit #2: ENabled (198.000000 Watts, 1.000000* sec, clamp ENabled)
cpu24: MSR_DRAM_POWER_INFO,: 0x8028015600490150 (42 W TDP, RAPL 9 - 43 W, 0.039062 sec.)
cpu24: MSR_DRAM_POWER_LIMIT: 0x00000000 (UNlocked)
cpu24: DRAM Limit: DISabled (0.000000 Watts, 0.000977 sec, clamp DISabled)
cpu0: MSR_IA32_TEMPERATURE_TARGET: 0x80650a00 (101 C)
cpu24: MSR_IA32_TEMPERATURE_TARGET: 0x80650a00 (101 C)
cpu0: MSR_IA32_PACKAGE_THERM_STATUS: 0x88390800 (44 C)
cpu0: MSR_IA32_PACKAGE_THERM_INTERRUPT: 0x00000003 (101 C, 101 C)
cpu24: MSR_IA32_PACKAGE_THERM_STATUS: 0x883e0800 (39 C)
cpu24: MSR_IA32_PACKAGE_THERM_INTERRUPT: 0x00000003 (101 C, 101 C)
cpu52: MSR_PKGC3_IRTL: 0x00000000 (NOTvalid, 0 ns)
cpu52: MSR_PKGC6_IRTL: 0x00000000 (NOTvalid, 0 ns)
cpu52: MSR_PKGC7_IRTL: 0x00000000 (NOTvalid, 0 ns)
Package	Core	CPU	Avg_MHz	Busy%	Bzy_MHz	TSC_MHz	IPC	IRQ	SMI	POLL	C1	C1E	C6	POLL%	C1%	C1E%	C6%	CPU%c1	CPU%c6	CoreTmp	PkgTmp	Pkg%pc2	Pkg%pc6	PkgWatt	RAMWatt	PKG_%	RAM_%
-	-	-	30	1.77	1722	2095	0.65	20154	0	4	222	7546	14735	0.00	0.01	0.38	97.88	1.88	96.35	41	42	32.76	26.80	96.58	8.22	0.00	0.00
0	0	0	1085	52.00	2091	2095	0.69	960	0	0	0	85	256	0.00	0.00	0.76	47.28	1.81	46.19	41	42	7.42	26.80	51.80	4.55	0.00	0.00
Package	Core	CPU	Avg_MHz	Busy%	Bzy_MHz	TSC_MHz	IPC	IRQ	SMI	POLL	C1	C1E	C6	POLL%	C1%	C1E%	C6%	CPU%c1	CPU%c6	CoreTmp	PkgTmp	Pkg%pc2	Pkg%pc6	PkgWatt	RAMWatt	PKG_%	RAM_%
-	-	-	31	1.38	2226	2096	1.68	13313	0	51	212	4332	9628	0.00	0.01	0.25	98.42	1.76	96.86	53	53	39.30	14.02	124.95	8.08	0.00	0.00
0	0	0	25	1.77	1408	2095	0.85	372	0	2	9	231	325	0.00	0.00	0.90	97.37	1.79	96.43	43	53	4.94	14.02	66.94	4.45	0.00	0.00
Package	Core	CPU	Avg_MHz	Busy%	Bzy_MHz	TSC_MHz	IPC	IRQ	SMI	POLL	C1	C1E	C6	POLL%	C1%	C1E%	C6%	CPU%c1	CPU%c6	CoreTmp	PkgTmp	Pkg%pc2	Pkg%pc6	PkgWatt	RAMWatt	PKG_%	RAM_%
-	-	-	50	2.01	2495	2094	1.68	18096	0	60	2179	12096	13268	0.00	0.02	0.43	97.53	2.33	95.66	53	53	44.02	0.00	163.61	9.78	0.00	0.00
0	0	0	27	2.31	1171	2095	0.94	317	0	0	104	296	491	0.00	0.03	0.44	97.29	1.05	96.64	43	53	0.00	0.00	89.67	6.20	0.00	0.00
Package	Core	CPU	Avg_MHz	Busy%	Bzy_MHz	TSC_MHz	IPC	IRQ	SMI	POLL	C1	C1E	C6	POLL%	C1%	C1E%	C6%	CPU%c1	CPU%c6	CoreTmp	PkgTmp	Pkg%pc2	Pkg%pc6	PkgWatt	RAMWatt	PKG_%	RAM_%
-	-	-	40	1.40	2888	2096	1.85	8239	0	5	3	498	7098	0.00	0.00	0.09	98.55	1.33	97.26	53	54	47.71	0.00	163.47	9.80	0.00	0.00
0	0	0	8	0.82	1026	2095	0.76	144	0	0	0	5	298	0.00	0.00	0.02	99.19	0.32	98.86	43	54	0.00	0.00	89.09	6.21	0.00	0.00
Package	Core	CPU	Avg_MHz	Busy%	Bzy_MHz	TSC_MHz	IPC	IRQ	SMI	POLL	C1	C1E	C6	POLL%	C1%	C1E%	C6%	CPU%c1	CPU%c6	CoreTmp	PkgTmp	Pkg%pc2	Pkg%pc6	PkgWatt	RAMWatt	PKG_%	RAM_%
-	-	-	33	1.09	3029	2094	1.44	5269	0	0	1	485	4412	0.00	0.00	0.10	98.75	1.30	97.61	54	54	47.28	1.32	151.00	9.99	0.00	0.00
0	0	0	4	0.49	800	2095	1.14	120	0	0	0	5	254	0.00	0.00	0.04	99.50	0.22	99.30	43	54	0.25	1.32	82.24	6.42	0.00	0.00
Package	Core	CPU	Avg_MHz	Busy%	Bzy_MHz	TSC_MHz	IPC	IRQ	SMI	POLL	C1	C1E	C6	POLL%	C1%	C1E%	C6%	CPU%c1	CPU%c6	CoreTmp	PkgTmp	Pkg%pc2	Pkg%pc6	PkgWatt	RAMWatt	PKG_%	RAM_%
-	-	-	36	1.09	3281	2097	3.42	4964	0	0	11	158	4181	0.00	0.00	0.03	98.97	1.16	97.75	55	55	48.67	0.00	163.11	10.15	0.00	0.00
0	0	0	2	0.28	800	2095	0.79	88	0	0	0	3	189	0.00	0.00	0.03	99.71	0.15	99.56	43	55	0.00	0.00	89.42	6.58	0.00	0.00
Package	Core	CPU	Avg_MHz	Busy%	Bzy_MHz	TSC_MHz	IPC	IRQ	SMI	POLL	C1	C1E	C6	POLL%	C1%	C1E%	C6%	CPU%c1	CPU%c6	CoreTmp	PkgTmp	Pkg%pc2	Pkg%pc6	PkgWatt	RAMWatt	PKG_%	RAM_%
-	-	-	36	1.16	3144	2095	2.40	5589	0	0	1	274	5110	0.00	0.00	0.04	98.81	1.25	97.59	49	49	48.38	0.00	161.70	9.83	0.00	0.00
0	0	0	17	2.06	807	2095	0.72	191	0	0	0	14	443	0.00	0.00	0.07	97.93	0.37	97.57	43	49	0.00	0.00	88.22	6.32	0.00	0.00
Package	Core	CPU	Avg_MHz	Busy%	Bzy_MHz	TSC_MHz	IPC	IRQ	SMI	POLL	C1	C1E	C6	POLL%	C1%	C1E%	C6%	CPU%c1	CPU%c6	CoreTmp	PkgTmp	Pkg%pc2	Pkg%pc6	PkgWatt	RAMWatt	PKG_%	RAM_%
-	-	-	37	1.23	3007	2095	1.04	6052	0	0	8	259	6110	0.00	0.01	0.03	98.75	1.33	97.44	49	49	48.07	0.00	159.87	9.52	0.00	0.00
0	0	0	35	4.39	800	2095	0.57	260	0	0	0	25	765	0.00	0.00	0.12	95.59	0.61	95.01	43	49	0.00	0.00	86.36	5.94	0.00	0.00
Package	Core	CPU	Avg_MHz	Busy%	Bzy_MHz	TSC_MHz	IPC	IRQ	SMI	POLL	C1	C1E	C6	POLL%	C1%	C1E%	C6%	CPU%c1	CPU%c6	CoreTmp	PkgTmp	Pkg%pc2	Pkg%pc6	PkgWatt	RAMWatt	PKG_%	RAM_%
-	-	-	37	1.24	2996	2095	1.04	6328	0	0	0	388	6255	0.00	0.00	0.05	98.72	1.37	97.39	49	49	48.03	0.00	159.89	9.55	0.00	0.00
0	0	0	36	4.46	801	2095	0.64	265	0	0	0	30	782	0.00	0.00	0.11	95.52	0.62	94.92	43	49	0.00	0.00	86.38	5.98	0.00	0.00
Package	Core	CPU	Avg_MHz	Busy%	Bzy_MHz	TSC_MHz	IPC	IRQ	SMI	POLL	C1	C1E	C6	POLL%	C1%	C1E%	C6%	CPU%c1	CPU%c6	CoreTmp	PkgTmp	Pkg%pc2	Pkg%pc6	PkgWatt	RAMWatt	PKG_%	RAM_%
-	-	-	37	1.23	3011	2095	1.04	5864	0	0	0	148	6049	0.00	0.00	0.01	98.77	1.28	97.49	49	50	48.68	0.00	159.87	9.57	0.00	0.00
0	0	0	34	4.24	801	2095	0.60	204	0	0	0	16	747	0.00	0.00	0.09	95.76	0.56	95.19	43	50	0.00	0.00	86.41	5.98	0.00	0.00
Package	Core	CPU	Avg_MHz	Busy%	Bzy_MHz	TSC_MHz	IPC	IRQ	SMI	POLL	C1	C1E	C6	POLL%	C1%	C1E%	C6%	CPU%c1	CPU%c6	CoreTmp	PkgTmp	Pkg%pc2	Pkg%pc6	PkgWatt	RAMWatt	PKG_%	RAM_%
-	-	-	37	1.23	3007	2095	1.04	6023	0	0	1	141	6196	0.00	0.00	0.02	98.76	1.30	97.47	49	49	48.37	0.00	159.95	9.53	0.00	0.00
0	0	0	34	4.29	801	2095	0.60	233	0	0	0	15	759	0.00	0.00	0.10	95.70	0.61	95.10	43	49	0.00	0.00	86.41	5.93	0.00	0.00
Package	Core	CPU	Avg_MHz	Busy%	Bzy_MHz	TSC_MHz	IPC	IRQ	SMI	POLL	C1	C1E	C6	POLL%	C1%	C1E%	C6%	CPU%c1	CPU%c6	CoreTmp	PkgTmp	Pkg%pc2	Pkg%pc6	PkgWatt	RAMWatt	PKG_%	RAM_%
-	-	-	37	1.23	3015	2095	1.04	5698	0	0	9	147	5845	0.00	0.00	0.01	98.77	1.28	97.49	50	50	48.72	0.00	159.97	9.53	0.00	0.00
0	0	0	34	4.27	801	2095	0.60	254	0	0	1	18	745	0.00	0.00	0.13	95.69	0.60	95.13	43	50	0.00	0.00	86.38	5.98	0.00	0.00
Package	Core	CPU	Avg_MHz	Busy%	Bzy_MHz	TSC_MHz	IPC	IRQ	SMI	POLL	C1	C1E	C6	POLL%	C1%	C1E%	C6%	CPU%c1	CPU%c6	CoreTmp	PkgTmp	Pkg%pc2	Pkg%pc6	PkgWatt	RAMWatt	PKG_%	RAM_%
-	-	-	21	0.77	2785	2095	1.12	6889	0	1	3	897	6698	0.00	0.00	0.08	99.15	0.96	98.27	43	43	37.00	29.91	124.75	8.47	0.00	0.00
0	0	0	20	2.55	802	2095	0.66	214	0	0	0	11	506	0.00	0.00	0.07	97.43	0.41	97.04	42	43	8.67	29.91	66.78	4.82	0.00	0.00
