turbostat version 21.05.04 - Len Brown <lenb@kernel.org>
CPUID(0): GenuineIntel 0x1b CPUID levels
CPUID(1): family:model:stepping 0x6:6a:6 (6:106:6) microcode 0xd000404
CPUID(0x80000000): max_extended_levels: 0x80000008
CPUID(1): SSE3 MONITOR SMX EIST TM2 TSC MSR ACPI-TM HT TM
CPUID(6): APERF, TURBO, DTS, PTM, HWP, No-HWPnotify, HWPwindow, No-HWPepp, HWPpkg, EPB
cpu65: MSR_IA32_MISC_ENABLE: 0x00850089 (TCC EIST MWAIT PREFETCH TURBO)
CPUID(7): SGX
cpu65: MSR_IA32_FEATURE_CONTROL: 0x0000ff03 (Locked )
CPUID(0x15): eax_crystal: 2 ebx_tsc: 168 ecx_crystal_hz: 0
CPUID(0x16): base_mhz: 2100 max_mhz: 3400 bus_mhz: 100
cpu65: MSR_MISC_PWR_MGMT: 0x00402040 (ENable-EIST_Coordination DISable-EPB DISable-OOB)
RAPL: 1589 sec. Joule Counter Range, at 165 Watts
cpu65: MSR_PLATFORM_INFO: 0x8008082ff2811500
8 * 100.0 = 800.0 MHz max efficiency frequency
21 * 100.0 = 2100.0 MHz base frequency
cpu65: MSR_IA32_POWER_CTL: 0x1e00a40059 (C1E auto-promotion: DISabled)
C-state Pre-wake: ENabled
cpu65: MSR_TURBO_RATIO_LIMIT: 0x1a1a1a1a1b1e2022
cpu65: MSR_TURBO_RATIO_LIMIT1: 0x1818181614100e0c
26 * 100.0 = 2600.0 MHz max turbo 24 active cores
26 * 100.0 = 2600.0 MHz max turbo 24 active cores
26 * 100.0 = 2600.0 MHz max turbo 24 active cores
26 * 100.0 = 2600.0 MHz max turbo 22 active cores
27 * 100.0 = 2700.0 MHz max turbo 20 active cores
30 * 100.0 = 3000.0 MHz max turbo 16 active cores
32 * 100.0 = 3200.0 MHz max turbo 14 active cores
34 * 100.0 = 3400.0 MHz max turbo 12 active cores
cpu65: MSR_CONFIG_TDP_NOMINAL: 0x00000015 (base_ratio=21)
cpu65: MSR_CONFIG_TDP_LEVEL_1: 0x16413a800130528 (PKG_MIN_PWR_LVL1=356 PKG_MAX_PWR_LVL1=5032 LVL1_RATIO=19 PKG_TDP_LVL1=1320)
cpu65: MSR_CONFIG_TDP_LEVEL_2: 0x16413a8000f0528 (PKG_MIN_PWR_LVL2=356 PKG_MAX_PWR_LVL2=5032 LVL2_RATIO=15 PKG_TDP_LVL2=1320)
cpu65: MSR_CONFIG_TDP_CONTROL: 0x00000000 ( lock=0)
cpu65: MSR_TURBO_ACTIVATION_RATIO: 0x00000000 (MAX_NON_TURBO_RATIO=0 lock=0)
cpu65: MSR_PKG_CST_CONFIG_CONTROL: 0x00008402 (locked, pkg-cstate-limit=2 (pc6), automatic c-state conversion=off)
/dev/cpu_dma_latency: 2000000000 usec (default)
current_driver: intel_idle
current_governor: menu
current_governor_ro: menu
cpu65: POLL: CPUIDLE CORE POLL IDLE
cpu65: C1: MWAIT 0x00
cpu65: C1E: MWAIT 0x01
cpu65: C6: MWAIT 0x20
cpu65: cpufreq driver: intel_pstate
cpu65: cpufreq governor: powersave
cpufreq intel_pstate no_turbo: 0
cpu65: MSR_MISC_FEATURE_CONTROL: 0x00000000 (L2-Prefetch L2-Prefetch-pair L1-Prefetch L1-IP-Prefetch)
cpu0: MSR_PM_ENABLE: 0x00000001 (HWP)
cpu0: MSR_HWP_CAPABILITIES: 0x08081522 (high 34 guar 21 eff 8 low 8)
cpu0: MSR_HWP_REQUEST: 0x80002208 (min 8 max 34 des 0 epp 0x80 window 0x0 pkg 0x0)
cpu0: MSR_HWP_REQUEST_PKG: 0x8000ff00 (min 0 max 255 des 0 epp 0x80 window 0x0)
cpu0: MSR_HWP_STATUS: 0x00000004 (No-Guaranteed_Perf_Change, Excursion_Min)
cpu24: MSR_PM_ENABLE: 0x00000001 (HWP)
cpu24: MSR_HWP_CAPABILITIES: 0x08081522 (high 34 guar 21 eff 8 low 8)
cpu24: MSR_HWP_REQUEST: 0x80002208 (min 8 max 34 des 0 epp 0x80 window 0x0 pkg 0x0)
cpu24: MSR_HWP_REQUEST_PKG: 0x8000ff00 (min 0 max 255 des 0 epp 0x80 window 0x0)
cpu24: MSR_HWP_STATUS: 0x00000004 (No-Guaranteed_Perf_Change, Excursion_Min)
cpu0: EPB: 6 (balanced)
cpu24: EPB: 6 (balanced)
cpu0: MSR_RAPL_POWER_UNIT: 0x000a0e03 (0.125000 Watts, 0.000061 Joules, 0.000977 sec.)
cpu0: MSR_PKG_POWER_INFO: 0xf13a802c80528 (165 W TDP, RAPL 89 - 629 W, 0.014648 sec.)
cpu0: MSR_PKG_POWER_LIMIT: 0x15863000158528 (UNlocked)
cpu0: PKG Limit #1: ENabled (165.000000 Watts, 1.000000 sec, clamp ENabled)
cpu0: PKG Limit #2: ENabled (198.000000 Watts, 1.000000* sec, clamp ENabled)
cpu0: MSR_DRAM_POWER_INFO,: 0x8028015600490150 (42 W TDP, RAPL 9 - 43 W, 0.039062 sec.)
cpu0: MSR_DRAM_POWER_LIMIT: 0x00000000 (UNlocked)
cpu0: DRAM Limit: DISabled (0.000000 Watts, 0.000977 sec, clamp DISabled)
cpu24: MSR_RAPL_POWER_UNIT: 0x000a0e03 (0.125000 Watts, 0.000061 Joules, 0.000977 sec.)
cpu24: MSR_PKG_POWER_INFO: 0xf13a802c80528 (165 W TDP, RAPL 89 - 629 W, 0.014648 sec.)
cpu24: MSR_PKG_POWER_LIMIT: 0x15863000158528 (UNlocked)
cpu24: PKG Limit #1: ENabled (165.000000 Watts, 1.000000 sec, clamp ENabled)
cpu24: PKG Limit #2: ENabled (198.000000 Watts, 1.000000* sec, clamp ENabled)
cpu24: MSR_DRAM_POWER_INFO,: 0x8028015600490150 (42 W TDP, RAPL 9 - 43 W, 0.039062 sec.)
cpu24: MSR_DRAM_POWER_LIMIT: 0x00000000 (UNlocked)
cpu24: DRAM Limit: DISabled (0.000000 Watts, 0.000977 sec, clamp DISabled)
cpu0: MSR_IA32_TEMPERATURE_TARGET: 0x80650a00 (101 C)
cpu24: MSR_IA32_TEMPERATURE_TARGET: 0x80650a00 (101 C)
cpu0: MSR_IA32_PACKAGE_THERM_STATUS: 0x883a0800 (43 C)
cpu0: MSR_IA32_PACKAGE_THERM_INTERRUPT: 0x00000003 (101 C, 101 C)
cpu24: MSR_IA32_PACKAGE_THERM_STATUS: 0x883d0800 (40 C)
cpu24: MSR_IA32_PACKAGE_THERM_INTERRUPT: 0x00000003 (101 C, 101 C)
cpu65: MSR_PKGC3_IRTL: 0x00000000 (NOTvalid, 0 ns)
cpu65: MSR_PKGC6_IRTL: 0x00000000 (NOTvalid, 0 ns)
cpu65: MSR_PKGC7_IRTL: 0x00000000 (NOTvalid, 0 ns)
Package	Core	CPU	Avg_MHz	Busy%	Bzy_MHz	TSC_MHz	IPC	IRQ	SMI	POLL	C1	C1E	C6	POLL%	C1%	C1E%	C6%	CPU%c1	CPU%c6	CoreTmp	PkgTmp	Pkg%pc2	Pkg%pc6	PkgWatt	RAMWatt	PKG_%	RAM_%
-	-	-	30	1.70	1763	2096	0.65	18691	0	22	138	4719	14743	0.00	0.01	0.30	98.06	1.81	96.49	43	43	30.16	29.68	99.61	8.20	0.00	0.00
0	0	0	1097	49.16	2236	2095	0.68	793	0	0	0	27	210	0.00	0.00	0.22	50.64	1.15	49.68	41	43	9.86	29.66	53.23	4.55	0.00	0.00
Package	Core	CPU	Avg_MHz	Busy%	Bzy_MHz	TSC_MHz	IPC	IRQ	SMI	POLL	C1	C1E	C6	POLL%	C1%	C1E%	C6%	CPU%c1	CPU%c6	CoreTmp	PkgTmp	Pkg%pc2	Pkg%pc6	PkgWatt	RAMWatt	PKG_%	RAM_%
-	-	-	34	1.65	2042	2095	1.51	15365	0	51	134	4237	11683	0.00	0.00	0.29	98.09	1.84	96.51	53	54	36.40	14.50	121.58	7.78	0.00	0.00
0	0	0	24	1.48	1601	2095	0.54	212	0	0	0	12	318	0.00	0.00	0.10	98.46	1.05	97.47	43	54	6.14	14.53	65.05	4.20	0.00	0.00
Package	Core	CPU	Avg_MHz	Busy%	Bzy_MHz	TSC_MHz	IPC	IRQ	SMI	POLL	C1	C1E	C6	POLL%	C1%	C1E%	C6%	CPU%c1	CPU%c6	CoreTmp	PkgTmp	Pkg%pc2	Pkg%pc6	PkgWatt	RAMWatt	PKG_%	RAM_%
-	-	-	46	1.73	2647	2094	1.81	14446	0	83	447	18997	10422	0.00	0.01	0.46	97.79	2.29	95.98	53	54	42.96	0.00	163.76	9.60	0.00	0.00
0	0	0	25	2.00	1280	2095	0.88	341	0	0	154	379	435	0.00	0.02	0.63	97.42	1.84	96.17	43	54	0.00	0.00	89.58	6.14	0.00	0.00
Package	Core	CPU	Avg_MHz	Busy%	Bzy_MHz	TSC_MHz	IPC	IRQ	SMI	POLL	C1	C1E	C6	POLL%	C1%	C1E%	C6%	CPU%c1	CPU%c6	CoreTmp	PkgTmp	Pkg%pc2	Pkg%pc6	PkgWatt	RAMWatt	PKG_%	RAM_%
-	-	-	40	1.38	2910	2095	1.86	8074	0	52	8	492	6849	0.00	0.00	0.07	98.55	1.30	97.32	53	53	47.39	0.00	162.82	9.64	0.00	0.00
0	0	0	10	0.89	1114	2095	0.70	188	0	0	0	3	315	0.00	0.00	0.02	99.12	0.30	98.80	43	53	0.00	0.00	89.12	6.16	0.00	0.00
Package	Core	CPU	Avg_MHz	Busy%	Bzy_MHz	TSC_MHz	IPC	IRQ	SMI	POLL	C1	C1E	C6	POLL%	C1%	C1E%	C6%	CPU%c1	CPU%c6	CoreTmp	PkgTmp	Pkg%pc2	Pkg%pc6	PkgWatt	RAMWatt	PKG_%	RAM_%
-	-	-	27	0.91	2963	2096	1.26	5074	0	2	18	506	4631	0.00	0.00	0.09	99.03	1.11	97.98	42	42	38.49	16.36	136.96	9.32	0.00	0.00
0	0	0	4	0.55	800	2095	1.11	193	0	0	0	0	294	0.00	0.00	0.00	99.48	0.25	99.20	41	42	2.71	16.38	74.66	5.79	0.00	0.00
Package	Core	CPU	Avg_MHz	Busy%	Bzy_MHz	TSC_MHz	IPC	IRQ	SMI	POLL	C1	C1E	C6	POLL%	C1%	C1E%	C6%	CPU%c1	CPU%c6	CoreTmp	PkgTmp	Pkg%pc2	Pkg%pc6	PkgWatt	RAMWatt	PKG_%	RAM_%
-	-	-	36	1.10	3269	2095	3.18	5293	0	1	1	101	4449	0.00	0.00	0.01	98.92	1.13	97.77	55	55	48.68	0.00	161.55	10.02	0.00	0.00
0	0	0	2	0.30	800	2095	0.84	110	0	0	0	4	191	0.00	0.00	0.04	99.69	0.17	99.52	43	55	0.00	0.00	88.45	6.54	0.00	0.00
Package	Core	CPU	Avg_MHz	Busy%	Bzy_MHz	TSC_MHz	IPC	IRQ	SMI	POLL	C1	C1E	C6	POLL%	C1%	C1E%	C6%	CPU%c1	CPU%c6	CoreTmp	PkgTmp	Pkg%pc2	Pkg%pc6	PkgWatt	RAMWatt	PKG_%	RAM_%
-	-	-	36	1.13	3200	2095	2.87	5338	0	1	0	219	4822	0.00	0.00	0.04	98.83	1.22	97.65	48	48	47.96	0.00	162.23	9.83	0.00	0.00
0	0	0	9	1.17	800	2095	0.67	135	0	1	0	7	342	0.00	0.00	0.02	98.85	0.26	98.57	42	48	0.00	0.00	88.76	6.37	0.00	0.00
Package	Core	CPU	Avg_MHz	Busy%	Bzy_MHz	TSC_MHz	IPC	IRQ	SMI	POLL	C1	C1E	C6	POLL%	C1%	C1E%	C6%	CPU%c1	CPU%c6	CoreTmp	PkgTmp	Pkg%pc2	Pkg%pc6	PkgWatt	RAMWatt	PKG_%	RAM_%
-	-	-	37	1.22	3018	2096	1.04	6371	0	0	0	338	6043	0.00	0.00	0.05	98.76	1.35	97.42	48	48	47.73	0.00	160.18	9.40	0.00	0.00
0	0	0	30	3.81	801	2095	0.60	211	0	0	0	27	766	0.00	0.00	0.16	96.12	0.65	95.54	42	48	0.00	0.00	86.39	5.91	0.00	0.00
Package	Core	CPU	Avg_MHz	Busy%	Bzy_MHz	TSC_MHz	IPC	IRQ	SMI	POLL	C1	C1E	C6	POLL%	C1%	C1E%	C6%	CPU%c1	CPU%c6	CoreTmp	PkgTmp	Pkg%pc2	Pkg%pc6	PkgWatt	RAMWatt	PKG_%	RAM_%
-	-	-	37	1.23	3012	2095	1.04	6235	0	0	1	323	6327	0.00	0.00	0.03	98.74	1.31	97.46	48	48	48.11	0.00	159.86	9.43	0.00	0.00
0	0	0	31	3.87	801	2095	0.60	243	0	0	0	16	773	0.00	0.00	0.08	96.15	0.58	95.56	42	48	0.00	0.00	86.41	5.92	0.00	0.00
Package	Core	CPU	Avg_MHz	Busy%	Bzy_MHz	TSC_MHz	IPC	IRQ	SMI	POLL	C1	C1E	C6	POLL%	C1%	C1E%	C6%	CPU%c1	CPU%c6	CoreTmp	PkgTmp	Pkg%pc2	Pkg%pc6	PkgWatt	RAMWatt	PKG_%	RAM_%
-	-	-	37	1.23	3013	2095	1.04	5987	0	1	0	157	5994	0.00	0.00	0.01	98.78	1.28	97.49	48	48	48.84	0.00	160.04	9.43	0.00	0.00
0	0	0	31	3.88	800	2095	0.57	256	0	0	0	19	747	0.00	0.00	0.09	96.13	0.56	95.56	42	48	0.00	0.00	86.39	5.93	0.00	0.00
Package	Core	CPU	Avg_MHz	Busy%	Bzy_MHz	TSC_MHz	IPC	IRQ	SMI	POLL	C1	C1E	C6	POLL%	C1%	C1E%	C6%	CPU%c1	CPU%c6	CoreTmp	PkgTmp	Pkg%pc2	Pkg%pc6	PkgWatt	RAMWatt	PKG_%	RAM_%
-	-	-	37	1.23	3007	2095	1.04	5965	0	0	2	178	6182	0.00	0.00	0.03	98.75	1.32	97.45	48	49	48.73	0.00	159.92	9.43	0.00	0.00
0	0	0	32	4.02	801	2095	0.58	228	0	0	0	18	748	0.00	0.00	0.10	95.97	0.58	95.40	42	49	0.00	0.00	86.39	5.96	0.00	0.00
Package	Core	CPU	Avg_MHz	Busy%	Bzy_MHz	TSC_MHz	IPC	IRQ	SMI	POLL	C1	C1E	C6	POLL%	C1%	C1E%	C6%	CPU%c1	CPU%c6	CoreTmp	PkgTmp	Pkg%pc2	Pkg%pc6	PkgWatt	RAMWatt	PKG_%	RAM_%
-	-	-	37	1.23	3010	2095	1.04	5968	0	0	0	140	6024	0.00	0.00	0.01	98.77	1.29	97.48	49	49	48.91	0.00	160.02	9.57	0.00	0.00
0	0	0	34	4.30	800	2095	0.54	207	0	0	0	16	735	0.00	0.00	0.09	95.70	0.55	95.15	43	49	0.00	0.00	86.38	6.05	0.00	0.00
Package	Core	CPU	Avg_MHz	Busy%	Bzy_MHz	TSC_MHz	IPC	IRQ	SMI	POLL	C1	C1E	C6	POLL%	C1%	C1E%	C6%	CPU%c1	CPU%c6	CoreTmp	PkgTmp	Pkg%pc2	Pkg%pc6	PkgWatt	RAMWatt	PKG_%	RAM_%
-	-	-	27	0.92	2957	2095	1.04	5477	0	3	10	316	5448	0.00	0.01	0.03	99.04	1.02	98.07	43	42	40.58	20.13	138.25	8.85	0.00	0.00
0	0	0	25	3.18	800	2095	0.56	201	0	0	0	10	589	0.00	0.00	0.09	96.80	0.51	96.31	41	42	5.78	20.12	74.32	5.22	0.00	0.00
