turbostat version 21.05.04 - Len Brown <lenb@kernel.org>
CPUID(0): GenuineIntel 0x1b CPUID levels
CPUID(1): family:model:stepping 0x6:6a:6 (6:106:6) microcode 0xd000404
CPUID(0x80000000): max_extended_levels: 0x80000008
CPUID(1): SSE3 MONITOR SMX EIST TM2 TSC MSR ACPI-TM HT TM
CPUID(6): APERF, TURBO, DTS, PTM, HWP, No-HWPnotify, HWPwindow, No-HWPepp, HWPpkg, EPB
cpu8: MSR_IA32_MISC_ENABLE: 0x00850089 (TCC EIST MWAIT PREFETCH TURBO)
CPUID(7): SGX
cpu8: MSR_IA32_FEATURE_CONTROL: 0x0000ff03 (Locked )
CPUID(0x15): eax_crystal: 2 ebx_tsc: 168 ecx_crystal_hz: 0
CPUID(0x16): base_mhz: 2100 max_mhz: 3400 bus_mhz: 100
cpu8: MSR_MISC_PWR_MGMT: 0x00402040 (ENable-EIST_Coordination DISable-EPB DISable-OOB)
RAPL: 1589 sec. Joule Counter Range, at 165 Watts
cpu8: MSR_PLATFORM_INFO: 0x8008082ff2811500
8 * 100.0 = 800.0 MHz max efficiency frequency
21 * 100.0 = 2100.0 MHz base frequency
cpu8: MSR_IA32_POWER_CTL: 0x1e00a40059 (C1E auto-promotion: DISabled)
C-state Pre-wake: ENabled
cpu8: MSR_TURBO_RATIO_LIMIT: 0x1a1a1a1a1b1e2022
cpu8: MSR_TURBO_RATIO_LIMIT1: 0x1818181614100e0c
26 * 100.0 = 2600.0 MHz max turbo 24 active cores
26 * 100.0 = 2600.0 MHz max turbo 24 active cores
26 * 100.0 = 2600.0 MHz max turbo 24 active cores
26 * 100.0 = 2600.0 MHz max turbo 22 active cores
27 * 100.0 = 2700.0 MHz max turbo 20 active cores
30 * 100.0 = 3000.0 MHz max turbo 16 active cores
32 * 100.0 = 3200.0 MHz max turbo 14 active cores
34 * 100.0 = 3400.0 MHz max turbo 12 active cores
cpu8: MSR_CONFIG_TDP_NOMINAL: 0x00000015 (base_ratio=21)
cpu8: MSR_CONFIG_TDP_LEVEL_1: 0x16413a800130528 (PKG_MIN_PWR_LVL1=356 PKG_MAX_PWR_LVL1=5032 LVL1_RATIO=19 PKG_TDP_LVL1=1320)
cpu8: MSR_CONFIG_TDP_LEVEL_2: 0x16413a8000f0528 (PKG_MIN_PWR_LVL2=356 PKG_MAX_PWR_LVL2=5032 LVL2_RATIO=15 PKG_TDP_LVL2=1320)
cpu8: MSR_CONFIG_TDP_CONTROL: 0x00000000 ( lock=0)
cpu8: MSR_TURBO_ACTIVATION_RATIO: 0x00000000 (MAX_NON_TURBO_RATIO=0 lock=0)
cpu8: MSR_PKG_CST_CONFIG_CONTROL: 0x00008402 (locked, pkg-cstate-limit=2 (pc6), automatic c-state conversion=off)
/dev/cpu_dma_latency: 2000000000 usec (default)
current_driver: intel_idle
current_governor: menu
current_governor_ro: menu
cpu8: POLL: CPUIDLE CORE POLL IDLE
cpu8: C1: MWAIT 0x00
cpu8: C1E: MWAIT 0x01
cpu8: C6: MWAIT 0x20
cpu8: cpufreq driver: intel_pstate
cpu8: cpufreq governor: powersave
cpufreq intel_pstate no_turbo: 0
cpu8: MSR_MISC_FEATURE_CONTROL: 0x00000000 (L2-Prefetch L2-Prefetch-pair L1-Prefetch L1-IP-Prefetch)
cpu0: MSR_PM_ENABLE: 0x00000001 (HWP)
cpu0: MSR_HWP_CAPABILITIES: 0x08081522 (high 34 guar 21 eff 8 low 8)
cpu0: MSR_HWP_REQUEST: 0x80002208 (min 8 max 34 des 0 epp 0x80 window 0x0 pkg 0x0)
cpu0: MSR_HWP_REQUEST_PKG: 0x8000ff00 (min 0 max 255 des 0 epp 0x80 window 0x0)
cpu0: MSR_HWP_STATUS: 0x00000004 (No-Guaranteed_Perf_Change, Excursion_Min)
cpu24: MSR_PM_ENABLE: 0x00000001 (HWP)
cpu24: MSR_HWP_CAPABILITIES: 0x08081522 (high 34 guar 21 eff 8 low 8)
cpu24: MSR_HWP_REQUEST: 0x80002208 (min 8 max 34 des 0 epp 0x80 window 0x0 pkg 0x0)
cpu24: MSR_HWP_REQUEST_PKG: 0x8000ff00 (min 0 max 255 des 0 epp 0x80 window 0x0)
cpu24: MSR_HWP_STATUS: 0x00000004 (No-Guaranteed_Perf_Change, Excursion_Min)
cpu0: EPB: 6 (balanced)
cpu24: EPB: 6 (balanced)
cpu0: MSR_RAPL_POWER_UNIT: 0x000a0e03 (0.125000 Watts, 0.000061 Joules, 0.000977 sec.)
cpu0: MSR_PKG_POWER_INFO: 0xf13a802c80528 (165 W TDP, RAPL 89 - 629 W, 0.014648 sec.)
cpu0: MSR_PKG_POWER_LIMIT: 0x15863000158528 (UNlocked)
cpu0: PKG Limit #1: ENabled (165.000000 Watts, 1.000000 sec, clamp ENabled)
cpu0: PKG Limit #2: ENabled (198.000000 Watts, 1.000000* sec, clamp ENabled)
cpu0: MSR_DRAM_POWER_INFO,: 0x8028015600490150 (42 W TDP, RAPL 9 - 43 W, 0.039062 sec.)
cpu0: MSR_DRAM_POWER_LIMIT: 0x00000000 (UNlocked)
cpu0: DRAM Limit: DISabled (0.000000 Watts, 0.000977 sec, clamp DISabled)
cpu24: MSR_RAPL_POWER_UNIT: 0x000a0e03 (0.125000 Watts, 0.000061 Joules, 0.000977 sec.)
cpu24: MSR_PKG_POWER_INFO: 0xf13a802c80528 (165 W TDP, RAPL 89 - 629 W, 0.014648 sec.)
cpu24: MSR_PKG_POWER_LIMIT: 0x15863000158528 (UNlocked)
cpu24: PKG Limit #1: ENabled (165.000000 Watts, 1.000000 sec, clamp ENabled)
cpu24: PKG Limit #2: ENabled (198.000000 Watts, 1.000000* sec, clamp ENabled)
cpu24: MSR_DRAM_POWER_INFO,: 0x8028015600490150 (42 W TDP, RAPL 9 - 43 W, 0.039062 sec.)
cpu24: MSR_DRAM_POWER_LIMIT: 0x00000000 (UNlocked)
cpu24: DRAM Limit: DISabled (0.000000 Watts, 0.000977 sec, clamp DISabled)
cpu0: MSR_IA32_TEMPERATURE_TARGET: 0x80650a00 (101 C)
cpu24: MSR_IA32_TEMPERATURE_TARGET: 0x80650a00 (101 C)
cpu0: MSR_IA32_PACKAGE_THERM_STATUS: 0x88390800 (44 C)
cpu0: MSR_IA32_PACKAGE_THERM_INTERRUPT: 0x00000003 (101 C, 101 C)
cpu24: MSR_IA32_PACKAGE_THERM_STATUS: 0x883c0800 (41 C)
cpu24: MSR_IA32_PACKAGE_THERM_INTERRUPT: 0x00000003 (101 C, 101 C)
cpu8: MSR_PKGC3_IRTL: 0x00000000 (NOTvalid, 0 ns)
cpu8: MSR_PKGC6_IRTL: 0x00000000 (NOTvalid, 0 ns)
cpu8: MSR_PKGC7_IRTL: 0x00000000 (NOTvalid, 0 ns)
Package	Core	CPU	Avg_MHz	Busy%	Bzy_MHz	TSC_MHz	IPC	IRQ	SMI	POLL	C1	C1E	C6	POLL%	C1%	C1E%	C6%	CPU%c1	CPU%c6	CoreTmp	PkgTmp	Pkg%pc2	Pkg%pc6	PkgWatt	RAMWatt	PKG_%	RAM_%
-	-	-	30	1.73	1766	2096	0.64	18049	0	64	156	6646	13224	0.00	0.00	0.34	97.98	1.83	96.44	44	44	31.72	27.83	98.97	8.12	0.00	0.00
0	0	0	1100	50.66	2175	2095	0.68	828	0	0	1	107	216	0.00	0.00	0.45	48.92	2.12	47.22	42	44	7.71	27.82	52.85	4.44	0.00	0.00
Package	Core	CPU	Avg_MHz	Busy%	Bzy_MHz	TSC_MHz	IPC	IRQ	SMI	POLL	C1	C1E	C6	POLL%	C1%	C1E%	C6%	CPU%c1	CPU%c6	CoreTmp	PkgTmp	Pkg%pc2	Pkg%pc6	PkgWatt	RAMWatt	PKG_%	RAM_%
-	-	-	36	1.74	2066	2095	1.47	17153	0	74	147	5787	12577	0.00	0.01	0.33	97.94	2.01	96.25	54	54	38.48	13.32	122.07	7.79	0.00	0.00
0	0	0	41	2.28	1782	2095	0.63	230	0	0	0	79	326	0.00	0.00	0.36	97.40	0.76	96.96	44	54	4.98	13.34	65.61	4.25	0.00	0.00
Package	Core	CPU	Avg_MHz	Busy%	Bzy_MHz	TSC_MHz	IPC	IRQ	SMI	POLL	C1	C1E	C6	POLL%	C1%	C1E%	C6%	CPU%c1	CPU%c6	CoreTmp	PkgTmp	Pkg%pc2	Pkg%pc6	PkgWatt	RAMWatt	PKG_%	RAM_%
-	-	-	45	1.71	2668	2095	1.81	15426	0	108	274	17591	10438	0.00	0.00	0.43	97.88	2.28	96.01	54	54	44.95	0.00	163.74	9.60	0.00	0.00
0	0	0	15	1.48	992	2095	1.29	430	0	0	0	132	437	0.00	0.00	0.37	98.21	1.58	96.94	44	54	0.00	0.00	89.53	6.09	0.00	0.00
Package	Core	CPU	Avg_MHz	Busy%	Bzy_MHz	TSC_MHz	IPC	IRQ	SMI	POLL	C1	C1E	C6	POLL%	C1%	C1E%	C6%	CPU%c1	CPU%c6	CoreTmp	PkgTmp	Pkg%pc2	Pkg%pc6	PkgWatt	RAMWatt	PKG_%	RAM_%
-	-	-	40	1.38	2904	2096	1.87	8481	0	42	21	598	6968	0.00	0.00	0.12	98.55	1.41	97.21	54	54	47.29	0.00	163.09	9.58	0.00	0.00
0	0	0	9	0.83	1086	2095	0.78	173	0	0	0	22	298	0.00	0.00	0.09	99.12	0.35	98.82	45	54	0.00	0.00	89.16	6.09	0.00	0.00
Package	Core	CPU	Avg_MHz	Busy%	Bzy_MHz	TSC_MHz	IPC	IRQ	SMI	POLL	C1	C1E	C6	POLL%	C1%	C1E%	C6%	CPU%c1	CPU%c6	CoreTmp	PkgTmp	Pkg%pc2	Pkg%pc6	PkgWatt	RAMWatt	PKG_%	RAM_%
-	-	-	34	1.10	3066	2095	1.46	5337	0	0	0	560	4510	0.00	0.00	0.08	98.81	1.29	97.61	56	56	47.73	0.00	153.53	9.84	0.00	0.00
0	0	0	4	0.49	800	2095	1.17	177	0	0	0	59	241	0.00	0.00	0.12	99.42	0.30	99.21	43	56	0.00	0.00	83.80	6.40	0.00	0.00
Package	Core	CPU	Avg_MHz	Busy%	Bzy_MHz	TSC_MHz	IPC	IRQ	SMI	POLL	C1	C1E	C6	POLL%	C1%	C1E%	C6%	CPU%c1	CPU%c6	CoreTmp	PkgTmp	Pkg%pc2	Pkg%pc6	PkgWatt	RAMWatt	PKG_%	RAM_%
-	-	-	36	1.10	3277	2095	3.42	4948	0	0	8	113	4044	0.00	0.00	0.02	98.91	1.14	97.76	56	56	48.49	0.00	163.20	9.93	0.00	0.00
0	0	0	3	0.32	800	2095	0.90	109	0	0	0	3	185	0.00	0.00	0.01	99.69	0.15	99.53	44	56	0.00	0.00	89.52	6.46	0.00	0.00
Package	Core	CPU	Avg_MHz	Busy%	Bzy_MHz	TSC_MHz	IPC	IRQ	SMI	POLL	C1	C1E	C6	POLL%	C1%	C1E%	C6%	CPU%c1	CPU%c6	CoreTmp	PkgTmp	Pkg%pc2	Pkg%pc6	PkgWatt	RAMWatt	PKG_%	RAM_%
-	-	-	36	1.15	3150	2095	2.38	5787	0	0	9	243	5379	0.00	0.01	0.04	98.80	1.27	97.57	50	50	48.25	0.00	161.77	9.67	0.00	0.00
0	0	0	15	1.87	800	2095	0.62	187	0	0	0	18	481	0.00	0.00	0.13	98.06	0.46	97.67	44	50	0.00	0.00	88.24	6.23	0.00	0.00
Package	Core	CPU	Avg_MHz	Busy%	Bzy_MHz	TSC_MHz	IPC	IRQ	SMI	POLL	C1	C1E	C6	POLL%	C1%	C1E%	C6%	CPU%c1	CPU%c6	CoreTmp	PkgTmp	Pkg%pc2	Pkg%pc6	PkgWatt	RAMWatt	PKG_%	RAM_%
-	-	-	37	1.23	3005	2095	1.04	6143	0	0	1	270	6238	0.00	0.00	0.02	98.76	1.31	97.46	50	50	48.72	0.00	160.04	9.43	0.00	0.00
0	0	0	34	4.26	803	2095	0.61	215	0	0	0	29	767	0.00	0.00	0.16	95.67	0.66	95.08	44	50	0.00	0.00	86.47	5.92	0.00	0.00
Package	Core	CPU	Avg_MHz	Busy%	Bzy_MHz	TSC_MHz	IPC	IRQ	SMI	POLL	C1	C1E	C6	POLL%	C1%	C1E%	C6%	CPU%c1	CPU%c6	CoreTmp	PkgTmp	Pkg%pc2	Pkg%pc6	PkgWatt	RAMWatt	PKG_%	RAM_%
-	-	-	37	1.23	3005	2095	1.04	6259	0	0	3	291	6162	0.00	0.00	0.02	98.74	1.31	97.46	50	50	48.48	0.00	160.00	9.49	0.00	0.00
0	0	0	34	4.31	800	2095	0.58	266	0	0	0	32	774	0.00	0.00	0.12	95.66	0.61	95.08	43	50	0.00	0.00	86.41	5.95	0.00	0.00
Package	Core	CPU	Avg_MHz	Busy%	Bzy_MHz	TSC_MHz	IPC	IRQ	SMI	POLL	C1	C1E	C6	POLL%	C1%	C1E%	C6%	CPU%c1	CPU%c6	CoreTmp	PkgTmp	Pkg%pc2	Pkg%pc6	PkgWatt	RAMWatt	PKG_%	RAM_%
-	-	-	37	1.23	3006	2095	1.04	5920	0	0	1	230	6130	0.00	0.00	0.03	98.75	1.32	97.45	50	50	48.85	0.00	160.01	9.48	0.00	0.00
0	0	0	35	4.36	802	2095	0.65	191	0	0	0	22	758	0.00	0.00	0.14	95.59	0.64	95.00	44	50	0.00	0.00	86.43	5.94	0.00	0.00
Package	Core	CPU	Avg_MHz	Busy%	Bzy_MHz	TSC_MHz	IPC	IRQ	SMI	POLL	C1	C1E	C6	POLL%	C1%	C1E%	C6%	CPU%c1	CPU%c6	CoreTmp	PkgTmp	Pkg%pc2	Pkg%pc6	PkgWatt	RAMWatt	PKG_%	RAM_%
-	-	-	37	1.23	3010	2095	1.04	6080	0	0	0	143	6195	0.00	0.00	0.02	98.76	1.30	97.47	51	51	48.53	0.00	160.04	9.47	0.00	0.00
0	0	0	35	4.35	800	2095	0.61	240	0	0	0	11	770	0.00	0.00	0.09	95.65	0.60	95.05	43	51	0.00	0.00	86.42	5.94	0.00	0.00
Package	Core	CPU	Avg_MHz	Busy%	Bzy_MHz	TSC_MHz	IPC	IRQ	SMI	POLL	C1	C1E	C6	POLL%	C1%	C1E%	C6%	CPU%c1	CPU%c6	CoreTmp	PkgTmp	Pkg%pc2	Pkg%pc6	PkgWatt	RAMWatt	PKG_%	RAM_%
-	-	-	37	1.23	3002	2095	1.04	6005	0	1	8	152	6252	0.00	0.00	0.02	98.76	1.30	97.47	51	51	48.69	0.00	160.11	9.41	0.00	0.00
0	0	0	35	4.34	801	2095	0.62	243	0	0	0	18	749	0.00	0.00	0.10	95.65	0.62	95.04	44	51	0.00	0.00	86.50	5.95	0.00	0.00
Package	Core	CPU	Avg_MHz	Busy%	Bzy_MHz	TSC_MHz	IPC	IRQ	SMI	POLL	C1	C1E	C6	POLL%	C1%	C1E%	C6%	CPU%c1	CPU%c6	CoreTmp	PkgTmp	Pkg%pc2	Pkg%pc6	PkgWatt	RAMWatt	PKG_%	RAM_%
-	-	-	21	0.77	2757	2095	1.11	7043	0	0	9	1151	6561	0.00	0.00	0.06	99.15	0.94	98.29	44	44	33.77	33.78	122.74	8.38	0.00	0.00
0	0	0	20	2.52	802	2095	0.71	211	0	0	0	13	481	0.00	0.00	0.05	97.49	0.37	97.11	43	44	5.72	33.74	65.79	4.75	0.00	0.00
