turbostat version 21.05.04 - Len Brown <lenb@kernel.org>
CPUID(0): GenuineIntel 0x1b CPUID levels
CPUID(1): family:model:stepping 0x6:6a:6 (6:106:6) microcode 0xd000404
CPUID(0x80000000): max_extended_levels: 0x80000008
CPUID(1): SSE3 MONITOR SMX EIST TM2 TSC MSR ACPI-TM HT TM
CPUID(6): APERF, TURBO, DTS, PTM, HWP, No-HWPnotify, HWPwindow, No-HWPepp, HWPpkg, EPB
cpu23: MSR_IA32_MISC_ENABLE: 0x00850089 (TCC EIST MWAIT PREFETCH TURBO)
CPUID(7): SGX
cpu23: MSR_IA32_FEATURE_CONTROL: 0x0000ff03 (Locked )
CPUID(0x15): eax_crystal: 2 ebx_tsc: 168 ecx_crystal_hz: 0
CPUID(0x16): base_mhz: 2100 max_mhz: 3400 bus_mhz: 100
cpu23: MSR_MISC_PWR_MGMT: 0x00402040 (ENable-EIST_Coordination DISable-EPB DISable-OOB)
RAPL: 1589 sec. Joule Counter Range, at 165 Watts
cpu23: MSR_PLATFORM_INFO: 0x8008082ff2811500
8 * 100.0 = 800.0 MHz max efficiency frequency
21 * 100.0 = 2100.0 MHz base frequency
cpu23: MSR_IA32_POWER_CTL: 0x1e00a40059 (C1E auto-promotion: DISabled)
C-state Pre-wake: ENabled
cpu23: MSR_TURBO_RATIO_LIMIT: 0x1a1a1a1a1b1e2022
cpu23: MSR_TURBO_RATIO_LIMIT1: 0x1818181614100e0c
26 * 100.0 = 2600.0 MHz max turbo 24 active cores
26 * 100.0 = 2600.0 MHz max turbo 24 active cores
26 * 100.0 = 2600.0 MHz max turbo 24 active cores
26 * 100.0 = 2600.0 MHz max turbo 22 active cores
27 * 100.0 = 2700.0 MHz max turbo 20 active cores
30 * 100.0 = 3000.0 MHz max turbo 16 active cores
32 * 100.0 = 3200.0 MHz max turbo 14 active cores
34 * 100.0 = 3400.0 MHz max turbo 12 active cores
cpu23: MSR_CONFIG_TDP_NOMINAL: 0x00000015 (base_ratio=21)
cpu23: MSR_CONFIG_TDP_LEVEL_1: 0x16413a800130528 (PKG_MIN_PWR_LVL1=356 PKG_MAX_PWR_LVL1=5032 LVL1_RATIO=19 PKG_TDP_LVL1=1320)
cpu23: MSR_CONFIG_TDP_LEVEL_2: 0x16413a8000f0528 (PKG_MIN_PWR_LVL2=356 PKG_MAX_PWR_LVL2=5032 LVL2_RATIO=15 PKG_TDP_LVL2=1320)
cpu23: MSR_CONFIG_TDP_CONTROL: 0x00000000 ( lock=0)
cpu23: MSR_TURBO_ACTIVATION_RATIO: 0x00000000 (MAX_NON_TURBO_RATIO=0 lock=0)
cpu23: MSR_PKG_CST_CONFIG_CONTROL: 0x00008402 (locked, pkg-cstate-limit=2 (pc6), automatic c-state conversion=off)
/dev/cpu_dma_latency: 2000000000 usec (default)
current_driver: intel_idle
current_governor: menu
current_governor_ro: menu
cpu23: POLL: CPUIDLE CORE POLL IDLE
cpu23: C1: MWAIT 0x00
cpu23: C1E: MWAIT 0x01
cpu23: C6: MWAIT 0x20
cpu23: cpufreq driver: intel_pstate
cpu23: cpufreq governor: powersave
cpufreq intel_pstate no_turbo: 0
cpu23: MSR_MISC_FEATURE_CONTROL: 0x00000000 (L2-Prefetch L2-Prefetch-pair L1-Prefetch L1-IP-Prefetch)
cpu0: MSR_PM_ENABLE: 0x00000001 (HWP)
cpu0: MSR_HWP_CAPABILITIES: 0x08081522 (high 34 guar 21 eff 8 low 8)
cpu0: MSR_HWP_REQUEST: 0x80002208 (min 8 max 34 des 0 epp 0x80 window 0x0 pkg 0x0)
cpu0: MSR_HWP_REQUEST_PKG: 0x8000ff00 (min 0 max 255 des 0 epp 0x80 window 0x0)
cpu0: MSR_HWP_STATUS: 0x00000004 (No-Guaranteed_Perf_Change, Excursion_Min)
cpu24: MSR_PM_ENABLE: 0x00000001 (HWP)
cpu24: MSR_HWP_CAPABILITIES: 0x08081522 (high 34 guar 21 eff 8 low 8)
cpu24: MSR_HWP_REQUEST: 0x80002208 (min 8 max 34 des 0 epp 0x80 window 0x0 pkg 0x0)
cpu24: MSR_HWP_REQUEST_PKG: 0x8000ff00 (min 0 max 255 des 0 epp 0x80 window 0x0)
cpu24: MSR_HWP_STATUS: 0x00000004 (No-Guaranteed_Perf_Change, Excursion_Min)
cpu0: EPB: 6 (balanced)
cpu24: EPB: 6 (balanced)
cpu0: MSR_RAPL_POWER_UNIT: 0x000a0e03 (0.125000 Watts, 0.000061 Joules, 0.000977 sec.)
cpu0: MSR_PKG_POWER_INFO: 0xf13a802c80528 (165 W TDP, RAPL 89 - 629 W, 0.014648 sec.)
cpu0: MSR_PKG_POWER_LIMIT: 0x15863000158528 (UNlocked)
cpu0: PKG Limit #1: ENabled (165.000000 Watts, 1.000000 sec, clamp ENabled)
cpu0: PKG Limit #2: ENabled (198.000000 Watts, 1.000000* sec, clamp ENabled)
cpu0: MSR_DRAM_POWER_INFO,: 0x8028015600490150 (42 W TDP, RAPL 9 - 43 W, 0.039062 sec.)
cpu0: MSR_DRAM_POWER_LIMIT: 0x00000000 (UNlocked)
cpu0: DRAM Limit: DISabled (0.000000 Watts, 0.000977 sec, clamp DISabled)
cpu24: MSR_RAPL_POWER_UNIT: 0x000a0e03 (0.125000 Watts, 0.000061 Joules, 0.000977 sec.)
cpu24: MSR_PKG_POWER_INFO: 0xf13a802c80528 (165 W TDP, RAPL 89 - 629 W, 0.014648 sec.)
cpu24: MSR_PKG_POWER_LIMIT: 0x15863000158528 (UNlocked)
cpu24: PKG Limit #1: ENabled (165.000000 Watts, 1.000000 sec, clamp ENabled)
cpu24: PKG Limit #2: ENabled (198.000000 Watts, 1.000000* sec, clamp ENabled)
cpu24: MSR_DRAM_POWER_INFO,: 0x8028015600490150 (42 W TDP, RAPL 9 - 43 W, 0.039062 sec.)
cpu24: MSR_DRAM_POWER_LIMIT: 0x00000000 (UNlocked)
cpu24: DRAM Limit: DISabled (0.000000 Watts, 0.000977 sec, clamp DISabled)
cpu0: MSR_IA32_TEMPERATURE_TARGET: 0x80650a00 (101 C)
cpu24: MSR_IA32_TEMPERATURE_TARGET: 0x80650a00 (101 C)
cpu0: MSR_IA32_PACKAGE_THERM_STATUS: 0x883a0800 (43 C)
cpu0: MSR_IA32_PACKAGE_THERM_INTERRUPT: 0x00000003 (101 C, 101 C)
cpu24: MSR_IA32_PACKAGE_THERM_STATUS: 0x883d0800 (40 C)
cpu24: MSR_IA32_PACKAGE_THERM_INTERRUPT: 0x00000003 (101 C, 101 C)
cpu23: MSR_PKGC3_IRTL: 0x00000000 (NOTvalid, 0 ns)
cpu23: MSR_PKGC6_IRTL: 0x00000000 (NOTvalid, 0 ns)
cpu23: MSR_PKGC7_IRTL: 0x00000000 (NOTvalid, 0 ns)
Package	Core	CPU	Avg_MHz	Busy%	Bzy_MHz	TSC_MHz	IPC	IRQ	SMI	POLL	C1	C1E	C6	POLL%	C1%	C1E%	C6%	CPU%c1	CPU%c6	CoreTmp	PkgTmp	Pkg%pc2	Pkg%pc6	PkgWatt	RAMWatt	PKG_%	RAM_%
-	-	-	29	1.73	1704	2097	0.66	19373	0	10	144	6704	14601	0.00	0.01	0.36	97.99	1.85	96.42	42	43	32.94	27.42	97.77	7.99	0.00	0.00
0	0	0	1076	51.73	2085	2095	0.71	869	0	0	0	93	220	0.00	0.00	0.49	47.82	1.06	47.21	42	43	6.72	27.39	52.39	4.44	0.00	0.00
Package	Core	CPU	Avg_MHz	Busy%	Bzy_MHz	TSC_MHz	IPC	IRQ	SMI	POLL	C1	C1E	C6	POLL%	C1%	C1E%	C6%	CPU%c1	CPU%c6	CoreTmp	PkgTmp	Pkg%pc2	Pkg%pc6	PkgWatt	RAMWatt	PKG_%	RAM_%
-	-	-	36	1.71	2106	2093	1.49	17649	0	61	166	6134	12622	0.00	0.00	0.36	97.87	2.05	96.24	54	54	39.69	12.96	123.75	7.89	0.00	0.00
0	0	0	38	2.34	1608	2095	0.91	342	0	0	1	66	407	0.00	0.00	0.24	97.47	1.62	96.04	44	54	3.65	13.00	66.70	4.44	0.00	0.00
Package	Core	CPU	Avg_MHz	Busy%	Bzy_MHz	TSC_MHz	IPC	IRQ	SMI	POLL	C1	C1E	C6	POLL%	C1%	C1E%	C6%	CPU%c1	CPU%c6	CoreTmp	PkgTmp	Pkg%pc2	Pkg%pc6	PkgWatt	RAMWatt	PKG_%	RAM_%
-	-	-	47	1.77	2635	2097	1.78	14623	0	78	220	20611	10262	0.00	0.00	0.53	97.79	2.41	95.82	54	54	45.73	0.00	164.04	9.52	0.00	0.00
0	0	0	12	1.37	850	2095	1.18	334	0	0	0	81	488	0.00	0.00	0.35	98.34	1.42	97.21	44	54	0.00	0.00	89.44	6.13	0.00	0.00
Package	Core	CPU	Avg_MHz	Busy%	Bzy_MHz	TSC_MHz	IPC	IRQ	SMI	POLL	C1	C1E	C6	POLL%	C1%	C1E%	C6%	CPU%c1	CPU%c6	CoreTmp	PkgTmp	Pkg%pc2	Pkg%pc6	PkgWatt	RAMWatt	PKG_%	RAM_%
-	-	-	41	1.42	2870	2094	1.83	7579	0	8	17	579	6671	0.00	0.00	0.09	98.44	1.33	97.25	53	54	48.69	0.00	164.50	9.55	0.00	0.00
0	0	0	10	0.97	1026	2095	0.83	177	0	0	0	3	396	0.00	0.00	0.01	99.07	0.40	98.63	44	54	0.00	0.00	89.11	6.18	0.00	0.00
Package	Core	CPU	Avg_MHz	Busy%	Bzy_MHz	TSC_MHz	IPC	IRQ	SMI	POLL	C1	C1E	C6	POLL%	C1%	C1E%	C6%	CPU%c1	CPU%c6	CoreTmp	PkgTmp	Pkg%pc2	Pkg%pc6	PkgWatt	RAMWatt	PKG_%	RAM_%
-	-	-	33	1.08	3034	2096	1.43	5127	0	0	1	490	4422	0.00	0.00	0.08	98.89	1.26	97.66	55	55	48.41	1.61	150.50	9.80	0.00	0.00
0	0	0	4	0.51	800	2095	1.14	130	0	0	0	2	303	0.00	0.00	0.01	99.51	0.35	99.13	44	55	0.38	1.61	81.94	6.37	0.00	0.00
Package	Core	CPU	Avg_MHz	Busy%	Bzy_MHz	TSC_MHz	IPC	IRQ	SMI	POLL	C1	C1E	C6	POLL%	C1%	C1E%	C6%	CPU%c1	CPU%c6	CoreTmp	PkgTmp	Pkg%pc2	Pkg%pc6	PkgWatt	RAMWatt	PKG_%	RAM_%
-	-	-	36	1.10	3274	2095	3.42	5004	0	0	2	115	4431	0.00	0.00	0.02	98.88	1.15	97.75	55	55	49.14	0.00	163.05	9.90	0.00	0.00
0	0	0	2	0.31	800	2095	0.87	91	0	0	0	0	259	0.00	0.00	0.00	99.72	0.33	99.36	44	55	0.00	0.00	89.47	6.50	0.00	0.00
Package	Core	CPU	Avg_MHz	Busy%	Bzy_MHz	TSC_MHz	IPC	IRQ	SMI	POLL	C1	C1E	C6	POLL%	C1%	C1E%	C6%	CPU%c1	CPU%c6	CoreTmp	PkgTmp	Pkg%pc2	Pkg%pc6	PkgWatt	RAMWatt	PKG_%	RAM_%
-	-	-	36	1.16	3148	2095	2.39	5761	0	0	7	301	5527	0.00	0.00	0.05	98.80	1.28	97.57	49	50	48.83	0.00	161.79	9.78	0.00	0.00
0	0	0	15	1.86	816	2095	0.61	177	0	0	0	11	542	0.00	0.00	0.05	98.16	0.64	97.50	44	50	0.00	0.00	88.19	6.38	0.00	0.00
Package	Core	CPU	Avg_MHz	Busy%	Bzy_MHz	TSC_MHz	IPC	IRQ	SMI	POLL	C1	C1E	C6	POLL%	C1%	C1E%	C6%	CPU%c1	CPU%c6	CoreTmp	PkgTmp	Pkg%pc2	Pkg%pc6	PkgWatt	RAMWatt	PKG_%	RAM_%
-	-	-	37	1.23	3003	2095	1.04	6594	0	0	1	273	6476	0.00	0.00	0.04	98.76	1.34	97.43	49	49	49.07	0.00	160.18	9.60	0.00	0.00
0	0	0	35	4.32	801	2095	0.61	263	0	0	0	17	842	0.00	0.00	0.09	95.68	0.77	94.91	44	49	0.00	0.00	86.44	6.16	0.00	0.00
Package	Core	CPU	Avg_MHz	Busy%	Bzy_MHz	TSC_MHz	IPC	IRQ	SMI	POLL	C1	C1E	C6	POLL%	C1%	C1E%	C6%	CPU%c1	CPU%c6	CoreTmp	PkgTmp	Pkg%pc2	Pkg%pc6	PkgWatt	RAMWatt	PKG_%	RAM_%
-	-	-	37	1.23	3000	2094	1.04	6267	0	0	1	308	6785	0.00	0.00	0.03	98.72	1.32	97.45	50	50	48.80	0.00	159.63	9.47	0.00	0.00
0	0	0	35	4.38	801	2095	0.60	232	0	0	0	26	794	0.00	0.00	0.14	95.58	0.78	94.85	43	50	0.00	0.00	86.37	6.10	0.00	0.00
Package	Core	CPU	Avg_MHz	Busy%	Bzy_MHz	TSC_MHz	IPC	IRQ	SMI	POLL	C1	C1E	C6	POLL%	C1%	C1E%	C6%	CPU%c1	CPU%c6	CoreTmp	PkgTmp	Pkg%pc2	Pkg%pc6	PkgWatt	RAMWatt	PKG_%	RAM_%
-	-	-	37	1.24	2994	2096	1.04	7029	0	0	1	105	6842	0.00	0.00	0.01	98.81	1.29	97.48	49	50	48.97	0.00	160.37	9.43	0.00	0.00
0	0	0	36	4.46	801	2095	0.63	265	0	0	1	11	868	0.00	0.00	0.04	95.60	0.72	94.82	43	50	0.00	0.00	86.38	6.04	0.00	0.00
Package	Core	CPU	Avg_MHz	Busy%	Bzy_MHz	TSC_MHz	IPC	IRQ	SMI	POLL	C1	C1E	C6	POLL%	C1%	C1E%	C6%	CPU%c1	CPU%c6	CoreTmp	PkgTmp	Pkg%pc2	Pkg%pc6	PkgWatt	RAMWatt	PKG_%	RAM_%
-	-	-	37	1.23	3004	2095	1.04	6216	0	1	0	125	6500	0.00	0.00	0.01	98.77	1.29	97.48	49	49	48.90	0.00	160.00	9.44	0.00	0.00
0	0	0	35	4.37	802	2095	0.61	277	0	0	0	17	826	0.00	0.00	0.07	95.66	0.72	94.91	43	49	0.00	0.00	86.41	6.01	0.00	0.00
Package	Core	CPU	Avg_MHz	Busy%	Bzy_MHz	TSC_MHz	IPC	IRQ	SMI	POLL	C1	C1E	C6	POLL%	C1%	C1E%	C6%	CPU%c1	CPU%c6	CoreTmp	PkgTmp	Pkg%pc2	Pkg%pc6	PkgWatt	RAMWatt	PKG_%	RAM_%
-	-	-	37	1.23	3002	2095	1.04	6137	0	0	1	152	6553	0.00	0.00	0.02	98.75	1.30	97.47	50	50	49.11	0.00	159.95	9.41	0.00	0.00
0	0	0	34	4.26	801	2095	0.58	241	0	0	0	17	806	0.00	0.00	0.10	95.74	0.75	94.99	44	50	0.00	0.00	86.39	5.98	0.00	0.00
Package	Core	CPU	Avg_MHz	Busy%	Bzy_MHz	TSC_MHz	IPC	IRQ	SMI	POLL	C1	C1E	C6	POLL%	C1%	C1E%	C6%	CPU%c1	CPU%c6	CoreTmp	PkgTmp	Pkg%pc2	Pkg%pc6	PkgWatt	RAMWatt	PKG_%	RAM_%
-	-	-	21	0.77	2753	2095	1.11	7186	0	0	6	1167	6848	0.00	0.00	0.06	99.18	0.94	98.30	43	44	34.76	32.98	123.23	8.32	0.00	0.00
0	0	0	21	2.60	802	2095	0.69	195	0	0	1	15	528	0.00	0.00	0.06	97.40	0.49	96.91	42	44	6.04	32.95	65.97	4.73	0.00	0.00
