turbostat version 21.05.04 - Len Brown <lenb@kernel.org>
CPUID(0): GenuineIntel 0x1b CPUID levels
CPUID(1): family:model:stepping 0x6:6a:6 (6:106:6) microcode 0xd000404
CPUID(0x80000000): max_extended_levels: 0x80000008
CPUID(1): SSE3 MONITOR SMX EIST TM2 TSC MSR ACPI-TM HT TM
CPUID(6): APERF, TURBO, DTS, PTM, HWP, No-HWPnotify, HWPwindow, No-HWPepp, HWPpkg, EPB
cpu17: MSR_IA32_MISC_ENABLE: 0x00850089 (TCC EIST MWAIT PREFETCH TURBO)
CPUID(7): SGX
cpu17: MSR_IA32_FEATURE_CONTROL: 0x0000ff03 (Locked )
CPUID(0x15): eax_crystal: 2 ebx_tsc: 168 ecx_crystal_hz: 0
CPUID(0x16): base_mhz: 2100 max_mhz: 3400 bus_mhz: 100
cpu17: MSR_MISC_PWR_MGMT: 0x00402040 (ENable-EIST_Coordination DISable-EPB DISable-OOB)
RAPL: 1589 sec. Joule Counter Range, at 165 Watts
cpu17: MSR_PLATFORM_INFO: 0x8008082ff2811500
8 * 100.0 = 800.0 MHz max efficiency frequency
21 * 100.0 = 2100.0 MHz base frequency
cpu17: MSR_IA32_POWER_CTL: 0x1e00a40059 (C1E auto-promotion: DISabled)
C-state Pre-wake: ENabled
cpu17: MSR_TURBO_RATIO_LIMIT: 0x1a1a1a1a1b1e2022
cpu17: MSR_TURBO_RATIO_LIMIT1: 0x1818181614100e0c
26 * 100.0 = 2600.0 MHz max turbo 24 active cores
26 * 100.0 = 2600.0 MHz max turbo 24 active cores
26 * 100.0 = 2600.0 MHz max turbo 24 active cores
26 * 100.0 = 2600.0 MHz max turbo 22 active cores
27 * 100.0 = 2700.0 MHz max turbo 20 active cores
30 * 100.0 = 3000.0 MHz max turbo 16 active cores
32 * 100.0 = 3200.0 MHz max turbo 14 active cores
34 * 100.0 = 3400.0 MHz max turbo 12 active cores
cpu17: MSR_CONFIG_TDP_NOMINAL: 0x00000015 (base_ratio=21)
cpu17: MSR_CONFIG_TDP_LEVEL_1: 0x16413a800130528 (PKG_MIN_PWR_LVL1=356 PKG_MAX_PWR_LVL1=5032 LVL1_RATIO=19 PKG_TDP_LVL1=1320)
cpu17: MSR_CONFIG_TDP_LEVEL_2: 0x16413a8000f0528 (PKG_MIN_PWR_LVL2=356 PKG_MAX_PWR_LVL2=5032 LVL2_RATIO=15 PKG_TDP_LVL2=1320)
cpu17: MSR_CONFIG_TDP_CONTROL: 0x00000000 ( lock=0)
cpu17: MSR_TURBO_ACTIVATION_RATIO: 0x00000000 (MAX_NON_TURBO_RATIO=0 lock=0)
cpu17: MSR_PKG_CST_CONFIG_CONTROL: 0x00008402 (locked, pkg-cstate-limit=2 (pc6), automatic c-state conversion=off)
/dev/cpu_dma_latency: 2000000000 usec (default)
current_driver: intel_idle
current_governor: menu
current_governor_ro: menu
cpu17: POLL: CPUIDLE CORE POLL IDLE
cpu17: C1: MWAIT 0x00
cpu17: C1E: MWAIT 0x01
cpu17: C6: MWAIT 0x20
cpu17: cpufreq driver: intel_pstate
cpu17: cpufreq governor: powersave
cpufreq intel_pstate no_turbo: 0
cpu17: MSR_MISC_FEATURE_CONTROL: 0x00000000 (L2-Prefetch L2-Prefetch-pair L1-Prefetch L1-IP-Prefetch)
cpu0: MSR_PM_ENABLE: 0x00000001 (HWP)
cpu0: MSR_HWP_CAPABILITIES: 0x08081522 (high 34 guar 21 eff 8 low 8)
cpu0: MSR_HWP_REQUEST: 0x80002208 (min 8 max 34 des 0 epp 0x80 window 0x0 pkg 0x0)
cpu0: MSR_HWP_REQUEST_PKG: 0x8000ff00 (min 0 max 255 des 0 epp 0x80 window 0x0)
cpu0: MSR_HWP_STATUS: 0x00000004 (No-Guaranteed_Perf_Change, Excursion_Min)
cpu24: MSR_PM_ENABLE: 0x00000001 (HWP)
cpu24: MSR_HWP_CAPABILITIES: 0x08081522 (high 34 guar 21 eff 8 low 8)
cpu24: MSR_HWP_REQUEST: 0x80002208 (min 8 max 34 des 0 epp 0x80 window 0x0 pkg 0x0)
cpu24: MSR_HWP_REQUEST_PKG: 0x8000ff00 (min 0 max 255 des 0 epp 0x80 window 0x0)
cpu24: MSR_HWP_STATUS: 0x00000004 (No-Guaranteed_Perf_Change, Excursion_Min)
cpu0: EPB: 6 (balanced)
cpu24: EPB: 6 (balanced)
cpu0: MSR_RAPL_POWER_UNIT: 0x000a0e03 (0.125000 Watts, 0.000061 Joules, 0.000977 sec.)
cpu0: MSR_PKG_POWER_INFO: 0xf13a802c80528 (165 W TDP, RAPL 89 - 629 W, 0.014648 sec.)
cpu0: MSR_PKG_POWER_LIMIT: 0x15863000158528 (UNlocked)
cpu0: PKG Limit #1: ENabled (165.000000 Watts, 1.000000 sec, clamp ENabled)
cpu0: PKG Limit #2: ENabled (198.000000 Watts, 1.000000* sec, clamp ENabled)
cpu0: MSR_DRAM_POWER_INFO,: 0x8028015600490150 (42 W TDP, RAPL 9 - 43 W, 0.039062 sec.)
cpu0: MSR_DRAM_POWER_LIMIT: 0x00000000 (UNlocked)
cpu0: DRAM Limit: DISabled (0.000000 Watts, 0.000977 sec, clamp DISabled)
cpu24: MSR_RAPL_POWER_UNIT: 0x000a0e03 (0.125000 Watts, 0.000061 Joules, 0.000977 sec.)
cpu24: MSR_PKG_POWER_INFO: 0xf13a802c80528 (165 W TDP, RAPL 89 - 629 W, 0.014648 sec.)
cpu24: MSR_PKG_POWER_LIMIT: 0x15863000158528 (UNlocked)
cpu24: PKG Limit #1: ENabled (165.000000 Watts, 1.000000 sec, clamp ENabled)
cpu24: PKG Limit #2: ENabled (198.000000 Watts, 1.000000* sec, clamp ENabled)
cpu24: MSR_DRAM_POWER_INFO,: 0x8028015600490150 (42 W TDP, RAPL 9 - 43 W, 0.039062 sec.)
cpu24: MSR_DRAM_POWER_LIMIT: 0x00000000 (UNlocked)
cpu24: DRAM Limit: DISabled (0.000000 Watts, 0.000977 sec, clamp DISabled)
cpu0: MSR_IA32_TEMPERATURE_TARGET: 0x80650a00 (101 C)
cpu24: MSR_IA32_TEMPERATURE_TARGET: 0x80650a00 (101 C)
cpu0: MSR_IA32_PACKAGE_THERM_STATUS: 0x88390800 (44 C)
cpu0: MSR_IA32_PACKAGE_THERM_INTERRUPT: 0x00000003 (101 C, 101 C)
cpu24: MSR_IA32_PACKAGE_THERM_STATUS: 0x883e0800 (39 C)
cpu24: MSR_IA32_PACKAGE_THERM_INTERRUPT: 0x00000003 (101 C, 101 C)
cpu17: MSR_PKGC3_IRTL: 0x00000000 (NOTvalid, 0 ns)
cpu17: MSR_PKGC6_IRTL: 0x00000000 (NOTvalid, 0 ns)
cpu17: MSR_PKGC7_IRTL: 0x00000000 (NOTvalid, 0 ns)
Package	Core	CPU	Avg_MHz	Busy%	Bzy_MHz	TSC_MHz	IPC	IRQ	SMI	POLL	C1	C1E	C6	POLL%	C1%	C1E%	C6%	CPU%c1	CPU%c6	CoreTmp	PkgTmp	Pkg%pc2	Pkg%pc6	PkgWatt	RAMWatt	PKG_%	RAM_%
-	-	-	32	1.83	1746	2097	0.61	20008	0	20	80	12515	14846	0.00	0.01	0.44	97.83	2.01	96.16	42	42	34.48	27.92	99.05	8.18	0.00	0.00
0	0	0	1171	54.07	2171	2095	0.76	1031	0	3	25	233	311	0.00	0.01	1.11	44.87	1.59	44.34	42	42	6.76	27.90	52.65	4.56	0.00	0.00
Package	Core	CPU	Avg_MHz	Busy%	Bzy_MHz	TSC_MHz	IPC	IRQ	SMI	POLL	C1	C1E	C6	POLL%	C1%	C1E%	C6%	CPU%c1	CPU%c6	CoreTmp	PkgTmp	Pkg%pc2	Pkg%pc6	PkgWatt	RAMWatt	PKG_%	RAM_%
-	-	-	37	1.77	2075	2093	1.47	17824	0	51	83	6073	12904	0.00	0.00	0.32	97.84	2.00	96.23	53	54	38.96	12.72	125.12	8.24	0.00	0.00
0	0	0	14	1.41	997	2095	0.72	236	0	0	0	0	347	0.00	0.00	0.00	98.63	1.32	97.27	43	54	4.79	12.73	67.29	4.59	0.00	0.00
Package	Core	CPU	Avg_MHz	Busy%	Bzy_MHz	TSC_MHz	IPC	IRQ	SMI	POLL	C1	C1E	C6	POLL%	C1%	C1E%	C6%	CPU%c1	CPU%c6	CoreTmp	PkgTmp	Pkg%pc2	Pkg%pc6	PkgWatt	RAMWatt	PKG_%	RAM_%
-	-	-	47	1.79	2630	2096	1.75	15857	0	83	227	23173	11331	0.00	0.00	0.63	97.65	2.49	95.72	54	54	41.51	0.00	163.59	9.77	0.00	0.00
0	0	0	12	1.33	917	2095	1.17	341	0	0	4	49	467	0.00	0.00	0.21	98.52	1.69	96.99	44	54	0.00	0.00	89.41	6.26	0.00	0.00
Package	Core	CPU	Avg_MHz	Busy%	Bzy_MHz	TSC_MHz	IPC	IRQ	SMI	POLL	C1	C1E	C6	POLL%	C1%	C1E%	C6%	CPU%c1	CPU%c6	CoreTmp	PkgTmp	Pkg%pc2	Pkg%pc6	PkgWatt	RAMWatt	PKG_%	RAM_%
-	-	-	41	1.43	2858	2095	1.81	8123	0	27	21	452	6879	0.00	0.01	0.07	98.49	1.31	97.26	53	53	46.05	0.00	162.72	9.77	0.00	0.00
0	0	0	9	0.86	1100	2095	0.73	137	0	0	0	1	298	0.00	0.00	0.00	99.17	0.51	98.63	44	53	0.00	0.00	89.09	6.26	0.00	0.00
Package	Core	CPU	Avg_MHz	Busy%	Bzy_MHz	TSC_MHz	IPC	IRQ	SMI	POLL	C1	C1E	C6	POLL%	C1%	C1E%	C6%	CPU%c1	CPU%c6	CoreTmp	PkgTmp	Pkg%pc2	Pkg%pc6	PkgWatt	RAMWatt	PKG_%	RAM_%
-	-	-	33	1.09	3034	2095	1.45	5073	0	1	3	423	4296	0.00	0.00	0.09	98.84	1.28	97.62	54	54	45.06	0.62	151.06	9.98	0.00	0.00
0	0	0	4	0.51	800	2095	1.19	130	0	0	0	1	256	0.00	0.00	0.01	99.51	0.20	99.29	43	54	0.20	0.62	82.31	6.48	0.00	0.00
Package	Core	CPU	Avg_MHz	Busy%	Bzy_MHz	TSC_MHz	IPC	IRQ	SMI	POLL	C1	C1E	C6	POLL%	C1%	C1E%	C6%	CPU%c1	CPU%c6	CoreTmp	PkgTmp	Pkg%pc2	Pkg%pc6	PkgWatt	RAMWatt	PKG_%	RAM_%
-	-	-	36	1.09	3282	2096	3.42	4593	0	0	0	167	3747	0.00	0.00	0.05	98.90	1.20	97.71	55	55	47.08	0.00	162.96	10.05	0.00	0.00
0	0	0	2	0.25	800	2095	0.80	86	0	0	0	0	178	0.00	0.00	0.00	99.77	0.15	99.59	43	55	0.00	0.00	89.33	6.57	0.00	0.00
Package	Core	CPU	Avg_MHz	Busy%	Bzy_MHz	TSC_MHz	IPC	IRQ	SMI	POLL	C1	C1E	C6	POLL%	C1%	C1E%	C6%	CPU%c1	CPU%c6	CoreTmp	PkgTmp	Pkg%pc2	Pkg%pc6	PkgWatt	RAMWatt	PKG_%	RAM_%
-	-	-	36	1.15	3151	2095	2.39	5442	0	1	10	323	5029	0.00	0.00	0.08	98.77	1.34	97.50	49	49	46.01	0.00	161.50	9.90	0.00	0.00
0	0	0	15	1.89	800	2095	0.64	208	0	0	0	8	473	0.00	0.00	0.06	98.10	0.38	97.73	43	49	0.00	0.00	88.08	6.43	0.00	0.00
Package	Core	CPU	Avg_MHz	Busy%	Bzy_MHz	TSC_MHz	IPC	IRQ	SMI	POLL	C1	C1E	C6	POLL%	C1%	C1E%	C6%	CPU%c1	CPU%c6	CoreTmp	PkgTmp	Pkg%pc2	Pkg%pc6	PkgWatt	RAMWatt	PKG_%	RAM_%
-	-	-	37	1.23	3012	2095	1.04	5864	0	0	0	241	5865	0.00	0.00	0.02	98.76	1.30	97.47	48	49	48.54	0.00	159.99	9.68	0.00	0.00
0	0	0	34	4.27	802	2095	0.62	231	0	0	0	16	764	0.00	0.00	0.11	95.71	0.63	95.10	43	49	0.00	0.00	86.40	6.18	0.00	0.00
Package	Core	CPU	Avg_MHz	Busy%	Bzy_MHz	TSC_MHz	IPC	IRQ	SMI	POLL	C1	C1E	C6	POLL%	C1%	C1E%	C6%	CPU%c1	CPU%c6	CoreTmp	PkgTmp	Pkg%pc2	Pkg%pc6	PkgWatt	RAMWatt	PKG_%	RAM_%
-	-	-	37	1.23	3001	2095	1.04	6234	0	0	3	251	6160	0.00	0.00	0.02	98.75	1.31	97.46	48	49	48.57	0.00	159.85	9.76	0.00	0.00
0	0	0	34	4.21	800	2095	0.55	269	0	0	0	12	750	0.00	0.00	0.06	95.82	0.56	95.23	43	49	0.00	0.00	86.37	6.22	0.00	0.00
Package	Core	CPU	Avg_MHz	Busy%	Bzy_MHz	TSC_MHz	IPC	IRQ	SMI	POLL	C1	C1E	C6	POLL%	C1%	C1E%	C6%	CPU%c1	CPU%c6	CoreTmp	PkgTmp	Pkg%pc2	Pkg%pc6	PkgWatt	RAMWatt	PKG_%	RAM_%
-	-	-	37	1.23	3013	2095	1.04	5928	0	0	2	174	6003	0.00	0.00	0.02	98.77	1.28	97.50	49	50	48.79	0.00	160.01	9.72	0.00	0.00
0	0	0	34	4.26	801	2095	0.60	194	0	0	0	20	755	0.00	0.00	0.13	95.70	0.61	95.12	43	50	0.00	0.00	86.39	6.23	0.00	0.00
Package	Core	CPU	Avg_MHz	Busy%	Bzy_MHz	TSC_MHz	IPC	IRQ	SMI	POLL	C1	C1E	C6	POLL%	C1%	C1E%	C6%	CPU%c1	CPU%c6	CoreTmp	PkgTmp	Pkg%pc2	Pkg%pc6	PkgWatt	RAMWatt	PKG_%	RAM_%
-	-	-	37	1.23	3009	2095	1.04	5742	0	0	1	165	5936	0.00	0.00	0.01	98.76	1.28	97.49	50	50	48.71	0.00	159.94	9.72	0.00	0.00
0	0	0	35	4.44	801	2095	0.67	211	0	0	0	15	777	0.00	0.00	0.09	95.56	0.58	94.98	44	50	0.00	0.00	86.45	6.25	0.00	0.00
Package	Core	CPU	Avg_MHz	Busy%	Bzy_MHz	TSC_MHz	IPC	IRQ	SMI	POLL	C1	C1E	C6	POLL%	C1%	C1E%	C6%	CPU%c1	CPU%c6	CoreTmp	PkgTmp	Pkg%pc2	Pkg%pc6	PkgWatt	RAMWatt	PKG_%	RAM_%
-	-	-	37	1.23	3009	2095	1.04	5770	0	0	1	199	5870	0.00	0.00	0.01	98.77	1.28	97.49	51	51	48.65	0.00	159.98	9.69	0.00	0.00
0	0	0	35	4.33	801	2095	0.62	247	0	0	0	18	746	0.00	0.00	0.11	95.64	0.59	95.08	44	51	0.00	0.00	86.44	6.18	0.00	0.00
Package	Core	CPU	Avg_MHz	Busy%	Bzy_MHz	TSC_MHz	IPC	IRQ	SMI	POLL	C1	C1E	C6	POLL%	C1%	C1E%	C6%	CPU%c1	CPU%c6	CoreTmp	PkgTmp	Pkg%pc2	Pkg%pc6	PkgWatt	RAMWatt	PKG_%	RAM_%
-	-	-	21	0.77	2756	2095	1.12	7067	0	0	6	1165	6569	0.00	0.00	0.07	99.15	0.94	98.28	44	44	33.75	33.07	123.34	8.57	0.00	0.00
0	0	0	21	2.64	801	2095	0.71	282	0	0	1	53	520	0.00	0.00	0.10	97.32	0.47	96.89	43	44	6.89	33.04	66.20	4.91	0.00	0.00
