--- Waiting for midtier service ---
Waiting for midtier:50054...
Waiting for midtier:50054...
Waiting for midtier:50054...
Waiting for midtier:50054...
Waiting for midtier:50054...
Waiting for midtier:50054...
Waiting for midtier:50054...
Waiting for midtier:50054...
Waiting for midtier:50054...
Waiting for midtier:50054...
Waiting for midtier:50054...
Waiting for midtier:50054...
Midtier service is ready.
--- Starting client load generator ---
1 1 1 1.032 1.062 1.088 1.118 1.159 1.216 1.262 1.3 1.352 1.392 1.468 5.2 
 Total response time 
1.032 1.062 1.088 1.118 1.159 1.216 1.262 1.3 1.352 1.392 1.468 5.2 

 Index creation time 0 0 0 0 0 0 0 0 0 0 0 0 
 Update index util time 0 0 0 0 0 0 0 0 0 0 0 0.313 
 Unpack loadgen request time 0.017 0.017 0.017 0.017 0.018 0.018 0.018 0.018 0.019 0.032 0.033 0.047 
 Get point ids time 
0.063 0.083 0.107 0.127 0.159 0.203 0.27 0.304 0.341 0.367 0.408 0.436 
 Total time taken by index server: 
0.225 0.249 0.275 0.297 0.331 0.375 0.442 0.476 0.514 0.543 0.587 0.853 
 Get bucket responses time 
1.75284e+12 1.75284e+12 1.75284e+12 1.75284e+12 1.75284e+12 1.75284e+12 1.75284e+12 1.75284e+12 1.75284e+12 1.75284e+12 1.75284e+12 1.75284e+12 
 Create bucket request time 0 0 0 0 0 0 0 0 0 0 0 0 
 Unpack bucket request time 0.007 0.007 0.007 0.007 0.007 0.008 0.014 0.021 0.022 0.024 0.025 0.037 
 Calculate knn time 
0.041 0.041 0.042 0.042 0.044 0.053 0.07 0.11 0.129 0.135 0.14 0.161 
 Pack bucket response time 0.001 0.001 0.001 0.001 0.001 0.002 0.002 0.002 0.002 0.002 0.002 0.002 
 Unpack bucket response time 0.001 0.001 0.001 0.002 0.002 0.002 0.002 0.002 0.002 0.002 0.002 0.01 
 Merge time 0.014 0.014 0.015 0.015 0.015 0.026 0.029 0.029 0.03 0.035 0.046 0.061 
 Pack index response time 0.014 0.014 0.015 0.015 0.015 0.026 0.029 0.029 0.03 0.035 0.046 0.061 
 Unpack index response time 0 0 0 0 0 0 0 0.001 0.001 0.001 0.001 0.005 
 0.000100033
got kill ack
[libprotobuf FATAL /usr/local/include/google/protobuf/repeated_field.h:1535] CHECK failed: (index) < (current_size_): 
terminate called after throwing an instance of 'google::protobuf::FatalException'
  what():  CHECK failed: (index) < (current_size_): 
bash: line 12:    33 Aborted                 (core dumped) ./load_generator_open_loop /home/image_feature_vectors.dat ./results/ 1 30 100 midtier:50054 dummy1 dummy2 dummy3
