turbostat version 21.05.04 - Len Brown <lenb@kernel.org>
CPUID(0): GenuineIntel 0x1b CPUID levels
CPUID(1): family:model:stepping 0x6:6a:6 (6:106:6) microcode 0xd000404
CPUID(0x80000000): max_extended_levels: 0x80000008
CPUID(1): SSE3 MONITOR SMX EIST TM2 TSC MSR ACPI-TM HT TM
CPUID(6): APERF, TURBO, DTS, PTM, HWP, No-HWPnotify, HWPwindow, No-HWPepp, HWPpkg, EPB
cpu68: MSR_IA32_MISC_ENABLE: 0x00850089 (TCC EIST MWAIT PREFETCH TURBO)
CPUID(7): SGX
cpu68: MSR_IA32_FEATURE_CONTROL: 0x0000ff03 (Locked )
CPUID(0x15): eax_crystal: 2 ebx_tsc: 168 ecx_crystal_hz: 0
CPUID(0x16): base_mhz: 2100 max_mhz: 3400 bus_mhz: 100
cpu68: MSR_MISC_PWR_MGMT: 0x00402040 (ENable-EIST_Coordination DISable-EPB DISable-OOB)
RAPL: 1589 sec. Joule Counter Range, at 165 Watts
cpu68: MSR_PLATFORM_INFO: 0x8008082ff2811500
8 * 100.0 = 800.0 MHz max efficiency frequency
21 * 100.0 = 2100.0 MHz base frequency
cpu68: MSR_IA32_POWER_CTL: 0x1e00a40059 (C1E auto-promotion: DISabled)
C-state Pre-wake: ENabled
cpu68: MSR_TURBO_RATIO_LIMIT: 0x1a1a1a1a1b1e2022
cpu68: MSR_TURBO_RATIO_LIMIT1: 0x1818181614100e0c
26 * 100.0 = 2600.0 MHz max turbo 24 active cores
26 * 100.0 = 2600.0 MHz max turbo 24 active cores
26 * 100.0 = 2600.0 MHz max turbo 24 active cores
26 * 100.0 = 2600.0 MHz max turbo 22 active cores
27 * 100.0 = 2700.0 MHz max turbo 20 active cores
30 * 100.0 = 3000.0 MHz max turbo 16 active cores
32 * 100.0 = 3200.0 MHz max turbo 14 active cores
34 * 100.0 = 3400.0 MHz max turbo 12 active cores
cpu68: MSR_CONFIG_TDP_NOMINAL: 0x00000015 (base_ratio=21)
cpu68: MSR_CONFIG_TDP_LEVEL_1: 0x16413a800130528 (PKG_MIN_PWR_LVL1=356 PKG_MAX_PWR_LVL1=5032 LVL1_RATIO=19 PKG_TDP_LVL1=1320)
cpu68: MSR_CONFIG_TDP_LEVEL_2: 0x16413a8000f0528 (PKG_MIN_PWR_LVL2=356 PKG_MAX_PWR_LVL2=5032 LVL2_RATIO=15 PKG_TDP_LVL2=1320)
cpu68: MSR_CONFIG_TDP_CONTROL: 0x00000000 ( lock=0)
cpu68: MSR_TURBO_ACTIVATION_RATIO: 0x00000000 (MAX_NON_TURBO_RATIO=0 lock=0)
cpu68: MSR_PKG_CST_CONFIG_CONTROL: 0x00008402 (locked, pkg-cstate-limit=2 (pc6), automatic c-state conversion=off)
/dev/cpu_dma_latency: 2000000000 usec (default)
current_driver: intel_idle
current_governor: menu
current_governor_ro: menu
cpu68: POLL: CPUIDLE CORE POLL IDLE
cpu68: C1: MWAIT 0x00
cpu68: C1E: MWAIT 0x01
cpu68: C6: MWAIT 0x20
cpu68: cpufreq driver: intel_pstate
cpu68: cpufreq governor: powersave
cpufreq intel_pstate no_turbo: 0
cpu68: MSR_MISC_FEATURE_CONTROL: 0x00000000 (L2-Prefetch L2-Prefetch-pair L1-Prefetch L1-IP-Prefetch)
cpu0: MSR_PM_ENABLE: 0x00000001 (HWP)
cpu0: MSR_HWP_CAPABILITIES: 0x08081522 (high 34 guar 21 eff 8 low 8)
cpu0: MSR_HWP_REQUEST: 0x80002208 (min 8 max 34 des 0 epp 0x80 window 0x0 pkg 0x0)
cpu0: MSR_HWP_REQUEST_PKG: 0x8000ff00 (min 0 max 255 des 0 epp 0x80 window 0x0)
cpu0: MSR_HWP_STATUS: 0x00000004 (No-Guaranteed_Perf_Change, Excursion_Min)
cpu24: MSR_PM_ENABLE: 0x00000001 (HWP)
cpu24: MSR_HWP_CAPABILITIES: 0x08081522 (high 34 guar 21 eff 8 low 8)
cpu24: MSR_HWP_REQUEST: 0x80002208 (min 8 max 34 des 0 epp 0x80 window 0x0 pkg 0x0)
cpu24: MSR_HWP_REQUEST_PKG: 0x8000ff00 (min 0 max 255 des 0 epp 0x80 window 0x0)
cpu24: MSR_HWP_STATUS: 0x00000004 (No-Guaranteed_Perf_Change, Excursion_Min)
cpu0: EPB: 6 (balanced)
cpu24: EPB: 6 (balanced)
cpu0: MSR_RAPL_POWER_UNIT: 0x000a0e03 (0.125000 Watts, 0.000061 Joules, 0.000977 sec.)
cpu0: MSR_PKG_POWER_INFO: 0xf13a802c80528 (165 W TDP, RAPL 89 - 629 W, 0.014648 sec.)
cpu0: MSR_PKG_POWER_LIMIT: 0x15863000158528 (UNlocked)
cpu0: PKG Limit #1: ENabled (165.000000 Watts, 1.000000 sec, clamp ENabled)
cpu0: PKG Limit #2: ENabled (198.000000 Watts, 1.000000* sec, clamp ENabled)
cpu0: MSR_DRAM_POWER_INFO,: 0x8028015600490150 (42 W TDP, RAPL 9 - 43 W, 0.039062 sec.)
cpu0: MSR_DRAM_POWER_LIMIT: 0x00000000 (UNlocked)
cpu0: DRAM Limit: DISabled (0.000000 Watts, 0.000977 sec, clamp DISabled)
cpu24: MSR_RAPL_POWER_UNIT: 0x000a0e03 (0.125000 Watts, 0.000061 Joules, 0.000977 sec.)
cpu24: MSR_PKG_POWER_INFO: 0xf13a802c80528 (165 W TDP, RAPL 89 - 629 W, 0.014648 sec.)
cpu24: MSR_PKG_POWER_LIMIT: 0x15863000158528 (UNlocked)
cpu24: PKG Limit #1: ENabled (165.000000 Watts, 1.000000 sec, clamp ENabled)
cpu24: PKG Limit #2: ENabled (198.000000 Watts, 1.000000* sec, clamp ENabled)
cpu24: MSR_DRAM_POWER_INFO,: 0x8028015600490150 (42 W TDP, RAPL 9 - 43 W, 0.039062 sec.)
cpu24: MSR_DRAM_POWER_LIMIT: 0x00000000 (UNlocked)
cpu24: DRAM Limit: DISabled (0.000000 Watts, 0.000977 sec, clamp DISabled)
cpu0: MSR_IA32_TEMPERATURE_TARGET: 0x80650a00 (101 C)
cpu24: MSR_IA32_TEMPERATURE_TARGET: 0x80650a00 (101 C)
cpu0: MSR_IA32_PACKAGE_THERM_STATUS: 0x883a0800 (43 C)
cpu0: MSR_IA32_PACKAGE_THERM_INTERRUPT: 0x00000003 (101 C, 101 C)
cpu24: MSR_IA32_PACKAGE_THERM_STATUS: 0x883d0800 (40 C)
cpu24: MSR_IA32_PACKAGE_THERM_INTERRUPT: 0x00000003 (101 C, 101 C)
cpu68: MSR_PKGC3_IRTL: 0x00000000 (NOTvalid, 0 ns)
cpu68: MSR_PKGC6_IRTL: 0x00000000 (NOTvalid, 0 ns)
cpu68: MSR_PKGC7_IRTL: 0x00000000 (NOTvalid, 0 ns)
Package	Core	CPU	Avg_MHz	Busy%	Bzy_MHz	TSC_MHz	IPC	IRQ	SMI	POLL	C1	C1E	C6	POLL%	C1%	C1E%	C6%	CPU%c1	CPU%c6	CoreTmp	PkgTmp	Pkg%pc2	Pkg%pc6	PkgWatt	RAMWatt	PKG_%	RAM_%
-	-	-	30	1.68	1777	2094	0.65	18500	0	22	136	4527	13930	0.00	0.01	0.29	98.01	1.77	96.55	43	43	30.26	29.78	99.40	8.19	0.00	0.00
0	4	4	21	1.25	1650	2095	0.44	121	0	0	0	10	156	0.00	0.00	0.09	98.68	1.07	97.67	40
Package	Core	CPU	Avg_MHz	Busy%	Bzy_MHz	TSC_MHz	IPC	IRQ	SMI	POLL	C1	C1E	C6	POLL%	C1%	C1E%	C6%	CPU%c1	CPU%c6	CoreTmp	PkgTmp	Pkg%pc2	Pkg%pc6	PkgWatt	RAMWatt	PKG_%	RAM_%
-	-	-	34	1.65	2043	2095	1.51	15329	0	51	133	4242	11437	0.00	0.00	0.29	98.08	1.83	96.52	53	53	36.48	14.53	121.59	7.78	0.00	0.00
0	4	4	19	1.21	1553	2095	0.59	162	0	2	5	67	187	0.00	0.01	0.44	98.36	1.39	97.40	44
Package	Core	CPU	Avg_MHz	Busy%	Bzy_MHz	TSC_MHz	IPC	IRQ	SMI	POLL	C1	C1E	C6	POLL%	C1%	C1E%	C6%	CPU%c1	CPU%c6	CoreTmp	PkgTmp	Pkg%pc2	Pkg%pc6	PkgWatt	RAMWatt	PKG_%	RAM_%
-	-	-	46	1.73	2647	2096	1.81	14438	0	83	448	19000	10312	0.00	0.01	0.46	97.88	2.29	95.98	54	54	42.99	0.00	163.91	9.61	0.00	0.00
0	4	4	15	1.20	1221	2095	1.02	162	0	0	1	264	168	0.00	0.00	0.59	98.24	0.82	97.98	44
Package	Core	CPU	Avg_MHz	Busy%	Bzy_MHz	TSC_MHz	IPC	IRQ	SMI	POLL	C1	C1E	C6	POLL%	C1%	C1E%	C6%	CPU%c1	CPU%c6	CoreTmp	PkgTmp	Pkg%pc2	Pkg%pc6	PkgWatt	RAMWatt	PKG_%	RAM_%
-	-	-	40	1.38	2911	2095	1.86	7964	0	52	8	496	6669	0.00	0.00	0.07	98.56	1.31	97.31	54	54	47.36	0.00	162.81	9.64	0.00	0.00
0	4	4	11	1.05	1073	2095	0.98	174	0	0	0	46	174	0.00	0.00	0.19	98.78	0.39	98.56	43
Package	Core	CPU	Avg_MHz	Busy%	Bzy_MHz	TSC_MHz	IPC	IRQ	SMI	POLL	C1	C1E	C6	POLL%	C1%	C1E%	C6%	CPU%c1	CPU%c6	CoreTmp	PkgTmp	Pkg%pc2	Pkg%pc6	PkgWatt	RAMWatt	PKG_%	RAM_%
-	-	-	27	0.91	2985	2095	1.27	4872	0	2	18	479	4146	0.00	0.00	0.09	99.01	1.09	98.00	42	42	38.61	16.42	137.40	9.33	0.00	0.00
0	4	4	320	15.73	2042	2095	0.70	321	0	0	0	5	135	0.00	0.00	0.03	84.26	0.15	84.12	42
Package	Core	CPU	Avg_MHz	Busy%	Bzy_MHz	TSC_MHz	IPC	IRQ	SMI	POLL	C1	C1E	C6	POLL%	C1%	C1E%	C6%	CPU%c1	CPU%c6	CoreTmp	PkgTmp	Pkg%pc2	Pkg%pc6	PkgWatt	RAMWatt	PKG_%	RAM_%
-	-	-	36	1.10	3255	2095	3.16	5073	0	0	1	101	4341	0.00	0.00	0.01	98.91	1.13	97.77	54	54	48.71	0.00	161.03	10.00	0.00	0.00
0	4	4	3377	100.00	3384	2095	3.19	1262	0	0	0	0	0	0.00	0.00	0.00	0.00	0.00	0.00	54
Package	Core	CPU	Avg_MHz	Busy%	Bzy_MHz	TSC_MHz	IPC	IRQ	SMI	POLL	C1	C1E	C6	POLL%	C1%	C1E%	C6%	CPU%c1	CPU%c6	CoreTmp	PkgTmp	Pkg%pc2	Pkg%pc6	PkgWatt	RAMWatt	PKG_%	RAM_%
-	-	-	36	1.13	3204	2095	2.89	5419	0	1	0	220	4800	0.00	0.00	0.04	98.82	1.22	97.65	48	48	47.97	0.00	162.15	9.83	0.00	0.00
0	4	4	3391	100.00	3399	2095	2.93	1384	0	0	0	0	0	0.00	0.00	0.00	0.00	0.00	0.00	48
Package	Core	CPU	Avg_MHz	Busy%	Bzy_MHz	TSC_MHz	IPC	IRQ	SMI	POLL	C1	C1E	C6	POLL%	C1%	C1E%	C6%	CPU%c1	CPU%c6	CoreTmp	PkgTmp	Pkg%pc2	Pkg%pc6	PkgWatt	RAMWatt	PKG_%	RAM_%
-	-	-	37	1.22	3017	2096	1.04	6109	0	1	0	339	6040	0.00	0.00	0.05	98.76	1.35	97.42	48	48	47.67	0.00	160.17	9.40	0.00	0.00
0	4	4	3391	100.00	3399	2095	1.05	1816	0	0	0	0	0	0.00	0.00	0.00	0.00	0.00	0.00	48
Package	Core	CPU	Avg_MHz	Busy%	Bzy_MHz	TSC_MHz	IPC	IRQ	SMI	POLL	C1	C1E	C6	POLL%	C1%	C1E%	C6%	CPU%c1	CPU%c6	CoreTmp	PkgTmp	Pkg%pc2	Pkg%pc6	PkgWatt	RAMWatt	PKG_%	RAM_%
-	-	-	37	1.23	3011	2095	1.04	6322	0	0	1	332	6329	0.00	0.00	0.03	98.74	1.32	97.45	48	48	48.13	0.00	159.92	9.43	0.00	0.00
0	4	4	3391	100.00	3399	2095	1.04	1800	0	0	0	0	0	0.00	0.00	0.00	0.00	0.00	0.00	48
Package	Core	CPU	Avg_MHz	Busy%	Bzy_MHz	TSC_MHz	IPC	IRQ	SMI	POLL	C1	C1E	C6	POLL%	C1%	C1E%	C6%	CPU%c1	CPU%c6	CoreTmp	PkgTmp	Pkg%pc2	Pkg%pc6	PkgWatt	RAMWatt	PKG_%	RAM_%
-	-	-	37	1.23	3013	2095	1.04	5901	0	1	0	155	5992	0.00	0.00	0.01	98.78	1.28	97.49	49	49	48.81	0.00	160.01	9.43	0.00	0.00
0	4	4	3391	100.00	3399	2095	1.04	1800	0	0	0	0	0	0.00	0.00	0.00	0.00	0.00	0.00	49
Package	Core	CPU	Avg_MHz	Busy%	Bzy_MHz	TSC_MHz	IPC	IRQ	SMI	POLL	C1	C1E	C6	POLL%	C1%	C1E%	C6%	CPU%c1	CPU%c6	CoreTmp	PkgTmp	Pkg%pc2	Pkg%pc6	PkgWatt	RAMWatt	PKG_%	RAM_%
-	-	-	37	1.23	3008	2095	1.04	6058	0	0	2	178	6180	0.00	0.00	0.03	98.74	1.32	97.45	48	49	48.76	0.00	159.91	9.43	0.00	0.00
0	4	4	3391	100.00	3399	2095	1.04	1800	0	0	0	0	0	0.00	0.00	0.00	0.00	0.00	0.00	48
Package	Core	CPU	Avg_MHz	Busy%	Bzy_MHz	TSC_MHz	IPC	IRQ	SMI	POLL	C1	C1E	C6	POLL%	C1%	C1E%	C6%	CPU%c1	CPU%c6	CoreTmp	PkgTmp	Pkg%pc2	Pkg%pc6	PkgWatt	RAMWatt	PKG_%	RAM_%
-	-	-	37	1.23	3010	2095	1.04	5875	0	0	0	145	6012	0.00	0.00	0.02	98.77	1.29	97.48	49	49	48.88	0.00	160.01	9.57	0.00	0.00
0	4	4	3391	100.00	3399	2095	1.04	1794	0	0	0	0	0	0.00	0.00	0.00	0.00	0.00	0.00	49
Package	Core	CPU	Avg_MHz	Busy%	Bzy_MHz	TSC_MHz	IPC	IRQ	SMI	POLL	C1	C1E	C6	POLL%	C1%	C1E%	C6%	CPU%c1	CPU%c6	CoreTmp	PkgTmp	Pkg%pc2	Pkg%pc6	PkgWatt	RAMWatt	PKG_%	RAM_%
-	-	-	27	0.93	2964	2095	1.04	5529	0	3	10	299	5552	0.00	0.01	0.03	99.03	1.02	98.05	42	42	40.44	20.12	138.72	8.87	0.00	0.00
0	4	4	2501	73.77	3398	2095	1.04	1336	0	0	0	0	15	0.00	0.00	0.00	26.23	0.01	26.22	40
