--- Waiting for midtier service ---
Waiting for midtier:50054...
Waiting for midtier:50054...
Waiting for midtier:50054...
Waiting for midtier:50054...
Waiting for midtier:50054...
Waiting for midtier:50054...
Waiting for midtier:50054...
Waiting for midtier:50054...
Waiting for midtier:50054...
Waiting for midtier:50054...
Waiting for midtier:50054...
Waiting for midtier:50054...
Waiting for midtier:50054...
Midtier service is ready.
--- Starting client load generator ---
1 1 1 1.043 1.084 1.118 1.147 1.179 1.216 1.261 1.3 1.351 1.38 1.438 5.007 
 Total response time 
1.043 1.084 1.118 1.147 1.179 1.216 1.261 1.3 1.351 1.38 1.438 5.007 

 Index creation time 0 0 0 0 0 0 0 0 0 0 0 0 
 Update index util time 0 0 0 0 0 0 0 0 0 0 0 0.311 
 Unpack loadgen request time 0.017 0.017 0.017 0.018 0.018 0.018 0.018 0.018 0.018 0.019 0.031 0.036 
 Get point ids time 
0.063 0.083 0.106 0.126 0.159 0.203 0.271 0.304 0.34 0.366 0.404 0.426 
 Total time taken by index server: 
0.223 0.245 0.269 0.29 0.323 0.367 0.433 0.469 0.504 0.535 0.573 0.751 
 Get bucket responses time 
1.75284e+12 1.75284e+12 1.75284e+12 1.75284e+12 1.75284e+12 1.75284e+12 1.75284e+12 1.75284e+12 1.75284e+12 1.75284e+12 1.75284e+12 1.75284e+12 
 Create bucket request time 0 0 0 0 0 0 0 0 0 0 0 0 
 Unpack bucket request time 0.006 0.007 0.007 0.007 0.007 0.007 0.008 0.021 0.021 0.022 0.022 0.028 
 Calculate knn time 
0.041 0.042 0.042 0.049 0.081 0.111 0.122 0.129 0.135 0.138 0.143 0.311 
 Pack bucket response time 0.001 0.001 0.001 0.001 0.001 0.002 0.002 0.002 0.002 0.002 0.002 0.003 
 Unpack bucket response time 0.001 0.001 0.001 0.002 0.002 0.002 0.002 0.002 0.002 0.002 0.002 0.002 
 Merge time 0.014 0.014 0.015 0.015 0.015 0.015 0.015 0.015 0.029 0.034 0.039 0.054 
 Pack index response time 0.014 0.014 0.015 0.015 0.015 0.015 0.015 0.015 0.029 0.034 0.039 0.054 
 Unpack index response time 0 0 0 0 0 0 0 0.001 0.001 0.001 0.001 0.005 
 0.000100033
got kill ack
[libprotobuf FATAL /usr/local/include/google/protobuf/repeated_field.h:1535] CHECK failed: (index) < (current_size_): 
terminate called after throwing an instance of 'google::protobuf::FatalException'
  what():  CHECK failed: (index) < (current_size_): 
bash: line 12:    35 Aborted                 (core dumped) ./load_generator_open_loop /home/image_feature_vectors.dat ./results/ 1 30 100 midtier:50054 dummy1 dummy2 dummy3
