--- Waiting for midtier service ---
Waiting for midtier:50054...
Waiting for midtier:50054...
Waiting for midtier:50054...
Waiting for midtier:50054...
Waiting for midtier:50054...
Waiting for midtier:50054...
Waiting for midtier:50054...
Waiting for midtier:50054...
Waiting for midtier:50054...
Waiting for midtier:50054...
Waiting for midtier:50054...
Midtier service is ready.
--- Starting client load generator ---
1 1 1 1.027 1.053 1.077 1.106 1.143 1.2 1.246 1.289 1.337 1.379 1.456 4.904 
 Total response time 
1.027 1.053 1.077 1.106 1.143 1.2 1.246 1.289 1.337 1.379 1.456 4.904 

 Index creation time 0 0 0 0 0 0 0 0 0 0 0 0 
 Update index util time 0 0 0 0 0 0 0 0 0 0 0 0.326 
 Unpack loadgen request time 0.017 0.017 0.017 0.017 0.018 0.018 0.018 0.018 0.018 0.018 0.031 0.048 
 Get point ids time 
0.063 0.083 0.106 0.126 0.159 0.203 0.272 0.305 0.341 0.366 0.413 0.447 
 Total time taken by index server: 
0.223 0.245 0.27 0.291 0.322 0.368 0.435 0.469 0.508 0.536 0.581 0.844 
 Get bucket responses time 
1.75285e+12 1.75285e+12 1.75285e+12 1.75285e+12 1.75285e+12 1.75285e+12 1.75285e+12 1.75285e+12 1.75285e+12 1.75285e+12 1.75285e+12 1.75285e+12 
 Create bucket request time 0 0 0 0 0 0 0 0 0 0 0 0 
 Unpack bucket request time 0.006 0.007 0.007 0.007 0.007 0.007 0.014 0.021 0.022 0.024 0.025 0.041 
 Calculate knn time 
0.041 0.041 0.042 0.042 0.043 0.047 0.059 0.087 0.128 0.135 0.141 0.157 
 Pack bucket response time 0.001 0.001 0.001 0.001 0.001 0.002 0.002 0.002 0.002 0.002 0.002 0.002 
 Unpack bucket response time 0.001 0.001 0.001 0.002 0.002 0.002 0.002 0.002 0.002 0.002 0.002 0.002 
 Merge time 0.014 0.014 0.015 0.015 0.015 0.015 0.015 0.016 0.029 0.034 0.04 0.049 
 Pack index response time 0.014 0.014 0.015 0.015 0.015 0.015 0.015 0.016 0.029 0.034 0.04 0.049 
 Unpack index response time 0 0 0 0 0 0 0 0.001 0.001 0.001 0.001 0.004 
 0.000100033
got kill ack
[libprotobuf FATAL /usr/local/include/google/protobuf/repeated_field.h:1535] CHECK failed: (index) < (current_size_): 
terminate called after throwing an instance of 'google::protobuf::FatalException'
  what():  CHECK failed: (index) < (current_size_): 
bash: line 12:    31 Aborted                 (core dumped) ./load_generator_open_loop /home/image_feature_vectors.dat ./results/ 1 30 100 midtier:50054 dummy1 dummy2 dummy3
