--- Waiting for midtier service ---
Waiting for midtier:50054...
Waiting for midtier:50054...
Waiting for midtier:50054...
Waiting for midtier:50054...
Waiting for midtier:50054...
Waiting for midtier:50054...
Waiting for midtier:50054...
Waiting for midtier:50054...
Waiting for midtier:50054...
Waiting for midtier:50054...
Waiting for midtier:50054...
Midtier service is ready.
--- Starting client load generator ---
1 1 1 1.041 1.081 1.114 1.148 1.183 1.22 1.266 1.307 1.352 1.382 1.455 5.074 
 Total response time 
1.041 1.081 1.114 1.148 1.183 1.22 1.266 1.307 1.352 1.382 1.455 5.074 

 Index creation time 0 0 0 0 0 0 0 0 0 0 0 0 
 Update index util time 0 0 0 0 0 0 0 0 0 0 0 0.314 
 Unpack loadgen request time 0.017 0.017 0.017 0.017 0.018 0.018 0.018 0.018 0.018 0.019 0.032 0.036 
 Get point ids time 
0.063 0.083 0.107 0.127 0.159 0.202 0.271 0.305 0.34 0.367 0.406 0.432 
 Total time taken by index server: 
0.223 0.247 0.272 0.293 0.326 0.371 0.437 0.472 0.509 0.538 0.58 0.837 
 Get bucket responses time 
1.75284e+12 1.75284e+12 1.75284e+12 1.75284e+12 1.75284e+12 1.75284e+12 1.75284e+12 1.75284e+12 1.75284e+12 1.75284e+12 1.75284e+12 1.75284e+12 
 Create bucket request time 0 0 0 0 0 0 0 0 0 0 0 0 
 Unpack bucket request time 0.007 0.007 0.007 0.007 0.007 0.007 0.007 0.016 0.021 0.022 0.022 0.037 
 Calculate knn time 
0.041 0.042 0.042 0.056 0.076 0.103 0.118 0.126 0.134 0.137 0.143 0.292 
 Pack bucket response time 0.001 0.001 0.001 0.001 0.002 0.002 0.002 0.002 0.002 0.002 0.002 0.002 
 Unpack bucket response time 0.001 0.001 0.001 0.001 0.002 0.002 0.002 0.002 0.002 0.002 0.002 0.002 
 Merge time 0.014 0.014 0.014 0.015 0.015 0.015 0.015 0.029 0.03 0.034 0.046 0.051 
 Pack index response time 0.014 0.014 0.014 0.015 0.015 0.015 0.015 0.029 0.03 0.034 0.046 0.051 
 Unpack index response time 0 0 0 0 0 0 0 0.001 0.001 0.001 0.001 0.004 
 0.000100033
got kill ack
[libprotobuf FATAL /usr/local/include/google/protobuf/repeated_field.h:1535] CHECK failed: (index) < (current_size_): 
terminate called after throwing an instance of 'google::protobuf::FatalException'
  what():  CHECK failed: (index) < (current_size_): 
bash: line 12:    31 Aborted                 (core dumped) ./load_generator_open_loop /home/image_feature_vectors.dat ./results/ 1 30 100 midtier:50054 dummy1 dummy2 dummy3
