--- Waiting for midtier service ---
Waiting for midtier:50054...
Waiting for midtier:50054...
Waiting for midtier:50054...
Waiting for midtier:50054...
Waiting for midtier:50054...
Waiting for midtier:50054...
Waiting for midtier:50054...
Waiting for midtier:50054...
Waiting for midtier:50054...
Waiting for midtier:50054...
Waiting for midtier:50054...
Midtier service is ready.
--- Starting client load generator ---
1 1 1 1.03 1.054 1.079 1.108 1.144 1.2 1.25 1.289 1.339 1.378 1.454 5 
 Total response time 
1.03 1.054 1.079 1.108 1.144 1.2 1.25 1.289 1.339 1.378 1.454 5 

 Index creation time 0 0 0 0 0 0 0 0 0 0 0 0 
 Update index util time 0 0 0 0 0 0 0 0 0 0 0 0.326 
 Unpack loadgen request time 0.017 0.017 0.017 0.017 0.018 0.018 0.018 0.018 0.018 0.018 0.031 0.036 
 Get point ids time 
0.063 0.083 0.107 0.126 0.159 0.203 0.272 0.304 0.342 0.369 0.408 0.435 
 Total time taken by index server: 
0.224 0.246 0.27 0.291 0.324 0.369 0.436 0.469 0.507 0.537 0.579 0.86 
 Get bucket responses time 
1.75284e+12 1.75284e+12 1.75284e+12 1.75284e+12 1.75284e+12 1.75284e+12 1.75284e+12 1.75284e+12 1.75284e+12 1.75284e+12 1.75284e+12 1.75284e+12 
 Create bucket request time 0 0 0 0 0 0 0 0 0 0 0 0 
 Unpack bucket request time 0.006 0.007 0.007 0.007 0.007 0.007 0.014 0.021 0.022 0.024 0.025 0.025 
 Calculate knn time 
0.041 0.041 0.042 0.042 0.043 0.047 0.06 0.088 0.128 0.134 0.141 0.164 
 Pack bucket response time 0.001 0.001 0.001 0.001 0.001 0.001 0.002 0.002 0.002 0.002 0.002 0.002 
 Unpack bucket response time 0.001 0.001 0.001 0.002 0.002 0.002 0.002 0.002 0.002 0.002 0.002 0.002 
 Merge time 0.014 0.014 0.015 0.015 0.015 0.015 0.015 0.015 0.029 0.034 0.04 0.053 
 Pack index response time 0.014 0.014 0.015 0.015 0.015 0.015 0.015 0.015 0.029 0.034 0.04 0.053 
 Unpack index response time 0 0 0 0 0 0 0 0.001 0.001 0.001 0.001 0.004 
 0.000100033
got kill ack
[libprotobuf FATAL /usr/local/include/google/protobuf/repeated_field.h:1535] CHECK failed: (index) < (current_size_): 
terminate called after throwing an instance of 'google::protobuf::FatalException'
  what():  CHECK failed: (index) < (current_size_): 
bash: line 12:    31 Aborted                 (core dumped) ./load_generator_open_loop /home/image_feature_vectors.dat ./results/ 1 30 100 midtier:50054 dummy1 dummy2 dummy3
