--- Waiting for midtier service ---
Waiting for midtier:50054...
Waiting for midtier:50054...
Waiting for midtier:50054...
Waiting for midtier:50054...
Waiting for midtier:50054...
Waiting for midtier:50054...
Waiting for midtier:50054...
Waiting for midtier:50054...
Waiting for midtier:50054...
Waiting for midtier:50054...
Waiting for midtier:50054...
Midtier service is ready.
--- Starting client load generator ---
1 1 1 1.043 1.081 1.117 1.146 1.177 1.213 1.257 1.296 1.349 1.382 1.442 5.095 
 Total response time 
1.043 1.081 1.117 1.146 1.177 1.213 1.257 1.296 1.349 1.382 1.442 5.095 

 Index creation time 0 0 0 0 0 0 0 0 0 0 0 0 
 Update index util time 0 0 0 0 0 0 0 0 0 0 0 0.312 
 Unpack loadgen request time 0.017 0.017 0.017 0.017 0.017 0.018 0.018 0.018 0.018 0.018 0.023 0.04 
 Get point ids time 
0.063 0.082 0.106 0.126 0.159 0.202 0.273 0.304 0.341 0.366 0.408 0.432 
 Total time taken by index server: 
0.222 0.244 0.268 0.29 0.321 0.367 0.434 0.467 0.504 0.531 0.572 0.865 
 Get bucket responses time 
1.75284e+12 1.75284e+12 1.75284e+12 1.75284e+12 1.75284e+12 1.75284e+12 1.75284e+12 1.75284e+12 1.75284e+12 1.75284e+12 1.75284e+12 1.75284e+12 
 Create bucket request time 0 0 0 0 0 0 0 0 0 0 0 0 
 Unpack bucket request time 0.006 0.007 0.007 0.007 0.007 0.007 0.007 0.021 0.022 0.022 0.022 0.132 
 Calculate knn time 
0.041 0.042 0.043 0.059 0.083 0.109 0.121 0.128 0.134 0.138 0.143 0.192 
 Pack bucket response time 0.001 0.001 0.001 0.001 0.001 0.002 0.002 0.002 0.002 0.002 0.002 0.003 
 Unpack bucket response time 0.001 0.001 0.001 0.002 0.002 0.002 0.002 0.002 0.002 0.002 0.002 0.002 
 Merge time 0.014 0.014 0.014 0.015 0.015 0.015 0.015 0.015 0.017 0.034 0.04 0.05 
 Pack index response time 0.014 0.014 0.014 0.015 0.015 0.015 0.015 0.015 0.017 0.034 0.04 0.05 
 Unpack index response time 0 0 0 0 0 0 0 0.001 0.001 0.001 0.001 0.004 
 0.000100033
got kill ack
[libprotobuf FATAL /usr/local/include/google/protobuf/repeated_field.h:1535] CHECK failed: (index) < (current_size_): 
terminate called after throwing an instance of 'google::protobuf::FatalException'
  what():  CHECK failed: (index) < (current_size_): 
bash: line 12:    31 Aborted                 (core dumped) ./load_generator_open_loop /home/image_feature_vectors.dat ./results/ 1 30 100 midtier:50054 dummy1 dummy2 dummy3
