--- Waiting for midtier service ---
Waiting for midtier:50054...
Waiting for midtier:50054...
Waiting for midtier:50054...
Waiting for midtier:50054...
Waiting for midtier:50054...
Waiting for midtier:50054...
Waiting for midtier:50054...
Waiting for midtier:50054...
Waiting for midtier:50054...
Waiting for midtier:50054...
Waiting for midtier:50054...
Midtier service is ready.
--- Starting client load generator ---
1 1 1 1.028 1.054 1.08 1.107 1.146 1.202 1.246 1.29 1.339 1.374 1.447 5.03 
 Total response time 
1.028 1.054 1.08 1.107 1.146 1.202 1.246 1.29 1.339 1.374 1.447 5.03 

 Index creation time 0 0 0 0 0 0 0 0 0 0 0 0 
 Update index util time 0 0 0 0 0 0 0 0 0 0 0 0.311 
 Unpack loadgen request time 0.017 0.017 0.017 0.017 0.018 0.018 0.018 0.018 0.018 0.018 0.031 0.036 
 Get point ids time 
0.063 0.082 0.107 0.126 0.159 0.202 0.271 0.305 0.34 0.364 0.408 0.432 
 Total time taken by index server: 
0.222 0.244 0.268 0.289 0.32 0.366 0.433 0.468 0.504 0.533 0.576 0.862 
 Get bucket responses time 
1.75284e+12 1.75284e+12 1.75284e+12 1.75284e+12 1.75284e+12 1.75284e+12 1.75284e+12 1.75284e+12 1.75284e+12 1.75284e+12 1.75284e+12 1.75284e+12 
 Create bucket request time 0 0 0 0 0 0 0 0 0 0 0 0 
 Unpack bucket request time 0.007 0.007 0.007 0.007 0.007 0.007 0.014 0.021 0.022 0.024 0.025 0.04 
 Calculate knn time 
0.041 0.041 0.042 0.042 0.043 0.049 0.065 0.099 0.128 0.134 0.141 0.31 
 Pack bucket response time 0.001 0.001 0.001 0.001 0.002 0.002 0.002 0.002 0.002 0.002 0.002 0.005 
 Unpack bucket response time 0.001 0.001 0.001 0.001 0.002 0.002 0.002 0.002 0.002 0.002 0.002 0.002 
 Merge time 0.014 0.014 0.015 0.015 0.015 0.015 0.015 0.016 0.029 0.034 0.039 0.05 
 Pack index response time 0.014 0.014 0.015 0.015 0.015 0.015 0.015 0.016 0.029 0.034 0.039 0.05 
 Unpack index response time 0 0 0 0 0 0 0 0.001 0.001 0.001 0.001 0.004 
 0.000100033
got kill ack
[libprotobuf FATAL /usr/local/include/google/protobuf/repeated_field.h:1535] CHECK failed: (index) < (current_size_): 
terminate called after throwing an instance of 'google::protobuf::FatalException'
  what():  CHECK failed: (index) < (current_size_): 
bash: line 12:    31 Aborted                 (core dumped) ./load_generator_open_loop /home/image_feature_vectors.dat ./results/ 1 30 100 midtier:50054 dummy1 dummy2 dummy3
