--- Waiting for midtier service ---
Waiting for midtier:50054...
Waiting for midtier:50054...
Waiting for midtier:50054...
Waiting for midtier:50054...
Waiting for midtier:50054...
Waiting for midtier:50054...
Waiting for midtier:50054...
Waiting for midtier:50054...
Waiting for midtier:50054...
Waiting for midtier:50054...
Waiting for midtier:50054...
Midtier service is ready.
--- Starting client load generator ---
1 1 1 1.028 1.055 1.081 1.108 1.146 1.201 1.247 1.291 1.342 1.376 1.452 5.455 
 Total response time 
1.028 1.055 1.081 1.108 1.146 1.201 1.247 1.291 1.342 1.376 1.452 5.455 

 Index creation time 0 0 0 0 0 0 0 0 0 0 0 0 
 Update index util time 0 0 0 0 0 0 0 0 0 0 0 0.306 
 Unpack loadgen request time 0.017 0.017 0.017 0.017 0.018 0.018 0.018 0.018 0.018 0.018 0.031 0.036 
 Get point ids time 
0.064 0.083 0.107 0.126 0.159 0.202 0.271 0.305 0.339 0.367 0.406 0.424 
 Total time taken by index server: 
0.222 0.244 0.268 0.29 0.321 0.367 0.432 0.468 0.504 0.534 0.57 0.835 
 Get bucket responses time 
1.75284e+12 1.75284e+12 1.75284e+12 1.75284e+12 1.75284e+12 1.75284e+12 1.75284e+12 1.75284e+12 1.75284e+12 1.75284e+12 1.75284e+12 1.75284e+12 
 Create bucket request time 0 0 0 0 0 0 0 0 0 0 0 0 
 Unpack bucket request time 0.006 0.007 0.007 0.007 0.007 0.007 0.014 0.021 0.022 0.024 0.025 0.039 
 Calculate knn time 
0.041 0.041 0.042 0.042 0.043 0.051 0.068 0.105 0.129 0.135 0.141 2.259 
 Pack bucket response time 0.001 0.001 0.001 0.001 0.001 0.002 0.002 0.002 0.002 0.002 0.002 0.003 
 Unpack bucket response time 0.001 0.001 0.001 0.001 0.002 0.002 0.002 0.002 0.002 0.002 0.002 0.002 
 Merge time 0.014 0.014 0.015 0.015 0.015 0.015 0.015 0.015 0.029 0.034 0.039 0.05 
 Pack index response time 0.014 0.014 0.015 0.015 0.015 0.015 0.015 0.015 0.029 0.034 0.039 0.05 
 Unpack index response time 0 0 0 0 0 0 0 0.001 0.001 0.001 0.001 0.004 
 0.0001
got kill ack
[libprotobuf FATAL /usr/local/include/google/protobuf/repeated_field.h:1535] CHECK failed: (index) < (current_size_): 
terminate called after throwing an instance of 'google::protobuf::FatalException'
  what():  CHECK failed: (index) < (current_size_): 
bash: line 12:    31 Aborted                 (core dumped) ./load_generator_open_loop /home/image_feature_vectors.dat ./results/ 1 30 100 midtier:50054 dummy1 dummy2 dummy3
