--- Waiting for midtier service ---
Waiting for midtier:50054...
Waiting for midtier:50054...
Waiting for midtier:50054...
Waiting for midtier:50054...
Waiting for midtier:50054...
Waiting for midtier:50054...
Waiting for midtier:50054...
Waiting for midtier:50054...
Waiting for midtier:50054...
Waiting for midtier:50054...
Waiting for midtier:50054...
Waiting for midtier:50054...
Midtier service is ready.
--- Starting client load generator ---
1 1 1 1.029 1.054 1.082 1.11 1.148 1.204 1.252 1.296 1.344 1.38 1.464 4.821 
 Total response time 
1.029 1.054 1.082 1.11 1.148 1.204 1.252 1.296 1.344 1.38 1.464 4.821 

 Index creation time 0 0 0 0 0 0 0 0 0 0 0 0 
 Update index util time 0 0 0 0 0 0 0 0 0 0 0 0.31 
 Unpack loadgen request time 0.017 0.017 0.017 0.017 0.018 0.018 0.018 0.018 0.019 0.032 0.033 0.049 
 Get point ids time 
0.063 0.083 0.107 0.127 0.159 0.201 0.273 0.303 0.341 0.366 0.407 0.438 
 Total time taken by index server: 
0.225 0.248 0.274 0.297 0.329 0.374 0.441 0.474 0.51 0.54 0.582 0.758 
 Get bucket responses time 
1.75284e+12 1.75284e+12 1.75284e+12 1.75284e+12 1.75284e+12 1.75284e+12 1.75284e+12 1.75284e+12 1.75284e+12 1.75284e+12 1.75284e+12 1.75284e+12 
 Create bucket request time 0 0 0 0 0 0 0 0 0 0 0 0 
 Unpack bucket request time 0.007 0.007 0.007 0.007 0.007 0.007 0.014 0.02 0.022 0.024 0.025 0.029 
 Calculate knn time 
0.041 0.041 0.042 0.042 0.043 0.044 0.056 0.078 0.126 0.133 0.14 0.171 
 Pack bucket response time 0.001 0.001 0.001 0.001 0.002 0.002 0.002 0.002 0.002 0.002 0.002 0.016 
 Unpack bucket response time 0.001 0.001 0.001 0.001 0.002 0.002 0.002 0.002 0.002 0.002 0.002 0.002 
 Merge time 0.014 0.014 0.015 0.015 0.015 0.017 0.029 0.03 0.03 0.035 0.046 0.056 
 Pack index response time 0.014 0.014 0.015 0.015 0.015 0.017 0.029 0.03 0.03 0.035 0.046 0.056 
 Unpack index response time 0 0 0 0 0 0 0 0.001 0.001 0.001 0.001 0.004 
 0.000100033
got kill ack
[libprotobuf FATAL /usr/local/include/google/protobuf/repeated_field.h:1535] CHECK failed: (index) < (current_size_): 
terminate called after throwing an instance of 'google::protobuf::FatalException'
  what():  CHECK failed: (index) < (current_size_): 
bash: line 12:    33 Aborted                 (core dumped) ./load_generator_open_loop /home/image_feature_vectors.dat ./results/ 1 30 100 midtier:50054 dummy1 dummy2 dummy3
