--- Waiting for midtier service ---
Waiting for midtier:50054...
Waiting for midtier:50054...
Waiting for midtier:50054...
Waiting for midtier:50054...
Waiting for midtier:50054...
Waiting for midtier:50054...
Waiting for midtier:50054...
Waiting for midtier:50054...
Waiting for midtier:50054...
Waiting for midtier:50054...
Waiting for midtier:50054...
Midtier service is ready.
--- Starting client load generator ---
1 1 1 1.03 1.056 1.081 1.107 1.142 1.202 1.246 1.292 1.34 1.376 1.448 4.646 
 Total response time 
1.03 1.056 1.081 1.107 1.142 1.202 1.246 1.292 1.34 1.376 1.448 4.646 

 Index creation time 0 0 0 0 0 0 0 0 0 0 0 0 
 Update index util time 0 0 0 0 0 0 0 0 0 0 0 0.31 
 Unpack loadgen request time 0.017 0.017 0.017 0.017 0.018 0.018 0.018 0.018 0.018 0.018 0.031 0.036 
 Get point ids time 
0.063 0.083 0.106 0.127 0.16 0.201 0.271 0.304 0.341 0.367 0.406 0.428 
 Total time taken by index server: 
0.222 0.244 0.268 0.291 0.322 0.367 0.434 0.467 0.505 0.535 0.573 0.794 
 Get bucket responses time 
1.75284e+12 1.75284e+12 1.75284e+12 1.75284e+12 1.75284e+12 1.75284e+12 1.75284e+12 1.75284e+12 1.75284e+12 1.75284e+12 1.75284e+12 1.75284e+12 
 Create bucket request time 0 0 0 0 0 0 0 0 0 0 0 0 
 Unpack bucket request time 0.007 0.007 0.007 0.007 0.007 0.008 0.014 0.021 0.022 0.024 0.025 0.037 
 Calculate knn time 
0.041 0.041 0.042 0.042 0.043 0.049 0.064 0.096 0.128 0.135 0.141 0.28 
 Pack bucket response time 0.001 0.001 0.001 0.001 0.001 0.001 0.002 0.002 0.002 0.002 0.002 0.002 
 Unpack bucket response time 0.001 0.001 0.001 0.001 0.002 0.002 0.002 0.002 0.002 0.002 0.002 0.01 
 Merge time 0.014 0.014 0.014 0.015 0.015 0.015 0.015 0.015 0.029 0.034 0.039 0.047 
 Pack index response time 0.014 0.014 0.014 0.015 0.015 0.015 0.015 0.015 0.029 0.034 0.039 0.047 
 Unpack index response time 0 0 0 0 0 0 0 0.001 0.001 0.001 0.001 0.004 
 0.000100033
got kill ack
[libprotobuf FATAL /usr/local/include/google/protobuf/repeated_field.h:1535] CHECK failed: (index) < (current_size_): 
terminate called after throwing an instance of 'google::protobuf::FatalException'
  what():  CHECK failed: (index) < (current_size_): 
bash: line 12:    31 Aborted                 (core dumped) ./load_generator_open_loop /home/image_feature_vectors.dat ./results/ 1 30 100 midtier:50054 dummy1 dummy2 dummy3
