--- Waiting for midtier service ---
Waiting for midtier:50054...
Waiting for midtier:50054...
Waiting for midtier:50054...
Waiting for midtier:50054...
Waiting for midtier:50054...
Waiting for midtier:50054...
Waiting for midtier:50054...
Waiting for midtier:50054...
Waiting for midtier:50054...
Waiting for midtier:50054...
Waiting for midtier:50054...
Midtier service is ready.
--- Starting client load generator ---
1 1 1 1.036 1.075 1.109 1.143 1.173 1.212 1.256 1.299 1.347 1.377 1.445 5.144 
 Total response time 
1.036 1.075 1.109 1.143 1.173 1.212 1.256 1.299 1.347 1.377 1.445 5.144 

 Index creation time 0 0 0 0 0 0 0 0 0 0 0 0 
 Update index util time 0 0 0 0 0 0 0 0 0 0 0 0.309 
 Unpack loadgen request time 0.017 0.017 0.017 0.017 0.018 0.018 0.018 0.018 0.018 0.019 0.032 0.036 
 Get point ids time 
0.064 0.083 0.107 0.127 0.159 0.202 0.272 0.304 0.341 0.367 0.405 0.438 
 Total time taken by index server: 
0.222 0.244 0.268 0.289 0.32 0.366 0.433 0.467 0.504 0.534 0.571 0.8 
 Get bucket responses time 
1.75284e+12 1.75284e+12 1.75284e+12 1.75284e+12 1.75284e+12 1.75284e+12 1.75284e+12 1.75284e+12 1.75284e+12 1.75284e+12 1.75284e+12 1.75284e+12 
 Create bucket request time 0 0 0 0 0 0 0 0 0 0 0 0 
 Unpack bucket request time 0.006 0.007 0.007 0.007 0.007 0.007 0.007 0.018 0.021 0.022 0.022 0.037 
 Calculate knn time 
0.041 0.042 0.042 0.048 0.072 0.102 0.119 0.127 0.134 0.138 0.146 0.206 
 Pack bucket response time 0.001 0.001 0.001 0.001 0.001 0.002 0.002 0.002 0.002 0.002 0.002 0.003 
 Unpack bucket response time 0.001 0.001 0.001 0.002 0.002 0.002 0.002 0.002 0.002 0.002 0.002 0.002 
 Merge time 0.014 0.014 0.014 0.015 0.015 0.015 0.015 0.015 0.029 0.034 0.04 0.05 
 Pack index response time 0.014 0.014 0.014 0.015 0.015 0.015 0.015 0.015 0.029 0.034 0.04 0.05 
 Unpack index response time 0 0 0 0 0 0 0 0.001 0.001 0.001 0.001 0.004 
 0.000100033
got kill ack
[libprotobuf FATAL /usr/local/include/google/protobuf/repeated_field.h:1535] CHECK failed: (index) < (current_size_): 
terminate called after throwing an instance of 'google::protobuf::FatalException'
  what():  CHECK failed: (index) < (current_size_): 
bash: line 12:    31 Aborted                 (core dumped) ./load_generator_open_loop /home/image_feature_vectors.dat ./results/ 1 30 100 midtier:50054 dummy1 dummy2 dummy3
