turbostat version 21.05.04 - Len Brown <lenb@kernel.org>
CPUID(0): GenuineIntel 0x1b CPUID levels
CPUID(1): family:model:stepping 0x6:6a:6 (6:106:6) microcode 0xd000404
CPUID(0x80000000): max_extended_levels: 0x80000008
CPUID(1): SSE3 MONITOR SMX EIST TM2 TSC MSR ACPI-TM HT TM
CPUID(6): APERF, TURBO, DTS, PTM, HWP, No-HWPnotify, HWPwindow, No-HWPepp, HWPpkg, EPB
cpu17: MSR_IA32_MISC_ENABLE: 0x00850089 (TCC EIST MWAIT PREFETCH TURBO)
CPUID(7): SGX
cpu17: MSR_IA32_FEATURE_CONTROL: 0x0000ff03 (Locked )
CPUID(0x15): eax_crystal: 2 ebx_tsc: 168 ecx_crystal_hz: 0
CPUID(0x16): base_mhz: 2100 max_mhz: 3400 bus_mhz: 100
cpu17: MSR_MISC_PWR_MGMT: 0x00402040 (ENable-EIST_Coordination DISable-EPB DISable-OOB)
RAPL: 1589 sec. Joule Counter Range, at 165 Watts
cpu17: MSR_PLATFORM_INFO: 0x8008082ff2811500
8 * 100.0 = 800.0 MHz max efficiency frequency
21 * 100.0 = 2100.0 MHz base frequency
cpu17: MSR_IA32_POWER_CTL: 0x1e00a40059 (C1E auto-promotion: DISabled)
C-state Pre-wake: ENabled
cpu17: MSR_TURBO_RATIO_LIMIT: 0x1a1a1a1a1b1e2022
cpu17: MSR_TURBO_RATIO_LIMIT1: 0x1818181614100e0c
26 * 100.0 = 2600.0 MHz max turbo 24 active cores
26 * 100.0 = 2600.0 MHz max turbo 24 active cores
26 * 100.0 = 2600.0 MHz max turbo 24 active cores
26 * 100.0 = 2600.0 MHz max turbo 22 active cores
27 * 100.0 = 2700.0 MHz max turbo 20 active cores
30 * 100.0 = 3000.0 MHz max turbo 16 active cores
32 * 100.0 = 3200.0 MHz max turbo 14 active cores
34 * 100.0 = 3400.0 MHz max turbo 12 active cores
cpu17: MSR_CONFIG_TDP_NOMINAL: 0x00000015 (base_ratio=21)
cpu17: MSR_CONFIG_TDP_LEVEL_1: 0x16413a800130528 (PKG_MIN_PWR_LVL1=356 PKG_MAX_PWR_LVL1=5032 LVL1_RATIO=19 PKG_TDP_LVL1=1320)
cpu17: MSR_CONFIG_TDP_LEVEL_2: 0x16413a8000f0528 (PKG_MIN_PWR_LVL2=356 PKG_MAX_PWR_LVL2=5032 LVL2_RATIO=15 PKG_TDP_LVL2=1320)
cpu17: MSR_CONFIG_TDP_CONTROL: 0x00000000 ( lock=0)
cpu17: MSR_TURBO_ACTIVATION_RATIO: 0x00000000 (MAX_NON_TURBO_RATIO=0 lock=0)
cpu17: MSR_PKG_CST_CONFIG_CONTROL: 0x00008402 (locked, pkg-cstate-limit=2 (pc6), automatic c-state conversion=off)
/dev/cpu_dma_latency: 2000000000 usec (default)
current_driver: intel_idle
current_governor: menu
current_governor_ro: menu
cpu17: POLL: CPUIDLE CORE POLL IDLE
cpu17: C1: MWAIT 0x00
cpu17: C1E: MWAIT 0x01
cpu17: C6: MWAIT 0x20
cpu17: cpufreq driver: intel_pstate
cpu17: cpufreq governor: powersave
cpufreq intel_pstate no_turbo: 0
cpu17: MSR_MISC_FEATURE_CONTROL: 0x00000000 (L2-Prefetch L2-Prefetch-pair L1-Prefetch L1-IP-Prefetch)
cpu0: MSR_PM_ENABLE: 0x00000001 (HWP)
cpu0: MSR_HWP_CAPABILITIES: 0x08081522 (high 34 guar 21 eff 8 low 8)
cpu0: MSR_HWP_REQUEST: 0x80002208 (min 8 max 34 des 0 epp 0x80 window 0x0 pkg 0x0)
cpu0: MSR_HWP_REQUEST_PKG: 0x8000ff00 (min 0 max 255 des 0 epp 0x80 window 0x0)
cpu0: MSR_HWP_STATUS: 0x00000004 (No-Guaranteed_Perf_Change, Excursion_Min)
cpu24: MSR_PM_ENABLE: 0x00000001 (HWP)
cpu24: MSR_HWP_CAPABILITIES: 0x08081522 (high 34 guar 21 eff 8 low 8)
cpu24: MSR_HWP_REQUEST: 0x80002208 (min 8 max 34 des 0 epp 0x80 window 0x0 pkg 0x0)
cpu24: MSR_HWP_REQUEST_PKG: 0x8000ff00 (min 0 max 255 des 0 epp 0x80 window 0x0)
cpu24: MSR_HWP_STATUS: 0x00000004 (No-Guaranteed_Perf_Change, Excursion_Min)
cpu0: EPB: 6 (balanced)
cpu24: EPB: 6 (balanced)
cpu0: MSR_RAPL_POWER_UNIT: 0x000a0e03 (0.125000 Watts, 0.000061 Joules, 0.000977 sec.)
cpu0: MSR_PKG_POWER_INFO: 0xf13a802c80528 (165 W TDP, RAPL 89 - 629 W, 0.014648 sec.)
cpu0: MSR_PKG_POWER_LIMIT: 0x15863000158528 (UNlocked)
cpu0: PKG Limit #1: ENabled (165.000000 Watts, 1.000000 sec, clamp ENabled)
cpu0: PKG Limit #2: ENabled (198.000000 Watts, 1.000000* sec, clamp ENabled)
cpu0: MSR_DRAM_POWER_INFO,: 0x8028015600490150 (42 W TDP, RAPL 9 - 43 W, 0.039062 sec.)
cpu0: MSR_DRAM_POWER_LIMIT: 0x00000000 (UNlocked)
cpu0: DRAM Limit: DISabled (0.000000 Watts, 0.000977 sec, clamp DISabled)
cpu24: MSR_RAPL_POWER_UNIT: 0x000a0e03 (0.125000 Watts, 0.000061 Joules, 0.000977 sec.)
cpu24: MSR_PKG_POWER_INFO: 0xf13a802c80528 (165 W TDP, RAPL 89 - 629 W, 0.014648 sec.)
cpu24: MSR_PKG_POWER_LIMIT: 0x15863000158528 (UNlocked)
cpu24: PKG Limit #1: ENabled (165.000000 Watts, 1.000000 sec, clamp ENabled)
cpu24: PKG Limit #2: ENabled (198.000000 Watts, 1.000000* sec, clamp ENabled)
cpu24: MSR_DRAM_POWER_INFO,: 0x8028015600490150 (42 W TDP, RAPL 9 - 43 W, 0.039062 sec.)
cpu24: MSR_DRAM_POWER_LIMIT: 0x00000000 (UNlocked)
cpu24: DRAM Limit: DISabled (0.000000 Watts, 0.000977 sec, clamp DISabled)
cpu0: MSR_IA32_TEMPERATURE_TARGET: 0x80650a00 (101 C)
cpu24: MSR_IA32_TEMPERATURE_TARGET: 0x80650a00 (101 C)
cpu0: MSR_IA32_PACKAGE_THERM_STATUS: 0x88390800 (44 C)
cpu0: MSR_IA32_PACKAGE_THERM_INTERRUPT: 0x00000003 (101 C, 101 C)
cpu24: MSR_IA32_PACKAGE_THERM_STATUS: 0x883d0800 (40 C)
cpu24: MSR_IA32_PACKAGE_THERM_INTERRUPT: 0x00000003 (101 C, 101 C)
cpu17: MSR_PKGC3_IRTL: 0x00000000 (NOTvalid, 0 ns)
cpu17: MSR_PKGC6_IRTL: 0x00000000 (NOTvalid, 0 ns)
cpu17: MSR_PKGC7_IRTL: 0x00000000 (NOTvalid, 0 ns)
Package	Core	CPU	Avg_MHz	Busy%	Bzy_MHz	TSC_MHz	IPC	IRQ	SMI	POLL	C1	C1E	C6	POLL%	C1%	C1E%	C6%	CPU%c1	CPU%c6	CoreTmp	PkgTmp	Pkg%pc2	Pkg%pc6	PkgWatt	RAMWatt	PKG_%	RAM_%
-	-	-	30	1.75	1722	2094	0.66	19226	0	9	148	6243	14465	0.00	0.00	0.33	97.91	1.86	96.39	42	43	36.62	25.15	96.61	8.21	0.00	0.00
0	4	4	138	7.25	1913	2095	1.45	271	0	0	0	118	184	0.00	0.00	0.56	92.22	1.06	91.69	39
Package	Core	CPU	Avg_MHz	Busy%	Bzy_MHz	TSC_MHz	IPC	IRQ	SMI	POLL	C1	C1E	C6	POLL%	C1%	C1E%	C6%	CPU%c1	CPU%c6	CoreTmp	PkgTmp	Pkg%pc2	Pkg%pc6	PkgWatt	RAMWatt	PKG_%	RAM_%
-	-	-	37	1.84	2028	2095	1.37	17495	0	69	106	5384	12720	0.00	0.00	0.34	97.84	1.98	96.17	54	54	40.22	12.90	118.54	7.85	0.00	0.00
0	4	4	11	0.89	1286	2095	0.44	135	0	0	1	12	133	0.00	0.00	0.04	99.10	0.49	98.63	44
Package	Core	CPU	Avg_MHz	Busy%	Bzy_MHz	TSC_MHz	IPC	IRQ	SMI	POLL	C1	C1E	C6	POLL%	C1%	C1E%	C6%	CPU%c1	CPU%c6	CoreTmp	PkgTmp	Pkg%pc2	Pkg%pc6	PkgWatt	RAMWatt	PKG_%	RAM_%
-	-	-	46	1.75	2652	2096	1.78	15389	0	67	385	22903	10127	0.00	0.00	0.62	97.71	2.53	95.72	54	54	44.13	0.00	163.98	9.68	0.00	0.00
0	4	4	17	1.40	1200	2095	1.11	237	0	0	1	113	200	0.00	0.00	0.57	98.06	0.74	97.86	45
Package	Core	CPU	Avg_MHz	Busy%	Bzy_MHz	TSC_MHz	IPC	IRQ	SMI	POLL	C1	C1E	C6	POLL%	C1%	C1E%	C6%	CPU%c1	CPU%c6	CoreTmp	PkgTmp	Pkg%pc2	Pkg%pc6	PkgWatt	RAMWatt	PKG_%	RAM_%
-	-	-	40	1.40	2875	2095	1.86	8009	0	57	44	638	6554	0.00	0.00	0.11	98.49	1.37	97.23	53	53	47.94	0.00	162.75	9.61	0.00	0.00
0	4	4	10	0.94	1026	2095	1.05	143	0	0	0	6	149	0.00	0.00	0.04	99.04	0.18	98.88	44
Package	Core	CPU	Avg_MHz	Busy%	Bzy_MHz	TSC_MHz	IPC	IRQ	SMI	POLL	C1	C1E	C6	POLL%	C1%	C1E%	C6%	CPU%c1	CPU%c6	CoreTmp	PkgTmp	Pkg%pc2	Pkg%pc6	PkgWatt	RAMWatt	PKG_%	RAM_%
-	-	-	33	1.10	3040	2095	1.43	5199	0	0	0	466	4236	0.00	0.00	0.09	98.83	1.29	97.61	55	55	48.45	0.30	152.59	10.00	0.00	0.00
0	4	4	956	35.11	2730	2095	1.65	547	0	0	0	4	122	0.00	0.00	0.02	64.89	0.15	64.74	55
Package	Core	CPU	Avg_MHz	Busy%	Bzy_MHz	TSC_MHz	IPC	IRQ	SMI	POLL	C1	C1E	C6	POLL%	C1%	C1E%	C6%	CPU%c1	CPU%c6	CoreTmp	PkgTmp	Pkg%pc2	Pkg%pc6	PkgWatt	RAMWatt	PKG_%	RAM_%
-	-	-	36	1.09	3281	2095	3.42	4979	0	0	1	161	4113	0.00	0.00	0.04	98.88	1.18	97.72	55	55	48.39	0.00	163.06	10.11	0.00	0.00
0	4	4	3391	100.00	3399	2095	3.45	1263	0	0	0	0	0	0.00	0.00	0.00	0.00	0.00	0.00	55
Package	Core	CPU	Avg_MHz	Busy%	Bzy_MHz	TSC_MHz	IPC	IRQ	SMI	POLL	C1	C1E	C6	POLL%	C1%	C1E%	C6%	CPU%c1	CPU%c6	CoreTmp	PkgTmp	Pkg%pc2	Pkg%pc6	PkgWatt	RAMWatt	PKG_%	RAM_%
-	-	-	36	1.16	3145	2095	2.43	5767	0	0	0	274	5292	0.00	0.00	0.06	98.78	1.30	97.54	50	50	48.03	0.00	161.63	9.95	0.00	0.00
0	4	4	3391	100.00	3399	2095	2.46	1489	0	0	0	0	0	0.00	0.00	0.00	0.00	0.00	0.00	50
Package	Core	CPU	Avg_MHz	Busy%	Bzy_MHz	TSC_MHz	IPC	IRQ	SMI	POLL	C1	C1E	C6	POLL%	C1%	C1E%	C6%	CPU%c1	CPU%c6	CoreTmp	PkgTmp	Pkg%pc2	Pkg%pc6	PkgWatt	RAMWatt	PKG_%	RAM_%
-	-	-	37	1.23	3007	2095	1.04	6077	0	1	0	218	6159	0.00	0.00	0.02	98.77	1.30	97.47	49	49	48.87	0.00	159.96	9.72	0.00	0.00
0	4	4	3391	100.00	3399	2095	1.05	1798	0	0	0	0	0	0.00	0.00	0.00	0.00	0.00	0.00	49
Package	Core	CPU	Avg_MHz	Busy%	Bzy_MHz	TSC_MHz	IPC	IRQ	SMI	POLL	C1	C1E	C6	POLL%	C1%	C1E%	C6%	CPU%c1	CPU%c6	CoreTmp	PkgTmp	Pkg%pc2	Pkg%pc6	PkgWatt	RAMWatt	PKG_%	RAM_%
-	-	-	37	1.23	3002	2095	1.04	6073	0	0	2	271	6118	0.00	0.00	0.02	98.75	1.32	97.45	48	49	48.04	0.00	159.88	9.71	0.00	0.00
0	4	4	3391	100.00	3399	2095	1.04	1789	0	0	0	0	0	0.00	0.00	0.00	0.00	0.00	0.00	48
Package	Core	CPU	Avg_MHz	Busy%	Bzy_MHz	TSC_MHz	IPC	IRQ	SMI	POLL	C1	C1E	C6	POLL%	C1%	C1E%	C6%	CPU%c1	CPU%c6	CoreTmp	PkgTmp	Pkg%pc2	Pkg%pc6	PkgWatt	RAMWatt	PKG_%	RAM_%
-	-	-	37	1.23	3009	2095	1.04	5899	0	0	4	186	5949	0.00	0.00	0.01	98.77	1.28	97.49	48	49	48.66	0.00	159.76	9.67	0.00	0.00
0	4	4	3391	100.00	3399	2095	1.04	1783	0	0	0	0	0	0.00	0.00	0.00	0.00	0.00	0.00	48
Package	Core	CPU	Avg_MHz	Busy%	Bzy_MHz	TSC_MHz	IPC	IRQ	SMI	POLL	C1	C1E	C6	POLL%	C1%	C1E%	C6%	CPU%c1	CPU%c6	CoreTmp	PkgTmp	Pkg%pc2	Pkg%pc6	PkgWatt	RAMWatt	PKG_%	RAM_%
-	-	-	37	1.23	3009	2095	1.04	5936	0	0	0	131	6038	0.00	0.00	0.01	98.77	1.28	97.49	48	49	48.75	0.00	159.88	9.64	0.00	0.00
0	4	4	3391	100.00	3399	2095	1.04	1783	0	0	0	0	0	0.00	0.00	0.00	0.00	0.00	0.00	48
Package	Core	CPU	Avg_MHz	Busy%	Bzy_MHz	TSC_MHz	IPC	IRQ	SMI	POLL	C1	C1E	C6	POLL%	C1%	C1E%	C6%	CPU%c1	CPU%c6	CoreTmp	PkgTmp	Pkg%pc2	Pkg%pc6	PkgWatt	RAMWatt	PKG_%	RAM_%
-	-	-	37	1.23	3009	2095	1.04	5929	0	0	0	125	6063	0.00	0.00	0.01	98.77	1.28	97.49	50	51	48.92	0.00	159.80	9.65	0.00	0.00
0	4	4	3391	100.00	3399	2095	1.04	1785	0	0	0	0	0	0.00	0.00	0.00	0.00	0.00	0.00	50
Package	Core	CPU	Avg_MHz	Busy%	Bzy_MHz	TSC_MHz	IPC	IRQ	SMI	POLL	C1	C1E	C6	POLL%	C1%	C1E%	C6%	CPU%c1	CPU%c6	CoreTmp	PkgTmp	Pkg%pc2	Pkg%pc6	PkgWatt	RAMWatt	PKG_%	RAM_%
-	-	-	22	0.78	2786	2095	1.12	6498	0	2	11	980	6383	0.00	0.01	0.05	99.14	0.94	98.28	42	43	34.73	32.22	124.52	8.58	0.00	0.00
0	4	4	1899	56.19	3387	2095	1.11	1026	0	0	0	1	43	0.00	0.00	0.02	43.80	0.06	43.75	41
