--- Waiting for midtier service ---
Waiting for midtier:50054...
Waiting for midtier:50054...
Waiting for midtier:50054...
Waiting for midtier:50054...
Waiting for midtier:50054...
Waiting for midtier:50054...
Waiting for midtier:50054...
Waiting for midtier:50054...
Waiting for midtier:50054...
Waiting for midtier:50054...
Waiting for midtier:50054...
Midtier service is ready.
--- Starting client load generator ---
1 1 1 1.036 1.077 1.111 1.142 1.175 1.211 1.253 1.296 1.345 1.377 1.446 4.964 
 Total response time 
1.036 1.077 1.111 1.142 1.175 1.211 1.253 1.296 1.345 1.377 1.446 4.964 

 Index creation time 0 0 0 0 0 0 0 0 0 0 0 0 
 Update index util time 0 0 0 0 0 0 0 0 0 0 0 0.314 
 Unpack loadgen request time 0.017 0.017 0.017 0.017 0.018 0.018 0.018 0.018 0.018 0.018 0.032 0.042 
 Get point ids time 
0.063 0.083 0.107 0.126 0.159 0.202 0.271 0.304 0.34 0.366 0.409 0.431 
 Total time taken by index server: 
0.222 0.244 0.269 0.29 0.322 0.368 0.433 0.468 0.503 0.534 0.571 0.776 
 Get bucket responses time 
1.75284e+12 1.75284e+12 1.75284e+12 1.75284e+12 1.75284e+12 1.75284e+12 1.75284e+12 1.75284e+12 1.75284e+12 1.75284e+12 1.75284e+12 1.75284e+12 
 Create bucket request time 0 0 0 0 0 0 0 0 0 0 0 0 
 Unpack bucket request time 0.006 0.007 0.007 0.007 0.007 0.007 0.007 0.019 0.021 0.022 0.022 0.038 
 Calculate knn time 
0.041 0.042 0.042 0.053 0.076 0.106 0.119 0.128 0.135 0.138 0.143 0.219 
 Pack bucket response time 0.001 0.001 0.001 0.001 0.001 0.002 0.002 0.002 0.002 0.002 0.002 0.002 
 Unpack bucket response time 0.001 0.001 0.001 0.002 0.002 0.002 0.002 0.002 0.002 0.002 0.002 0.016 
 Merge time 0.014 0.014 0.014 0.015 0.015 0.015 0.015 0.015 0.029 0.034 0.04 0.051 
 Pack index response time 0.014 0.014 0.014 0.015 0.015 0.015 0.015 0.015 0.029 0.034 0.04 0.051 
 Unpack index response time 0 0 0 0 0 0 0 0.001 0.001 0.001 0.001 0.004 
 0.000100033
got kill ack
[libprotobuf FATAL /usr/local/include/google/protobuf/repeated_field.h:1535] CHECK failed: (index) < (current_size_): 
terminate called after throwing an instance of 'google::protobuf::FatalException'
  what():  CHECK failed: (index) < (current_size_): 
bash: line 12:    31 Aborted                 (core dumped) ./load_generator_open_loop /home/image_feature_vectors.dat ./results/ 1 30 100 midtier:50054 dummy1 dummy2 dummy3
