--- Waiting for midtier service ---
Waiting for midtier:50054...
Waiting for midtier:50054...
Waiting for midtier:50054...
Waiting for midtier:50054...
Waiting for midtier:50054...
Waiting for midtier:50054...
Waiting for midtier:50054...
Waiting for midtier:50054...
Waiting for midtier:50054...
Waiting for midtier:50054...
Waiting for midtier:50054...
Midtier service is ready.
--- Starting client load generator ---
1 1 1 1.044 1.083 1.119 1.15 1.18 1.216 1.261 1.3 1.347 1.381 1.451 5.072 
 Total response time 
1.044 1.083 1.119 1.15 1.18 1.216 1.261 1.3 1.347 1.381 1.451 5.072 

 Index creation time 0 0 0 0 0 0 0 0 0 0 0 0 
 Update index util time 0 0 0 0 0 0 0 0 0 0 0 0.311 
 Unpack loadgen request time 0.017 0.017 0.017 0.017 0.018 0.018 0.018 0.018 0.018 0.018 0.031 0.035 
 Get point ids time 
0.063 0.083 0.106 0.126 0.159 0.201 0.271 0.304 0.34 0.367 0.41 0.441 
 Total time taken by index server: 
0.223 0.245 0.267 0.291 0.322 0.366 0.433 0.468 0.504 0.533 0.577 0.81 
 Get bucket responses time 
1.75284e+12 1.75284e+12 1.75284e+12 1.75284e+12 1.75284e+12 1.75284e+12 1.75284e+12 1.75284e+12 1.75284e+12 1.75284e+12 1.75284e+12 1.75284e+12 
 Create bucket request time 0 0 0 0 0 0 0 0 0 0 0 0 
 Unpack bucket request time 0.007 0.007 0.007 0.007 0.007 0.007 0.007 0.021 0.022 0.022 0.022 0.036 
 Calculate knn time 
0.041 0.042 0.043 0.058 0.083 0.11 0.121 0.128 0.135 0.138 0.142 0.677 
 Pack bucket response time 0.001 0.001 0.001 0.001 0.002 0.002 0.002 0.002 0.002 0.002 0.002 0.002 
 Unpack bucket response time 0.001 0.001 0.001 0.002 0.002 0.002 0.002 0.002 0.002 0.002 0.002 0.017 
 Merge time 0.014 0.014 0.014 0.015 0.015 0.015 0.015 0.015 0.029 0.034 0.04 0.051 
 Pack index response time 0.014 0.014 0.014 0.015 0.015 0.015 0.015 0.015 0.029 0.034 0.04 0.051 
 Unpack index response time 0 0 0 0 0 0 0 0.001 0.001 0.001 0.001 0.004 
 0.000100033
got kill ack
[libprotobuf FATAL /usr/local/include/google/protobuf/repeated_field.h:1535] CHECK failed: (index) < (current_size_): 
terminate called after throwing an instance of 'google::protobuf::FatalException'
  what():  CHECK failed: (index) < (current_size_): 
bash: line 12:    31 Aborted                 (core dumped) ./load_generator_open_loop /home/image_feature_vectors.dat ./results/ 1 30 100 midtier:50054 dummy1 dummy2 dummy3
