--- Waiting for midtier service ---
Waiting for midtier:50054...
Waiting for midtier:50054...
Waiting for midtier:50054...
Waiting for midtier:50054...
Waiting for midtier:50054...
Waiting for midtier:50054...
Waiting for midtier:50054...
Waiting for midtier:50054...
Waiting for midtier:50054...
Waiting for midtier:50054...
Waiting for midtier:50054...
Midtier service is ready.
--- Starting client load generator ---
1 1 1 1.037 1.075 1.112 1.143 1.175 1.213 1.255 1.299 1.344 1.377 1.454 4.855 
 Total response time 
1.037 1.075 1.112 1.143 1.175 1.213 1.255 1.299 1.344 1.377 1.454 4.855 

 Index creation time 0 0 0 0 0 0 0 0 0 0 0 0 
 Update index util time 0 0 0 0 0 0 0 0 0 0 0 0.311 
 Unpack loadgen request time 0.017 0.017 0.017 0.017 0.018 0.018 0.018 0.018 0.018 0.018 0.02 0.033 
 Get point ids time 
0.063 0.083 0.107 0.126 0.158 0.203 0.27 0.303 0.341 0.364 0.409 0.433 
 Total time taken by index server: 
0.223 0.245 0.269 0.291 0.322 0.366 0.432 0.466 0.506 0.533 0.575 0.775 
 Get bucket responses time 
1.75284e+12 1.75284e+12 1.75284e+12 1.75284e+12 1.75284e+12 1.75284e+12 1.75284e+12 1.75284e+12 1.75284e+12 1.75284e+12 1.75284e+12 1.75284e+12 
 Create bucket request time 0 0 0 0 0 0 0 0 0 0 0 0 
 Unpack bucket request time 0.006 0.007 0.007 0.007 0.007 0.007 0.007 0.018 0.021 0.022 0.022 0.036 
 Calculate knn time 
0.041 0.041 0.042 0.048 0.072 0.104 0.119 0.127 0.134 0.137 0.141 0.161 
 Pack bucket response time 0.001 0.001 0.001 0.001 0.001 0.002 0.002 0.002 0.002 0.002 0.002 0.002 
 Unpack bucket response time 0.001 0.001 0.001 0.001 0.002 0.002 0.002 0.002 0.002 0.002 0.002 0.002 
 Merge time 0.014 0.015 0.015 0.015 0.015 0.015 0.016 0.016 0.024 0.034 0.04 0.05 
 Pack index response time 0.014 0.015 0.015 0.015 0.015 0.015 0.016 0.016 0.024 0.034 0.04 0.05 
 Unpack index response time 0 0 0 0 0 0 0 0.001 0.001 0.001 0.001 0.005 
 0.000100033
got kill ack
[libprotobuf FATAL /usr/local/include/google/protobuf/repeated_field.h:1535] CHECK failed: (index) < (current_size_): 
terminate called after throwing an instance of 'google::protobuf::FatalException'
  what():  CHECK failed: (index) < (current_size_): 
bash: line 12:    31 Aborted                 (core dumped) ./load_generator_open_loop /home/image_feature_vectors.dat ./results/ 1 30 100 midtier:50054 dummy1 dummy2 dummy3
