--- Waiting for midtier service ---
Waiting for midtier:50054...
Waiting for midtier:50054...
Waiting for midtier:50054...
Waiting for midtier:50054...
Waiting for midtier:50054...
Waiting for midtier:50054...
Waiting for midtier:50054...
Waiting for midtier:50054...
Waiting for midtier:50054...
Waiting for midtier:50054...
Waiting for midtier:50054...
Midtier service is ready.
--- Starting client load generator ---
1 1 1 1.045 1.082 1.117 1.147 1.178 1.215 1.26 1.298 1.346 1.38 1.443 4.979 
 Total response time 
1.045 1.082 1.117 1.147 1.178 1.215 1.26 1.298 1.346 1.38 1.443 4.979 

 Index creation time 0 0 0 0 0 0 0 0 0 0 0 0 
 Update index util time 0 0 0 0 0 0 0 0 0 0 0 0.311 
 Unpack loadgen request time 0.017 0.017 0.017 0.017 0.018 0.018 0.018 0.018 0.018 0.018 0.031 0.04 
 Get point ids time 
0.063 0.083 0.106 0.125 0.158 0.201 0.27 0.303 0.34 0.367 0.407 0.435 
 Total time taken by index server: 
0.222 0.244 0.267 0.289 0.321 0.364 0.433 0.467 0.505 0.534 0.577 0.74 
 Get bucket responses time 
1.75284e+12 1.75284e+12 1.75284e+12 1.75284e+12 1.75284e+12 1.75284e+12 1.75284e+12 1.75284e+12 1.75284e+12 1.75284e+12 1.75284e+12 1.75284e+12 
 Create bucket request time 0 0 0 0 0 0 0 0 0 0 0 0 
 Unpack bucket request time 0.006 0.007 0.007 0.007 0.007 0.007 0.007 0.021 0.021 0.022 0.022 0.036 
 Calculate knn time 
0.041 0.042 0.043 0.062 0.085 0.109 0.121 0.128 0.135 0.138 0.142 0.164 
 Pack bucket response time 0.001 0.001 0.001 0.001 0.002 0.002 0.002 0.002 0.002 0.002 0.002 0.003 
 Unpack bucket response time 0.001 0.001 0.001 0.002 0.002 0.002 0.002 0.002 0.002 0.002 0.002 0.002 
 Merge time 0.014 0.014 0.014 0.015 0.015 0.015 0.015 0.015 0.028 0.034 0.04 0.05 
 Pack index response time 0.014 0.014 0.014 0.015 0.015 0.015 0.015 0.015 0.028 0.034 0.04 0.05 
 Unpack index response time 0 0 0 0 0 0 0 0.001 0.001 0.001 0.001 0.005 
 0.000100033
got kill ack
[libprotobuf FATAL /usr/local/include/google/protobuf/repeated_field.h:1535] CHECK failed: (index) < (current_size_): 
terminate called after throwing an instance of 'google::protobuf::FatalException'
  what():  CHECK failed: (index) < (current_size_): 
bash: line 12:    31 Aborted                 (core dumped) ./load_generator_open_loop /home/image_feature_vectors.dat ./results/ 1 30 100 midtier:50054 dummy1 dummy2 dummy3
