--- Waiting for midtier service ---
Waiting for midtier:50054...
Waiting for midtier:50054...
Waiting for midtier:50054...
Waiting for midtier:50054...
Waiting for midtier:50054...
Waiting for midtier:50054...
Waiting for midtier:50054...
Waiting for midtier:50054...
Waiting for midtier:50054...
Waiting for midtier:50054...
Waiting for midtier:50054...
Midtier service is ready.
--- Starting client load generator ---
1 1 1 1.028 1.054 1.078 1.108 1.143 1.203 1.246 1.291 1.336 1.373 1.444 4.772 
 Total response time 
1.028 1.054 1.078 1.108 1.143 1.203 1.246 1.291 1.336 1.373 1.444 4.772 

 Index creation time 0 0 0 0 0 0 0 0 0 0 0 0 
 Update index util time 0 0 0 0 0 0 0 0 0 0 0 0.312 
 Unpack loadgen request time 0.017 0.017 0.017 0.018 0.018 0.018 0.018 0.018 0.018 0.019 0.032 0.042 
 Get point ids time 
0.064 0.083 0.106 0.126 0.159 0.201 0.273 0.305 0.341 0.366 0.405 0.432 
 Total time taken by index server: 
0.223 0.246 0.27 0.29 0.323 0.367 0.435 0.47 0.505 0.534 0.571 0.644 
 Get bucket responses time 
1.75284e+12 1.75284e+12 1.75284e+12 1.75284e+12 1.75284e+12 1.75284e+12 1.75284e+12 1.75284e+12 1.75284e+12 1.75284e+12 1.75284e+12 1.75284e+12 
 Create bucket request time 0 0 0 0 0 0 0 0 0 0 0 0 
 Unpack bucket request time 0.006 0.007 0.007 0.007 0.007 0.007 0.014 0.021 0.022 0.024 0.025 0.037 
 Calculate knn time 
0.041 0.041 0.042 0.042 0.043 0.046 0.06 0.088 0.128 0.134 0.139 0.158 
 Pack bucket response time 0.001 0.001 0.001 0.001 0.001 0.002 0.002 0.002 0.002 0.002 0.002 0.003 
 Unpack bucket response time 0.001 0.001 0.001 0.002 0.002 0.002 0.002 0.002 0.002 0.002 0.002 0.002 
 Merge time 0.014 0.014 0.015 0.015 0.015 0.015 0.015 0.016 0.029 0.034 0.039 0.051 
 Pack index response time 0.014 0.014 0.015 0.015 0.015 0.015 0.015 0.016 0.029 0.034 0.039 0.051 
 Unpack index response time 0 0 0 0 0 0 0 0.001 0.001 0.001 0.001 0.004 
 0
got kill ack
[libprotobuf FATAL /usr/local/include/google/protobuf/repeated_field.h:1535] CHECK failed: (index) < (current_size_): 
terminate called after throwing an instance of 'google::protobuf::FatalException'
  what():  CHECK failed: (index) < (current_size_): 
bash: line 12:    31 Aborted                 (core dumped) ./load_generator_open_loop /home/image_feature_vectors.dat ./results/ 1 30 100 midtier:50054 dummy1 dummy2 dummy3
