--- Waiting for midtier service ---
Waiting for midtier:50054...
Waiting for midtier:50054...
Waiting for midtier:50054...
Waiting for midtier:50054...
Waiting for midtier:50054...
Waiting for midtier:50054...
Waiting for midtier:50054...
Waiting for midtier:50054...
Waiting for midtier:50054...
Waiting for midtier:50054...
Waiting for midtier:50054...
Midtier service is ready.
--- Starting client load generator ---
1 1 1 1.022 1.049 1.072 1.1 1.135 1.189 1.238 1.283 1.328 1.366 1.443 4.715 
 Total response time 
1.022 1.049 1.072 1.1 1.135 1.189 1.238 1.283 1.328 1.366 1.443 4.715 

 Index creation time 0 0 0 0 0 0 0 0 0 0 0 0 
 Update index util time 0 0 0 0 0 0 0 0 0 0 0 0.308 
 Unpack loadgen request time 0.017 0.017 0.017 0.017 0.018 0.018 0.018 0.018 0.018 0.018 0.019 0.041 
 Get point ids time 
0.064 0.083 0.107 0.126 0.159 0.202 0.27 0.304 0.341 0.366 0.404 0.427 
 Total time taken by index server: 
0.223 0.245 0.268 0.291 0.322 0.366 0.433 0.466 0.504 0.529 0.571 0.668 
 Get bucket responses time 
1.75284e+12 1.75284e+12 1.75284e+12 1.75284e+12 1.75284e+12 1.75284e+12 1.75284e+12 1.75284e+12 1.75284e+12 1.75284e+12 1.75284e+12 1.75284e+12 
 Create bucket request time 0 0 0 0 0 0 0 0 0 0 0 0 
 Unpack bucket request time 0.006 0.007 0.007 0.007 0.007 0.007 0.014 0.015 0.022 0.024 0.025 0.039 
 Calculate knn time 
0.041 0.041 0.042 0.042 0.042 0.043 0.052 0.075 0.126 0.134 0.141 0.156 
 Pack bucket response time 0.001 0.001 0.001 0.001 0.001 0.001 0.002 0.002 0.002 0.002 0.002 0.002 
 Unpack bucket response time 0.001 0.001 0.001 0.001 0.002 0.002 0.002 0.002 0.002 0.002 0.002 0.016 
 Merge time 0.014 0.014 0.015 0.015 0.015 0.015 0.015 0.015 0.016 0.034 0.039 0.054 
 Pack index response time 0.014 0.014 0.015 0.015 0.015 0.015 0.015 0.015 0.016 0.034 0.039 0.054 
 Unpack index response time 0 0 0 0 0 0 0 0.001 0.001 0.001 0.001 0.004 
 0.000100033
got kill ack
[libprotobuf FATAL /usr/local/include/google/protobuf/repeated_field.h:1535] CHECK failed: (index) < (current_size_): 
terminate called after throwing an instance of 'google::protobuf::FatalException'
  what():  CHECK failed: (index) < (current_size_): 
bash: line 12:    31 Aborted                 (core dumped) ./load_generator_open_loop /home/image_feature_vectors.dat ./results/ 1 30 100 midtier:50054 dummy1 dummy2 dummy3
