--- Waiting for midtier service ---
Waiting for midtier:50054...
Waiting for midtier:50054...
Waiting for midtier:50054...
Waiting for midtier:50054...
Waiting for midtier:50054...
Waiting for midtier:50054...
Waiting for midtier:50054...
Waiting for midtier:50054...
Waiting for midtier:50054...
Waiting for midtier:50054...
Waiting for midtier:50054...
Waiting for midtier:50054...
Midtier service is ready.
--- Starting client load generator ---
1 1 1 1.025 1.051 1.075 1.104 1.14 1.194 1.243 1.287 1.337 1.375 1.449 4.92 
 Total response time 
1.025 1.051 1.075 1.104 1.14 1.194 1.243 1.287 1.337 1.375 1.449 4.92 

 Index creation time 0 0 0 0 0 0 0 0 0 0 0 0 
 Update index util time 0 0 0 0 0 0 0 0 0 0 0 0.311 
 Unpack loadgen request time 0.017 0.017 0.017 0.017 0.018 0.018 0.018 0.018 0.018 0.018 0.032 0.042 
 Get point ids time 
0.063 0.082 0.106 0.126 0.159 0.203 0.27 0.304 0.341 0.37 0.406 0.428 
 Total time taken by index server: 
0.222 0.244 0.268 0.29 0.322 0.367 0.432 0.467 0.506 0.535 0.577 0.886 
 Get bucket responses time 
1.75284e+12 1.75284e+12 1.75284e+12 1.75284e+12 1.75284e+12 1.75284e+12 1.75284e+12 1.75284e+12 1.75284e+12 1.75284e+12 1.75284e+12 1.75284e+12 
 Create bucket request time 0 0 0 0 0 0 0 0 0 0 0 0 
 Unpack bucket request time 0.007 0.007 0.007 0.007 0.007 0.007 0.014 0.021 0.022 0.024 0.025 0.027 
 Calculate knn time 
0.041 0.041 0.042 0.042 0.043 0.047 0.059 0.086 0.127 0.134 0.141 0.154 
 Pack bucket response time 0.001 0.001 0.001 0.001 0.001 0.001 0.002 0.002 0.002 0.002 0.002 0.002 
 Unpack bucket response time 0.001 0.001 0.001 0.001 0.002 0.002 0.002 0.002 0.002 0.002 0.002 0.002 
 Merge time 0.014 0.014 0.015 0.015 0.015 0.015 0.015 0.016 0.029 0.034 0.04 0.05 
 Pack index response time 0.014 0.014 0.015 0.015 0.015 0.015 0.015 0.016 0.029 0.034 0.04 0.05 
 Unpack index response time 0 0 0 0 0 0 0 0.001 0.001 0.001 0.001 0.004 
 0.000100033
got kill ack
[libprotobuf FATAL /usr/local/include/google/protobuf/repeated_field.h:1535] CHECK failed: (index) < (current_size_): 
terminate called after throwing an instance of 'google::protobuf::FatalException'
  what():  CHECK failed: (index) < (current_size_): 
bash: line 12:    33 Aborted                 (core dumped) ./load_generator_open_loop /home/image_feature_vectors.dat ./results/ 1 30 100 midtier:50054 dummy1 dummy2 dummy3
