turbostat version 21.05.04 - Len Brown <lenb@kernel.org>
CPUID(0): GenuineIntel 0x1b CPUID levels
CPUID(1): family:model:stepping 0x6:6a:6 (6:106:6) microcode 0xd000404
CPUID(0x80000000): max_extended_levels: 0x80000008
CPUID(1): SSE3 MONITOR SMX EIST TM2 TSC MSR ACPI-TM HT TM
CPUID(6): APERF, TURBO, DTS, PTM, HWP, No-HWPnotify, HWPwindow, No-HWPepp, HWPpkg, EPB
cpu14: MSR_IA32_MISC_ENABLE: 0x00850089 (TCC EIST MWAIT PREFETCH TURBO)
CPUID(7): SGX
cpu14: MSR_IA32_FEATURE_CONTROL: 0x0000ff03 (Locked )
CPUID(0x15): eax_crystal: 2 ebx_tsc: 168 ecx_crystal_hz: 0
CPUID(0x16): base_mhz: 2100 max_mhz: 3400 bus_mhz: 100
cpu14: MSR_MISC_PWR_MGMT: 0x00402040 (ENable-EIST_Coordination DISable-EPB DISable-OOB)
RAPL: 1589 sec. Joule Counter Range, at 165 Watts
cpu14: MSR_PLATFORM_INFO: 0x8008082ff2811500
8 * 100.0 = 800.0 MHz max efficiency frequency
21 * 100.0 = 2100.0 MHz base frequency
cpu14: MSR_IA32_POWER_CTL: 0x1e00a40059 (C1E auto-promotion: DISabled)
C-state Pre-wake: ENabled
cpu14: MSR_TURBO_RATIO_LIMIT: 0x1a1a1a1a1b1e2022
cpu14: MSR_TURBO_RATIO_LIMIT1: 0x1818181614100e0c
26 * 100.0 = 2600.0 MHz max turbo 24 active cores
26 * 100.0 = 2600.0 MHz max turbo 24 active cores
26 * 100.0 = 2600.0 MHz max turbo 24 active cores
26 * 100.0 = 2600.0 MHz max turbo 22 active cores
27 * 100.0 = 2700.0 MHz max turbo 20 active cores
30 * 100.0 = 3000.0 MHz max turbo 16 active cores
32 * 100.0 = 3200.0 MHz max turbo 14 active cores
34 * 100.0 = 3400.0 MHz max turbo 12 active cores
cpu14: MSR_CONFIG_TDP_NOMINAL: 0x00000015 (base_ratio=21)
cpu14: MSR_CONFIG_TDP_LEVEL_1: 0x16413a800130528 (PKG_MIN_PWR_LVL1=356 PKG_MAX_PWR_LVL1=5032 LVL1_RATIO=19 PKG_TDP_LVL1=1320)
cpu14: MSR_CONFIG_TDP_LEVEL_2: 0x16413a8000f0528 (PKG_MIN_PWR_LVL2=356 PKG_MAX_PWR_LVL2=5032 LVL2_RATIO=15 PKG_TDP_LVL2=1320)
cpu14: MSR_CONFIG_TDP_CONTROL: 0x00000000 ( lock=0)
cpu14: MSR_TURBO_ACTIVATION_RATIO: 0x00000000 (MAX_NON_TURBO_RATIO=0 lock=0)
cpu14: MSR_PKG_CST_CONFIG_CONTROL: 0x00008402 (locked, pkg-cstate-limit=2 (pc6), automatic c-state conversion=off)
/dev/cpu_dma_latency: 2000000000 usec (default)
current_driver: intel_idle
current_governor: menu
current_governor_ro: menu
cpu14: POLL: CPUIDLE CORE POLL IDLE
cpu14: C1: MWAIT 0x00
cpu14: C1E: MWAIT 0x01
cpu14: C6: MWAIT 0x20
cpu14: cpufreq driver: intel_pstate
cpu14: cpufreq governor: powersave
cpufreq intel_pstate no_turbo: 0
cpu14: MSR_MISC_FEATURE_CONTROL: 0x00000000 (L2-Prefetch L2-Prefetch-pair L1-Prefetch L1-IP-Prefetch)
cpu0: MSR_PM_ENABLE: 0x00000001 (HWP)
cpu0: MSR_HWP_CAPABILITIES: 0x08081522 (high 34 guar 21 eff 8 low 8)
cpu0: MSR_HWP_REQUEST: 0x80002208 (min 8 max 34 des 0 epp 0x80 window 0x0 pkg 0x0)
cpu0: MSR_HWP_REQUEST_PKG: 0x8000ff00 (min 0 max 255 des 0 epp 0x80 window 0x0)
cpu0: MSR_HWP_STATUS: 0x00000004 (No-Guaranteed_Perf_Change, Excursion_Min)
cpu24: MSR_PM_ENABLE: 0x00000001 (HWP)
cpu24: MSR_HWP_CAPABILITIES: 0x08081522 (high 34 guar 21 eff 8 low 8)
cpu24: MSR_HWP_REQUEST: 0x80002208 (min 8 max 34 des 0 epp 0x80 window 0x0 pkg 0x0)
cpu24: MSR_HWP_REQUEST_PKG: 0x8000ff00 (min 0 max 255 des 0 epp 0x80 window 0x0)
cpu24: MSR_HWP_STATUS: 0x00000004 (No-Guaranteed_Perf_Change, Excursion_Min)
cpu0: EPB: 6 (balanced)
cpu24: EPB: 6 (balanced)
cpu0: MSR_RAPL_POWER_UNIT: 0x000a0e03 (0.125000 Watts, 0.000061 Joules, 0.000977 sec.)
cpu0: MSR_PKG_POWER_INFO: 0xf13a802c80528 (165 W TDP, RAPL 89 - 629 W, 0.014648 sec.)
cpu0: MSR_PKG_POWER_LIMIT: 0x15863000158528 (UNlocked)
cpu0: PKG Limit #1: ENabled (165.000000 Watts, 1.000000 sec, clamp ENabled)
cpu0: PKG Limit #2: ENabled (198.000000 Watts, 1.000000* sec, clamp ENabled)
cpu0: MSR_DRAM_POWER_INFO,: 0x8028015600490150 (42 W TDP, RAPL 9 - 43 W, 0.039062 sec.)
cpu0: MSR_DRAM_POWER_LIMIT: 0x00000000 (UNlocked)
cpu0: DRAM Limit: DISabled (0.000000 Watts, 0.000977 sec, clamp DISabled)
cpu24: MSR_RAPL_POWER_UNIT: 0x000a0e03 (0.125000 Watts, 0.000061 Joules, 0.000977 sec.)
cpu24: MSR_PKG_POWER_INFO: 0xf13a802c80528 (165 W TDP, RAPL 89 - 629 W, 0.014648 sec.)
cpu24: MSR_PKG_POWER_LIMIT: 0x15863000158528 (UNlocked)
cpu24: PKG Limit #1: ENabled (165.000000 Watts, 1.000000 sec, clamp ENabled)
cpu24: PKG Limit #2: ENabled (198.000000 Watts, 1.000000* sec, clamp ENabled)
cpu24: MSR_DRAM_POWER_INFO,: 0x8028015600490150 (42 W TDP, RAPL 9 - 43 W, 0.039062 sec.)
cpu24: MSR_DRAM_POWER_LIMIT: 0x00000000 (UNlocked)
cpu24: DRAM Limit: DISabled (0.000000 Watts, 0.000977 sec, clamp DISabled)
cpu0: MSR_IA32_TEMPERATURE_TARGET: 0x80650a00 (101 C)
cpu24: MSR_IA32_TEMPERATURE_TARGET: 0x80650a00 (101 C)
cpu0: MSR_IA32_PACKAGE_THERM_STATUS: 0x88390800 (44 C)
cpu0: MSR_IA32_PACKAGE_THERM_INTERRUPT: 0x00000003 (101 C, 101 C)
cpu24: MSR_IA32_PACKAGE_THERM_STATUS: 0x883c0800 (41 C)
cpu24: MSR_IA32_PACKAGE_THERM_INTERRUPT: 0x00000003 (101 C, 101 C)
cpu14: MSR_PKGC3_IRTL: 0x00000000 (NOTvalid, 0 ns)
cpu14: MSR_PKGC6_IRTL: 0x00000000 (NOTvalid, 0 ns)
cpu14: MSR_PKGC7_IRTL: 0x00000000 (NOTvalid, 0 ns)
Package	Core	CPU	Avg_MHz	Busy%	Bzy_MHz	TSC_MHz	IPC	IRQ	SMI	POLL	C1	C1E	C6	POLL%	C1%	C1E%	C6%	CPU%c1	CPU%c6	CoreTmp	PkgTmp	Pkg%pc2	Pkg%pc6	PkgWatt	RAMWatt	PKG_%	RAM_%
-	-	-	30	1.70	1780	2095	0.64	17899	0	64	154	6473	12376	0.00	0.00	0.33	97.99	1.79	96.51	43	44	31.84	27.94	98.87	8.12	0.00	0.00
0	2	2	28	1.69	1681	2095	0.63	157	0	0	2	96	138	0.00	0.00	0.37	97.97	1.02	97.29	42
Package	Core	CPU	Avg_MHz	Busy%	Bzy_MHz	TSC_MHz	IPC	IRQ	SMI	POLL	C1	C1E	C6	POLL%	C1%	C1E%	C6%	CPU%c1	CPU%c6	CoreTmp	PkgTmp	Pkg%pc2	Pkg%pc6	PkgWatt	RAMWatt	PKG_%	RAM_%
-	-	-	36	1.75	2057	2095	1.46	17203	0	74	147	5814	12763	0.00	0.01	0.33	97.90	2.02	96.22	54	54	38.44	13.31	122.17	7.80	0.00	0.00
0	2	2	1945	70.60	2761	2095	2.02	1014	0	0	0	47	128	0.00	0.00	0.30	29.11	0.50	28.89	54
Package	Core	CPU	Avg_MHz	Busy%	Bzy_MHz	TSC_MHz	IPC	IRQ	SMI	POLL	C1	C1E	C6	POLL%	C1%	C1E%	C6%	CPU%c1	CPU%c6	CoreTmp	PkgTmp	Pkg%pc2	Pkg%pc6	PkgWatt	RAMWatt	PKG_%	RAM_%
-	-	-	45	1.70	2676	2095	1.81	15501	0	108	274	17592	10438	0.00	0.00	0.43	97.89	2.28	96.02	54	55	44.96	0.00	163.74	9.60	0.00	0.00
0	2	2	3381	100.00	3389	2095	2.04	1307	0	0	0	0	0	0.00	0.00	0.00	0.00	0.00	0.00	54
Package	Core	CPU	Avg_MHz	Busy%	Bzy_MHz	TSC_MHz	IPC	IRQ	SMI	POLL	C1	C1E	C6	POLL%	C1%	C1E%	C6%	CPU%c1	CPU%c6	CoreTmp	PkgTmp	Pkg%pc2	Pkg%pc6	PkgWatt	RAMWatt	PKG_%	RAM_%
-	-	-	40	1.39	2891	2096	1.87	8535	0	42	21	616	7406	0.00	0.00	0.12	98.54	1.42	97.20	53	54	47.17	0.00	162.85	9.57	0.00	0.00
0	2	2	3388	100.00	3396	2095	2.04	1283	0	0	0	0	0	0.00	0.00	0.00	0.00	0.00	0.00	53
Package	Core	CPU	Avg_MHz	Busy%	Bzy_MHz	TSC_MHz	IPC	IRQ	SMI	POLL	C1	C1E	C6	POLL%	C1%	C1E%	C6%	CPU%c1	CPU%c6	CoreTmp	PkgTmp	Pkg%pc2	Pkg%pc6	PkgWatt	RAMWatt	PKG_%	RAM_%
-	-	-	34	1.10	3066	2095	1.47	5514	0	0	0	557	4520	0.00	0.00	0.08	98.81	1.29	97.61	56	56	47.73	0.00	153.65	9.85	0.00	0.00
0	2	2	2159	63.71	3397	2095	1.31	848	0	0	0	2	41	0.00	0.00	0.02	36.27	0.07	36.22	45
Package	Core	CPU	Avg_MHz	Busy%	Bzy_MHz	TSC_MHz	IPC	IRQ	SMI	POLL	C1	C1E	C6	POLL%	C1%	C1E%	C6%	CPU%c1	CPU%c6	CoreTmp	PkgTmp	Pkg%pc2	Pkg%pc6	PkgWatt	RAMWatt	PKG_%	RAM_%
-	-	-	36	1.10	3275	2095	3.42	4984	0	0	9	116	4205	0.00	0.00	0.02	98.89	1.14	97.76	55	55	48.49	0.00	163.05	9.92	0.00	0.00
0	2	2	1	0.08	800	2095	0.65	65	0	0	0	4	65	0.00	0.00	0.05	99.87	0.14	99.78	45
Package	Core	CPU	Avg_MHz	Busy%	Bzy_MHz	TSC_MHz	IPC	IRQ	SMI	POLL	C1	C1E	C6	POLL%	C1%	C1E%	C6%	CPU%c1	CPU%c6	CoreTmp	PkgTmp	Pkg%pc2	Pkg%pc6	PkgWatt	RAMWatt	PKG_%	RAM_%
-	-	-	36	1.15	3148	2095	2.37	5984	0	0	8	242	5413	0.00	0.01	0.04	98.82	1.27	97.57	50	50	48.25	0.00	161.94	9.68	0.00	0.00
0	2	2	32	3.95	803	2095	0.95	225	0	0	0	46	588	0.00	0.00	0.31	95.81	0.70	95.35	45
Package	Core	CPU	Avg_MHz	Busy%	Bzy_MHz	TSC_MHz	IPC	IRQ	SMI	POLL	C1	C1E	C6	POLL%	C1%	C1E%	C6%	CPU%c1	CPU%c6	CoreTmp	PkgTmp	Pkg%pc2	Pkg%pc6	PkgWatt	RAMWatt	PKG_%	RAM_%
-	-	-	37	1.23	3005	2095	1.04	6141	0	0	1	268	6234	0.00	0.00	0.02	98.76	1.31	97.46	50	49	48.72	0.00	160.04	9.43	0.00	0.00
0	2	2	69	8.67	800	2095	0.93	351	0	0	0	92	1191	0.00	0.00	0.58	90.90	1.31	90.02	45
Package	Core	CPU	Avg_MHz	Busy%	Bzy_MHz	TSC_MHz	IPC	IRQ	SMI	POLL	C1	C1E	C6	POLL%	C1%	C1E%	C6%	CPU%c1	CPU%c6	CoreTmp	PkgTmp	Pkg%pc2	Pkg%pc6	PkgWatt	RAMWatt	PKG_%	RAM_%
-	-	-	37	1.23	3003	2095	1.04	6261	0	0	3	292	6259	0.00	0.00	0.02	98.76	1.31	97.46	50	50	48.46	0.00	159.98	9.48	0.00	0.00
0	2	2	69	8.70	800	2095	0.93	366	0	0	1	75	1179	0.00	0.00	0.48	90.97	1.21	90.09	45
Package	Core	CPU	Avg_MHz	Busy%	Bzy_MHz	TSC_MHz	IPC	IRQ	SMI	POLL	C1	C1E	C6	POLL%	C1%	C1E%	C6%	CPU%c1	CPU%c6	CoreTmp	PkgTmp	Pkg%pc2	Pkg%pc6	PkgWatt	RAMWatt	PKG_%	RAM_%
-	-	-	37	1.23	3007	2095	1.04	6009	0	0	1	230	6127	0.00	0.00	0.03	98.75	1.32	97.45	50	50	48.86	0.00	160.05	9.48	0.00	0.00
0	2	2	70	8.72	800	2095	0.94	301	0	0	0	68	1166	0.00	0.00	0.47	90.96	1.18	90.10	45
Package	Core	CPU	Avg_MHz	Busy%	Bzy_MHz	TSC_MHz	IPC	IRQ	SMI	POLL	C1	C1E	C6	POLL%	C1%	C1E%	C6%	CPU%c1	CPU%c6	CoreTmp	PkgTmp	Pkg%pc2	Pkg%pc6	PkgWatt	RAMWatt	PKG_%	RAM_%
-	-	-	37	1.23	3010	2095	1.04	6077	0	0	0	141	6201	0.00	0.00	0.02	98.76	1.30	97.47	50	51	48.53	0.00	160.07	9.47	0.00	0.00
0	2	2	69	8.63	800	2095	0.92	312	0	0	0	63	1159	0.00	0.00	0.44	91.08	1.15	90.22	46
Package	Core	CPU	Avg_MHz	Busy%	Bzy_MHz	TSC_MHz	IPC	IRQ	SMI	POLL	C1	C1E	C6	POLL%	C1%	C1E%	C6%	CPU%c1	CPU%c6	CoreTmp	PkgTmp	Pkg%pc2	Pkg%pc6	PkgWatt	RAMWatt	PKG_%	RAM_%
-	-	-	37	1.23	3003	2095	1.04	5980	0	1	8	154	6173	0.00	0.00	0.02	98.76	1.30	97.47	51	51	48.68	0.00	160.15	9.41	0.00	0.00
0	2	2	69	8.65	800	2095	0.93	316	0	0	1	64	1151	0.00	0.00	0.35	91.14	1.06	90.29	46
