turbostat version 21.05.04 - Len Brown <lenb@kernel.org>
CPUID(0): GenuineIntel 0x1b CPUID levels
CPUID(1): family:model:stepping 0x6:6a:6 (6:106:6) microcode 0xd000404
CPUID(0x80000000): max_extended_levels: 0x80000008
CPUID(1): SSE3 MONITOR SMX EIST TM2 TSC MSR ACPI-TM HT TM
CPUID(6): APERF, TURBO, DTS, PTM, HWP, No-HWPnotify, HWPwindow, No-HWPepp, HWPpkg, EPB
cpu19: MSR_IA32_MISC_ENABLE: 0x00850089 (TCC EIST MWAIT PREFETCH TURBO)
CPUID(7): SGX
cpu19: MSR_IA32_FEATURE_CONTROL: 0x0000ff03 (Locked )
CPUID(0x15): eax_crystal: 2 ebx_tsc: 168 ecx_crystal_hz: 0
CPUID(0x16): base_mhz: 2100 max_mhz: 3400 bus_mhz: 100
cpu19: MSR_MISC_PWR_MGMT: 0x00402040 (ENable-EIST_Coordination DISable-EPB DISable-OOB)
RAPL: 1589 sec. Joule Counter Range, at 165 Watts
cpu19: MSR_PLATFORM_INFO: 0x8008082ff2811500
8 * 100.0 = 800.0 MHz max efficiency frequency
21 * 100.0 = 2100.0 MHz base frequency
cpu19: MSR_IA32_POWER_CTL: 0x1e00a40059 (C1E auto-promotion: DISabled)
C-state Pre-wake: ENabled
cpu19: MSR_TURBO_RATIO_LIMIT: 0x1a1a1a1a1b1e2022
cpu19: MSR_TURBO_RATIO_LIMIT1: 0x1818181614100e0c
26 * 100.0 = 2600.0 MHz max turbo 24 active cores
26 * 100.0 = 2600.0 MHz max turbo 24 active cores
26 * 100.0 = 2600.0 MHz max turbo 24 active cores
26 * 100.0 = 2600.0 MHz max turbo 22 active cores
27 * 100.0 = 2700.0 MHz max turbo 20 active cores
30 * 100.0 = 3000.0 MHz max turbo 16 active cores
32 * 100.0 = 3200.0 MHz max turbo 14 active cores
34 * 100.0 = 3400.0 MHz max turbo 12 active cores
cpu19: MSR_CONFIG_TDP_NOMINAL: 0x00000015 (base_ratio=21)
cpu19: MSR_CONFIG_TDP_LEVEL_1: 0x16413a800130528 (PKG_MIN_PWR_LVL1=356 PKG_MAX_PWR_LVL1=5032 LVL1_RATIO=19 PKG_TDP_LVL1=1320)
cpu19: MSR_CONFIG_TDP_LEVEL_2: 0x16413a8000f0528 (PKG_MIN_PWR_LVL2=356 PKG_MAX_PWR_LVL2=5032 LVL2_RATIO=15 PKG_TDP_LVL2=1320)
cpu19: MSR_CONFIG_TDP_CONTROL: 0x00000000 ( lock=0)
cpu19: MSR_TURBO_ACTIVATION_RATIO: 0x00000000 (MAX_NON_TURBO_RATIO=0 lock=0)
cpu19: MSR_PKG_CST_CONFIG_CONTROL: 0x00008402 (locked, pkg-cstate-limit=2 (pc6), automatic c-state conversion=off)
/dev/cpu_dma_latency: 2000000000 usec (default)
current_driver: intel_idle
current_governor: menu
current_governor_ro: menu
cpu19: POLL: CPUIDLE CORE POLL IDLE
cpu19: C1: MWAIT 0x00
cpu19: C1E: MWAIT 0x01
cpu19: C6: MWAIT 0x20
cpu19: cpufreq driver: intel_pstate
cpu19: cpufreq governor: powersave
cpufreq intel_pstate no_turbo: 0
cpu19: MSR_MISC_FEATURE_CONTROL: 0x00000000 (L2-Prefetch L2-Prefetch-pair L1-Prefetch L1-IP-Prefetch)
cpu0: MSR_PM_ENABLE: 0x00000001 (HWP)
cpu0: MSR_HWP_CAPABILITIES: 0x08081522 (high 34 guar 21 eff 8 low 8)
cpu0: MSR_HWP_REQUEST: 0x80002208 (min 8 max 34 des 0 epp 0x80 window 0x0 pkg 0x0)
cpu0: MSR_HWP_REQUEST_PKG: 0x8000ff00 (min 0 max 255 des 0 epp 0x80 window 0x0)
cpu0: MSR_HWP_STATUS: 0x00000004 (No-Guaranteed_Perf_Change, Excursion_Min)
cpu24: MSR_PM_ENABLE: 0x00000001 (HWP)
cpu24: MSR_HWP_CAPABILITIES: 0x08081522 (high 34 guar 21 eff 8 low 8)
cpu24: MSR_HWP_REQUEST: 0x80002208 (min 8 max 34 des 0 epp 0x80 window 0x0 pkg 0x0)
cpu24: MSR_HWP_REQUEST_PKG: 0x8000ff00 (min 0 max 255 des 0 epp 0x80 window 0x0)
cpu24: MSR_HWP_STATUS: 0x00000004 (No-Guaranteed_Perf_Change, Excursion_Min)
cpu0: EPB: 6 (balanced)
cpu24: EPB: 6 (balanced)
cpu0: MSR_RAPL_POWER_UNIT: 0x000a0e03 (0.125000 Watts, 0.000061 Joules, 0.000977 sec.)
cpu0: MSR_PKG_POWER_INFO: 0xf13a802c80528 (165 W TDP, RAPL 89 - 629 W, 0.014648 sec.)
cpu0: MSR_PKG_POWER_LIMIT: 0x15863000158528 (UNlocked)
cpu0: PKG Limit #1: ENabled (165.000000 Watts, 1.000000 sec, clamp ENabled)
cpu0: PKG Limit #2: ENabled (198.000000 Watts, 1.000000* sec, clamp ENabled)
cpu0: MSR_DRAM_POWER_INFO,: 0x8028015600490150 (42 W TDP, RAPL 9 - 43 W, 0.039062 sec.)
cpu0: MSR_DRAM_POWER_LIMIT: 0x00000000 (UNlocked)
cpu0: DRAM Limit: DISabled (0.000000 Watts, 0.000977 sec, clamp DISabled)
cpu24: MSR_RAPL_POWER_UNIT: 0x000a0e03 (0.125000 Watts, 0.000061 Joules, 0.000977 sec.)
cpu24: MSR_PKG_POWER_INFO: 0xf13a802c80528 (165 W TDP, RAPL 89 - 629 W, 0.014648 sec.)
cpu24: MSR_PKG_POWER_LIMIT: 0x15863000158528 (UNlocked)
cpu24: PKG Limit #1: ENabled (165.000000 Watts, 1.000000 sec, clamp ENabled)
cpu24: PKG Limit #2: ENabled (198.000000 Watts, 1.000000* sec, clamp ENabled)
cpu24: MSR_DRAM_POWER_INFO,: 0x8028015600490150 (42 W TDP, RAPL 9 - 43 W, 0.039062 sec.)
cpu24: MSR_DRAM_POWER_LIMIT: 0x00000000 (UNlocked)
cpu24: DRAM Limit: DISabled (0.000000 Watts, 0.000977 sec, clamp DISabled)
cpu0: MSR_IA32_TEMPERATURE_TARGET: 0x80650a00 (101 C)
cpu24: MSR_IA32_TEMPERATURE_TARGET: 0x80650a00 (101 C)
cpu0: MSR_IA32_PACKAGE_THERM_STATUS: 0x88390800 (44 C)
cpu0: MSR_IA32_PACKAGE_THERM_INTERRUPT: 0x00000003 (101 C, 101 C)
cpu24: MSR_IA32_PACKAGE_THERM_STATUS: 0x883e0800 (39 C)
cpu24: MSR_IA32_PACKAGE_THERM_INTERRUPT: 0x00000003 (101 C, 101 C)
cpu19: MSR_PKGC3_IRTL: 0x00000000 (NOTvalid, 0 ns)
cpu19: MSR_PKGC6_IRTL: 0x00000000 (NOTvalid, 0 ns)
cpu19: MSR_PKGC7_IRTL: 0x00000000 (NOTvalid, 0 ns)
Package	Core	CPU	Avg_MHz	Busy%	Bzy_MHz	TSC_MHz	IPC	IRQ	SMI	POLL	C1	C1E	C6	POLL%	C1%	C1E%	C6%	CPU%c1	CPU%c6	CoreTmp	PkgTmp	Pkg%pc2	Pkg%pc6	PkgWatt	RAMWatt	PKG_%	RAM_%
-	-	-	32	1.85	1736	2096	0.61	20073	0	20	81	12611	15278	0.00	0.01	0.45	97.79	2.03	96.12	42	42	34.41	27.87	99.08	8.18	0.00	0.00
0	2	2	20	1.65	1215	2095	0.62	315	0	0	0	17	335	0.00	0.00	0.15	98.25	1.04	97.30	41
Package	Core	CPU	Avg_MHz	Busy%	Bzy_MHz	TSC_MHz	IPC	IRQ	SMI	POLL	C1	C1E	C6	POLL%	C1%	C1E%	C6%	CPU%c1	CPU%c6	CoreTmp	PkgTmp	Pkg%pc2	Pkg%pc6	PkgWatt	RAMWatt	PKG_%	RAM_%
-	-	-	37	1.76	2078	2094	1.47	17796	0	51	83	6052	12771	0.00	0.00	0.32	97.86	2.00	96.24	53	54	38.98	12.72	125.21	8.24	0.00	0.00
0	2	2	2025	70.67	2872	2095	2.01	1023	0	12	4	99	84	0.00	0.00	0.53	28.81	0.88	28.46	53
Package	Core	CPU	Avg_MHz	Busy%	Bzy_MHz	TSC_MHz	IPC	IRQ	SMI	POLL	C1	C1E	C6	POLL%	C1%	C1E%	C6%	CPU%c1	CPU%c6	CoreTmp	PkgTmp	Pkg%pc2	Pkg%pc6	PkgWatt	RAMWatt	PKG_%	RAM_%
-	-	-	47	1.79	2626	2096	1.75	15856	0	83	227	23174	11332	0.00	0.00	0.63	97.63	2.49	95.71	54	54	41.51	0.00	163.53	9.77	0.00	0.00
0	2	2	3386	100.00	3394	2095	2.03	1311	0	0	0	0	0	0.00	0.00	0.00	0.00	0.00	0.00	54
Package	Core	CPU	Avg_MHz	Busy%	Bzy_MHz	TSC_MHz	IPC	IRQ	SMI	POLL	C1	C1E	C6	POLL%	C1%	C1E%	C6%	CPU%c1	CPU%c6	CoreTmp	PkgTmp	Pkg%pc2	Pkg%pc6	PkgWatt	RAMWatt	PKG_%	RAM_%
-	-	-	41	1.42	2872	2095	1.82	8176	0	27	22	451	6882	0.00	0.01	0.07	98.52	1.31	97.27	53	53	46.05	0.00	162.85	9.77	0.00	0.00
0	2	2	3388	100.00	3396	2095	2.02	1285	0	0	0	0	0	0.00	0.00	0.00	0.00	0.00	0.00	53
Package	Core	CPU	Avg_MHz	Busy%	Bzy_MHz	TSC_MHz	IPC	IRQ	SMI	POLL	C1	C1E	C6	POLL%	C1%	C1E%	C6%	CPU%c1	CPU%c6	CoreTmp	PkgTmp	Pkg%pc2	Pkg%pc6	PkgWatt	RAMWatt	PKG_%	RAM_%
-	-	-	33	1.10	3016	2095	1.45	4884	0	1	2	421	4270	0.00	0.00	0.09	98.81	1.28	97.61	54	54	45.06	0.62	150.80	9.96	0.00	0.00
0	2	2	2128	62.82	3396	2095	1.32	863	0	0	0	0	62	0.00	0.00	0.00	37.19	0.07	37.11	44
Package	Core	CPU	Avg_MHz	Busy%	Bzy_MHz	TSC_MHz	IPC	IRQ	SMI	POLL	C1	C1E	C6	POLL%	C1%	C1E%	C6%	CPU%c1	CPU%c6	CoreTmp	PkgTmp	Pkg%pc2	Pkg%pc6	PkgWatt	RAMWatt	PKG_%	RAM_%
-	-	-	36	1.10	3275	2096	3.42	4906	0	0	0	188	4196	0.00	0.00	0.05	98.90	1.21	97.69	55	55	46.96	0.00	162.92	10.04	0.00	0.00
0	2	2	1	0.09	800	2095	0.67	67	0	0	0	6	66	0.00	0.00	0.05	99.87	0.12	99.79	45
Package	Core	CPU	Avg_MHz	Busy%	Bzy_MHz	TSC_MHz	IPC	IRQ	SMI	POLL	C1	C1E	C6	POLL%	C1%	C1E%	C6%	CPU%c1	CPU%c6	CoreTmp	PkgTmp	Pkg%pc2	Pkg%pc6	PkgWatt	RAMWatt	PKG_%	RAM_%
-	-	-	36	1.16	3148	2095	2.38	5616	0	1	10	323	5223	0.00	0.00	0.08	98.77	1.34	97.50	50	49	46.02	0.00	161.54	9.90	0.00	0.00
0	2	2	31	3.89	802	2095	0.95	258	0	0	0	29	602	0.00	0.00	0.13	96.05	0.54	95.57	45
Package	Core	CPU	Avg_MHz	Busy%	Bzy_MHz	TSC_MHz	IPC	IRQ	SMI	POLL	C1	C1E	C6	POLL%	C1%	C1E%	C6%	CPU%c1	CPU%c6	CoreTmp	PkgTmp	Pkg%pc2	Pkg%pc6	PkgWatt	RAMWatt	PKG_%	RAM_%
-	-	-	37	1.23	3012	2095	1.04	6071	0	0	1	240	5884	0.00	0.00	0.02	98.78	1.30	97.47	48	49	48.53	0.00	160.14	9.69	0.00	0.00
0	2	2	69	8.64	800	2095	0.92	376	0	0	0	72	1201	0.00	0.00	0.40	91.11	1.14	90.23	44
Package	Core	CPU	Avg_MHz	Busy%	Bzy_MHz	TSC_MHz	IPC	IRQ	SMI	POLL	C1	C1E	C6	POLL%	C1%	C1E%	C6%	CPU%c1	CPU%c6	CoreTmp	PkgTmp	Pkg%pc2	Pkg%pc6	PkgWatt	RAMWatt	PKG_%	RAM_%
-	-	-	37	1.23	3001	2095	1.04	6225	0	0	3	249	6173	0.00	0.00	0.02	98.75	1.31	97.46	48	49	48.57	0.00	159.88	9.76	0.00	0.00
0	2	2	69	8.69	800	2095	0.93	341	0	0	1	50	1200	0.00	0.00	0.26	91.19	1.00	90.31	44
Package	Core	CPU	Avg_MHz	Busy%	Bzy_MHz	TSC_MHz	IPC	IRQ	SMI	POLL	C1	C1E	C6	POLL%	C1%	C1E%	C6%	CPU%c1	CPU%c6	CoreTmp	PkgTmp	Pkg%pc2	Pkg%pc6	PkgWatt	RAMWatt	PKG_%	RAM_%
-	-	-	37	1.23	3014	2095	1.04	5948	0	0	1	175	5990	0.00	0.00	0.02	98.77	1.28	97.50	50	50	48.79	0.00	159.98	9.72	0.00	0.00
0	2	2	69	8.69	800	2095	0.95	287	0	0	0	79	1127	0.00	0.00	0.49	90.96	1.15	90.15	45
Package	Core	CPU	Avg_MHz	Busy%	Bzy_MHz	TSC_MHz	IPC	IRQ	SMI	POLL	C1	C1E	C6	POLL%	C1%	C1E%	C6%	CPU%c1	CPU%c6	CoreTmp	PkgTmp	Pkg%pc2	Pkg%pc6	PkgWatt	RAMWatt	PKG_%	RAM_%
-	-	-	37	1.23	3009	2095	1.04	5715	0	0	1	163	5944	0.00	0.00	0.01	98.76	1.28	97.49	50	50	48.71	0.00	159.95	9.72	0.00	0.00
0	2	2	68	8.58	800	2095	0.92	327	0	0	0	81	1140	0.00	0.00	0.48	91.08	1.16	90.26	45
Package	Core	CPU	Avg_MHz	Busy%	Bzy_MHz	TSC_MHz	IPC	IRQ	SMI	POLL	C1	C1E	C6	POLL%	C1%	C1E%	C6%	CPU%c1	CPU%c6	CoreTmp	PkgTmp	Pkg%pc2	Pkg%pc6	PkgWatt	RAMWatt	PKG_%	RAM_%
-	-	-	37	1.23	3009	2095	1.04	5777	0	0	1	197	5874	0.00	0.00	0.01	98.77	1.28	97.49	51	51	48.65	0.00	159.98	9.69	0.00	0.00
0	2	2	69	8.67	800	2095	0.93	324	0	0	1	57	1169	0.00	0.00	0.34	91.13	1.15	90.19	46
